Log file open, 02/20/23 15:30:11
LogWindows: Failed to load 'aqProf.dll' (GetLastError=126)
LogWindows: File 'aqProf.dll' does not exist
LogWindows: Failed to load 'VtuneApi.dll' (GetLastError=126)
LogWindows: File 'VtuneApi.dll' does not exist
LogWindows: Failed to load 'VtuneApi32e.dll' (GetLastError=126)
LogWindows: File 'VtuneApi32e.dll' does not exist
LogConsoleResponse: Display: Failed to find resolution value strings in scalability ini. Falling back to default.
LogConsoleResponse: Display: Failed to find resolution value strings in scalability ini. Falling back to default.
LogInit: Display: Running engine for game: AdvancedGE
LogPlatformFile: Not using cached read wrapper
LogTaskGraph: Started task graph with 5 named threads and 47 total threads with 3 sets of task threads.
LogStats: Stats thread started at 0.222512
LogICUInternationalization: ICU TimeZone Detection - Raw Offset: +0:00, Platform Override: ''
LogInit: Display: Loading text-based GConfig....
LogPluginManager: Mounting plugin MeshPainting
LogPluginManager: Mounting plugin XGEController
LogPluginManager: Mounting plugin Paper2D
LogPluginManager: Mounting plugin AISupport
LogPluginManager: Mounting plugin EnvironmentQueryEditor
LogPluginManager: Mounting plugin LiveLink
LogPluginManager: Mounting plugin OodleData
LogPluginManager: Mounting plugin OodleNetwork
LogPluginManager: Mounting plugin LightPropagationVolume
LogPluginManager: Mounting plugin GameplayCameras
LogPluginManager: Mounting plugin CameraShakePreviewer
LogPluginManager: Mounting plugin CLionSourceCodeAccess
LogPluginManager: Mounting plugin AnimationSharing
LogPluginManager: Mounting plugin CodeLiteSourceCodeAccess
LogPluginManager: Mounting plugin KDevelopSourceCodeAccess
LogPluginManager: Mounting plugin NullSourceCodeAccess
LogPluginManager: Mounting plugin GitSourceControl
LogPluginManager: Mounting plugin PixWinPlugin
LogPluginManager: Mounting plugin PerforceSourceControl
LogPluginManager: Mounting plugin PlasticSourceControl
LogPluginManager: Mounting plugin PropertyAccessNode
LogPluginManager: Mounting plugin PluginUtils
LogPluginManager: Mounting plugin RiderSourceCodeAccess
LogPluginManager: Mounting plugin SubversionSourceControl
LogPluginManager: Mounting plugin TextureFormatOodle
LogPluginManager: Mounting plugin VisualStudioCodeSourceCodeAccess
LogPluginManager: Mounting plugin UObjectPlugin
LogPluginManager: Mounting plugin XCodeSourceCodeAccess
LogPluginManager: Mounting plugin VisualStudioSourceCodeAccess
LogPluginManager: Mounting plugin DatasmithContent
LogPluginManager: Mounting plugin Niagara
LogPluginManager: Mounting plugin VariantManagerContent
LogPluginManager: Mounting plugin AssetManagerEditor
LogPluginManager: Mounting plugin AlembicImporter
LogPluginManager: Mounting plugin AutomationUtils
LogPluginManager: Mounting plugin BackChannel
LogPluginManager: Mounting plugin ChaosCloth
LogPluginManager: Mounting plugin ChaosClothEditor
LogPluginManager: Mounting plugin ChaosEditor
LogPluginManager: Mounting plugin ChaosNiagara
LogPluginManager: Mounting plugin ChaosSolverPlugin
LogPluginManager: Mounting plugin CharacterAI
LogPluginManager: Mounting plugin GeometryCollectionPlugin
LogPluginManager: Mounting plugin LuminPlatformFeatures
LogPluginManager: Mounting plugin GeometryCache
LogPluginManager: Mounting plugin MagicLeap
LogPluginManager: Mounting plugin MagicLeapMedia
LogPluginManager: Mounting plugin MagicLeapPassableWorld
LogPluginManager: Mounting plugin GeometryProcessing
LogPluginManager: Mounting plugin MLSDK
LogPluginManager: Mounting plugin MotoSynth
LogPluginManager: Mounting plugin OpenImageDenoise
LogPluginManager: Mounting plugin MagicLeapLightEstimation
LogPluginManager: Mounting plugin PlanarCut
LogPluginManager: Mounting plugin PlatformCrypto
LogPluginManager: Mounting plugin ProxyLODPlugin
LogPluginManager: Mounting plugin PythonScriptPlugin
LogPluginManager: Mounting plugin SkeletalReduction
LogPluginManager: Mounting plugin AndroidMedia
LogPluginManager: Mounting plugin AvfMedia
LogPluginManager: Mounting plugin ImgMedia
LogPluginManager: Mounting plugin MediaCompositing
LogPluginManager: Mounting plugin MediaPlayerEditor
LogPluginManager: Mounting plugin WebMMedia
LogPluginManager: Mounting plugin WmfMedia
LogPluginManager: Mounting plugin UdpMessaging
LogPluginManager: Mounting plugin TcpMessaging
LogPluginManager: Mounting plugin ActorSequence
LogPluginManager: Mounting plugin LevelSequenceEditor
LogPluginManager: Mounting plugin MatineeToLevelSequence
LogPluginManager: Mounting plugin TemplateSequence
LogPluginManager: Mounting plugin OnlineSubsystem
LogPluginManager: Mounting plugin OnlineSubsystemNull
LogPluginManager: Mounting plugin LauncherChunkInstaller
LogPluginManager: Mounting plugin OnlineSubsystemUtils
LogPluginManager: Mounting plugin ActorLayerUtilities
LogPluginManager: Mounting plugin AndroidMoviePlayer
LogPluginManager: Mounting plugin AndroidDeviceProfileSelector
LogPluginManager: Mounting plugin AppleMoviePlayer
LogPluginManager: Mounting plugin AppleImageUtils
LogPluginManager: Mounting plugin ArchVisCharacter
LogPluginManager: Mounting plugin AssetTags
LogPluginManager: Mounting plugin AndroidPermission
LogPluginManager: Mounting plugin AudioCapture
LogPluginManager: Mounting plugin AudioSynesthesia
LogPluginManager: Mounting plugin CableComponent
LogPluginManager: Mounting plugin ChunkDownloader
LogPluginManager: Mounting plugin CustomMeshComponent
LogPluginManager: Mounting plugin EditableMesh
LogPluginManager: Mounting plugin ExampleDeviceProfileSelector
LogPluginManager: Mounting plugin GoogleCloudMessaging
LogPluginManager: Mounting plugin GooglePAD
LogPluginManager: Mounting plugin ScreenshotTools
LogPluginManager: Mounting plugin LinuxDeviceProfileSelector
LogPluginManager: Mounting plugin IOSDeviceProfileSelector
LogPluginManager: Mounting plugin LocationServicesBPLibrary
LogPluginManager: Mounting plugin MobilePatchingUtils
LogPluginManager: Mounting plugin OpenXR
LogPluginManager: Mounting plugin OpenXRHandTracking
LogPluginManager: Mounting plugin OpenXREyeTracker
LogPluginManager: Mounting plugin PostSplashScreen
LogPluginManager: Mounting plugin PhysXVehicles
LogPluginManager: Mounting plugin ProceduralMeshComponent
LogPluginManager: Mounting plugin PropertyAccessEditor
LogPluginManager: Mounting plugin RuntimePhysXCooking
LogPluginManager: Mounting plugin SignificanceManager
LogPluginManager: Mounting plugin SoundFields
LogPluginManager: Mounting plugin Synthesis
LogPluginManager: Mounting plugin WebMMoviePlayer
LogPluginManager: Mounting plugin WindowsMoviePlayer
LogPluginManager: Mounting plugin Takes
LogPluginManager: Mounting plugin CurveEditorTools
LogPluginManager: Mounting plugin CryptoKeys
LogPluginManager: Mounting plugin DataValidation
LogPluginManager: Mounting plugin GameplayTagsEditor
LogPluginManager: Mounting plugin FacialAnimation
LogPluginManager: Mounting plugin MacGraphicsSwitching
LogPluginManager: Mounting plugin GeometryMode
LogPluginManager: Mounting plugin MaterialAnalyzer
LogPluginManager: Mounting plugin MobileLauncherProfileWizard
LogPluginManager: Mounting plugin SpeedTreeImporter
LogPluginManager: Mounting plugin PluginBrowser
LogPluginManager: Mounting plugin OnlineSubsystemIOS
LogPluginManager: Mounting plugin OnlineSubsystemGooglePlay
LogPluginManager: Mounting plugin OculusVR
LogPluginManager: Mounting plugin SteamVR
LogPluginManager: Mounting plugin ContentBrowserAssetDataSource
LogPluginManager: Mounting plugin ContentBrowserClassDataSource
LogPluginManager: Mounting plugin ContentBrowserFileDataSource
PixWinPlugin: PIX capture plugin failed to initialize! Check that the process is launched from PIX.
LogInit: Using libcurl 7.55.1-DEV
LogInit:  - built for x86_64-pc-win32
LogInit:  - supports SSL with OpenSSL/1.1.1
LogInit:  - supports HTTP deflate (compression) using libz 1.2.8
LogInit:  - other features:
LogInit:      CURL_VERSION_SSL
LogInit:      CURL_VERSION_LIBZ
LogInit:      CURL_VERSION_IPV6
LogInit:      CURL_VERSION_ASYNCHDNS
LogInit:      CURL_VERSION_LARGEFILE
LogInit:      CURL_VERSION_IDN
LogInit:  CurlRequestOptions (configurable via config and command line):
LogInit:  - bVerifyPeer = true  - Libcurl will verify peer certificate
LogInit:  - bUseHttpProxy = false  - Libcurl will NOT use HTTP proxy
LogInit:  - bDontReuseConnections = false  - Libcurl will reuse connections
LogInit:  - MaxHostConnections = 16  - Libcurl will limit the number of connections to a host
LogInit:  - LocalHostAddr = Default
LogInit:  - BufferSize = 65536
LogOnline: OSS: Creating online subsystem instance for: NULL
LogInit: WinSock: version 1.1 (2.2), MaxSocks=32767, MaxUdp=65467
LogOnline: OSS: TryLoadSubsystemAndSetDefault: Loaded subsystem for module [NULL]
LogOculusPluginWrapper: OculusPlugin initialized successfully
LogHMD: Failed initializing OVRPlugin 1.59.0
LogInit: Build: ++UE4+Release-4.27-CL-18319896
LogInit: Engine Version: 4.27.2-18319896+++UE4+Release-4.27
LogInit: Compatible Engine Version: 4.27.0-17155196+++UE4+Release-4.27
LogInit: Net CL: 17155196
LogInit: OS: Windows 10 (Release 2009) (), CPU: Intel(R) Core(TM) i9-9900KF CPU @ 3.60GHz, GPU: NVIDIA GeForce RTX 3060
LogInit: Compiled (64-bit): Nov 30 2021 07:12:08
LogInit: Compiled with Visual C++: 19.24.28315.00
LogInit: Build Configuration: Development
LogInit: Branch Name: ++UE4+Release-4.27
LogInit: Command Line: 
LogInit: Base Directory: C:/Program Files/Epic Games/UE_4.27/Engine/Binaries/Win64/
LogInit: Allocator: TBB
LogInit: Installed Engine Build: 1
LogDevObjectVersion: Number of dev versions registered: 29
LogDevObjectVersion:   Dev-Blueprints (B0D832E4-1F89-4F0D-ACCF-7EB736FD4AA2): 10
LogDevObjectVersion:   Dev-Build (E1C64328-A22C-4D53-A36C-8E866417BD8C): 0
LogDevObjectVersion:   Dev-Core (375EC13C-06E4-48FB-B500-84F0262A717E): 4
LogDevObjectVersion:   Dev-Editor (E4B068ED-F494-42E9-A231-DA0B2E46BB41): 40
LogDevObjectVersion:   Dev-Framework (CFFC743F-43B0-4480-9391-14DF171D2073): 37
LogDevObjectVersion:   Dev-Mobile (B02B49B5-BB20-44E9-A304-32B752E40360): 3
LogDevObjectVersion:   Dev-Networking (A4E4105C-59A1-49B5-A7C5-40C4547EDFEE): 0
LogDevObjectVersion:   Dev-Online (39C831C9-5AE6-47DC-9A44-9C173E1C8E7C): 0
LogDevObjectVersion:   Dev-Physics (78F01B33-EBEA-4F98-B9B4-84EACCB95AA2): 14
LogDevObjectVersion:   Dev-Platform (6631380F-2D4D-43E0-8009-CF276956A95A): 0
LogDevObjectVersion:   Dev-Rendering (12F88B9F-8875-4AFC-A67C-D90C383ABD29): 45
LogDevObjectVersion:   Dev-Sequencer (7B5AE74C-D270-4C10-A958-57980B212A5A): 13
LogDevObjectVersion:   Dev-VR (D7296918-1DD6-4BDD-9DE2-64A83CC13884): 3
LogDevObjectVersion:   Dev-LoadTimes (C2A15278-BFE7-4AFE-6C17-90FF531DF755): 1
LogDevObjectVersion:   Private-Geometry (6EACA3D4-40EC-4CC1-B786-8BED09428FC5): 3
LogDevObjectVersion:   Dev-AnimPhys (29E575DD-E0A3-4627-9D10-D276232CDCEA): 17
LogDevObjectVersion:   Dev-Anim (AF43A65D-7FD3-4947-9873-3E8ED9C1BB05): 15
LogDevObjectVersion:   Dev-ReflectionCapture (6B266CEC-1EC7-4B8F-A30B-E4D90942FC07): 1
LogDevObjectVersion:   Dev-Automation (0DF73D61-A23F-47EA-B727-89E90C41499A): 1
LogDevObjectVersion:   FortniteMain (601D1886-AC64-4F84-AA16-D3DE0DEAC7D6): 47
LogDevObjectVersion:   FortniteRelease (E7086368-6B23-4C58-8439-1B7016265E91): 1
LogDevObjectVersion:   Dev-Enterprise (9DFFBCD6-494F-0158-E221-12823C92A888): 10
LogDevObjectVersion:   Dev-Niagara (F2AED0AC-9AFE-416F-8664-AA7FFA26D6FC): 1
LogDevObjectVersion:   Dev-Destruction (174F1F0B-B4C6-45A5-B13F-2EE8D0FB917D): 10
LogDevObjectVersion:   Dev-Physics-Ext (35F94A83-E258-406C-A318-09F59610247C): 41
LogDevObjectVersion:   Dev-PhysicsMaterial-Chaos (B68FC16E-8B1B-42E2-B453-215C058844FE): 1
LogDevObjectVersion:   Dev-CineCamera (B2E18506-4273-CFC2-A54E-F4BB758BBA07): 1
LogDevObjectVersion:   Dev-VirtualProduction (64F58936-FD1B-42BA-BA96-7289D5D0FA4E): 1
LogDevObjectVersion:   Dev-MediaFramework (6F0ED827-A609-4895-9C91-998D90180EA4): 2
LogInit: Presizing for max 25165824 objects, including 0 objects not considered by GC, pre-allocating 0 bytes for permanent pool.
LogConfig: Applying CVar settings from Section [/Script/Engine.StreamingSettings] File [D:/New folder/AdvancedGE/AdvancedGE/Saved/Config/Windows/Engine.ini]
LogConfig: Setting CVar [[s.MinBulkDataSizeForAsyncLoading:131072]]
LogConfig: Setting CVar [[s.AsyncLoadingThreadEnabled:0]]
LogConfig: Setting CVar [[s.EventDrivenLoaderEnabled:1]]
LogConfig: Setting CVar [[s.WarnIfTimeLimitExceeded:0]]
LogConfig: Setting CVar [[s.TimeLimitExceededMultiplier:1.5]]
LogConfig: Setting CVar [[s.TimeLimitExceededMinTime:0.005]]
LogConfig: Setting CVar [[s.UseBackgroundLevelStreaming:1]]
LogConfig: Setting CVar [[s.PriorityAsyncLoadingExtraTime:15.0]]
LogConfig: Setting CVar [[s.LevelStreamingActorsUpdateTimeLimit:5.0]]
LogConfig: Setting CVar [[s.PriorityLevelStreamingActorsUpdateExtraTime:5.0]]
LogConfig: Setting CVar [[s.LevelStreamingComponentsRegistrationGranularity:10]]
LogConfig: Setting CVar [[s.UnregisterComponentsTimeLimit:1.0]]
LogConfig: Setting CVar [[s.LevelStreamingComponentsUnregistrationGranularity:5]]
LogConfig: Setting CVar [[s.FlushStreamingOnExit:1]]
LogInit: Object subsystem initialized
LogConfig: Setting CVar [[con.DebugEarlyDefault:1]]
LogConfig: Setting CVar [[r.setres:1280x720]]
[2023.02.20-15.30.11:735][  0]LogConfig: Setting CVar [[r.VSync:0]]
[2023.02.20-15.30.11:735][  0]LogConfig: Setting CVar [[r.RHICmdBypass:0]]
[2023.02.20-15.30.11:735][  0]LogConfig: Applying CVar settings from Section [/Script/Engine.RendererSettings] File [D:/New folder/AdvancedGE/AdvancedGE/Saved/Config/Windows/Engine.ini]
[2023.02.20-15.30.11:735][  0]LogConfig: Setting CVar [[r.GPUCrashDebugging:0]]
[2023.02.20-15.30.11:735][  0]LogConfig: Applying CVar settings from Section [/Script/Engine.RendererOverrideSettings] File [D:/New folder/AdvancedGE/AdvancedGE/Saved/Config/Windows/Engine.ini]
[2023.02.20-15.30.11:735][  0]LogConfig: Applying CVar settings from Section [/Script/Engine.StreamingSettings] File [D:/New folder/AdvancedGE/AdvancedGE/Saved/Config/Windows/Engine.ini]
[2023.02.20-15.30.11:735][  0]LogConfig: Setting CVar [[s.MinBulkDataSizeForAsyncLoading:131072]]
[2023.02.20-15.30.11:735][  0]LogConfig: Setting CVar [[s.AsyncLoadingThreadEnabled:0]]
[2023.02.20-15.30.11:735][  0]LogConfig: Setting CVar [[s.EventDrivenLoaderEnabled:1]]
[2023.02.20-15.30.11:735][  0]LogConfig: Setting CVar [[s.WarnIfTimeLimitExceeded:0]]
[2023.02.20-15.30.11:735][  0]LogConfig: Setting CVar [[s.TimeLimitExceededMultiplier:1.5]]
[2023.02.20-15.30.11:735][  0]LogConfig: Setting CVar [[s.TimeLimitExceededMinTime:0.005]]
[2023.02.20-15.30.11:735][  0]LogConfig: Setting CVar [[s.UseBackgroundLevelStreaming:1]]
[2023.02.20-15.30.11:735][  0]LogConfig: Setting CVar [[s.PriorityAsyncLoadingExtraTime:15.0]]
[2023.02.20-15.30.11:735][  0]LogConfig: Setting CVar [[s.LevelStreamingActorsUpdateTimeLimit:5.0]]
[2023.02.20-15.30.11:735][  0]LogConfig: Setting CVar [[s.PriorityLevelStreamingActorsUpdateExtraTime:5.0]]
[2023.02.20-15.30.11:735][  0]LogConfig: Setting CVar [[s.LevelStreamingComponentsRegistrationGranularity:10]]
[2023.02.20-15.30.11:735][  0]LogConfig: Setting CVar [[s.UnregisterComponentsTimeLimit:1.0]]
[2023.02.20-15.30.11:735][  0]LogConfig: Setting CVar [[s.LevelStreamingComponentsUnregistrationGranularity:5]]
[2023.02.20-15.30.11:735][  0]LogConfig: Setting CVar [[s.FlushStreamingOnExit:1]]
[2023.02.20-15.30.11:735][  0]LogConfig: Applying CVar settings from Section [/Script/Engine.GarbageCollectionSettings] File [D:/New folder/AdvancedGE/AdvancedGE/Saved/Config/Windows/Engine.ini]
[2023.02.20-15.30.11:735][  0]LogConfig: Setting CVar [[gc.MaxObjectsNotConsideredByGC:1]]
[2023.02.20-15.30.11:735][  0]LogConfig: Setting CVar [[gc.SizeOfPermanentObjectPool:0]]
[2023.02.20-15.30.11:735][  0]LogConfig: Setting CVar [[gc.FlushStreamingOnGC:0]]
[2023.02.20-15.30.11:735][  0]LogConfig: Setting CVar [[gc.NumRetriesBeforeForcingGC:10]]
[2023.02.20-15.30.11:735][  0]LogConfig: Setting CVar [[gc.AllowParallelGC:1]]
[2023.02.20-15.30.11:735][  0]LogConfig: Setting CVar [[gc.TimeBetweenPurgingPendingKillObjects:61.1]]
[2023.02.20-15.30.11:735][  0]LogConfig: Setting CVar [[gc.MaxObjectsInEditor:25165824]]
[2023.02.20-15.30.11:735][  0]LogConfig: Setting CVar [[gc.IncrementalBeginDestroyEnabled:1]]
[2023.02.20-15.30.11:735][  0]LogConfig: Setting CVar [[gc.CreateGCClusters:1]]
[2023.02.20-15.30.11:735][  0]LogConfig: Setting CVar [[gc.MinGCClusterSize:5]]
[2023.02.20-15.30.11:735][  0]LogConfig: Setting CVar [[gc.ActorClusteringEnabled:0]]
[2023.02.20-15.30.11:735][  0]LogConfig: Setting CVar [[gc.BlueprintClusteringEnabled:0]]
[2023.02.20-15.30.11:735][  0]LogConfig: Setting CVar [[gc.UseDisregardForGCOnDedicatedServers:0]]
[2023.02.20-15.30.11:735][  0]LogConfig: Setting CVar [[gc.MultithreadedDestructionEnabled:1]]
[2023.02.20-15.30.11:735][  0]LogConfig: Applying CVar settings from Section [/Script/Engine.NetworkSettings] File [D:/New folder/AdvancedGE/AdvancedGE/Saved/Config/Windows/Engine.ini]
[2023.02.20-15.30.11:735][  0]LogConfig: Applying CVar settings from Section [/Script/UnrealEd.CookerSettings] File [D:/New folder/AdvancedGE/AdvancedGE/Saved/Config/Windows/Engine.ini]
[2023.02.20-15.30.11:745][  0]LogConfig: Applying CVar settings from Section [ViewDistanceQuality@3] File [D:/New folder/AdvancedGE/AdvancedGE/Saved/Config/Windows/Scalability.ini]
[2023.02.20-15.30.11:745][  0]LogConfig: Setting CVar [[r.SkeletalMeshLODBias:0]]
[2023.02.20-15.30.11:745][  0]LogConfig: Setting CVar [[r.ViewDistanceScale:1.0]]
[2023.02.20-15.30.11:745][  0]LogConfig: Applying CVar settings from Section [AntiAliasingQuality@3] File [D:/New folder/AdvancedGE/AdvancedGE/Saved/Config/Windows/Scalability.ini]
[2023.02.20-15.30.11:745][  0]LogConfig: Setting CVar [[r.PostProcessAAQuality:4]]
[2023.02.20-15.30.11:745][  0]LogConfig: Applying CVar settings from Section [ShadowQuality@3] File [D:/New folder/AdvancedGE/AdvancedGE/Saved/Config/Windows/Scalability.ini]
[2023.02.20-15.30.11:745][  0]LogConfig: Setting CVar [[r.LightFunctionQuality:1]]
[2023.02.20-15.30.11:745][  0]LogConfig: Setting CVar [[r.ShadowQuality:5]]
[2023.02.20-15.30.11:745][  0]LogConfig: Setting CVar [[r.Shadow.CSM.MaxCascades:10]]
[2023.02.20-15.30.11:745][  0]LogConfig: Setting CVar [[r.Shadow.MaxResolution:2048]]
[2023.02.20-15.30.11:745][  0]LogConfig: Setting CVar [[r.Shadow.MaxCSMResolution:2048]]
[2023.02.20-15.30.11:745][  0]LogConfig: Setting CVar [[r.Shadow.RadiusThreshold:0.01]]
[2023.02.20-15.30.11:745][  0]LogConfig: Setting CVar [[r.Shadow.DistanceScale:1.0]]
[2023.02.20-15.30.11:745][  0]LogConfig: Setting CVar [[r.Shadow.CSM.TransitionScale:1.0]]
[2023.02.20-15.30.11:745][  0]LogConfig: Setting CVar [[r.Shadow.PreShadowResolutionFactor:1.0]]
[2023.02.20-15.30.11:745][  0]LogConfig: Setting CVar [[r.DistanceFieldShadowing:1]]
[2023.02.20-15.30.11:745][  0]LogConfig: Setting CVar [[r.DistanceFieldAO:1]]
[2023.02.20-15.30.11:745][  0]LogConfig: Setting CVar [[r.AOQuality:2]]
[2023.02.20-15.30.11:745][  0]LogConfig: Setting CVar [[r.VolumetricFog:1]]
[2023.02.20-15.30.11:745][  0]LogConfig: Setting CVar [[r.VolumetricFog.GridPixelSize:8]]
[2023.02.20-15.30.11:745][  0]LogConfig: Setting CVar [[r.VolumetricFog.GridSizeZ:128]]
[2023.02.20-15.30.11:745][  0]LogConfig: Setting CVar [[r.VolumetricFog.HistoryMissSupersampleCount:4]]
[2023.02.20-15.30.11:745][  0]LogConfig: Setting CVar [[r.LightMaxDrawDistanceScale:1]]
[2023.02.20-15.30.11:745][  0]LogConfig: Setting CVar [[r.CapsuleShadows:1]]
[2023.02.20-15.30.11:745][  0]LogConfig: Applying CVar settings from Section [PostProcessQuality@3] File [D:/New folder/AdvancedGE/AdvancedGE/Saved/Config/Windows/Scalability.ini]
[2023.02.20-15.30.11:745][  0]LogConfig: Setting CVar [[r.MotionBlurQuality:4]]
[2023.02.20-15.30.11:745][  0]LogConfig: Setting CVar [[r.AmbientOcclusionMipLevelFactor:0.4]]
[2023.02.20-15.30.11:745][  0]LogConfig: Setting CVar [[r.AmbientOcclusionMaxQuality:100]]
[2023.02.20-15.30.11:745][  0]LogConfig: Setting CVar [[r.AmbientOcclusionLevels:-1]]
[2023.02.20-15.30.11:745][  0]LogConfig: Setting CVar [[r.AmbientOcclusionRadiusScale:1.0]]
[2023.02.20-15.30.11:745][  0]LogConfig: Setting CVar [[r.DepthOfFieldQuality:2]]
[2023.02.20-15.30.11:745][  0]LogConfig: Setting CVar [[r.RenderTargetPoolMin:400]]
[2023.02.20-15.30.11:745][  0]LogConfig: Setting CVar [[r.LensFlareQuality:2]]
[2023.02.20-15.30.11:745][  0]LogConfig: Setting CVar [[r.SceneColorFringeQuality:1]]
[2023.02.20-15.30.11:745][  0]LogConfig: Setting CVar [[r.EyeAdaptationQuality:2]]
[2023.02.20-15.30.11:745][  0]LogConfig: Setting CVar [[r.BloomQuality:5]]
[2023.02.20-15.30.11:745][  0]LogConfig: Setting CVar [[r.FastBlurThreshold:100]]
[2023.02.20-15.30.11:745][  0]LogConfig: Setting CVar [[r.Upscale.Quality:3]]
[2023.02.20-15.30.11:745][  0]LogConfig: Setting CVar [[r.Tonemapper.GrainQuantization:1]]
[2023.02.20-15.30.11:745][  0]LogConfig: Setting CVar [[r.LightShaftQuality:1]]
[2023.02.20-15.30.11:745][  0]LogConfig: Setting CVar [[r.Filter.SizeScale:1]]
[2023.02.20-15.30.11:745][  0]LogConfig: Setting CVar [[r.Tonemapper.Quality:5]]
[2023.02.20-15.30.11:745][  0]LogConfig: Setting CVar [[r.DOF.Gather.AccumulatorQuality:1        ; higher gathering accumulator quality]]
[2023.02.20-15.30.11:745][  0]LogConfig: Setting CVar [[r.DOF.Gather.PostfilterMethod:1          ; Median3x3 postfilering method]]
[2023.02.20-15.30.11:745][  0]LogConfig: Setting CVar [[r.DOF.Gather.EnableBokehSettings:0       ; no bokeh simulation when gathering]]
[2023.02.20-15.30.11:745][  0]LogConfig: Setting CVar [[r.DOF.Gather.RingCount:4                 ; medium number of samples when gathering]]
[2023.02.20-15.30.11:745][  0]LogConfig: Setting CVar [[r.DOF.Scatter.ForegroundCompositing:1    ; additive foreground scattering]]
[2023.02.20-15.30.11:745][  0]LogConfig: Setting CVar [[r.DOF.Scatter.BackgroundCompositing:2    ; additive background scattering]]
[2023.02.20-15.30.11:745][  0]LogConfig: Setting CVar [[r.DOF.Scatter.EnableBokehSettings:1      ; bokeh simulation when scattering]]
[2023.02.20-15.30.11:745][  0]LogConfig: Setting CVar [[r.DOF.Scatter.MaxSpriteRatio:0.1         ; only a maximum of 10% of scattered bokeh]]
[2023.02.20-15.30.11:745][  0]LogConfig: Setting CVar [[r.DOF.Recombine.Quality:1                ; cheap slight out of focus]]
[2023.02.20-15.30.11:745][  0]LogConfig: Setting CVar [[r.DOF.Recombine.EnableBokehSettings:0    ; no bokeh simulation on slight out of focus]]
[2023.02.20-15.30.11:745][  0]LogConfig: Setting CVar [[r.DOF.TemporalAAQuality:1                ; more stable temporal accumulation]]
[2023.02.20-15.30.11:745][  0]LogConfig: Setting CVar [[r.DOF.Kernel.MaxForegroundRadius:0.025]]
[2023.02.20-15.30.11:745][  0]LogConfig: Setting CVar [[r.DOF.Kernel.MaxBackgroundRadius:0.025]]
[2023.02.20-15.30.11:745][  0]LogConfig: Applying CVar settings from Section [TextureQuality@3] File [D:/New folder/AdvancedGE/AdvancedGE/Saved/Config/Windows/Scalability.ini]
[2023.02.20-15.30.11:745][  0]LogConfig: Setting CVar [[r.Streaming.MipBias:0]]
[2023.02.20-15.30.11:745][  0]LogConfig: Setting CVar [[r.Streaming.AmortizeCPUToGPUCopy:0]]
[2023.02.20-15.30.11:745][  0]LogConfig: Setting CVar [[r.Streaming.MaxNumTexturesToStreamPerFrame:0]]
[2023.02.20-15.30.11:745][  0]LogConfig: Setting CVar [[r.Streaming.Boost:1]]
[2023.02.20-15.30.11:745][  0]LogConfig: Setting CVar [[r.MaxAnisotropy:8]]
[2023.02.20-15.30.11:745][  0]LogConfig: Setting CVar [[r.VT.MaxAnisotropy:8]]
[2023.02.20-15.30.11:745][  0]LogConfig: Setting CVar [[r.Streaming.LimitPoolSizeToVRAM:0]]
[2023.02.20-15.30.11:745][  0]LogConfig: Setting CVar [[r.Streaming.PoolSize:1000]]
[2023.02.20-15.30.11:745][  0]LogConfig: Setting CVar [[r.Streaming.MaxEffectiveScreenSize:0]]
[2023.02.20-15.30.11:745][  0]LogConfig: Applying CVar settings from Section [EffectsQuality@3] File [D:/New folder/AdvancedGE/AdvancedGE/Saved/Config/Windows/Scalability.ini]
[2023.02.20-15.30.11:745][  0]LogConfig: Setting CVar [[r.TranslucencyLightingVolumeDim:64]]
[2023.02.20-15.30.11:745][  0]LogConfig: Setting CVar [[r.RefractionQuality:2]]
[2023.02.20-15.30.11:745][  0]LogConfig: Setting CVar [[r.SSR.Quality:3]]
[2023.02.20-15.30.11:745][  0]LogConfig: Setting CVar [[r.SSR.HalfResSceneColor:0]]
[2023.02.20-15.30.11:745][  0]LogConfig: Setting CVar [[r.SceneColorFormat:4]]
[2023.02.20-15.30.11:746][  0]LogConfig: Setting CVar [[r.DetailMode:2]]
[2023.02.20-15.30.11:746][  0]LogConfig: Setting CVar [[r.TranslucencyVolumeBlur:1]]
[2023.02.20-15.30.11:746][  0]LogConfig: Setting CVar [[r.MaterialQualityLevel:1 ; High quality]]
[2023.02.20-15.30.11:746][  0]LogConfig: Setting CVar [[r.AnisotropicMaterials:1]]
[2023.02.20-15.30.11:746][  0]LogConfig: Setting CVar [[r.SSS.Scale:1]]
[2023.02.20-15.30.11:746][  0]LogConfig: Setting CVar [[r.SSS.SampleSet:2]]
[2023.02.20-15.30.11:746][  0]LogConfig: Setting CVar [[r.SSS.Quality:1]]
[2023.02.20-15.30.11:746][  0]LogConfig: Setting CVar [[r.SSS.HalfRes:0]]
[2023.02.20-15.30.11:746][  0]LogConfig: Setting CVar [[r.SSGI.Quality:3]]
[2023.02.20-15.30.11:746][  0]LogConfig: Setting CVar [[r.EmitterSpawnRateScale:1.0]]
[2023.02.20-15.30.11:746][  0]LogConfig: Setting CVar [[r.ParticleLightQuality:2]]
[2023.02.20-15.30.11:746][  0]LogConfig: Setting CVar [[r.SkyAtmosphere.AerialPerspectiveLUT.FastApplyOnOpaque:1 ; Always have FastSkyLUT 1 in this case to avoid wrong sky]]
[2023.02.20-15.30.11:746][  0]LogConfig: Setting CVar [[r.SkyAtmosphere.AerialPerspectiveLUT.SampleCountMaxPerSlice:4]]
[2023.02.20-15.30.11:746][  0]LogConfig: Setting CVar [[r.SkyAtmosphere.AerialPerspectiveLUT.DepthResolution:16.0]]
[2023.02.20-15.30.11:746][  0]LogConfig: Setting CVar [[r.SkyAtmosphere.FastSkyLUT:1]]
[2023.02.20-15.30.11:746][  0]LogConfig: Setting CVar [[r.SkyAtmosphere.FastSkyLUT.SampleCountMin:4.0]]
[2023.02.20-15.30.11:746][  0]LogConfig: Setting CVar [[r.SkyAtmosphere.FastSkyLUT.SampleCountMax:128.0]]
[2023.02.20-15.30.11:746][  0]LogConfig: Setting CVar [[r.SkyAtmosphere.SampleCountMin:4.0]]
[2023.02.20-15.30.11:746][  0]LogConfig: Setting CVar [[r.SkyAtmosphere.SampleCountMax:128.0]]
[2023.02.20-15.30.11:746][  0]LogConfig: Setting CVar [[r.SkyAtmosphere.TransmittanceLUT.UseSmallFormat:0]]
[2023.02.20-15.30.11:746][  0]LogConfig: Setting CVar [[r.SkyAtmosphere.TransmittanceLUT.SampleCount:10.0]]
[2023.02.20-15.30.11:746][  0]LogConfig: Setting CVar [[r.SkyAtmosphere.MultiScatteringLUT.SampleCount:15.0]]
[2023.02.20-15.30.11:746][  0]LogConfig: Setting CVar [[r.SkyLight.RealTimeReflectionCapture:1]]
[2023.02.20-15.30.11:746][  0]LogConfig: Applying CVar settings from Section [FoliageQuality@3] File [D:/New folder/AdvancedGE/AdvancedGE/Saved/Config/Windows/Scalability.ini]
[2023.02.20-15.30.11:746][  0]LogConfig: Setting CVar [[foliage.DensityScale:1.0]]
[2023.02.20-15.30.11:746][  0]LogConfig: Setting CVar [[grass.DensityScale:1.0]]
[2023.02.20-15.30.11:746][  0]LogConfig: Applying CVar settings from Section [ShadingQuality@3] File [D:/New folder/AdvancedGE/AdvancedGE/Saved/Config/Windows/Scalability.ini]
[2023.02.20-15.30.11:746][  0]LogConfig: Setting CVar [[r.HairStrands.SkyLighting.IntegrationType:2]]
[2023.02.20-15.30.11:746][  0]LogConfig: Setting CVar [[r.HairStrands.SkyAO.SampleCount:4]]
[2023.02.20-15.30.11:746][  0]LogConfig: Setting CVar [[r.HairStrands.Visibility.MSAA.SamplePerPixel:4]]
[2023.02.20-15.30.11:746][  0]LogInit: Selected Device Profile: [Windows]
[2023.02.20-15.30.11:746][  0]LogInit: Applying CVar settings loaded from the selected device profile: [Windows]
[2023.02.20-15.30.11:746][  0]LogHAL: Display: Platform has ~ 16 GB [17104957440 / 17179869184 / 16], which maps to Larger [LargestMinGB=32, LargerMinGB=12, DefaultMinGB=8, SmallerMinGB=6, SmallestMinGB=0)
[2023.02.20-15.30.11:746][  0]LogInit: Going up to parent DeviceProfile []
[2023.02.20-15.30.11:746][  0]LogConfig: Applying CVar settings from Section [ViewDistanceQuality@3] File [D:/New folder/AdvancedGE/AdvancedGE/Saved/Config/Windows/Scalability.ini]
[2023.02.20-15.30.11:746][  0]LogConfig: Setting CVar [[r.SkeletalMeshLODBias:0]]
[2023.02.20-15.30.11:746][  0]LogConfig: Setting CVar [[r.ViewDistanceScale:1.0]]
[2023.02.20-15.30.11:746][  0]LogConfig: Applying CVar settings from Section [AntiAliasingQuality@3] File [D:/New folder/AdvancedGE/AdvancedGE/Saved/Config/Windows/Scalability.ini]
[2023.02.20-15.30.11:746][  0]LogConfig: Setting CVar [[r.PostProcessAAQuality:4]]
[2023.02.20-15.30.11:746][  0]LogConfig: Applying CVar settings from Section [ShadowQuality@3] File [D:/New folder/AdvancedGE/AdvancedGE/Saved/Config/Windows/Scalability.ini]
[2023.02.20-15.30.11:746][  0]LogConfig: Setting CVar [[r.LightFunctionQuality:1]]
[2023.02.20-15.30.11:746][  0]LogConfig: Setting CVar [[r.ShadowQuality:5]]
[2023.02.20-15.30.11:746][  0]LogConfig: Setting CVar [[r.Shadow.CSM.MaxCascades:10]]
[2023.02.20-15.30.11:746][  0]LogConfig: Setting CVar [[r.Shadow.MaxResolution:2048]]
[2023.02.20-15.30.11:746][  0]LogConfig: Setting CVar [[r.Shadow.MaxCSMResolution:2048]]
[2023.02.20-15.30.11:746][  0]LogConfig: Setting CVar [[r.Shadow.RadiusThreshold:0.01]]
[2023.02.20-15.30.11:746][  0]LogConfig: Setting CVar [[r.Shadow.DistanceScale:1.0]]
[2023.02.20-15.30.11:746][  0]LogConfig: Setting CVar [[r.Shadow.CSM.TransitionScale:1.0]]
[2023.02.20-15.30.11:746][  0]LogConfig: Setting CVar [[r.Shadow.PreShadowResolutionFactor:1.0]]
[2023.02.20-15.30.11:746][  0]LogConfig: Setting CVar [[r.DistanceFieldShadowing:1]]
[2023.02.20-15.30.11:746][  0]LogConfig: Setting CVar [[r.DistanceFieldAO:1]]
[2023.02.20-15.30.11:746][  0]LogConfig: Setting CVar [[r.AOQuality:2]]
[2023.02.20-15.30.11:746][  0]LogConfig: Setting CVar [[r.VolumetricFog:1]]
[2023.02.20-15.30.11:746][  0]LogConfig: Setting CVar [[r.VolumetricFog.GridPixelSize:8]]
[2023.02.20-15.30.11:746][  0]LogConfig: Setting CVar [[r.VolumetricFog.GridSizeZ:128]]
[2023.02.20-15.30.11:746][  0]LogConfig: Setting CVar [[r.VolumetricFog.HistoryMissSupersampleCount:4]]
[2023.02.20-15.30.11:746][  0]LogConfig: Setting CVar [[r.LightMaxDrawDistanceScale:1]]
[2023.02.20-15.30.11:746][  0]LogConfig: Setting CVar [[r.CapsuleShadows:1]]
[2023.02.20-15.30.11:746][  0]LogConfig: Applying CVar settings from Section [PostProcessQuality@3] File [D:/New folder/AdvancedGE/AdvancedGE/Saved/Config/Windows/Scalability.ini]
[2023.02.20-15.30.11:746][  0]LogConfig: Setting CVar [[r.MotionBlurQuality:4]]
[2023.02.20-15.30.11:746][  0]LogConfig: Setting CVar [[r.AmbientOcclusionMipLevelFactor:0.4]]
[2023.02.20-15.30.11:746][  0]LogConfig: Setting CVar [[r.AmbientOcclusionMaxQuality:100]]
[2023.02.20-15.30.11:746][  0]LogConfig: Setting CVar [[r.AmbientOcclusionLevels:-1]]
[2023.02.20-15.30.11:746][  0]LogConfig: Setting CVar [[r.AmbientOcclusionRadiusScale:1.0]]
[2023.02.20-15.30.11:746][  0]LogConfig: Setting CVar [[r.DepthOfFieldQuality:2]]
[2023.02.20-15.30.11:746][  0]LogConfig: Setting CVar [[r.RenderTargetPoolMin:400]]
[2023.02.20-15.30.11:746][  0]LogConfig: Setting CVar [[r.LensFlareQuality:2]]
[2023.02.20-15.30.11:746][  0]LogConfig: Setting CVar [[r.SceneColorFringeQuality:1]]
[2023.02.20-15.30.11:746][  0]LogConfig: Setting CVar [[r.EyeAdaptationQuality:2]]
[2023.02.20-15.30.11:746][  0]LogConfig: Setting CVar [[r.BloomQuality:5]]
[2023.02.20-15.30.11:746][  0]LogConfig: Setting CVar [[r.FastBlurThreshold:100]]
[2023.02.20-15.30.11:746][  0]LogConfig: Setting CVar [[r.Upscale.Quality:3]]
[2023.02.20-15.30.11:746][  0]LogConfig: Setting CVar [[r.Tonemapper.GrainQuantization:1]]
[2023.02.20-15.30.11:746][  0]LogConfig: Setting CVar [[r.LightShaftQuality:1]]
[2023.02.20-15.30.11:746][  0]LogConfig: Setting CVar [[r.Filter.SizeScale:1]]
[2023.02.20-15.30.11:746][  0]LogConfig: Setting CVar [[r.Tonemapper.Quality:5]]
[2023.02.20-15.30.11:746][  0]LogConfig: Setting CVar [[r.DOF.Gather.AccumulatorQuality:1        ; higher gathering accumulator quality]]
[2023.02.20-15.30.11:746][  0]LogConfig: Setting CVar [[r.DOF.Gather.PostfilterMethod:1          ; Median3x3 postfilering method]]
[2023.02.20-15.30.11:746][  0]LogConfig: Setting CVar [[r.DOF.Gather.EnableBokehSettings:0       ; no bokeh simulation when gathering]]
[2023.02.20-15.30.11:746][  0]LogConfig: Setting CVar [[r.DOF.Gather.RingCount:4                 ; medium number of samples when gathering]]
[2023.02.20-15.30.11:746][  0]LogConfig: Setting CVar [[r.DOF.Scatter.ForegroundCompositing:1    ; additive foreground scattering]]
[2023.02.20-15.30.11:746][  0]LogConfig: Setting CVar [[r.DOF.Scatter.BackgroundCompositing:2    ; additive background scattering]]
[2023.02.20-15.30.11:746][  0]LogConfig: Setting CVar [[r.DOF.Scatter.EnableBokehSettings:1      ; bokeh simulation when scattering]]
[2023.02.20-15.30.11:746][  0]LogConfig: Setting CVar [[r.DOF.Scatter.MaxSpriteRatio:0.1         ; only a maximum of 10% of scattered bokeh]]
[2023.02.20-15.30.11:746][  0]LogConfig: Setting CVar [[r.DOF.Recombine.Quality:1                ; cheap slight out of focus]]
[2023.02.20-15.30.11:746][  0]LogConfig: Setting CVar [[r.DOF.Recombine.EnableBokehSettings:0    ; no bokeh simulation on slight out of focus]]
[2023.02.20-15.30.11:746][  0]LogConfig: Setting CVar [[r.DOF.TemporalAAQuality:1                ; more stable temporal accumulation]]
[2023.02.20-15.30.11:746][  0]LogConfig: Setting CVar [[r.DOF.Kernel.MaxForegroundRadius:0.025]]
[2023.02.20-15.30.11:746][  0]LogConfig: Setting CVar [[r.DOF.Kernel.MaxBackgroundRadius:0.025]]
[2023.02.20-15.30.11:746][  0]LogConfig: Applying CVar settings from Section [TextureQuality@3] File [D:/New folder/AdvancedGE/AdvancedGE/Saved/Config/Windows/Scalability.ini]
[2023.02.20-15.30.11:746][  0]LogConfig: Setting CVar [[r.Streaming.MipBias:0]]
[2023.02.20-15.30.11:746][  0]LogConfig: Setting CVar [[r.Streaming.AmortizeCPUToGPUCopy:0]]
[2023.02.20-15.30.11:746][  0]LogConfig: Setting CVar [[r.Streaming.MaxNumTexturesToStreamPerFrame:0]]
[2023.02.20-15.30.11:746][  0]LogConfig: Setting CVar [[r.Streaming.Boost:1]]
[2023.02.20-15.30.11:746][  0]LogConfig: Setting CVar [[r.MaxAnisotropy:8]]
[2023.02.20-15.30.11:746][  0]LogConfig: Setting CVar [[r.VT.MaxAnisotropy:8]]
[2023.02.20-15.30.11:746][  0]LogConfig: Setting CVar [[r.Streaming.LimitPoolSizeToVRAM:0]]
[2023.02.20-15.30.11:746][  0]LogConfig: Setting CVar [[r.Streaming.PoolSize:1000]]
[2023.02.20-15.30.11:746][  0]LogConfig: Setting CVar [[r.Streaming.MaxEffectiveScreenSize:0]]
[2023.02.20-15.30.11:746][  0]LogConfig: Applying CVar settings from Section [EffectsQuality@3] File [D:/New folder/AdvancedGE/AdvancedGE/Saved/Config/Windows/Scalability.ini]
[2023.02.20-15.30.11:746][  0]LogConfig: Setting CVar [[r.TranslucencyLightingVolumeDim:64]]
[2023.02.20-15.30.11:746][  0]LogConfig: Setting CVar [[r.RefractionQuality:2]]
[2023.02.20-15.30.11:747][  0]LogConfig: Setting CVar [[r.SSR.Quality:3]]
[2023.02.20-15.30.11:747][  0]LogConfig: Setting CVar [[r.SSR.HalfResSceneColor:0]]
[2023.02.20-15.30.11:747][  0]LogConfig: Setting CVar [[r.SceneColorFormat:4]]
[2023.02.20-15.30.11:747][  0]LogConfig: Setting CVar [[r.DetailMode:2]]
[2023.02.20-15.30.11:747][  0]LogConfig: Setting CVar [[r.TranslucencyVolumeBlur:1]]
[2023.02.20-15.30.11:747][  0]LogConfig: Setting CVar [[r.MaterialQualityLevel:1 ; High quality]]
[2023.02.20-15.30.11:747][  0]LogConfig: Setting CVar [[r.AnisotropicMaterials:1]]
[2023.02.20-15.30.11:747][  0]LogConfig: Setting CVar [[r.SSS.Scale:1]]
[2023.02.20-15.30.11:747][  0]LogConfig: Setting CVar [[r.SSS.SampleSet:2]]
[2023.02.20-15.30.11:747][  0]LogConfig: Setting CVar [[r.SSS.Quality:1]]
[2023.02.20-15.30.11:747][  0]LogConfig: Setting CVar [[r.SSS.HalfRes:0]]
[2023.02.20-15.30.11:747][  0]LogConfig: Setting CVar [[r.SSGI.Quality:3]]
[2023.02.20-15.30.11:747][  0]LogConfig: Setting CVar [[r.EmitterSpawnRateScale:1.0]]
[2023.02.20-15.30.11:747][  0]LogConfig: Setting CVar [[r.ParticleLightQuality:2]]
[2023.02.20-15.30.11:747][  0]LogConfig: Setting CVar [[r.SkyAtmosphere.AerialPerspectiveLUT.FastApplyOnOpaque:1 ; Always have FastSkyLUT 1 in this case to avoid wrong sky]]
[2023.02.20-15.30.11:747][  0]LogConfig: Setting CVar [[r.SkyAtmosphere.AerialPerspectiveLUT.SampleCountMaxPerSlice:4]]
[2023.02.20-15.30.11:747][  0]LogConfig: Setting CVar [[r.SkyAtmosphere.AerialPerspectiveLUT.DepthResolution:16.0]]
[2023.02.20-15.30.11:747][  0]LogConfig: Setting CVar [[r.SkyAtmosphere.FastSkyLUT:1]]
[2023.02.20-15.30.11:747][  0]LogConfig: Setting CVar [[r.SkyAtmosphere.FastSkyLUT.SampleCountMin:4.0]]
[2023.02.20-15.30.11:747][  0]LogConfig: Setting CVar [[r.SkyAtmosphere.FastSkyLUT.SampleCountMax:128.0]]
[2023.02.20-15.30.11:747][  0]LogConfig: Setting CVar [[r.SkyAtmosphere.SampleCountMin:4.0]]
[2023.02.20-15.30.11:747][  0]LogConfig: Setting CVar [[r.SkyAtmosphere.SampleCountMax:128.0]]
[2023.02.20-15.30.11:747][  0]LogConfig: Setting CVar [[r.SkyAtmosphere.TransmittanceLUT.UseSmallFormat:0]]
[2023.02.20-15.30.11:747][  0]LogConfig: Setting CVar [[r.SkyAtmosphere.TransmittanceLUT.SampleCount:10.0]]
[2023.02.20-15.30.11:747][  0]LogConfig: Setting CVar [[r.SkyAtmosphere.MultiScatteringLUT.SampleCount:15.0]]
[2023.02.20-15.30.11:747][  0]LogConfig: Setting CVar [[r.SkyLight.RealTimeReflectionCapture:1]]
[2023.02.20-15.30.11:747][  0]LogConfig: Applying CVar settings from Section [FoliageQuality@3] File [D:/New folder/AdvancedGE/AdvancedGE/Saved/Config/Windows/Scalability.ini]
[2023.02.20-15.30.11:747][  0]LogConfig: Setting CVar [[foliage.DensityScale:1.0]]
[2023.02.20-15.30.11:747][  0]LogConfig: Setting CVar [[grass.DensityScale:1.0]]
[2023.02.20-15.30.11:747][  0]LogConfig: Applying CVar settings from Section [ShadingQuality@3] File [D:/New folder/AdvancedGE/AdvancedGE/Saved/Config/Windows/Scalability.ini]
[2023.02.20-15.30.11:747][  0]LogConfig: Setting CVar [[r.HairStrands.SkyLighting.IntegrationType:2]]
[2023.02.20-15.30.11:747][  0]LogConfig: Setting CVar [[r.HairStrands.SkyAO.SampleCount:4]]
[2023.02.20-15.30.11:747][  0]LogConfig: Setting CVar [[r.HairStrands.Visibility.MSAA.SamplePerPixel:4]]
[2023.02.20-15.30.11:747][  0]LogConfig: Applying CVar settings from Section [Startup] File [../../../Engine/Config/ConsoleVariables.ini]
[2023.02.20-15.30.11:747][  0]LogConfig: Setting CVar [[net.UseAdaptiveNetUpdateFrequency:0]]
[2023.02.20-15.30.11:747][  0]LogConfig: Setting CVar [[p.chaos.AllowCreatePhysxBodies:1]]
[2023.02.20-15.30.11:747][  0]LogConfig: Setting CVar [[fx.SkipVectorVMBackendOptimizations:1]]
[2023.02.20-15.30.11:747][  0]LogConfig: Applying CVar settings from Section [ConsoleVariables] File [D:/New folder/AdvancedGE/AdvancedGE/Saved/Config/Windows/Engine.ini]
[2023.02.20-15.30.11:747][  0]LogConfig: Applying CVar settings from Section [ConsoleVariables] File [D:/New folder/AdvancedGE/AdvancedGE/Saved/Config/Windows/Editor.ini]
[2023.02.20-15.30.11:748][  0]LogInit: Computer: DESKTOP-1LRC8FL
[2023.02.20-15.30.11:748][  0]LogInit: User: keyho
[2023.02.20-15.30.11:748][  0]LogInit: CPU Page size=4096, Cores=8
[2023.02.20-15.30.11:748][  0]LogInit: High frequency timer resolution =10.000000 MHz
[2023.02.20-15.30.11:748][  0]LogMemory: Memory total: Physical=15.9GB (16GB approx)
[2023.02.20-15.30.11:748][  0]LogMemory: Platform Memory Stats for Windows
[2023.02.20-15.30.11:748][  0]LogMemory: Process Physical Memory: 146.75 MB used, 146.75 MB peak
[2023.02.20-15.30.11:748][  0]LogMemory: Process Virtual Memory: 125.17 MB used, 125.17 MB peak
[2023.02.20-15.30.11:748][  0]LogMemory: Physical Memory: 9677.99 MB used,  6634.57 MB free, 16312.56 MB total
[2023.02.20-15.30.11:748][  0]LogMemory: Virtual Memory: 134211128.00 MB used,  6600.44 MB free, 134217728.00 MB total
[2023.02.20-15.30.11:753][  0]LogWindows: WindowsPlatformFeatures enabled
[2023.02.20-15.30.11:769][  0]LogInit: Physics initialised using underlying interface: PhysX
[2023.02.20-15.30.11:770][  0]LogInit: Using OS detected language (en-GB).
[2023.02.20-15.30.11:770][  0]LogInit: Using OS detected locale (en-GB).
[2023.02.20-15.30.11:774][  0]LogTextLocalizationManager: No specific localization for 'en-GB' exists, so the 'en' localization will be used.
[2023.02.20-15.30.11:922][  0]LogInit: Setting process to per monitor DPI aware
[2023.02.20-15.30.11:946][  0]LogWindowsTextInputMethodSystem: Display: IME system deactivated.
[2023.02.20-15.30.11:962][  0]LogSlate: New Slate User Created.  User Index 0, Is Virtual User: 0
[2023.02.20-15.30.11:962][  0]LogSlate: Slate User Registered.  User Index 0, Is Virtual User: 0
[2023.02.20-15.30.12:063][  0]LogD3D11RHI: Loaded GFSDK_Aftermath_Lib.x64.dll
[2023.02.20-15.30.12:065][  0]LogHMD: Failed to initialize OpenVR with code 110
[2023.02.20-15.30.12:065][  0]LogD3D11RHI: D3D11 min allowed feature level: 11_0
[2023.02.20-15.30.12:065][  0]LogD3D11RHI: D3D11 max allowed feature level: 11_0
[2023.02.20-15.30.12:065][  0]LogD3D11RHI: D3D11 adapters:
[2023.02.20-15.30.12:170][  0]LogD3D11RHI:    0. 'NVIDIA GeForce RTX 3060' (Feature Level 11_0)
[2023.02.20-15.30.12:170][  0]LogD3D11RHI:       12143/0/8156 MB DedicatedVideo/DedicatedSystem/SharedSystem, Outputs:1, VendorId:0x10de
[2023.02.20-15.30.12:171][  0]LogD3D11RHI:    1. 'Microsoft Basic Render Driver' (Feature Level 11_0)
[2023.02.20-15.30.12:171][  0]LogD3D11RHI:       0/0/8156 MB DedicatedVideo/DedicatedSystem/SharedSystem, Outputs:0, VendorId:0x1414
[2023.02.20-15.30.12:171][  0]LogD3D11RHI: Chosen D3D11 Adapter:
[2023.02.20-15.30.12:171][  0]LogD3D11RHI:     Description : NVIDIA GeForce RTX 3060
[2023.02.20-15.30.12:171][  0]LogD3D11RHI:     VendorId    : 10de
[2023.02.20-15.30.12:171][  0]LogD3D11RHI:     DeviceId    : 2503
[2023.02.20-15.30.12:171][  0]LogD3D11RHI:     SubSysId    : 39031462
[2023.02.20-15.30.12:171][  0]LogD3D11RHI:     Revision    : 00a1
[2023.02.20-15.30.12:171][  0]LogD3D11RHI:     DedicatedVideoMemory : 12732858368 bytes
[2023.02.20-15.30.12:171][  0]LogD3D11RHI:     DedicatedSystemMemory : 0 bytes
[2023.02.20-15.30.12:171][  0]LogD3D11RHI:     SharedSystemMemory : 8552478720 bytes
[2023.02.20-15.30.12:171][  0]LogD3D11RHI:     AdapterLuid : 0 47522
[2023.02.20-15.30.12:175][  0]LogD3D11RHI: Creating new Direct3DDevice
[2023.02.20-15.30.12:175][  0]LogD3D11RHI:     GPU DeviceId: 0x2503 (for the marketing name, search the web for "GPU Device Id")
[2023.02.20-15.30.12:175][  0]LogWindows: EnumDisplayDevices:
[2023.02.20-15.30.12:175][  0]LogWindows:    0. 'NVIDIA GeForce RTX 3060' (P:1 D:1)
[2023.02.20-15.30.12:175][  0]LogWindows:    1. 'NVIDIA GeForce RTX 3060' (P:0 D:0)
[2023.02.20-15.30.12:175][  0]LogWindows:    2. 'NVIDIA GeForce RTX 3060' (P:0 D:0)
[2023.02.20-15.30.12:176][  0]LogWindows:    3. 'NVIDIA GeForce RTX 3060' (P:0 D:0)
[2023.02.20-15.30.12:176][  0]LogWindows: DebugString: FoundDriverCount:4 
[2023.02.20-15.30.12:176][  0]LogD3D11RHI:     Adapter Name: NVIDIA GeForce RTX 3060
[2023.02.20-15.30.12:176][  0]LogD3D11RHI:   Driver Version: 472.88 (internal:30.0.14.7288, unified:472.88)
[2023.02.20-15.30.12:176][  0]LogD3D11RHI:      Driver Date: 12-8-2021
[2023.02.20-15.30.12:176][  0]LogRHI: Texture pool is 8500 MB (70% of 12143 MB)
[2023.02.20-15.30.12:176][  0]LogD3D11RHI: Creating D3DDevice using adapter:
[2023.02.20-15.30.12:176][  0]LogD3D11RHI:     Description : NVIDIA GeForce RTX 3060
[2023.02.20-15.30.12:176][  0]LogD3D11RHI:     VendorId    : 10de
[2023.02.20-15.30.12:176][  0]LogD3D11RHI:     DeviceId    : 2503
[2023.02.20-15.30.12:176][  0]LogD3D11RHI:     SubSysId    : 39031462
[2023.02.20-15.30.12:176][  0]LogD3D11RHI:     Revision    : 00a1
[2023.02.20-15.30.12:176][  0]LogD3D11RHI:     DedicatedVideoMemory : 12732858368 bytes
[2023.02.20-15.30.12:176][  0]LogD3D11RHI:     DedicatedSystemMemory : 0 bytes
[2023.02.20-15.30.12:176][  0]LogD3D11RHI:     SharedSystemMemory : 8552478720 bytes
[2023.02.20-15.30.12:176][  0]LogD3D11RHI:     AdapterLuid : 0 47522
[2023.02.20-15.30.12:240][  0]LogD3D11RHI: RHI has support for 64 bit atomics
[2023.02.20-15.30.12:240][  0]LogD3D11RHI: Async texture creation enabled
[2023.02.20-15.30.12:240][  0]LogD3D11RHI: Array index from any shader is supported
[2023.02.20-15.30.12:260][  0]LogD3D11RHI: GPU Timing Frequency: 1000.000000 (Debug: 2 2)
[2023.02.20-15.30.12:294][  0]LogRHI: GeForceNow SDK initialized: 1
[2023.02.20-15.30.12:522][  0]LogTargetPlatformManager: Display: Loaded TargetPlatform 'AllDesktop'
[2023.02.20-15.30.12:540][  0]LogTargetPlatformManager: Display: Loaded TargetPlatform 'Android'
[2023.02.20-15.30.12:540][  0]LogTargetPlatformManager: Display: Loaded TargetPlatform 'Android_ASTC'
[2023.02.20-15.30.12:540][  0]LogTargetPlatformManager: Display: Loaded TargetPlatform 'Android_DXT'
[2023.02.20-15.30.12:540][  0]LogTargetPlatformManager: Display: Loaded TargetPlatform 'Android_ETC2'
[2023.02.20-15.30.12:540][  0]LogTargetPlatformManager: Display: Loaded TargetPlatform 'AndroidClient'
[2023.02.20-15.30.12:540][  0]LogTargetPlatformManager: Display: Loaded TargetPlatform 'Android_ASTCClient'
[2023.02.20-15.30.12:540][  0]LogTargetPlatformManager: Display: Loaded TargetPlatform 'Android_DXTClient'
[2023.02.20-15.30.12:540][  0]LogTargetPlatformManager: Display: Loaded TargetPlatform 'Android_ETC2Client'
[2023.02.20-15.30.12:540][  0]LogTargetPlatformManager: Display: Loaded TargetPlatform 'Android_Multi'
[2023.02.20-15.30.12:540][  0]LogTargetPlatformManager: Display: Loaded TargetPlatform 'Android_MultiClient'
[2023.02.20-15.30.12:554][  0]LogTargetPlatformManager: Display: Loaded TargetPlatform 'IOSClient'
[2023.02.20-15.30.12:554][  0]LogTargetPlatformManager: Display: Loaded TargetPlatform 'IOS'
[2023.02.20-15.30.12:563][  0]LogTargetPlatformManager: Display: Loaded TargetPlatform 'Linux'
[2023.02.20-15.30.12:566][  0]LogTargetPlatformManager: Display: Loaded TargetPlatform 'LinuxNoEditor'
[2023.02.20-15.30.12:569][  0]LogTargetPlatformManager: Display: Loaded TargetPlatform 'LinuxClient'
[2023.02.20-15.30.12:572][  0]LogTargetPlatformManager: Display: Loaded TargetPlatform 'LinuxServer'
[2023.02.20-15.30.12:580][  0]LogTargetPlatformManager: Display: Loaded TargetPlatform 'LinuxAArch64NoEditor'
[2023.02.20-15.30.12:583][  0]LogTargetPlatformManager: Display: Loaded TargetPlatform 'LinuxAArch64Client'
[2023.02.20-15.30.12:586][  0]LogTargetPlatformManager: Display: Loaded TargetPlatform 'LinuxAArch64Server'
[2023.02.20-15.30.12:608][  0]LogTargetPlatformManager: Display: Loaded TargetPlatform 'Lumin'
[2023.02.20-15.30.12:608][  0]LogTargetPlatformManager: Display: Loaded TargetPlatform 'LuminClient'
[2023.02.20-15.30.12:615][  0]LogTargetPlatformManager: Display: Loaded TargetPlatform 'MacNoEditor'
[2023.02.20-15.30.12:618][  0]LogTargetPlatformManager: Display: Loaded TargetPlatform 'Mac'
[2023.02.20-15.30.12:621][  0]LogTargetPlatformManager: Display: Loaded TargetPlatform 'MacClient'
[2023.02.20-15.30.12:624][  0]LogTargetPlatformManager: Display: Loaded TargetPlatform 'MacServer'
[2023.02.20-15.30.12:633][  0]LogTargetPlatformManager: Display: Loaded TargetPlatform 'TVOSClient'
[2023.02.20-15.30.12:633][  0]LogTargetPlatformManager: Display: Loaded TargetPlatform 'TVOS'
[2023.02.20-15.30.12:641][  0]LogTargetPlatformManager: Display: Loaded TargetPlatform 'WindowsNoEditor'
[2023.02.20-15.30.12:644][  0]LogTargetPlatformManager: Display: Loaded TargetPlatform 'Windows'
[2023.02.20-15.30.12:648][  0]LogTargetPlatformManager: Display: Loaded TargetPlatform 'WindowsClient'
[2023.02.20-15.30.12:652][  0]LogTargetPlatformManager: Display: Loaded TargetPlatform 'WindowsServer'
[2023.02.20-15.30.12:652][  0]LogTargetPlatformManager: Display: Building Assets For Windows
[2023.02.20-15.30.12:657][  0]LogAudioDebug: Display: Lib vorbis DLL was dynamically loaded.
[2023.02.20-15.30.12:682][  0]LogTextureFormatOodle: Display: Oodle Texture 2.9.0 init RDO Off
[2023.02.20-15.30.12:704][  0]LogRendererCore: Ray tracing is disabled. Reason: r.RayTracing=0.
[2023.02.20-15.30.12:704][  0]LogShaderCompilers: Guid format shader working directory is 10 characters bigger than the processId version (D:/New folder/AdvancedGE/AdvancedGE/Intermediate/Shaders/WorkingDirectory/17448/).
[2023.02.20-15.30.12:704][  0]LogShaderCompilers: Cleaned the shader compiler working directory 'C:/Users/keyho/AppData/Local/Temp/UnrealShaderWorkingDir/4DF37E7343087B9C5DF146BF6B13CC53/'.
[2023.02.20-15.30.12:704][  0]LogXGEController: Cannot use XGE Controller as Incredibuild is not installed on this machine.
[2023.02.20-15.30.12:704][  0]LogShaderCompilers: Cannot use XGE Shader Compiler as Incredibuild is not installed on this machine.
[2023.02.20-15.30.12:704][  0]LogShaderCompilers: Display: Using Local Shader Compiler.
[2023.02.20-15.30.13:313][  0]LogDerivedDataCache: Display: Max Cache Size: 512 MB
[2023.02.20-15.30.13:363][  0]LogDerivedDataCache: Loaded boot cache 0.05s 94MB C:/Users/keyho/AppData/Local/UnrealEngine/4.27/DerivedDataCache/Boot.ddc.
[2023.02.20-15.30.13:363][  0]LogDerivedDataCache: Display: Loaded Boot cache: C:/Users/keyho/AppData/Local/UnrealEngine/4.27/DerivedDataCache/Boot.ddc
[2023.02.20-15.30.13:363][  0]LogDerivedDataCache: FDerivedDataBackendGraph:  Pak pak cache file D:/New folder/AdvancedGE/AdvancedGE/DerivedDataCache/DDC.ddp not found, will not use a pak cache.
[2023.02.20-15.30.13:363][  0]LogDerivedDataCache: Unable to find inner node Pak for hierarchical cache Hierarchy.
[2023.02.20-15.30.13:363][  0]LogDerivedDataCache: FDerivedDataBackendGraph:  CompressedPak pak cache file D:/New folder/AdvancedGE/AdvancedGE/DerivedDataCache/Compressed.ddp not found, will not use a pak cache.
[2023.02.20-15.30.13:363][  0]LogDerivedDataCache: Unable to find inner node CompressedPak for hierarchical cache Hierarchy.
[2023.02.20-15.30.13:377][  0]LogDerivedDataCache: Display: Pak cache opened for reading ../../../Engine/DerivedDataCache/Compressed.ddp.
[2023.02.20-15.30.13:377][  0]LogDerivedDataCache: FDerivedDataBackendGraph:  EnterprisePak pak cache file ../../../Enterprise/DerivedDataCache/Compressed.ddp not found, will not use a pak cache.
[2023.02.20-15.30.13:377][  0]LogDerivedDataCache: Unable to find inner node EnterprisePak for hierarchical cache Hierarchy.
[2023.02.20-15.30.13:385][  0]LogDerivedDataCache: Speed tests for C:/Users/keyho/AppData/Local/UnrealEngine/Common/DerivedDataCache took 0.01 seconds
[2023.02.20-15.30.13:385][  0]LogDerivedDataCache: Display: Performance to C:/Users/keyho/AppData/Local/UnrealEngine/Common/DerivedDataCache: Latency=0.02ms. RandomReadSpeed=268.63MBs, RandomWriteSpeed=210.00MBs. Assigned SpeedClass 'Local'
[2023.02.20-15.30.13:386][  0]LogDerivedDataCache: Using Local data cache path C:/Users/keyho/AppData/Local/UnrealEngine/Common/DerivedDataCache: Writable
[2023.02.20-15.30.13:386][  0]LogDerivedDataCache: Shared data cache path not found in *engine.ini, will not use an Shared cache.
[2023.02.20-15.30.13:386][  0]LogDerivedDataCache: Unable to find inner node Shared for hierarchical cache Hierarchy.
[2023.02.20-15.30.13:424][  0]LogSlate: Using FreeType 2.10.0
[2023.02.20-15.30.13:425][  0]LogSlate: SlateFontServices - WITH_FREETYPE: 1, WITH_HARFBUZZ: 1
[2023.02.20-15.30.13:445][  0]LogAssetRegistry: FAssetRegistry took 0.0028 seconds to start up
[2023.02.20-15.30.13:674][  0]LogInit: Selected Device Profile: [Windows]
[2023.02.20-15.30.13:674][  0]LogInit: Active device profile: [000002B048E37E00][000002B047FFCE80 49] Windows
[2023.02.20-15.30.13:674][  0]LogInit: Profiles: [000002B048E37E00][000002B047FFCE80 49] Windows, [000002B048DF0300][000002B0492E1000 49] WindowsNoEditor, [000002B048E34300][000002B04818B180 49] WindowsServer, [000002B048DF1E00][000002B048037300 49] WindowsClient, [000002B048E35D00][000002B049591480 49] IOS, [000002B048DF0D00][000002B049595600 49] iPadAir, [000002B048E34C00][000002B049599780 49] iPadAir2, [000002B048DA4600][000002B03BA79A40 49] IPadPro, [000002B048DA4700][000002B04959DA80 49] iPadAir3, [000002B048E34400][000002B03BA7DC00 49] iPadAir4, [000002B048DA7C00][000002B03BA80200 49] iPadMini2, [000002B048E35100][000002B03BA84380 49] iPadMini3, [000002B048DA5500][000002B03BA88500 49] iPadMini4, [000002B048E36700][000002B048000640 49] iPadMini5, [000002B048D87E00][000002B03BA90880 49] iPhone6, [000002B048D87F00][000002B03BA8C8C0 49] iPodTouch6, [000002B048DF3400][000002B048008B80 49] iPhone7, [000002B048DF2E00][000002B048004BC0 49] iPodTouch7, [000002B048D84800][000002B04800CD40 49] iPhone5S, [000002B048DF2500][000002B048010EC0 49] iPhone6Plus, [000002B048D87100][000002B048015040 49] iPhone6S, [000002B048DF1200][000002B0480191C0 49] iPhone6SPlus, [000002B048D85000][000002B04801D340 49] iPhone7Plus, [000002B048DF0700][000002B0480214C0 49] iPhoneSE, [000002B048D86900][000002B048025640 49] iPhone8, [000002B048DF1C00][000002B0480297C0 49] iPhone8Plus, [000002B048D85800][000002B048157940 49] iPhoneX, [000002B048DF0E00][000002B04815BAC0 49] iPhoneXS, [000002B048D86100][000002B04815E0C0 49] iPhoneXSMax, [000002B048DF0400][000002B048162240 49] iPhoneXR, [000002B048D84400][000002B0481663C0 49] iPhone11, [000002B048DF2000][000002B04816A540 49] iPhone11Pro, [000002B048D87C00][000002B04816E6C0 49] iPhone11ProMax, [000002B048DF3B00][000002B03BA94800 49] iPhoneSE2, [000002B048D84500][000002B048172940 49] iPhone12Mini, [000002B048DF3500][000002B048176A80 49] iPhone12, [000002B048D87500][000002B04817ABC0 49] iPhone12Pro, [000002B048DF3E00][000002B0492BCD40 49] iPhone12ProMax, [000002B048D87B00][000002B0492C0EC0 49] iPadPro105, [000002B048DF1800][000002B0492C5040 49] iPadPro129, [000002B048D86600][000002B0492C91C0 49] iPadPro97, [000002B048DF1700][000002B0492CD340 49] iPadPro2_129, [000002B048D86500][000002B0492D14C0 49] iPad5, [000002B048DF3A00][000002B0492D5640 49] iPad6, [000002B048D85B00][000002B0492D97C0 49] iPad7, [000002B048DF1000][000002B0492DD940 49] iPad8, [000002B048D84E00][000002B047E2FAC0 49] iPadPro11, [000002B048DF1300][000002B047E320C0 49] iPadPro2_11, [000002B048D86800][000002B047E36240 49] iPadPro3_129, [000002B048DF0800][000002B047E3A3C0 49] iPadPro4_129, [000002B048D84100][000002B047E3E540 49] AppleTV, [000002B048DF1D00][000002B047E426C0 49] AppleTV4K, [000002B048D87D00][000002B047E46840 49] TVOS, [000002B048DF2B00][000002B0492B8980 49] Mac, [000002B048D87200][000002B047E4AAC0 49] MacClient, [000002B048DF2100][000002B047E4EC00 49] MacNoEditor, [000002B048D86000][000002B047E52D40 49] MacServer, [000002B048DF1500][000002B047E5AEC0 49] Linux, [000002B048D85200][000002B03B33B040 49] LinuxAArch64, [000002B048DF0B00][000002B03B33F1C0 49] LinuxNoEditor, [000002B048D84600][000002B03B343340 49] LinuxAArch64NoEditor, [000002B048DF2C00][000002B03B3474C0 49] LinuxClient, [000002B048D86E00][000002B03B34B640 49] LinuxAArch64Client, [000002B048DF3300][000002B03B34F7C0 49] LinuxServer, [000002B048D86B00][000002B03B353940 49] LinuxAArch64Server, [000002B048DF0900][000002B03B357AC0 49] Android, [000002B048D85D00][000002B03B35A0C0 49] Android_Low, [000002B048DF2200][000002B03B35E240 49] Android_Mid, [000002B048E36E00][000002B03B3623C0 49] Android_High, [000002B048E6D500][000002B03B366540 49] Android_Default, [000002B048E35700][000002B03B36A6C0 49] Android_Adreno4xx, [000002B048E6E500][000002B0491A0840 49] Android_Adreno5xx_Low, [000002B048E35600][000002B0491A49C0 49] Android_Adreno5xx, [000002B048E6E700][000002B0491A8B40 49] Android_Adreno6xx, [000002B048E34800][000002B047E56C80 49] Android_Adreno6xx_Vulkan, [000002B048E6DE00][000002B0491ACDC0 49] Android_Mali_T6xx, [000002B048E36600][000002B0491B0F00 49] Android_Mali_T7xx, [000002B048E6C600][000002B0491B9080 49] Android_Mali_T8xx, [000002B048E35300][000002B0491BD200 49] Android_Mali_G71, [000002B048E6E200][000002B0491C1380 49] Android_Mali_G72, [000002B048E36A00][000002B0491C5500 49] Android_Mali_G72_Vulkan, [000002B048E6DC00][000002B0491C9680 49] Android_Mali_G76, [000002B048E36100][000002B0491CD800 49] Android_Mali_G76_Vulkan, [000002B048E6CB00][000002B0491D1980 49] Android_Mali_G77, [000002B048E36F00][000002B0491D5B00 49] Android_Mali_G77_Vulkan, [000002B048E6DB00][000002B0491D8100 49] Android_Mali_G78, [000002B048E37C00][000002B0491DC280 49] Android_Mali_G78_Vulkan, [000002B048E6E300][000002B0491E0400 49] Android_Mali_G710, [000002B048E34E00][000002B0491E4580 49] Android_Mali_G710_Vulkan, [000002B048E6EC00][000002B0491E8700 49] Android_Vulkan_SM5, [000002B048E37700][000002B0491EC880 49] Android_PowerVR_G6xxx, [000002B048E6CA00][000002B0491F0A00 49] Android_PowerVR_GT7xxx, [000002B048DF1100][000002B0491F4B80 49] Android_PowerVR_GE8xxx, [000002B048E6D200][000002B0491F8D00 49] Android_PowerVR_GM9xxx, [000002B048DF3C00][000002B0491B4E40 49] Android_PowerVR_GM9xxx_Vulkan, [000002B048E6DF00][000002B0491FCF80 49] Android_TegraK1, [000002B048DF1B00][000002B0492010C0 49] Android_Unknown_Vulkan, [000002B048E6C300][000002B049209240 49] Lumin, [000002B048DF3600][000002B04920D3C0 49] Lumin_Desktop, [000002B048E6EE00][000002B049211540 49] HoloLens, 
[2023.02.20-15.30.13:785][  0]LogMeshReduction: Using QuadricMeshReduction for automatic static mesh reduction
[2023.02.20-15.30.13:785][  0]LogMeshReduction: Using SimplygonMeshReduction for automatic skeletal mesh reduction
[2023.02.20-15.30.13:785][  0]LogMeshReduction: Using ProxyLODMeshReduction for automatic mesh merging
[2023.02.20-15.30.13:785][  0]LogMeshReduction: No distributed automatic mesh merging module available
[2023.02.20-15.30.13:785][  0]LogMeshMerging: No distributed automatic mesh merging module available
[2023.02.20-15.30.13:799][  0]LogNetVersion: AdvancedGE 1.0.0, NetCL: 17155196, EngineNetVer: 17, GameNetVer: 0 (Checksum: 3809250435)
[2023.02.20-15.30.14:128][  0]LogTexture: Default maximum texture size for cubemaps generated from long-lat sources has been changed from 512 to unlimited. In order to preserve old behaiour for '/Engine/MapTemplates/Sky/DaylightAmbientCubemap.DaylightAmbientCubemap', its maximum texture size has been explicitly set to 512.
[2023.02.20-15.30.14:175][  0]LogHMD: PokeAHoleMaterial loaded successfully
[2023.02.20-15.30.14:180][  0]LogUObjectArray: 17178 objects as part of root set at end of initial load.
[2023.02.20-15.30.14:180][  0]LogUObjectAllocator: 4302048 out of 0 bytes used by permanent object pool.
[2023.02.20-15.30.14:180][  0]LogUObjectArray: CloseDisregardForGC: 0/0 objects in disregard for GC pool
[2023.02.20-15.30.14:305][  0]LogNiagaraDebuggerClient: Niagara Debugger Client Initialized | Session: 7EF04A644B7ABAA6EC80999D1B8C3D69 | Instance: 66CE05F94A0267B7DDAC59B319A9104F (DESKTOP-1LRC8FL-17448).
[2023.02.20-15.30.14:454][  0]LogPython: Using Python 3.7.7
[2023.02.20-15.30.14:865][  0]LogUdpMessaging: Initializing bridge on interface 0.0.0.0:0 to multicast group 230.0.0.1:6666.
[2023.02.20-15.30.14:869][  0]LogTcpMessaging: Initializing TcpMessaging bridge
[2023.02.20-15.30.14:998][  0]SourceControl: Source control is disabled
[2023.02.20-15.30.14:999][  0]SourceControl: Source control is disabled
[2023.02.20-15.30.15:001][  0]SourceControl: Source control is disabled
[2023.02.20-15.30.15:003][  0]SourceControl: Source control is disabled
[2023.02.20-15.30.15:009][  0]SourceControl: Source control is disabled
[2023.02.20-15.30.15:010][  0]LogUProjectInfo: Found projects:
[2023.02.20-15.30.15:131][  0]LogOpenImageDenoise: OIDN starting up
[2023.02.20-15.30.15:165][  0]LogAndroidPermission: UAndroidPermissionCallbackProxy::GetInstance
[2023.02.20-15.30.15:169][  0]LogAudioCaptureCore: Display: No Audio Capture implementations found. Audio input will be silent.
[2023.02.20-15.30.15:169][  0]LogAudioCaptureCore: Display: No Audio Capture implementations found. Audio input will be silent.
[2023.02.20-15.30.15:317][  0]LogOcInput: OculusInput pre-init called
[2023.02.20-15.30.15:503][  0]LogCollectionManager: Loaded 0 collections in 0.001085 seconds
[2023.02.20-15.30.15:549][  0]LogFileCache: Scanning file cache for directory 'D:/New folder/AdvancedGE/AdvancedGE/Saved/Collections/' took 0.00s
[2023.02.20-15.30.15:549][  0]LogFileCache: Scanning file cache for directory 'D:/New folder/AdvancedGE/AdvancedGE/Content/Developers/keyho/Collections/' took 0.00s
[2023.02.20-15.30.15:549][  0]LogFileCache: Scanning file cache for directory 'D:/New folder/AdvancedGE/AdvancedGE/Content/Collections/' took 0.00s
[2023.02.20-15.30.15:549][  0]LogEngine: Initializing Engine...
[2023.02.20-15.30.15:550][  0]LogHMD: Failed to enumerate extensions. Please check that you have a valid OpenXR runtime installed.
[2023.02.20-15.30.15:551][  0]LogHMD: Failed to initialize OpenVR with code 110
[2023.02.20-15.30.15:551][  0]LogMagicLeap: Warning: VR disabled because ZI is not enabled.  To enable, in the editor, Edit -> Project Settings -> Plugins -> Magic Leap Plugin -> Enable Zero Iteration
[2023.02.20-15.30.15:551][  0]LogStats: UGameplayTagsManager::InitializeManager -  0.000 s
[2023.02.20-15.30.15:660][  0]LogInit: Initializing FReadOnlyCVARCache
[2023.02.20-15.30.15:666][  0]LogAIModule: Creating AISystem for world Untitled
[2023.02.20-15.30.15:666][  0]LogAudio: Display: Initializing Audio Device Manager...
[2023.02.20-15.30.15:669][  0]LogAudio: Display: Loading Default Audio Settings Objects...
[2023.02.20-15.30.15:669][  0]LogAudio: Display: No default SoundConcurrencyObject specified (or failed to load).
[2023.02.20-15.30.15:669][  0]LogAudio: Display: Audio Device Manager Initialized
[2023.02.20-15.30.15:669][  0]LogAudio: Display: Creating Audio Device:                 Id: 1, Scope: Shared, Realtime: True
[2023.02.20-15.30.15:669][  0]LogAudioMixer: Display: Audio Mixer Platform Settings:
[2023.02.20-15.30.15:669][  0]LogAudioMixer: Display: 	Sample Rate:						  48000
[2023.02.20-15.30.15:669][  0]LogAudioMixer: Display: 	Callback Buffer Frame Size Requested: 1024
[2023.02.20-15.30.15:669][  0]LogAudioMixer: Display: 	Callback Buffer Frame Size To Use:	  1024
[2023.02.20-15.30.15:669][  0]LogAudioMixer: Display: 	Number of buffers to queue:			  2
[2023.02.20-15.30.15:669][  0]LogAudioMixer: Display: 	Max Channels (voices):				  32
[2023.02.20-15.30.15:670][  0]LogAudioMixer: Display: 	Number of Async Source Workers:		  0
[2023.02.20-15.30.15:670][  0]LogAudio: Display: AudioDevice MaxSources: 32
[2023.02.20-15.30.15:670][  0]LogAudio: Display: Audio Spatialization Plugin: None (built-in).
[2023.02.20-15.30.15:670][  0]LogAudio: Display: Audio Reverb Plugin: None (built-in).
[2023.02.20-15.30.15:670][  0]LogAudio: Display: Audio Occlusion Plugin: None (built-in).
[2023.02.20-15.30.15:670][  0]LogAudioMixer: Display: Initializing audio mixer.
[2023.02.20-15.30.15:677][  0]LogAudioMixer: Display: 0: FrontLeft
[2023.02.20-15.30.15:677][  0]LogAudioMixer: Display: 1: FrontRight
[2023.02.20-15.30.15:688][  0]LogAudioMixer: Display: Using Audio Device Speakers (2- USB Audio Device)
[2023.02.20-15.30.15:692][  0]LogAudioMixer: Display: Initializing Sound Submixes...
[2023.02.20-15.30.15:693][  0]LogAudioMixer: Display: Creating Master Submix 'MasterSubmixDefault'
[2023.02.20-15.30.15:693][  0]LogAudioMixer: Display: Creating Master Submix 'MasterReverbSubmixDefault'
[2023.02.20-15.30.15:694][  0]LogAudioMixer: Display: Creating Master Submix 'MasterEQSubmixDefault'
[2023.02.20-15.30.15:694][  0]LogAudioMixer: FMixerPlatformXAudio2::StartAudioStream() called
[2023.02.20-15.30.15:694][  0]LogAudioMixer: Display: Output buffers initialized: Frames=1024, Channels=2, Samples=2048
[2023.02.20-15.30.15:695][  0]LogAudioMixer: Display: Starting AudioMixerPlatformInterface::RunInternal()
[2023.02.20-15.30.15:695][  0]LogAudioMixer: Display: FMixerPlatformXAudio2::SubmitBuffer() called for the first time
[2023.02.20-15.30.15:695][  0]LogInit: FAudioDevice initialized.
[2023.02.20-15.30.15:696][  0]LogAudio: Display: Audio Device (ID: 1) registered with world 'Untitled'.
[2023.02.20-15.30.15:696][  0]LogNetVersion: Set ProjectVersion to 1.0.0.0. Version Checksum will be recalculated on next use.
[2023.02.20-15.30.15:739][  0]LogDerivedDataCache: Saved boot cache 0.04s 94MB C:/Users/keyho/AppData/Local/UnrealEngine/4.27/DerivedDataCache/Boot.ddc.
[2023.02.20-15.30.15:739][  0]LogInit: Texture streaming: Enabled
[2023.02.20-15.30.15:750][  0]LogAnalytics: Display: [UEEditor.Rocket.Release] APIServer = https://datarouter.ol.epicgames.com/. AppVersion = 4.27.2-18319896+++UE4+Release-4.27
[2023.02.20-15.30.15:753][  0]LogEngineSessionManager: EngineSessionManager initialized
[2023.02.20-15.30.15:753][  0]LogEngineSessionManager: EngineSessionManager sent abnormal shutdown report. Type=Crashed, SessionId={08E0F614-49CC-4D83-A183-C6A128A85795}
[2023.02.20-15.30.15:753][  0]LogEditorSessionSummary: Verbose: Initializing EditorSessionSummaryWriter for editor session tracking
[2023.02.20-15.30.15:755][  0]LogEditorSessionSummary: EditorSessionSummaryWriter initialized
[2023.02.20-15.30.15:774][  0]LogInit: Transaction tracking system initialized
[2023.02.20-15.30.15:790][  0]BlueprintLog: New page: Editor Load
[2023.02.20-15.30.15:832][  0]LocalizationService: Localization service is disabled
[2023.02.20-15.30.15:848][  0]TimingProfiler: Initialize
[2023.02.20-15.30.15:848][  0]TimingProfiler: OnSessionChanged
[2023.02.20-15.30.15:848][  0]LoadingProfiler: Initialize
[2023.02.20-15.30.15:848][  0]LoadingProfiler: OnSessionChanged
[2023.02.20-15.30.15:848][  0]NetworkingProfiler: Initialize
[2023.02.20-15.30.15:848][  0]NetworkingProfiler: OnSessionChanged
[2023.02.20-15.30.15:848][  0]MemoryProfiler: Initialize
[2023.02.20-15.30.15:848][  0]MemoryProfiler: OnSessionChanged
[2023.02.20-15.30.15:956][  0]LogCook: Display: CookSettings for Memory: MemoryMaxUsedVirtual 0MiB, MemoryMaxUsedPhysical 16384MiB, MemoryMinFreeVirtual 0MiB, MemoryMinFreePhysical 1024MiB
[2023.02.20-15.30.15:956][  0]LogCook: Display: Mobile HDR setting 1
[2023.02.20-15.30.16:098][  0]LogFileCache: Scanning file cache for directory 'D:/New folder/AdvancedGE/AdvancedGE/Content/' took 0.00s
[2023.02.20-15.30.16:258][  0]LogInit: Display: Engine is initialized. Leaving FEngineLoop::Init()
[2023.02.20-15.30.16:260][  0]SourceControl: Source control is disabled
[2023.02.20-15.30.16:260][  0]LogUnrealEdMisc: Loading editor; pre map load, took 5.352
[2023.02.20-15.30.16:260][  0]Cmd: MAP LOAD FILE="D:/New folder/AdvancedGE/AdvancedGE/Content/Maps/FPSMap.umap" TEMPLATE=0 SHOWPROGRESS=1 FEATURELEVEL=3
[2023.02.20-15.30.16:261][  0]LightingResults: New page: Lighting Build
[2023.02.20-15.30.16:262][  0]LogWorld: UWorld::CleanupWorld for Untitled, bSessionEnded=true, bCleanupResources=true
[2023.02.20-15.30.16:262][  0]LogSlate: InvalidateAllWidgets triggered.  All widgets were invalidated
[2023.02.20-15.30.16:262][  0]MapCheck: New page: Map Check
[2023.02.20-15.30.16:262][  0]LightingResults: New page: Lighting Build
[2023.02.20-15.30.16:275][  0]LogAudio: Display: Audio Device unregistered from world 'None'.
[2023.02.20-15.30.16:277][  0]LogUObjectHash: Compacting FUObjectHashTables data took   0.59ms
[2023.02.20-15.30.16:323][  0]LogAudio: Display: Audio Device (ID: 1) registered with world 'FPSMap'.
[2023.02.20-15.30.16:323][  0]LogAIModule: Creating AISystem for world FPSMap
[2023.02.20-15.30.16:327][  0]LogEditorServer: Finished looking for orphan Actors (0.000 secs)
[2023.02.20-15.30.16:333][  0]LogUObjectHash: Compacting FUObjectHashTables data took   0.84ms
[2023.02.20-15.30.16:333][  0]Cmd: MAP CHECKDEP NOCLEARLOG
[2023.02.20-15.30.16:334][  0]MapCheck: Map check complete: 0 Error(s), 0 Warning(s), took 0.087ms to complete.
[2023.02.20-15.30.16:334][  0]LogFileHelpers: Loading map 'FPSMap' took 0.074
[2023.02.20-15.30.16:335][  0]LogUnrealEdMisc: Total Editor Startup Time, took 5.428
[2023.02.20-15.30.16:449][  0]LogSlate: Updating window title bar state: overlay mode, drag disabled, window buttons hidden, title bar hidden
[2023.02.20-15.30.16:453][  0]LogSlate: Updating window title bar state: overlay mode, drag disabled, window buttons hidden, title bar hidden
[2023.02.20-15.30.16:458][  0]LogSlate: Updating window title bar state: overlay mode, drag disabled, window buttons hidden, title bar hidden
[2023.02.20-15.30.16:463][  0]LogSlate: Updating window title bar state: overlay mode, drag disabled, window buttons hidden, title bar hidden
[2023.02.20-15.30.16:473][  0]LogNativeClassHierarchy: Verbose: Native class hierarchy populated in 0.0071 seconds. Added 3831 classes and 930 folders.
[2023.02.20-15.30.16:475][  0]LogNativeClassHierarchy: Verbose: Native class hierarchy updated for 'WidgetCarousel' in 0.0001 seconds. Added 0 classes and 0 folders.
[2023.02.20-15.30.16:476][  0]LogPakFile: PakFile PrimaryIndexSize=187
[2023.02.20-15.30.16:476][  0]LogPakFile: PakFile PathHashIndexSize=101
[2023.02.20-15.30.16:476][  0]LogPakFile: PakFile FullDirectoryIndexSize=148
[2023.02.20-15.30.16:476][  0]LogShaderLibrary: Display: ShaderCodeLibraryPakFileMountedCallback: PakFile 'C:/Program Files/Epic Games/UE_4.27/FeaturePacks/FP_FirstPerson.upack' (chunk index -1, root 'root:/') mounted
[2023.02.20-15.30.16:476][  0]LogShaderLibrary: Display: ShaderCodeLibraryPakFileMountedCallback: pending pak file info (ChunkID:-1 Root:root:/ File:C:/Program Files/Epic Games/UE_4.27/FeaturePacks/FP_FirstPerson.upack)
[2023.02.20-15.30.16:476][  0]LogPakFile: OnPakFileMounted2Time == 0.000040
[2023.02.20-15.30.16:476][  0]LogPakFile: PakFile PrimaryIndexSize=189
[2023.02.20-15.30.16:476][  0]LogPakFile: PakFile PathHashIndexSize=101
[2023.02.20-15.30.16:476][  0]LogPakFile: PakFile FullDirectoryIndexSize=152
[2023.02.20-15.30.16:476][  0]LogShaderLibrary: Display: ShaderCodeLibraryPakFileMountedCallback: PakFile 'C:/Program Files/Epic Games/UE_4.27/FeaturePacks/FP_FirstPersonBP.upack' (chunk index -1, root 'root:/') mounted
[2023.02.20-15.30.16:476][  0]LogShaderLibrary: Display: ShaderCodeLibraryPakFileMountedCallback: pending pak file info (ChunkID:-1 Root:root:/ File:C:/Program Files/Epic Games/UE_4.27/FeaturePacks/FP_FirstPersonBP.upack)
[2023.02.20-15.30.16:476][  0]LogPakFile: OnPakFileMounted2Time == 0.000028
[2023.02.20-15.30.16:476][  0]LogPakFile: PakFile PrimaryIndexSize=191
[2023.02.20-15.30.16:476][  0]LogPakFile: PakFile PathHashIndexSize=101
[2023.02.20-15.30.16:476][  0]LogPakFile: PakFile FullDirectoryIndexSize=160
[2023.02.20-15.30.16:476][  0]LogShaderLibrary: Display: ShaderCodeLibraryPakFileMountedCallback: PakFile 'C:/Program Files/Epic Games/UE_4.27/FeaturePacks/MobileStarterContent.upack' (chunk index -1, root 'root:/') mounted
[2023.02.20-15.30.16:476][  0]LogShaderLibrary: Display: ShaderCodeLibraryPakFileMountedCallback: pending pak file info (ChunkID:-1 Root:root:/ File:C:/Program Files/Epic Games/UE_4.27/FeaturePacks/MobileStarterContent.upack)
[2023.02.20-15.30.16:477][  0]LogPakFile: OnPakFileMounted2Time == 0.000025
[2023.02.20-15.30.16:477][  0]LogPakFile: PakFile PrimaryIndexSize=185
[2023.02.20-15.30.16:477][  0]LogPakFile: PakFile PathHashIndexSize=101
[2023.02.20-15.30.16:477][  0]LogPakFile: PakFile FullDirectoryIndexSize=148
[2023.02.20-15.30.16:477][  0]LogShaderLibrary: Display: ShaderCodeLibraryPakFileMountedCallback: PakFile 'C:/Program Files/Epic Games/UE_4.27/FeaturePacks/StarterContent.upack' (chunk index -1, root 'root:/') mounted
[2023.02.20-15.30.16:477][  0]LogShaderLibrary: Display: ShaderCodeLibraryPakFileMountedCallback: pending pak file info (ChunkID:-1 Root:root:/ File:C:/Program Files/Epic Games/UE_4.27/FeaturePacks/StarterContent.upack)
[2023.02.20-15.30.16:477][  0]LogPakFile: OnPakFileMounted2Time == 0.000031
[2023.02.20-15.30.16:477][  0]LogPakFile: PakFile PrimaryIndexSize=190
[2023.02.20-15.30.16:477][  0]LogPakFile: PakFile PathHashIndexSize=101
[2023.02.20-15.30.16:477][  0]LogPakFile: PakFile FullDirectoryIndexSize=154
[2023.02.20-15.30.16:477][  0]LogShaderLibrary: Display: ShaderCodeLibraryPakFileMountedCallback: PakFile 'C:/Program Files/Epic Games/UE_4.27/FeaturePacks/TP_2DSideScroller.upack' (chunk index -1, root 'root:/') mounted
[2023.02.20-15.30.16:477][  0]LogShaderLibrary: Display: ShaderCodeLibraryPakFileMountedCallback: pending pak file info (ChunkID:-1 Root:root:/ File:C:/Program Files/Epic Games/UE_4.27/FeaturePacks/TP_2DSideScroller.upack)
[2023.02.20-15.30.16:477][  0]LogPakFile: OnPakFileMounted2Time == 0.000025
[2023.02.20-15.30.16:478][  0]LogPakFile: PakFile PrimaryIndexSize=192
[2023.02.20-15.30.16:478][  0]LogPakFile: PakFile PathHashIndexSize=101
[2023.02.20-15.30.16:478][  0]LogPakFile: PakFile FullDirectoryIndexSize=158
[2023.02.20-15.30.16:478][  0]LogShaderLibrary: Display: ShaderCodeLibraryPakFileMountedCallback: PakFile 'C:/Program Files/Epic Games/UE_4.27/FeaturePacks/TP_2DSideScrollerBP.upack' (chunk index -1, root 'root:/') mounted
[2023.02.20-15.30.16:478][  0]LogShaderLibrary: Display: ShaderCodeLibraryPakFileMountedCallback: pending pak file info (ChunkID:-1 Root:root:/ File:C:/Program Files/Epic Games/UE_4.27/FeaturePacks/TP_2DSideScrollerBP.upack)
[2023.02.20-15.30.16:478][  0]LogPakFile: OnPakFileMounted2Time == 0.000026
[2023.02.20-15.30.16:478][  0]LogPakFile: PakFile PrimaryIndexSize=182
[2023.02.20-15.30.16:478][  0]LogPakFile: PakFile PathHashIndexSize=101
[2023.02.20-15.30.16:478][  0]LogPakFile: PakFile FullDirectoryIndexSize=138
[2023.02.20-15.30.16:478][  0]LogShaderLibrary: Display: ShaderCodeLibraryPakFileMountedCallback: PakFile 'C:/Program Files/Epic Games/UE_4.27/FeaturePacks/TP_Flying.upack' (chunk index -1, root 'root:/') mounted
[2023.02.20-15.30.16:478][  0]LogShaderLibrary: Display: ShaderCodeLibraryPakFileMountedCallback: pending pak file info (ChunkID:-1 Root:root:/ File:C:/Program Files/Epic Games/UE_4.27/FeaturePacks/TP_Flying.upack)
[2023.02.20-15.30.16:478][  0]LogPakFile: OnPakFileMounted2Time == 0.000025
[2023.02.20-15.30.16:479][  0]LogPakFile: PakFile PrimaryIndexSize=184
[2023.02.20-15.30.16:479][  0]LogPakFile: PakFile PathHashIndexSize=101
[2023.02.20-15.30.16:479][  0]LogPakFile: PakFile FullDirectoryIndexSize=142
[2023.02.20-15.30.16:479][  0]LogShaderLibrary: Display: ShaderCodeLibraryPakFileMountedCallback: PakFile 'C:/Program Files/Epic Games/UE_4.27/FeaturePacks/TP_FlyingBP.upack' (chunk index -1, root 'root:/') mounted
[2023.02.20-15.30.16:479][  0]LogShaderLibrary: Display: ShaderCodeLibraryPakFileMountedCallback: pending pak file info (ChunkID:-1 Root:root:/ File:C:/Program Files/Epic Games/UE_4.27/FeaturePacks/TP_FlyingBP.upack)
[2023.02.20-15.30.16:479][  0]LogPakFile: OnPakFileMounted2Time == 0.000025
[2023.02.20-15.30.16:479][  0]LogPakFile: PakFile PrimaryIndexSize=188
[2023.02.20-15.30.16:479][  0]LogPakFile: PakFile PathHashIndexSize=101
[2023.02.20-15.30.16:479][  0]LogPakFile: PakFile FullDirectoryIndexSize=150
[2023.02.20-15.30.16:479][  0]LogShaderLibrary: Display: ShaderCodeLibraryPakFileMountedCallback: PakFile 'C:/Program Files/Epic Games/UE_4.27/FeaturePacks/TP_HandheldARBP.upack' (chunk index -1, root 'root:/') mounted
[2023.02.20-15.30.16:479][  0]LogShaderLibrary: Display: ShaderCodeLibraryPakFileMountedCallback: pending pak file info (ChunkID:-1 Root:root:/ File:C:/Program Files/Epic Games/UE_4.27/FeaturePacks/TP_HandheldARBP.upack)
[2023.02.20-15.30.16:479][  0]LogPakFile: OnPakFileMounted2Time == 0.000056
[2023.02.20-15.30.16:480][  0]LogPakFile: PakFile PrimaryIndexSize=182
[2023.02.20-15.30.16:480][  0]LogPakFile: PakFile PathHashIndexSize=101
[2023.02.20-15.30.16:480][  0]LogPakFile: PakFile FullDirectoryIndexSize=138
[2023.02.20-15.30.16:480][  0]LogShaderLibrary: Display: ShaderCodeLibraryPakFileMountedCallback: PakFile 'C:/Program Files/Epic Games/UE_4.27/FeaturePacks/TP_Puzzle.upack' (chunk index -1, root 'root:/') mounted
[2023.02.20-15.30.16:480][  0]LogShaderLibrary: Display: ShaderCodeLibraryPakFileMountedCallback: pending pak file info (ChunkID:-1 Root:root:/ File:C:/Program Files/Epic Games/UE_4.27/FeaturePacks/TP_Puzzle.upack)
[2023.02.20-15.30.16:480][  0]LogPakFile: OnPakFileMounted2Time == 0.000043
[2023.02.20-15.30.16:481][  0]LogPakFile: PakFile PrimaryIndexSize=184
[2023.02.20-15.30.16:481][  0]LogPakFile: PakFile PathHashIndexSize=101
[2023.02.20-15.30.16:481][  0]LogPakFile: PakFile FullDirectoryIndexSize=142
[2023.02.20-15.30.16:481][  0]LogShaderLibrary: Display: ShaderCodeLibraryPakFileMountedCallback: PakFile 'C:/Program Files/Epic Games/UE_4.27/FeaturePacks/TP_PuzzleBP.upack' (chunk index -1, root 'root:/') mounted
[2023.02.20-15.30.16:481][  0]LogShaderLibrary: Display: ShaderCodeLibraryPakFileMountedCallback: pending pak file info (ChunkID:-1 Root:root:/ File:C:/Program Files/Epic Games/UE_4.27/FeaturePacks/TP_PuzzleBP.upack)
[2023.02.20-15.30.16:481][  0]LogPakFile: OnPakFileMounted2Time == 0.000066
[2023.02.20-15.30.16:481][  0]LogPakFile: PakFile PrimaryIndexSize=183
[2023.02.20-15.30.16:481][  0]LogPakFile: PakFile PathHashIndexSize=101
[2023.02.20-15.30.16:481][  0]LogPakFile: PakFile FullDirectoryIndexSize=140
[2023.02.20-15.30.16:481][  0]LogShaderLibrary: Display: ShaderCodeLibraryPakFileMountedCallback: PakFile 'C:/Program Files/Epic Games/UE_4.27/FeaturePacks/TP_Rolling.upack' (chunk index -1, root 'root:/') mounted
[2023.02.20-15.30.16:481][  0]LogShaderLibrary: Display: ShaderCodeLibraryPakFileMountedCallback: pending pak file info (ChunkID:-1 Root:root:/ File:C:/Program Files/Epic Games/UE_4.27/FeaturePacks/TP_Rolling.upack)
[2023.02.20-15.30.16:481][  0]LogPakFile: OnPakFileMounted2Time == 0.000025
[2023.02.20-15.30.16:482][  0]LogPakFile: PakFile PrimaryIndexSize=185
[2023.02.20-15.30.16:482][  0]LogPakFile: PakFile PathHashIndexSize=101
[2023.02.20-15.30.16:482][  0]LogPakFile: PakFile FullDirectoryIndexSize=144
[2023.02.20-15.30.16:482][  0]LogShaderLibrary: Display: ShaderCodeLibraryPakFileMountedCallback: PakFile 'C:/Program Files/Epic Games/UE_4.27/FeaturePacks/TP_RollingBP.upack' (chunk index -1, root 'root:/') mounted
[2023.02.20-15.30.16:482][  0]LogShaderLibrary: Display: ShaderCodeLibraryPakFileMountedCallback: pending pak file info (ChunkID:-1 Root:root:/ File:C:/Program Files/Epic Games/UE_4.27/FeaturePacks/TP_RollingBP.upack)
[2023.02.20-15.30.16:482][  0]LogPakFile: OnPakFileMounted2Time == 0.000025
[2023.02.20-15.30.16:482][  0]LogPakFile: PakFile PrimaryIndexSize=188
[2023.02.20-15.30.16:482][  0]LogPakFile: PakFile PathHashIndexSize=101
[2023.02.20-15.30.16:482][  0]LogPakFile: PakFile FullDirectoryIndexSize=150
[2023.02.20-15.30.16:482][  0]LogShaderLibrary: Display: ShaderCodeLibraryPakFileMountedCallback: PakFile 'C:/Program Files/Epic Games/UE_4.27/FeaturePacks/TP_SideScroller.upack' (chunk index -1, root 'root:/') mounted
[2023.02.20-15.30.16:482][  0]LogShaderLibrary: Display: ShaderCodeLibraryPakFileMountedCallback: pending pak file info (ChunkID:-1 Root:root:/ File:C:/Program Files/Epic Games/UE_4.27/FeaturePacks/TP_SideScroller.upack)
[2023.02.20-15.30.16:482][  0]LogPakFile: OnPakFileMounted2Time == 0.000025
[2023.02.20-15.30.16:482][  0]LogPakFile: PakFile PrimaryIndexSize=190
[2023.02.20-15.30.16:482][  0]LogPakFile: PakFile PathHashIndexSize=101
[2023.02.20-15.30.16:482][  0]LogPakFile: PakFile FullDirectoryIndexSize=154
[2023.02.20-15.30.16:482][  0]LogShaderLibrary: Display: ShaderCodeLibraryPakFileMountedCallback: PakFile 'C:/Program Files/Epic Games/UE_4.27/FeaturePacks/TP_SideScrollerBP.upack' (chunk index -1, root 'root:/') mounted
[2023.02.20-15.30.16:482][  0]LogShaderLibrary: Display: ShaderCodeLibraryPakFileMountedCallback: pending pak file info (ChunkID:-1 Root:root:/ File:C:/Program Files/Epic Games/UE_4.27/FeaturePacks/TP_SideScrollerBP.upack)
[2023.02.20-15.30.16:482][  0]LogPakFile: OnPakFileMounted2Time == 0.000030
[2023.02.20-15.30.16:483][  0]LogPakFile: PakFile PrimaryIndexSize=187
[2023.02.20-15.30.16:483][  0]LogPakFile: PakFile PathHashIndexSize=101
[2023.02.20-15.30.16:483][  0]LogPakFile: PakFile FullDirectoryIndexSize=148
[2023.02.20-15.30.16:483][  0]LogShaderLibrary: Display: ShaderCodeLibraryPakFileMountedCallback: PakFile 'C:/Program Files/Epic Games/UE_4.27/FeaturePacks/TP_ThirdPerson.upack' (chunk index -1, root 'root:/') mounted
[2023.02.20-15.30.16:483][  0]LogShaderLibrary: Display: ShaderCodeLibraryPakFileMountedCallback: pending pak file info (ChunkID:-1 Root:root:/ File:C:/Program Files/Epic Games/UE_4.27/FeaturePacks/TP_ThirdPerson.upack)
[2023.02.20-15.30.16:483][  0]LogPakFile: OnPakFileMounted2Time == 0.000025
[2023.02.20-15.30.16:483][  0]LogPakFile: PakFile PrimaryIndexSize=189
[2023.02.20-15.30.16:483][  0]LogPakFile: PakFile PathHashIndexSize=101
[2023.02.20-15.30.16:483][  0]LogPakFile: PakFile FullDirectoryIndexSize=152
[2023.02.20-15.30.16:483][  0]LogShaderLibrary: Display: ShaderCodeLibraryPakFileMountedCallback: PakFile 'C:/Program Files/Epic Games/UE_4.27/FeaturePacks/TP_ThirdPersonBP.upack' (chunk index -1, root 'root:/') mounted
[2023.02.20-15.30.16:483][  0]LogShaderLibrary: Display: ShaderCodeLibraryPakFileMountedCallback: pending pak file info (ChunkID:-1 Root:root:/ File:C:/Program Files/Epic Games/UE_4.27/FeaturePacks/TP_ThirdPersonBP.upack)
[2023.02.20-15.30.16:483][  0]LogPakFile: OnPakFileMounted2Time == 0.000027
[2023.02.20-15.30.16:484][  0]LogPakFile: PakFile PrimaryIndexSize=183
[2023.02.20-15.30.16:484][  0]LogPakFile: PakFile PathHashIndexSize=101
[2023.02.20-15.30.16:484][  0]LogPakFile: PakFile FullDirectoryIndexSize=140
[2023.02.20-15.30.16:484][  0]LogShaderLibrary: Display: ShaderCodeLibraryPakFileMountedCallback: PakFile 'C:/Program Files/Epic Games/UE_4.27/FeaturePacks/TP_TopDown.upack' (chunk index -1, root 'root:/') mounted
[2023.02.20-15.30.16:484][  0]LogShaderLibrary: Display: ShaderCodeLibraryPakFileMountedCallback: pending pak file info (ChunkID:-1 Root:root:/ File:C:/Program Files/Epic Games/UE_4.27/FeaturePacks/TP_TopDown.upack)
[2023.02.20-15.30.16:484][  0]LogPakFile: OnPakFileMounted2Time == 0.000032
[2023.02.20-15.30.16:484][  0]LogPakFile: PakFile PrimaryIndexSize=185
[2023.02.20-15.30.16:484][  0]LogPakFile: PakFile PathHashIndexSize=101
[2023.02.20-15.30.16:484][  0]LogPakFile: PakFile FullDirectoryIndexSize=144
[2023.02.20-15.30.16:484][  0]LogShaderLibrary: Display: ShaderCodeLibraryPakFileMountedCallback: PakFile 'C:/Program Files/Epic Games/UE_4.27/FeaturePacks/TP_TopDownBP.upack' (chunk index -1, root 'root:/') mounted
[2023.02.20-15.30.16:484][  0]LogShaderLibrary: Display: ShaderCodeLibraryPakFileMountedCallback: pending pak file info (ChunkID:-1 Root:root:/ File:C:/Program Files/Epic Games/UE_4.27/FeaturePacks/TP_TopDownBP.upack)
[2023.02.20-15.30.16:484][  0]LogPakFile: OnPakFileMounted2Time == 0.000025
[2023.02.20-15.30.16:484][  0]LogPakFile: PakFile PrimaryIndexSize=185
[2023.02.20-15.30.16:484][  0]LogPakFile: PakFile PathHashIndexSize=101
[2023.02.20-15.30.16:484][  0]LogPakFile: PakFile FullDirectoryIndexSize=144
[2023.02.20-15.30.16:484][  0]LogShaderLibrary: Display: ShaderCodeLibraryPakFileMountedCallback: PakFile 'C:/Program Files/Epic Games/UE_4.27/FeaturePacks/TP_TwinStick.upack' (chunk index -1, root 'root:/') mounted
[2023.02.20-15.30.16:484][  0]LogShaderLibrary: Display: ShaderCodeLibraryPakFileMountedCallback: pending pak file info (ChunkID:-1 Root:root:/ File:C:/Program Files/Epic Games/UE_4.27/FeaturePacks/TP_TwinStick.upack)
[2023.02.20-15.30.16:485][  0]LogPakFile: OnPakFileMounted2Time == 0.000029
[2023.02.20-15.30.16:485][  0]LogPakFile: PakFile PrimaryIndexSize=187
[2023.02.20-15.30.16:485][  0]LogPakFile: PakFile PathHashIndexSize=101
[2023.02.20-15.30.16:485][  0]LogPakFile: PakFile FullDirectoryIndexSize=148
[2023.02.20-15.30.16:485][  0]LogShaderLibrary: Display: ShaderCodeLibraryPakFileMountedCallback: PakFile 'C:/Program Files/Epic Games/UE_4.27/FeaturePacks/TP_TwinStickBP.upack' (chunk index -1, root 'root:/') mounted
[2023.02.20-15.30.16:485][  0]LogShaderLibrary: Display: ShaderCodeLibraryPakFileMountedCallback: pending pak file info (ChunkID:-1 Root:root:/ File:C:/Program Files/Epic Games/UE_4.27/FeaturePacks/TP_TwinStickBP.upack)
[2023.02.20-15.30.16:485][  0]LogPakFile: OnPakFileMounted2Time == 0.000025
[2023.02.20-15.30.16:485][  0]LogPakFile: PakFile PrimaryIndexSize=183
[2023.02.20-15.30.16:485][  0]LogPakFile: PakFile PathHashIndexSize=101
[2023.02.20-15.30.16:485][  0]LogPakFile: PakFile FullDirectoryIndexSize=140
[2023.02.20-15.30.16:485][  0]LogShaderLibrary: Display: ShaderCodeLibraryPakFileMountedCallback: PakFile 'C:/Program Files/Epic Games/UE_4.27/FeaturePacks/TP_Vehicle.upack' (chunk index -1, root 'root:/') mounted
[2023.02.20-15.30.16:485][  0]LogShaderLibrary: Display: ShaderCodeLibraryPakFileMountedCallback: pending pak file info (ChunkID:-1 Root:root:/ File:C:/Program Files/Epic Games/UE_4.27/FeaturePacks/TP_Vehicle.upack)
[2023.02.20-15.30.16:485][  0]LogPakFile: OnPakFileMounted2Time == 0.000025
[2023.02.20-15.30.16:486][  0]LogPakFile: PakFile PrimaryIndexSize=186
[2023.02.20-15.30.16:486][  0]LogPakFile: PakFile PathHashIndexSize=101
[2023.02.20-15.30.16:486][  0]LogPakFile: PakFile FullDirectoryIndexSize=146
[2023.02.20-15.30.16:486][  0]LogShaderLibrary: Display: ShaderCodeLibraryPakFileMountedCallback: PakFile 'C:/Program Files/Epic Games/UE_4.27/FeaturePacks/TP_VehicleAdv.upack' (chunk index -1, root 'root:/') mounted
[2023.02.20-15.30.16:486][  0]LogShaderLibrary: Display: ShaderCodeLibraryPakFileMountedCallback: pending pak file info (ChunkID:-1 Root:root:/ File:C:/Program Files/Epic Games/UE_4.27/FeaturePacks/TP_VehicleAdv.upack)
[2023.02.20-15.30.16:486][  0]LogPakFile: OnPakFileMounted2Time == 0.000027
[2023.02.20-15.30.16:486][  0]LogPakFile: PakFile PrimaryIndexSize=188
[2023.02.20-15.30.16:486][  0]LogPakFile: PakFile PathHashIndexSize=101
[2023.02.20-15.30.16:486][  0]LogPakFile: PakFile FullDirectoryIndexSize=150
[2023.02.20-15.30.16:486][  0]LogShaderLibrary: Display: ShaderCodeLibraryPakFileMountedCallback: PakFile 'C:/Program Files/Epic Games/UE_4.27/FeaturePacks/TP_VehicleAdvBP.upack' (chunk index -1, root 'root:/') mounted
[2023.02.20-15.30.16:486][  0]LogShaderLibrary: Display: ShaderCodeLibraryPakFileMountedCallback: pending pak file info (ChunkID:-1 Root:root:/ File:C:/Program Files/Epic Games/UE_4.27/FeaturePacks/TP_VehicleAdvBP.upack)
[2023.02.20-15.30.16:486][  0]LogPakFile: OnPakFileMounted2Time == 0.000025
[2023.02.20-15.30.16:487][  0]LogPakFile: PakFile PrimaryIndexSize=185
[2023.02.20-15.30.16:487][  0]LogPakFile: PakFile PathHashIndexSize=101
[2023.02.20-15.30.16:487][  0]LogPakFile: PakFile FullDirectoryIndexSize=144
[2023.02.20-15.30.16:487][  0]LogShaderLibrary: Display: ShaderCodeLibraryPakFileMountedCallback: PakFile 'C:/Program Files/Epic Games/UE_4.27/FeaturePacks/TP_VehicleBP.upack' (chunk index -1, root 'root:/') mounted
[2023.02.20-15.30.16:487][  0]LogShaderLibrary: Display: ShaderCodeLibraryPakFileMountedCallback: pending pak file info (ChunkID:-1 Root:root:/ File:C:/Program Files/Epic Games/UE_4.27/FeaturePacks/TP_VehicleBP.upack)
[2023.02.20-15.30.16:487][  0]LogPakFile: OnPakFileMounted2Time == 0.000028
[2023.02.20-15.30.16:487][  0]LogPakFile: PakFile PrimaryIndexSize=192
[2023.02.20-15.30.16:487][  0]LogPakFile: PakFile PathHashIndexSize=101
[2023.02.20-15.30.16:487][  0]LogPakFile: PakFile FullDirectoryIndexSize=158
[2023.02.20-15.30.16:487][  0]LogShaderLibrary: Display: ShaderCodeLibraryPakFileMountedCallback: PakFile 'C:/Program Files/Epic Games/UE_4.27/FeaturePacks/TP_VirtualRealityBP.upack' (chunk index -1, root 'root:/') mounted
[2023.02.20-15.30.16:487][  0]LogShaderLibrary: Display: ShaderCodeLibraryPakFileMountedCallback: pending pak file info (ChunkID:-1 Root:root:/ File:C:/Program Files/Epic Games/UE_4.27/FeaturePacks/TP_VirtualRealityBP.upack)
[2023.02.20-15.30.16:487][  0]LogPakFile: OnPakFileMounted2Time == 0.000028
[2023.02.20-15.30.16:522][  0]LogNativeClassHierarchy: Verbose: Native class hierarchy updated for 'AddContentDialog' in 0.0002 seconds. Added 0 classes and 0 folders.
[2023.02.20-15.30.16:523][  0]LogNativeClassHierarchy: Verbose: Native class hierarchy updated for 'SceneOutliner' in 0.0002 seconds. Added 2 classes and 0 folders.
[2023.02.20-15.30.16:579][  0]LogSlate: Took 0.000177 seconds to synchronously load lazily loaded font '../../../Engine/Content/Slate/Fonts/Roboto-Regular.ttf' (155K)
[2023.02.20-15.30.16:579][  0]LogSlate: Took 0.000073 seconds to synchronously load lazily loaded font '../../../Engine/Content/Editor/Slate/Fonts/FontAwesome.ttf' (139K)
[2023.02.20-15.30.16:580][  0]LogSlate: Took 0.000069 seconds to synchronously load lazily loaded font '../../../Engine/Content/Slate/Fonts/Roboto-Bold.ttf' (160K)
[2023.02.20-15.30.16:647][  0]LogRenderer: Reallocating scene render targets to support 1084x552 Format 10 NumSamples 1 (Frame:1).
[2023.02.20-15.30.16:677][  0]LogSlate: Took 0.000125 seconds to synchronously load lazily loaded font '../../../Engine/Content/Slate/Fonts/Roboto-Light.ttf' (167K)
[2023.02.20-15.30.16:718][  0]LogNativeClassHierarchy: Verbose: Native class hierarchy updated for 'HierarchicalLODOutliner' in 0.0002 seconds. Added 0 classes and 0 folders.
[2023.02.20-15.30.16:718][  0]LogLoad: (Engine Initialization) Total time: 5.81 seconds
[2023.02.20-15.30.16:718][  0]LogLoad: (Engine Initialization) Total Blueprint compile time: 0.00 seconds
[2023.02.20-15.30.16:827][  0]LogAssetRegistry: Asset discovery search completed in 3.3821 seconds
[2023.02.20-15.30.16:831][  0]LogCollectionManager: Fixed up redirectors for 0 collections in 0.000003 seconds (updated 0 objects)
[2023.02.20-15.30.16:832][  0]LogContentStreaming: Texture pool size now 1000 MB
[2023.02.20-15.30.16:880][  2]LogActor: Warning: BasicWall /Engine/Transient.World_3:PersistentLevel.BasicWall_0 has natively added scene component(s), but none of them were set as the actor's RootComponent - picking one arbitrarily
[2023.02.20-15.36.14:774][217]LogTemp: Repeating last play command: Selected Viewport
[2023.02.20-15.36.14:778][217]LogPlayLevel: PlayLevel: No blueprints needed recompiling
[2023.02.20-15.36.14:779][217]PIE: New page: PIE session: FPSMap (20 Feb 2023, 15:36:14)
[2023.02.20-15.36.14:780][217]LogOnline: OSS: Creating online subsystem instance for: NULL
[2023.02.20-15.36.14:781][217]LogOnline: OSS: TryLoadSubsystemAndSetDefault: Loaded subsystem for module [NULL]
[2023.02.20-15.36.14:781][217]LogPlayLevel: Creating play world package: /Game/Maps/UEDPIE_0_FPSMap
[2023.02.20-15.36.14:783][217]LogPlayLevel: PIE: StaticDuplicateObject took: (0.002317s)
[2023.02.20-15.36.14:784][217]LogAIModule: Creating AISystem for world FPSMap
[2023.02.20-15.36.14:785][217]LogPlayLevel: PIE: World Init took: (0.001655s)
[2023.02.20-15.36.14:785][217]LogPlayLevel: PIE: Created PIE world by copying editor world from /Game/Maps/FPSMap.FPSMap to /Game/Maps/UEDPIE_0_FPSMap.FPSMap (0.004095s)
[2023.02.20-15.36.14:790][217]LogUObjectHash: Compacting FUObjectHashTables data took   0.55ms
[2023.02.20-15.36.14:790][217]LogAudio: Display: Creating Audio Device:                 Id: 2, Scope: Unique, Realtime: True
[2023.02.20-15.36.14:790][217]LogAudioMixer: Display: Audio Mixer Platform Settings:
[2023.02.20-15.36.14:790][217]LogAudioMixer: Display: 	Sample Rate:						  48000
[2023.02.20-15.36.14:790][217]LogAudioMixer: Display: 	Callback Buffer Frame Size Requested: 1024
[2023.02.20-15.36.14:790][217]LogAudioMixer: Display: 	Callback Buffer Frame Size To Use:	  1024
[2023.02.20-15.36.14:790][217]LogAudioMixer: Display: 	Number of buffers to queue:			  2
[2023.02.20-15.36.14:790][217]LogAudioMixer: Display: 	Max Channels (voices):				  32
[2023.02.20-15.36.14:790][217]LogAudioMixer: Display: 	Number of Async Source Workers:		  0
[2023.02.20-15.36.14:790][217]LogAudio: Display: AudioDevice MaxSources: 32
[2023.02.20-15.36.14:791][217]LogAudio: Display: Audio Spatialization Plugin: None (built-in).
[2023.02.20-15.36.14:791][217]LogAudio: Display: Audio Reverb Plugin: None (built-in).
[2023.02.20-15.36.14:791][217]LogAudio: Display: Audio Occlusion Plugin: None (built-in).
[2023.02.20-15.36.14:791][217]LogAudioMixer: Display: Initializing audio mixer.
[2023.02.20-15.36.14:793][217]LogAudioMixer: Display: 0: FrontLeft
[2023.02.20-15.36.14:793][217]LogAudioMixer: Display: 1: FrontRight
[2023.02.20-15.36.14:798][217]LogAudioMixer: Display: Using Audio Device Speakers (2- USB Audio Device)
[2023.02.20-15.36.14:798][217]LogAudioMixer: Display: Initializing Sound Submixes...
[2023.02.20-15.36.14:799][217]LogAudioMixer: Display: Creating Master Submix 'MasterSubmixDefault'
[2023.02.20-15.36.14:799][217]LogAudioMixer: Display: Creating Master Submix 'MasterReverbSubmixDefault'
[2023.02.20-15.36.14:799][217]LogAudioMixer: Display: Creating Master Submix 'MasterEQSubmixDefault'
[2023.02.20-15.36.14:799][217]LogAudioMixer: FMixerPlatformXAudio2::StartAudioStream() called
[2023.02.20-15.36.14:799][217]LogAudioMixer: Display: Output buffers initialized: Frames=1024, Channels=2, Samples=2048
[2023.02.20-15.36.14:800][217]LogAudioMixer: Display: Starting AudioMixerPlatformInterface::RunInternal()
[2023.02.20-15.36.14:800][217]LogAudioMixer: Display: FMixerPlatformXAudio2::SubmitBuffer() called for the first time
[2023.02.20-15.36.14:800][217]LogInit: FAudioDevice initialized.
[2023.02.20-15.36.14:800][217]LogAudio: Display: Audio Device (ID: 2) registered with world 'FPSMap'.
[2023.02.20-15.36.14:814][217]LogLoad: Game class is 'BP_AdvancedGEGameModeBase_C'
[2023.02.20-15.36.14:815][217]LogWorld: Bringing World /Game/Maps/UEDPIE_0_FPSMap.FPSMap up for play (max tick rate 0) at 2023.02.20-15.36.14
[2023.02.20-15.36.14:816][217]LogOutputDevice: Warning: 

Script Stack (0 frames):

[2023.02.20-15.36.14:816][217]LogWindows: Windows GetLastError: The operation completed successfully. (0)
[2023.02.20-15.36.15:621][217]LogWindows: Error: === Critical error: ===
[2023.02.20-15.36.15:621][217]LogWindows: Error: 
[2023.02.20-15.36.15:621][217]LogWindows: Error: Fatal error: [File:D:/Build/++UE4/Sync/Engine/Source/Runtime/Engine/Private/Level.cpp] [Line: 2047] 
[2023.02.20-15.36.15:621][217]LogWindows: Error: JumpPowerup /Game/Maps/UEDPIE_0_FPSMap.FPSMap:PersistentLevel.JumpPowerup_1 failed to route PostInitializeComponents.  Please call Super::PostInitializeComponents() in your <className>::PostInitializeComponents() function. 
[2023.02.20-15.36.15:621][217]LogWindows: Error: 
[2023.02.20-15.36.15:621][217]LogWindows: Error: 
[2023.02.20-15.36.15:621][217]LogWindows: Error: [Callstack] 0x00007fffd805cd29 KERNELBASE.dll!UnknownFunction []
[2023.02.20-15.36.15:621][217]LogWindows: Error: [Callstack] 0x00007fff5aa70216 UE4Editor-Core.dll!UnknownFunction []
[2023.02.20-15.36.15:621][217]LogWindows: Error: [Callstack] 0x00007fff5aa74218 UE4Editor-Core.dll!UnknownFunction []
[2023.02.20-15.36.15:621][217]LogWindows: Error: [Callstack] 0x00007fff5a79242d UE4Editor-Core.dll!UnknownFunction []
[2023.02.20-15.36.15:621][217]LogWindows: Error: [Callstack] 0x00007fff5627302c UE4Editor-Engine.dll!UnknownFunction []
[2023.02.20-15.36.15:621][217]LogWindows: Error: [Callstack] 0x00007fff56d1461d UE4Editor-Engine.dll!UnknownFunction []
[2023.02.20-15.36.15:621][217]LogWindows: Error: [Callstack] 0x00007fff560ae979 UE4Editor-Engine.dll!UnknownFunction []
[2023.02.20-15.36.15:621][217]LogWindows: Error: [Callstack] 0x00007fff54282c45 UE4Editor-UnrealEd.dll!UnknownFunction []
[2023.02.20-15.36.15:621][217]LogWindows: Error: [Callstack] 0x00007fff542a622f UE4Editor-UnrealEd.dll!UnknownFunction []
[2023.02.20-15.36.15:621][217]LogWindows: Error: [Callstack] 0x00007fff5428397d UE4Editor-UnrealEd.dll!UnknownFunction []
[2023.02.20-15.36.15:621][217]LogWindows: Error: [Callstack] 0x00007fff542c3772 UE4Editor-UnrealEd.dll!UnknownFunction []
[2023.02.20-15.36.15:621][217]LogWindows: Error: [Callstack] 0x00007fff542c6d31 UE4Editor-UnrealEd.dll!UnknownFunction []
[2023.02.20-15.36.15:621][217]LogWindows: Error: [Callstack] 0x00007fff542c65f8 UE4Editor-UnrealEd.dll!UnknownFunction []
[2023.02.20-15.36.15:621][217]LogWindows: Error: [Callstack] 0x00007fff53d20c8c UE4Editor-UnrealEd.dll!UnknownFunction []
[2023.02.20-15.36.15:621][217]LogWindows: Error: [Callstack] 0x00007fff54622ba6 UE4Editor-UnrealEd.dll!UnknownFunction []
[2023.02.20-15.36.15:621][217]LogWindows: Error: [Callstack] 0x00007ff7597f87a0 UE4Editor.exe!UnknownFunction []
[2023.02.20-15.36.15:621][217]LogWindows: Error: [Callstack] 0x00007ff759810fcc UE4Editor.exe!UnknownFunction []
[2023.02.20-15.36.15:621][217]LogWindows: Error: [Callstack] 0x00007ff7598110ba UE4Editor.exe!UnknownFunction []
[2023.02.20-15.36.15:621][217]LogWindows: Error: [Callstack] 0x00007ff7598140dd UE4Editor.exe!UnknownFunction []
[2023.02.20-15.36.15:621][217]LogWindows: Error: [Callstack] 0x00007ff759825984 UE4Editor.exe!UnknownFunction []
[2023.02.20-15.36.15:621][217]LogWindows: Error: [Callstack] 0x00007ff75982853a UE4Editor.exe!UnknownFunction []
[2023.02.20-15.36.15:621][217]LogWindows: Error: [Callstack] 0x00007fffda6a7614 KERNEL32.DLL!UnknownFunction []
[2023.02.20-15.36.15:621][217]LogWindows: Error: [Callstack] 0x00007fffda7e26a1 ntdll.dll!UnknownFunction []
[2023.02.20-15.36.15:621][217]LogWindows: Error: 
[2023.02.20-15.36.15:644][217]LogExit: Executing StaticShutdownAfterError
[2023.02.20-15.36.15:646][217]LogWindows: FPlatformMisc::RequestExit(1)
[2023.02.20-15.36.15:646][217]LogWindows: FPlatformMisc::RequestExitWithStatus(1, 3)
[2023.02.20-15.36.15:646][217]LogCore: Engine exit requested (reason: Win RequestExit)
[2023.02.20-15.36.15:666][217]Log file closed, 02/20/23 15:36:15
