Log file open, 02/07/23 14:28:45
LogWindows: Failed to load 'aqProf.dll' (GetLastError=126)
LogWindows: File 'aqProf.dll' does not exist
LogWindows: Failed to load 'VtuneApi.dll' (GetLastError=126)
LogWindows: File 'VtuneApi.dll' does not exist
LogWindows: Failed to load 'VtuneApi32e.dll' (GetLastError=126)
LogWindows: File 'VtuneApi32e.dll' does not exist
LogConsoleResponse: Display: Failed to find resolution value strings in scalability ini. Falling back to default.
LogConsoleResponse: Display: Failed to find resolution value strings in scalability ini. Falling back to default.
LogInit: Display: Running engine for game: AdvancedGE
LogPlatformFile: Not using cached read wrapper
LogTaskGraph: Started task graph with 5 named threads and 47 total threads with 3 sets of task threads.
LogStats: Stats thread started at 0.274589
LogICUInternationalization: ICU TimeZone Detection - Raw Offset: +0:00, Platform Override: ''
LogInit: Display: Loading text-based GConfig....
LogPluginManager: Mounting plugin MeshPainting
LogPluginManager: Mounting plugin XGEController
LogPluginManager: Mounting plugin Paper2D
LogPluginManager: Mounting plugin AISupport
LogPluginManager: Mounting plugin EnvironmentQueryEditor
LogPluginManager: Mounting plugin LightPropagationVolume
LogPluginManager: Mounting plugin LiveLink
LogPluginManager: Mounting plugin GameplayCameras
LogPluginManager: Mounting plugin OodleData
LogPluginManager: Mounting plugin CryptoKeys
LogPluginManager: Mounting plugin GameplayTagsEditor
LogPluginManager: Mounting plugin DataValidation
LogPluginManager: Mounting plugin CurveEditorTools
LogPluginManager: Mounting plugin FacialAnimation
LogPluginManager: Mounting plugin CameraShakePreviewer
LogPluginManager: Mounting plugin AssetManagerEditor
LogPluginManager: Mounting plugin MacGraphicsSwitching
LogPluginManager: Mounting plugin MobileLauncherProfileWizard
LogPluginManager: Mounting plugin GeometryMode
LogPluginManager: Mounting plugin MaterialAnalyzer
LogPluginManager: Mounting plugin SpeedTreeImporter
LogPluginManager: Mounting plugin GitSourceControl
LogPluginManager: Mounting plugin KDevelopSourceCodeAccess
LogPluginManager: Mounting plugin NullSourceCodeAccess
LogPluginManager: Mounting plugin PerforceSourceControl
LogPluginManager: Mounting plugin PropertyAccessNode
LogPluginManager: Mounting plugin TextureFormatOodle
LogPluginManager: Mounting plugin SubversionSourceControl
LogPluginManager: Mounting plugin CLionSourceCodeAccess
LogPluginManager: Mounting plugin UObjectPlugin
LogPluginManager: Mounting plugin CodeLiteSourceCodeAccess
LogPluginManager: Mounting plugin PluginBrowser
LogPluginManager: Mounting plugin VisualStudioSourceCodeAccess
LogPluginManager: Mounting plugin PixWinPlugin
LogPluginManager: Mounting plugin VisualStudioCodeSourceCodeAccess
LogPluginManager: Mounting plugin PlasticSourceControl
LogPluginManager: Mounting plugin AnimationSharing
LogPluginManager: Mounting plugin RiderSourceCodeAccess
LogPluginManager: Mounting plugin XCodeSourceCodeAccess
LogPluginManager: Mounting plugin OodleNetwork
LogPluginManager: Mounting plugin VariantManagerContent
LogPluginManager: Mounting plugin AlembicImporter
LogPluginManager: Mounting plugin AutomationUtils
LogPluginManager: Mounting plugin PluginUtils
LogPluginManager: Mounting plugin ChaosEditor
LogPluginManager: Mounting plugin ChaosClothEditor
LogPluginManager: Mounting plugin ChaosNiagara
LogPluginManager: Mounting plugin CharacterAI
LogPluginManager: Mounting plugin BackChannel
LogPluginManager: Mounting plugin ChaosSolverPlugin
LogPluginManager: Mounting plugin GeometryCache
LogPluginManager: Mounting plugin GeometryProcessing
LogPluginManager: Mounting plugin GeometryCollectionPlugin
LogPluginManager: Mounting plugin ChaosCloth
LogPluginManager: Mounting plugin OpenImageDenoise
LogPluginManager: Mounting plugin PlatformCrypto
LogPluginManager: Mounting plugin PythonScriptPlugin
LogPluginManager: Mounting plugin DatasmithContent
LogPluginManager: Mounting plugin SkeletalReduction
LogPluginManager: Mounting plugin PlanarCut
LogPluginManager: Mounting plugin ProxyLODPlugin
LogPluginManager: Mounting plugin MotoSynth
LogPluginManager: Mounting plugin AndroidMedia
LogPluginManager: Mounting plugin AvfMedia
LogPluginManager: Mounting plugin ImgMedia
LogPluginManager: Mounting plugin MediaCompositing
LogPluginManager: Mounting plugin MediaPlayerEditor
LogPluginManager: Mounting plugin WebMMedia
LogPluginManager: Mounting plugin LuminPlatformFeatures
LogPluginManager: Mounting plugin MagicLeap
LogPluginManager: Mounting plugin WmfMedia
LogPluginManager: Mounting plugin MagicLeapLightEstimation
LogPluginManager: Mounting plugin MagicLeapMedia
LogPluginManager: Mounting plugin MagicLeapPassableWorld
LogPluginManager: Mounting plugin MLSDK
LogPluginManager: Mounting plugin LevelSequenceEditor
LogPluginManager: Mounting plugin Niagara
LogPluginManager: Mounting plugin ActorSequence
LogPluginManager: Mounting plugin TemplateSequence
LogPluginManager: Mounting plugin MatineeToLevelSequence
LogPluginManager: Mounting plugin OnlineSubsystem
LogPluginManager: Mounting plugin OnlineSubsystemNull
LogPluginManager: Mounting plugin OnlineSubsystemUtils
LogPluginManager: Mounting plugin UdpMessaging
LogPluginManager: Mounting plugin TcpMessaging
LogPluginManager: Mounting plugin LauncherChunkInstaller
LogPluginManager: Mounting plugin ActorLayerUtilities
LogPluginManager: Mounting plugin AndroidDeviceProfileSelector
LogPluginManager: Mounting plugin AndroidMoviePlayer
LogPluginManager: Mounting plugin AndroidPermission
LogPluginManager: Mounting plugin AppleImageUtils
LogPluginManager: Mounting plugin ArchVisCharacter
LogPluginManager: Mounting plugin AppleMoviePlayer
LogPluginManager: Mounting plugin AssetTags
LogPluginManager: Mounting plugin AudioCapture
LogPluginManager: Mounting plugin AudioSynesthesia
LogPluginManager: Mounting plugin CableComponent
LogPluginManager: Mounting plugin ChunkDownloader
LogPluginManager: Mounting plugin CustomMeshComponent
LogPluginManager: Mounting plugin EditableMesh
LogPluginManager: Mounting plugin ExampleDeviceProfileSelector
LogPluginManager: Mounting plugin GoogleCloudMessaging
LogPluginManager: Mounting plugin GooglePAD
LogPluginManager: Mounting plugin IOSDeviceProfileSelector
LogPluginManager: Mounting plugin LinuxDeviceProfileSelector
LogPluginManager: Mounting plugin LocationServicesBPLibrary
LogPluginManager: Mounting plugin MobilePatchingUtils
LogPluginManager: Mounting plugin OpenXR
LogPluginManager: Mounting plugin OpenXREyeTracker
LogPluginManager: Mounting plugin PhysXVehicles
LogPluginManager: Mounting plugin PostSplashScreen
LogPluginManager: Mounting plugin PropertyAccessEditor
LogPluginManager: Mounting plugin OpenXRHandTracking
LogPluginManager: Mounting plugin ProceduralMeshComponent
LogPluginManager: Mounting plugin SoundFields
LogPluginManager: Mounting plugin SignificanceManager
LogPluginManager: Mounting plugin RuntimePhysXCooking
LogPluginManager: Mounting plugin Synthesis
LogPluginManager: Mounting plugin WebMMoviePlayer
LogPluginManager: Mounting plugin WindowsMoviePlayer
LogPluginManager: Mounting plugin ScreenshotTools
LogPluginManager: Mounting plugin Takes
LogPluginManager: Mounting plugin ContentBrowserAssetDataSource
LogPluginManager: Mounting plugin ContentBrowserClassDataSource
LogPluginManager: Mounting plugin ContentBrowserFileDataSource
LogPluginManager: Mounting plugin OnlineSubsystemGooglePlay
LogPluginManager: Mounting plugin OnlineSubsystemIOS
LogPluginManager: Mounting plugin OculusVR
LogPluginManager: Mounting plugin SteamVR
PixWinPlugin: PIX capture plugin failed to initialize! Check that the process is launched from PIX.
LogInit: Using libcurl 7.55.1-DEV
LogInit:  - built for x86_64-pc-win32
LogInit:  - supports SSL with OpenSSL/1.1.1
LogInit:  - supports HTTP deflate (compression) using libz 1.2.8
LogInit:  - other features:
LogInit:      CURL_VERSION_SSL
LogInit:      CURL_VERSION_LIBZ
LogInit:      CURL_VERSION_IPV6
LogInit:      CURL_VERSION_ASYNCHDNS
LogInit:      CURL_VERSION_LARGEFILE
LogInit:      CURL_VERSION_IDN
LogInit:  CurlRequestOptions (configurable via config and command line):
LogInit:  - bVerifyPeer = true  - Libcurl will verify peer certificate
LogInit:  - bUseHttpProxy = false  - Libcurl will NOT use HTTP proxy
LogInit:  - bDontReuseConnections = false  - Libcurl will reuse connections
LogInit:  - MaxHostConnections = 16  - Libcurl will limit the number of connections to a host
LogInit:  - LocalHostAddr = Default
LogInit:  - BufferSize = 65536
LogOnline: OSS: Creating online subsystem instance for: NULL
LogInit: WinSock: version 1.1 (2.2), MaxSocks=32767, MaxUdp=65467
LogOnline: OSS: TryLoadSubsystemAndSetDefault: Loaded subsystem for module [NULL]
LogOculusPluginWrapper: OculusPlugin initialized successfully
LogHMD: Failed initializing OVRPlugin 1.59.0
LogInit: Build: ++UE4+Release-4.27-CL-18319896
LogInit: Engine Version: 4.27.2-18319896+++UE4+Release-4.27
LogInit: Compatible Engine Version: 4.27.0-17155196+++UE4+Release-4.27
LogInit: Net CL: 17155196
LogInit: OS: Windows 10 (Release 2009) (), CPU: Intel(R) Core(TM) i7-10700K CPU @ 3.80GHz, GPU: NVIDIA GeForce RTX 2060 SUPER
LogInit: Compiled (64-bit): Nov 30 2021 07:12:08
LogInit: Compiled with Visual C++: 19.24.28315.00
LogInit: Build Configuration: Development
LogInit: Branch Name: ++UE4+Release-4.27
LogInit: Command Line: 
LogInit: Base Directory: C:/Program Files/Epic Games/UE_4.27/Engine/Binaries/Win64/
LogInit: Allocator: TBB
LogInit: Installed Engine Build: 1
LogDevObjectVersion: Number of dev versions registered: 29
LogDevObjectVersion:   Dev-Blueprints (B0D832E4-1F89-4F0D-ACCF-7EB736FD4AA2): 10
LogDevObjectVersion:   Dev-Build (E1C64328-A22C-4D53-A36C-8E866417BD8C): 0
LogDevObjectVersion:   Dev-Core (375EC13C-06E4-48FB-B500-84F0262A717E): 4
LogDevObjectVersion:   Dev-Editor (E4B068ED-F494-42E9-A231-DA0B2E46BB41): 40
LogDevObjectVersion:   Dev-Framework (CFFC743F-43B0-4480-9391-14DF171D2073): 37
LogDevObjectVersion:   Dev-Mobile (B02B49B5-BB20-44E9-A304-32B752E40360): 3
LogDevObjectVersion:   Dev-Networking (A4E4105C-59A1-49B5-A7C5-40C4547EDFEE): 0
LogDevObjectVersion:   Dev-Online (39C831C9-5AE6-47DC-9A44-9C173E1C8E7C): 0
LogDevObjectVersion:   Dev-Physics (78F01B33-EBEA-4F98-B9B4-84EACCB95AA2): 14
LogDevObjectVersion:   Dev-Platform (6631380F-2D4D-43E0-8009-CF276956A95A): 0
LogDevObjectVersion:   Dev-Rendering (12F88B9F-8875-4AFC-A67C-D90C383ABD29): 45
LogDevObjectVersion:   Dev-Sequencer (7B5AE74C-D270-4C10-A958-57980B212A5A): 13
LogDevObjectVersion:   Dev-VR (D7296918-1DD6-4BDD-9DE2-64A83CC13884): 3
LogDevObjectVersion:   Dev-LoadTimes (C2A15278-BFE7-4AFE-6C17-90FF531DF755): 1
LogDevObjectVersion:   Private-Geometry (6EACA3D4-40EC-4CC1-B786-8BED09428FC5): 3
LogDevObjectVersion:   Dev-AnimPhys (29E575DD-E0A3-4627-9D10-D276232CDCEA): 17
LogDevObjectVersion:   Dev-Anim (AF43A65D-7FD3-4947-9873-3E8ED9C1BB05): 15
LogDevObjectVersion:   Dev-ReflectionCapture (6B266CEC-1EC7-4B8F-A30B-E4D90942FC07): 1
LogDevObjectVersion:   Dev-Automation (0DF73D61-A23F-47EA-B727-89E90C41499A): 1
LogDevObjectVersion:   FortniteMain (601D1886-AC64-4F84-AA16-D3DE0DEAC7D6): 47
LogDevObjectVersion:   FortniteRelease (E7086368-6B23-4C58-8439-1B7016265E91): 1
LogDevObjectVersion:   Dev-Enterprise (9DFFBCD6-494F-0158-E221-12823C92A888): 10
LogDevObjectVersion:   Dev-Niagara (F2AED0AC-9AFE-416F-8664-AA7FFA26D6FC): 1
LogDevObjectVersion:   Dev-Destruction (174F1F0B-B4C6-45A5-B13F-2EE8D0FB917D): 10
LogDevObjectVersion:   Dev-Physics-Ext (35F94A83-E258-406C-A318-09F59610247C): 41
LogDevObjectVersion:   Dev-PhysicsMaterial-Chaos (B68FC16E-8B1B-42E2-B453-215C058844FE): 1
LogDevObjectVersion:   Dev-CineCamera (B2E18506-4273-CFC2-A54E-F4BB758BBA07): 1
LogDevObjectVersion:   Dev-VirtualProduction (64F58936-FD1B-42BA-BA96-7289D5D0FA4E): 1
LogDevObjectVersion:   Dev-MediaFramework (6F0ED827-A609-4895-9C91-998D90180EA4): 2
LogInit: Presizing for max 25165824 objects, including 0 objects not considered by GC, pre-allocating 0 bytes for permanent pool.
LogConfig: Applying CVar settings from Section [/Script/Engine.StreamingSettings] File [D:/AdvancedGE/AdvancedGE/Saved/Config/Windows/Engine.ini]
LogConfig: Setting CVar [[s.MinBulkDataSizeForAsyncLoading:131072]]
LogConfig: Setting CVar [[s.AsyncLoadingThreadEnabled:0]]
LogConfig: Setting CVar [[s.EventDrivenLoaderEnabled:1]]
LogConfig: Setting CVar [[s.WarnIfTimeLimitExceeded:0]]
LogConfig: Setting CVar [[s.TimeLimitExceededMultiplier:1.5]]
LogConfig: Setting CVar [[s.TimeLimitExceededMinTime:0.005]]
LogConfig: Setting CVar [[s.UseBackgroundLevelStreaming:1]]
LogConfig: Setting CVar [[s.PriorityAsyncLoadingExtraTime:15.0]]
LogConfig: Setting CVar [[s.LevelStreamingActorsUpdateTimeLimit:5.0]]
LogConfig: Setting CVar [[s.PriorityLevelStreamingActorsUpdateExtraTime:5.0]]
LogConfig: Setting CVar [[s.LevelStreamingComponentsRegistrationGranularity:10]]
LogConfig: Setting CVar [[s.UnregisterComponentsTimeLimit:1.0]]
LogConfig: Setting CVar [[s.LevelStreamingComponentsUnregistrationGranularity:5]]
LogConfig: Setting CVar [[s.FlushStreamingOnExit:1]]
LogInit: Object subsystem initialized
LogConfig: Setting CVar [[con.DebugEarlyDefault:1]]
LogConfig: Setting CVar [[r.setres:1280x720]]
[2023.02.07-14.28.46:469][  0]LogConfig: Setting CVar [[r.VSync:0]]
[2023.02.07-14.28.46:469][  0]LogConfig: Setting CVar [[r.RHICmdBypass:0]]
[2023.02.07-14.28.46:469][  0]LogConfig: Applying CVar settings from Section [/Script/Engine.RendererSettings] File [D:/AdvancedGE/AdvancedGE/Saved/Config/Windows/Engine.ini]
[2023.02.07-14.28.46:469][  0]LogConfig: Setting CVar [[r.GPUCrashDebugging:0]]
[2023.02.07-14.28.46:469][  0]LogConfig: Applying CVar settings from Section [/Script/Engine.RendererOverrideSettings] File [D:/AdvancedGE/AdvancedGE/Saved/Config/Windows/Engine.ini]
[2023.02.07-14.28.46:469][  0]LogConfig: Applying CVar settings from Section [/Script/Engine.StreamingSettings] File [D:/AdvancedGE/AdvancedGE/Saved/Config/Windows/Engine.ini]
[2023.02.07-14.28.46:469][  0]LogConfig: Setting CVar [[s.MinBulkDataSizeForAsyncLoading:131072]]
[2023.02.07-14.28.46:469][  0]LogConfig: Setting CVar [[s.AsyncLoadingThreadEnabled:0]]
[2023.02.07-14.28.46:469][  0]LogConfig: Setting CVar [[s.EventDrivenLoaderEnabled:1]]
[2023.02.07-14.28.46:469][  0]LogConfig: Setting CVar [[s.WarnIfTimeLimitExceeded:0]]
[2023.02.07-14.28.46:469][  0]LogConfig: Setting CVar [[s.TimeLimitExceededMultiplier:1.5]]
[2023.02.07-14.28.46:469][  0]LogConfig: Setting CVar [[s.TimeLimitExceededMinTime:0.005]]
[2023.02.07-14.28.46:469][  0]LogConfig: Setting CVar [[s.UseBackgroundLevelStreaming:1]]
[2023.02.07-14.28.46:469][  0]LogConfig: Setting CVar [[s.PriorityAsyncLoadingExtraTime:15.0]]
[2023.02.07-14.28.46:469][  0]LogConfig: Setting CVar [[s.LevelStreamingActorsUpdateTimeLimit:5.0]]
[2023.02.07-14.28.46:469][  0]LogConfig: Setting CVar [[s.PriorityLevelStreamingActorsUpdateExtraTime:5.0]]
[2023.02.07-14.28.46:469][  0]LogConfig: Setting CVar [[s.LevelStreamingComponentsRegistrationGranularity:10]]
[2023.02.07-14.28.46:469][  0]LogConfig: Setting CVar [[s.UnregisterComponentsTimeLimit:1.0]]
[2023.02.07-14.28.46:469][  0]LogConfig: Setting CVar [[s.LevelStreamingComponentsUnregistrationGranularity:5]]
[2023.02.07-14.28.46:469][  0]LogConfig: Setting CVar [[s.FlushStreamingOnExit:1]]
[2023.02.07-14.28.46:469][  0]LogConfig: Applying CVar settings from Section [/Script/Engine.GarbageCollectionSettings] File [D:/AdvancedGE/AdvancedGE/Saved/Config/Windows/Engine.ini]
[2023.02.07-14.28.46:469][  0]LogConfig: Setting CVar [[gc.MaxObjectsNotConsideredByGC:1]]
[2023.02.07-14.28.46:469][  0]LogConfig: Setting CVar [[gc.SizeOfPermanentObjectPool:0]]
[2023.02.07-14.28.46:469][  0]LogConfig: Setting CVar [[gc.FlushStreamingOnGC:0]]
[2023.02.07-14.28.46:469][  0]LogConfig: Setting CVar [[gc.NumRetriesBeforeForcingGC:10]]
[2023.02.07-14.28.46:469][  0]LogConfig: Setting CVar [[gc.AllowParallelGC:1]]
[2023.02.07-14.28.46:469][  0]LogConfig: Setting CVar [[gc.TimeBetweenPurgingPendingKillObjects:61.1]]
[2023.02.07-14.28.46:469][  0]LogConfig: Setting CVar [[gc.MaxObjectsInEditor:25165824]]
[2023.02.07-14.28.46:469][  0]LogConfig: Setting CVar [[gc.IncrementalBeginDestroyEnabled:1]]
[2023.02.07-14.28.46:469][  0]LogConfig: Setting CVar [[gc.CreateGCClusters:1]]
[2023.02.07-14.28.46:469][  0]LogConfig: Setting CVar [[gc.MinGCClusterSize:5]]
[2023.02.07-14.28.46:469][  0]LogConfig: Setting CVar [[gc.ActorClusteringEnabled:0]]
[2023.02.07-14.28.46:469][  0]LogConfig: Setting CVar [[gc.BlueprintClusteringEnabled:0]]
[2023.02.07-14.28.46:469][  0]LogConfig: Setting CVar [[gc.UseDisregardForGCOnDedicatedServers:0]]
[2023.02.07-14.28.46:469][  0]LogConfig: Setting CVar [[gc.MultithreadedDestructionEnabled:1]]
[2023.02.07-14.28.46:469][  0]LogConfig: Applying CVar settings from Section [/Script/Engine.NetworkSettings] File [D:/AdvancedGE/AdvancedGE/Saved/Config/Windows/Engine.ini]
[2023.02.07-14.28.46:469][  0]LogConfig: Applying CVar settings from Section [/Script/UnrealEd.CookerSettings] File [D:/AdvancedGE/AdvancedGE/Saved/Config/Windows/Engine.ini]
[2023.02.07-14.28.46:475][  0]LogConfig: Applying CVar settings from Section [ViewDistanceQuality@3] File [D:/AdvancedGE/AdvancedGE/Saved/Config/Windows/Scalability.ini]
[2023.02.07-14.28.46:475][  0]LogConfig: Setting CVar [[r.SkeletalMeshLODBias:0]]
[2023.02.07-14.28.46:475][  0]LogConfig: Setting CVar [[r.ViewDistanceScale:1.0]]
[2023.02.07-14.28.46:475][  0]LogConfig: Applying CVar settings from Section [AntiAliasingQuality@3] File [D:/AdvancedGE/AdvancedGE/Saved/Config/Windows/Scalability.ini]
[2023.02.07-14.28.46:476][  0]LogConfig: Setting CVar [[r.PostProcessAAQuality:4]]
[2023.02.07-14.28.46:476][  0]LogConfig: Applying CVar settings from Section [ShadowQuality@3] File [D:/AdvancedGE/AdvancedGE/Saved/Config/Windows/Scalability.ini]
[2023.02.07-14.28.46:476][  0]LogConfig: Setting CVar [[r.LightFunctionQuality:1]]
[2023.02.07-14.28.46:476][  0]LogConfig: Setting CVar [[r.ShadowQuality:5]]
[2023.02.07-14.28.46:476][  0]LogConfig: Setting CVar [[r.Shadow.CSM.MaxCascades:10]]
[2023.02.07-14.28.46:476][  0]LogConfig: Setting CVar [[r.Shadow.MaxResolution:2048]]
[2023.02.07-14.28.46:476][  0]LogConfig: Setting CVar [[r.Shadow.MaxCSMResolution:2048]]
[2023.02.07-14.28.46:476][  0]LogConfig: Setting CVar [[r.Shadow.RadiusThreshold:0.01]]
[2023.02.07-14.28.46:476][  0]LogConfig: Setting CVar [[r.Shadow.DistanceScale:1.0]]
[2023.02.07-14.28.46:476][  0]LogConfig: Setting CVar [[r.Shadow.CSM.TransitionScale:1.0]]
[2023.02.07-14.28.46:476][  0]LogConfig: Setting CVar [[r.Shadow.PreShadowResolutionFactor:1.0]]
[2023.02.07-14.28.46:476][  0]LogConfig: Setting CVar [[r.DistanceFieldShadowing:1]]
[2023.02.07-14.28.46:476][  0]LogConfig: Setting CVar [[r.DistanceFieldAO:1]]
[2023.02.07-14.28.46:476][  0]LogConfig: Setting CVar [[r.AOQuality:2]]
[2023.02.07-14.28.46:476][  0]LogConfig: Setting CVar [[r.VolumetricFog:1]]
[2023.02.07-14.28.46:476][  0]LogConfig: Setting CVar [[r.VolumetricFog.GridPixelSize:8]]
[2023.02.07-14.28.46:476][  0]LogConfig: Setting CVar [[r.VolumetricFog.GridSizeZ:128]]
[2023.02.07-14.28.46:476][  0]LogConfig: Setting CVar [[r.VolumetricFog.HistoryMissSupersampleCount:4]]
[2023.02.07-14.28.46:476][  0]LogConfig: Setting CVar [[r.LightMaxDrawDistanceScale:1]]
[2023.02.07-14.28.46:476][  0]LogConfig: Setting CVar [[r.CapsuleShadows:1]]
[2023.02.07-14.28.46:476][  0]LogConfig: Applying CVar settings from Section [PostProcessQuality@3] File [D:/AdvancedGE/AdvancedGE/Saved/Config/Windows/Scalability.ini]
[2023.02.07-14.28.46:476][  0]LogConfig: Setting CVar [[r.MotionBlurQuality:4]]
[2023.02.07-14.28.46:476][  0]LogConfig: Setting CVar [[r.AmbientOcclusionMipLevelFactor:0.4]]
[2023.02.07-14.28.46:476][  0]LogConfig: Setting CVar [[r.AmbientOcclusionMaxQuality:100]]
[2023.02.07-14.28.46:476][  0]LogConfig: Setting CVar [[r.AmbientOcclusionLevels:-1]]
[2023.02.07-14.28.46:476][  0]LogConfig: Setting CVar [[r.AmbientOcclusionRadiusScale:1.0]]
[2023.02.07-14.28.46:476][  0]LogConfig: Setting CVar [[r.DepthOfFieldQuality:2]]
[2023.02.07-14.28.46:476][  0]LogConfig: Setting CVar [[r.RenderTargetPoolMin:400]]
[2023.02.07-14.28.46:476][  0]LogConfig: Setting CVar [[r.LensFlareQuality:2]]
[2023.02.07-14.28.46:476][  0]LogConfig: Setting CVar [[r.SceneColorFringeQuality:1]]
[2023.02.07-14.28.46:476][  0]LogConfig: Setting CVar [[r.EyeAdaptationQuality:2]]
[2023.02.07-14.28.46:476][  0]LogConfig: Setting CVar [[r.BloomQuality:5]]
[2023.02.07-14.28.46:476][  0]LogConfig: Setting CVar [[r.FastBlurThreshold:100]]
[2023.02.07-14.28.46:476][  0]LogConfig: Setting CVar [[r.Upscale.Quality:3]]
[2023.02.07-14.28.46:476][  0]LogConfig: Setting CVar [[r.Tonemapper.GrainQuantization:1]]
[2023.02.07-14.28.46:476][  0]LogConfig: Setting CVar [[r.LightShaftQuality:1]]
[2023.02.07-14.28.46:476][  0]LogConfig: Setting CVar [[r.Filter.SizeScale:1]]
[2023.02.07-14.28.46:476][  0]LogConfig: Setting CVar [[r.Tonemapper.Quality:5]]
[2023.02.07-14.28.46:476][  0]LogConfig: Setting CVar [[r.DOF.Gather.AccumulatorQuality:1        ; higher gathering accumulator quality]]
[2023.02.07-14.28.46:476][  0]LogConfig: Setting CVar [[r.DOF.Gather.PostfilterMethod:1          ; Median3x3 postfilering method]]
[2023.02.07-14.28.46:476][  0]LogConfig: Setting CVar [[r.DOF.Gather.EnableBokehSettings:0       ; no bokeh simulation when gathering]]
[2023.02.07-14.28.46:476][  0]LogConfig: Setting CVar [[r.DOF.Gather.RingCount:4                 ; medium number of samples when gathering]]
[2023.02.07-14.28.46:476][  0]LogConfig: Setting CVar [[r.DOF.Scatter.ForegroundCompositing:1    ; additive foreground scattering]]
[2023.02.07-14.28.46:476][  0]LogConfig: Setting CVar [[r.DOF.Scatter.BackgroundCompositing:2    ; additive background scattering]]
[2023.02.07-14.28.46:476][  0]LogConfig: Setting CVar [[r.DOF.Scatter.EnableBokehSettings:1      ; bokeh simulation when scattering]]
[2023.02.07-14.28.46:476][  0]LogConfig: Setting CVar [[r.DOF.Scatter.MaxSpriteRatio:0.1         ; only a maximum of 10% of scattered bokeh]]
[2023.02.07-14.28.46:476][  0]LogConfig: Setting CVar [[r.DOF.Recombine.Quality:1                ; cheap slight out of focus]]
[2023.02.07-14.28.46:476][  0]LogConfig: Setting CVar [[r.DOF.Recombine.EnableBokehSettings:0    ; no bokeh simulation on slight out of focus]]
[2023.02.07-14.28.46:476][  0]LogConfig: Setting CVar [[r.DOF.TemporalAAQuality:1                ; more stable temporal accumulation]]
[2023.02.07-14.28.46:476][  0]LogConfig: Setting CVar [[r.DOF.Kernel.MaxForegroundRadius:0.025]]
[2023.02.07-14.28.46:476][  0]LogConfig: Setting CVar [[r.DOF.Kernel.MaxBackgroundRadius:0.025]]
[2023.02.07-14.28.46:476][  0]LogConfig: Applying CVar settings from Section [TextureQuality@3] File [D:/AdvancedGE/AdvancedGE/Saved/Config/Windows/Scalability.ini]
[2023.02.07-14.28.46:476][  0]LogConfig: Setting CVar [[r.Streaming.MipBias:0]]
[2023.02.07-14.28.46:476][  0]LogConfig: Setting CVar [[r.Streaming.AmortizeCPUToGPUCopy:0]]
[2023.02.07-14.28.46:476][  0]LogConfig: Setting CVar [[r.Streaming.MaxNumTexturesToStreamPerFrame:0]]
[2023.02.07-14.28.46:476][  0]LogConfig: Setting CVar [[r.Streaming.Boost:1]]
[2023.02.07-14.28.46:476][  0]LogConfig: Setting CVar [[r.MaxAnisotropy:8]]
[2023.02.07-14.28.46:476][  0]LogConfig: Setting CVar [[r.VT.MaxAnisotropy:8]]
[2023.02.07-14.28.46:476][  0]LogConfig: Setting CVar [[r.Streaming.LimitPoolSizeToVRAM:0]]
[2023.02.07-14.28.46:476][  0]LogConfig: Setting CVar [[r.Streaming.PoolSize:1000]]
[2023.02.07-14.28.46:476][  0]LogConfig: Setting CVar [[r.Streaming.MaxEffectiveScreenSize:0]]
[2023.02.07-14.28.46:476][  0]LogConfig: Applying CVar settings from Section [EffectsQuality@3] File [D:/AdvancedGE/AdvancedGE/Saved/Config/Windows/Scalability.ini]
[2023.02.07-14.28.46:476][  0]LogConfig: Setting CVar [[r.TranslucencyLightingVolumeDim:64]]
[2023.02.07-14.28.46:476][  0]LogConfig: Setting CVar [[r.RefractionQuality:2]]
[2023.02.07-14.28.46:476][  0]LogConfig: Setting CVar [[r.SSR.Quality:3]]
[2023.02.07-14.28.46:476][  0]LogConfig: Setting CVar [[r.SSR.HalfResSceneColor:0]]
[2023.02.07-14.28.46:476][  0]LogConfig: Setting CVar [[r.SceneColorFormat:4]]
[2023.02.07-14.28.46:476][  0]LogConfig: Setting CVar [[r.DetailMode:2]]
[2023.02.07-14.28.46:476][  0]LogConfig: Setting CVar [[r.TranslucencyVolumeBlur:1]]
[2023.02.07-14.28.46:476][  0]LogConfig: Setting CVar [[r.MaterialQualityLevel:1 ; High quality]]
[2023.02.07-14.28.46:476][  0]LogConfig: Setting CVar [[r.AnisotropicMaterials:1]]
[2023.02.07-14.28.46:476][  0]LogConfig: Setting CVar [[r.SSS.Scale:1]]
[2023.02.07-14.28.46:476][  0]LogConfig: Setting CVar [[r.SSS.SampleSet:2]]
[2023.02.07-14.28.46:476][  0]LogConfig: Setting CVar [[r.SSS.Quality:1]]
[2023.02.07-14.28.46:476][  0]LogConfig: Setting CVar [[r.SSS.HalfRes:0]]
[2023.02.07-14.28.46:476][  0]LogConfig: Setting CVar [[r.SSGI.Quality:3]]
[2023.02.07-14.28.46:476][  0]LogConfig: Setting CVar [[r.EmitterSpawnRateScale:1.0]]
[2023.02.07-14.28.46:476][  0]LogConfig: Setting CVar [[r.ParticleLightQuality:2]]
[2023.02.07-14.28.46:476][  0]LogConfig: Setting CVar [[r.SkyAtmosphere.AerialPerspectiveLUT.FastApplyOnOpaque:1 ; Always have FastSkyLUT 1 in this case to avoid wrong sky]]
[2023.02.07-14.28.46:476][  0]LogConfig: Setting CVar [[r.SkyAtmosphere.AerialPerspectiveLUT.SampleCountMaxPerSlice:4]]
[2023.02.07-14.28.46:476][  0]LogConfig: Setting CVar [[r.SkyAtmosphere.AerialPerspectiveLUT.DepthResolution:16.0]]
[2023.02.07-14.28.46:476][  0]LogConfig: Setting CVar [[r.SkyAtmosphere.FastSkyLUT:1]]
[2023.02.07-14.28.46:476][  0]LogConfig: Setting CVar [[r.SkyAtmosphere.FastSkyLUT.SampleCountMin:4.0]]
[2023.02.07-14.28.46:476][  0]LogConfig: Setting CVar [[r.SkyAtmosphere.FastSkyLUT.SampleCountMax:128.0]]
[2023.02.07-14.28.46:476][  0]LogConfig: Setting CVar [[r.SkyAtmosphere.SampleCountMin:4.0]]
[2023.02.07-14.28.46:476][  0]LogConfig: Setting CVar [[r.SkyAtmosphere.SampleCountMax:128.0]]
[2023.02.07-14.28.46:476][  0]LogConfig: Setting CVar [[r.SkyAtmosphere.TransmittanceLUT.UseSmallFormat:0]]
[2023.02.07-14.28.46:476][  0]LogConfig: Setting CVar [[r.SkyAtmosphere.TransmittanceLUT.SampleCount:10.0]]
[2023.02.07-14.28.46:476][  0]LogConfig: Setting CVar [[r.SkyAtmosphere.MultiScatteringLUT.SampleCount:15.0]]
[2023.02.07-14.28.46:476][  0]LogConfig: Setting CVar [[r.SkyLight.RealTimeReflectionCapture:1]]
[2023.02.07-14.28.46:476][  0]LogConfig: Applying CVar settings from Section [FoliageQuality@3] File [D:/AdvancedGE/AdvancedGE/Saved/Config/Windows/Scalability.ini]
[2023.02.07-14.28.46:476][  0]LogConfig: Setting CVar [[foliage.DensityScale:1.0]]
[2023.02.07-14.28.46:476][  0]LogConfig: Setting CVar [[grass.DensityScale:1.0]]
[2023.02.07-14.28.46:476][  0]LogConfig: Applying CVar settings from Section [ShadingQuality@3] File [D:/AdvancedGE/AdvancedGE/Saved/Config/Windows/Scalability.ini]
[2023.02.07-14.28.46:476][  0]LogConfig: Setting CVar [[r.HairStrands.SkyLighting.IntegrationType:2]]
[2023.02.07-14.28.46:476][  0]LogConfig: Setting CVar [[r.HairStrands.SkyAO.SampleCount:4]]
[2023.02.07-14.28.46:476][  0]LogConfig: Setting CVar [[r.HairStrands.Visibility.MSAA.SamplePerPixel:4]]
[2023.02.07-14.28.46:476][  0]LogInit: Selected Device Profile: [Windows]
[2023.02.07-14.28.46:476][  0]LogInit: Applying CVar settings loaded from the selected device profile: [Windows]
[2023.02.07-14.28.46:476][  0]LogHAL: Display: Platform has ~ 16 GB [16475455488 / 17179869184 / 16], which maps to Larger [LargestMinGB=32, LargerMinGB=12, DefaultMinGB=8, SmallerMinGB=6, SmallestMinGB=0)
[2023.02.07-14.28.46:476][  0]LogInit: Going up to parent DeviceProfile []
[2023.02.07-14.28.46:477][  0]LogConfig: Applying CVar settings from Section [ViewDistanceQuality@3] File [D:/AdvancedGE/AdvancedGE/Saved/Config/Windows/Scalability.ini]
[2023.02.07-14.28.46:477][  0]LogConfig: Setting CVar [[r.SkeletalMeshLODBias:0]]
[2023.02.07-14.28.46:477][  0]LogConfig: Setting CVar [[r.ViewDistanceScale:1.0]]
[2023.02.07-14.28.46:477][  0]LogConfig: Applying CVar settings from Section [AntiAliasingQuality@3] File [D:/AdvancedGE/AdvancedGE/Saved/Config/Windows/Scalability.ini]
[2023.02.07-14.28.46:477][  0]LogConfig: Setting CVar [[r.PostProcessAAQuality:4]]
[2023.02.07-14.28.46:477][  0]LogConfig: Applying CVar settings from Section [ShadowQuality@3] File [D:/AdvancedGE/AdvancedGE/Saved/Config/Windows/Scalability.ini]
[2023.02.07-14.28.46:477][  0]LogConfig: Setting CVar [[r.LightFunctionQuality:1]]
[2023.02.07-14.28.46:477][  0]LogConfig: Setting CVar [[r.ShadowQuality:5]]
[2023.02.07-14.28.46:477][  0]LogConfig: Setting CVar [[r.Shadow.CSM.MaxCascades:10]]
[2023.02.07-14.28.46:477][  0]LogConfig: Setting CVar [[r.Shadow.MaxResolution:2048]]
[2023.02.07-14.28.46:477][  0]LogConfig: Setting CVar [[r.Shadow.MaxCSMResolution:2048]]
[2023.02.07-14.28.46:477][  0]LogConfig: Setting CVar [[r.Shadow.RadiusThreshold:0.01]]
[2023.02.07-14.28.46:477][  0]LogConfig: Setting CVar [[r.Shadow.DistanceScale:1.0]]
[2023.02.07-14.28.46:477][  0]LogConfig: Setting CVar [[r.Shadow.CSM.TransitionScale:1.0]]
[2023.02.07-14.28.46:477][  0]LogConfig: Setting CVar [[r.Shadow.PreShadowResolutionFactor:1.0]]
[2023.02.07-14.28.46:477][  0]LogConfig: Setting CVar [[r.DistanceFieldShadowing:1]]
[2023.02.07-14.28.46:477][  0]LogConfig: Setting CVar [[r.DistanceFieldAO:1]]
[2023.02.07-14.28.46:477][  0]LogConfig: Setting CVar [[r.AOQuality:2]]
[2023.02.07-14.28.46:477][  0]LogConfig: Setting CVar [[r.VolumetricFog:1]]
[2023.02.07-14.28.46:477][  0]LogConfig: Setting CVar [[r.VolumetricFog.GridPixelSize:8]]
[2023.02.07-14.28.46:477][  0]LogConfig: Setting CVar [[r.VolumetricFog.GridSizeZ:128]]
[2023.02.07-14.28.46:477][  0]LogConfig: Setting CVar [[r.VolumetricFog.HistoryMissSupersampleCount:4]]
[2023.02.07-14.28.46:477][  0]LogConfig: Setting CVar [[r.LightMaxDrawDistanceScale:1]]
[2023.02.07-14.28.46:477][  0]LogConfig: Setting CVar [[r.CapsuleShadows:1]]
[2023.02.07-14.28.46:477][  0]LogConfig: Applying CVar settings from Section [PostProcessQuality@3] File [D:/AdvancedGE/AdvancedGE/Saved/Config/Windows/Scalability.ini]
[2023.02.07-14.28.46:477][  0]LogConfig: Setting CVar [[r.MotionBlurQuality:4]]
[2023.02.07-14.28.46:477][  0]LogConfig: Setting CVar [[r.AmbientOcclusionMipLevelFactor:0.4]]
[2023.02.07-14.28.46:477][  0]LogConfig: Setting CVar [[r.AmbientOcclusionMaxQuality:100]]
[2023.02.07-14.28.46:477][  0]LogConfig: Setting CVar [[r.AmbientOcclusionLevels:-1]]
[2023.02.07-14.28.46:477][  0]LogConfig: Setting CVar [[r.AmbientOcclusionRadiusScale:1.0]]
[2023.02.07-14.28.46:477][  0]LogConfig: Setting CVar [[r.DepthOfFieldQuality:2]]
[2023.02.07-14.28.46:477][  0]LogConfig: Setting CVar [[r.RenderTargetPoolMin:400]]
[2023.02.07-14.28.46:477][  0]LogConfig: Setting CVar [[r.LensFlareQuality:2]]
[2023.02.07-14.28.46:477][  0]LogConfig: Setting CVar [[r.SceneColorFringeQuality:1]]
[2023.02.07-14.28.46:477][  0]LogConfig: Setting CVar [[r.EyeAdaptationQuality:2]]
[2023.02.07-14.28.46:477][  0]LogConfig: Setting CVar [[r.BloomQuality:5]]
[2023.02.07-14.28.46:477][  0]LogConfig: Setting CVar [[r.FastBlurThreshold:100]]
[2023.02.07-14.28.46:477][  0]LogConfig: Setting CVar [[r.Upscale.Quality:3]]
[2023.02.07-14.28.46:477][  0]LogConfig: Setting CVar [[r.Tonemapper.GrainQuantization:1]]
[2023.02.07-14.28.46:477][  0]LogConfig: Setting CVar [[r.LightShaftQuality:1]]
[2023.02.07-14.28.46:477][  0]LogConfig: Setting CVar [[r.Filter.SizeScale:1]]
[2023.02.07-14.28.46:477][  0]LogConfig: Setting CVar [[r.Tonemapper.Quality:5]]
[2023.02.07-14.28.46:477][  0]LogConfig: Setting CVar [[r.DOF.Gather.AccumulatorQuality:1        ; higher gathering accumulator quality]]
[2023.02.07-14.28.46:477][  0]LogConfig: Setting CVar [[r.DOF.Gather.PostfilterMethod:1          ; Median3x3 postfilering method]]
[2023.02.07-14.28.46:477][  0]LogConfig: Setting CVar [[r.DOF.Gather.EnableBokehSettings:0       ; no bokeh simulation when gathering]]
[2023.02.07-14.28.46:477][  0]LogConfig: Setting CVar [[r.DOF.Gather.RingCount:4                 ; medium number of samples when gathering]]
[2023.02.07-14.28.46:477][  0]LogConfig: Setting CVar [[r.DOF.Scatter.ForegroundCompositing:1    ; additive foreground scattering]]
[2023.02.07-14.28.46:477][  0]LogConfig: Setting CVar [[r.DOF.Scatter.BackgroundCompositing:2    ; additive background scattering]]
[2023.02.07-14.28.46:477][  0]LogConfig: Setting CVar [[r.DOF.Scatter.EnableBokehSettings:1      ; bokeh simulation when scattering]]
[2023.02.07-14.28.46:477][  0]LogConfig: Setting CVar [[r.DOF.Scatter.MaxSpriteRatio:0.1         ; only a maximum of 10% of scattered bokeh]]
[2023.02.07-14.28.46:477][  0]LogConfig: Setting CVar [[r.DOF.Recombine.Quality:1                ; cheap slight out of focus]]
[2023.02.07-14.28.46:477][  0]LogConfig: Setting CVar [[r.DOF.Recombine.EnableBokehSettings:0    ; no bokeh simulation on slight out of focus]]
[2023.02.07-14.28.46:477][  0]LogConfig: Setting CVar [[r.DOF.TemporalAAQuality:1                ; more stable temporal accumulation]]
[2023.02.07-14.28.46:477][  0]LogConfig: Setting CVar [[r.DOF.Kernel.MaxForegroundRadius:0.025]]
[2023.02.07-14.28.46:477][  0]LogConfig: Setting CVar [[r.DOF.Kernel.MaxBackgroundRadius:0.025]]
[2023.02.07-14.28.46:477][  0]LogConfig: Applying CVar settings from Section [TextureQuality@3] File [D:/AdvancedGE/AdvancedGE/Saved/Config/Windows/Scalability.ini]
[2023.02.07-14.28.46:477][  0]LogConfig: Setting CVar [[r.Streaming.MipBias:0]]
[2023.02.07-14.28.46:477][  0]LogConfig: Setting CVar [[r.Streaming.AmortizeCPUToGPUCopy:0]]
[2023.02.07-14.28.46:477][  0]LogConfig: Setting CVar [[r.Streaming.MaxNumTexturesToStreamPerFrame:0]]
[2023.02.07-14.28.46:477][  0]LogConfig: Setting CVar [[r.Streaming.Boost:1]]
[2023.02.07-14.28.46:477][  0]LogConfig: Setting CVar [[r.MaxAnisotropy:8]]
[2023.02.07-14.28.46:477][  0]LogConfig: Setting CVar [[r.VT.MaxAnisotropy:8]]
[2023.02.07-14.28.46:477][  0]LogConfig: Setting CVar [[r.Streaming.LimitPoolSizeToVRAM:0]]
[2023.02.07-14.28.46:477][  0]LogConfig: Setting CVar [[r.Streaming.PoolSize:1000]]
[2023.02.07-14.28.46:477][  0]LogConfig: Setting CVar [[r.Streaming.MaxEffectiveScreenSize:0]]
[2023.02.07-14.28.46:477][  0]LogConfig: Applying CVar settings from Section [EffectsQuality@3] File [D:/AdvancedGE/AdvancedGE/Saved/Config/Windows/Scalability.ini]
[2023.02.07-14.28.46:477][  0]LogConfig: Setting CVar [[r.TranslucencyLightingVolumeDim:64]]
[2023.02.07-14.28.46:477][  0]LogConfig: Setting CVar [[r.RefractionQuality:2]]
[2023.02.07-14.28.46:477][  0]LogConfig: Setting CVar [[r.SSR.Quality:3]]
[2023.02.07-14.28.46:477][  0]LogConfig: Setting CVar [[r.SSR.HalfResSceneColor:0]]
[2023.02.07-14.28.46:477][  0]LogConfig: Setting CVar [[r.SceneColorFormat:4]]
[2023.02.07-14.28.46:477][  0]LogConfig: Setting CVar [[r.DetailMode:2]]
[2023.02.07-14.28.46:477][  0]LogConfig: Setting CVar [[r.TranslucencyVolumeBlur:1]]
[2023.02.07-14.28.46:477][  0]LogConfig: Setting CVar [[r.MaterialQualityLevel:1 ; High quality]]
[2023.02.07-14.28.46:477][  0]LogConfig: Setting CVar [[r.AnisotropicMaterials:1]]
[2023.02.07-14.28.46:477][  0]LogConfig: Setting CVar [[r.SSS.Scale:1]]
[2023.02.07-14.28.46:477][  0]LogConfig: Setting CVar [[r.SSS.SampleSet:2]]
[2023.02.07-14.28.46:477][  0]LogConfig: Setting CVar [[r.SSS.Quality:1]]
[2023.02.07-14.28.46:477][  0]LogConfig: Setting CVar [[r.SSS.HalfRes:0]]
[2023.02.07-14.28.46:477][  0]LogConfig: Setting CVar [[r.SSGI.Quality:3]]
[2023.02.07-14.28.46:477][  0]LogConfig: Setting CVar [[r.EmitterSpawnRateScale:1.0]]
[2023.02.07-14.28.46:477][  0]LogConfig: Setting CVar [[r.ParticleLightQuality:2]]
[2023.02.07-14.28.46:477][  0]LogConfig: Setting CVar [[r.SkyAtmosphere.AerialPerspectiveLUT.FastApplyOnOpaque:1 ; Always have FastSkyLUT 1 in this case to avoid wrong sky]]
[2023.02.07-14.28.46:477][  0]LogConfig: Setting CVar [[r.SkyAtmosphere.AerialPerspectiveLUT.SampleCountMaxPerSlice:4]]
[2023.02.07-14.28.46:477][  0]LogConfig: Setting CVar [[r.SkyAtmosphere.AerialPerspectiveLUT.DepthResolution:16.0]]
[2023.02.07-14.28.46:477][  0]LogConfig: Setting CVar [[r.SkyAtmosphere.FastSkyLUT:1]]
[2023.02.07-14.28.46:477][  0]LogConfig: Setting CVar [[r.SkyAtmosphere.FastSkyLUT.SampleCountMin:4.0]]
[2023.02.07-14.28.46:477][  0]LogConfig: Setting CVar [[r.SkyAtmosphere.FastSkyLUT.SampleCountMax:128.0]]
[2023.02.07-14.28.46:477][  0]LogConfig: Setting CVar [[r.SkyAtmosphere.SampleCountMin:4.0]]
[2023.02.07-14.28.46:477][  0]LogConfig: Setting CVar [[r.SkyAtmosphere.SampleCountMax:128.0]]
[2023.02.07-14.28.46:477][  0]LogConfig: Setting CVar [[r.SkyAtmosphere.TransmittanceLUT.UseSmallFormat:0]]
[2023.02.07-14.28.46:477][  0]LogConfig: Setting CVar [[r.SkyAtmosphere.TransmittanceLUT.SampleCount:10.0]]
[2023.02.07-14.28.46:477][  0]LogConfig: Setting CVar [[r.SkyAtmosphere.MultiScatteringLUT.SampleCount:15.0]]
[2023.02.07-14.28.46:477][  0]LogConfig: Setting CVar [[r.SkyLight.RealTimeReflectionCapture:1]]
[2023.02.07-14.28.46:477][  0]LogConfig: Applying CVar settings from Section [FoliageQuality@3] File [D:/AdvancedGE/AdvancedGE/Saved/Config/Windows/Scalability.ini]
[2023.02.07-14.28.46:477][  0]LogConfig: Setting CVar [[foliage.DensityScale:1.0]]
[2023.02.07-14.28.46:477][  0]LogConfig: Setting CVar [[grass.DensityScale:1.0]]
[2023.02.07-14.28.46:477][  0]LogConfig: Applying CVar settings from Section [ShadingQuality@3] File [D:/AdvancedGE/AdvancedGE/Saved/Config/Windows/Scalability.ini]
[2023.02.07-14.28.46:477][  0]LogConfig: Setting CVar [[r.HairStrands.SkyLighting.IntegrationType:2]]
[2023.02.07-14.28.46:477][  0]LogConfig: Setting CVar [[r.HairStrands.SkyAO.SampleCount:4]]
[2023.02.07-14.28.46:477][  0]LogConfig: Setting CVar [[r.HairStrands.Visibility.MSAA.SamplePerPixel:4]]
[2023.02.07-14.28.46:477][  0]LogConfig: Applying CVar settings from Section [Startup] File [../../../Engine/Config/ConsoleVariables.ini]
[2023.02.07-14.28.46:478][  0]LogConfig: Setting CVar [[net.UseAdaptiveNetUpdateFrequency:0]]
[2023.02.07-14.28.46:478][  0]LogConfig: Setting CVar [[p.chaos.AllowCreatePhysxBodies:1]]
[2023.02.07-14.28.46:478][  0]LogConfig: Setting CVar [[fx.SkipVectorVMBackendOptimizations:1]]
[2023.02.07-14.28.46:478][  0]LogConfig: Applying CVar settings from Section [ConsoleVariables] File [D:/AdvancedGE/AdvancedGE/Saved/Config/Windows/Engine.ini]
[2023.02.07-14.28.46:478][  0]LogConfig: Applying CVar settings from Section [ConsoleVariables] File [D:/AdvancedGE/AdvancedGE/Saved/Config/Windows/Editor.ini]
[2023.02.07-14.28.46:478][  0]LogInit: Computer: GWHXX631WIN015W
[2023.02.07-14.28.46:478][  0]LogInit: User: p2594533
[2023.02.07-14.28.46:478][  0]LogInit: CPU Page size=4096, Cores=8
[2023.02.07-14.28.46:478][  0]LogInit: High frequency timer resolution =10.000000 MHz
[2023.02.07-14.28.46:478][  0]LogMemory: Memory total: Physical=15.3GB (16GB approx)
[2023.02.07-14.28.46:478][  0]LogMemory: Platform Memory Stats for Windows
[2023.02.07-14.28.46:478][  0]LogMemory: Process Physical Memory: 148.32 MB used, 148.33 MB peak
[2023.02.07-14.28.46:478][  0]LogMemory: Process Virtual Memory: 131.88 MB used, 131.88 MB peak
[2023.02.07-14.28.46:478][  0]LogMemory: Physical Memory: 6042.95 MB used,  9669.27 MB free, 15712.22 MB total
[2023.02.07-14.28.46:478][  0]LogMemory: Virtual Memory: 134208376.00 MB used,  9353.16 MB free, 134217728.00 MB total
[2023.02.07-14.28.46:482][  0]LogWindows: WindowsPlatformFeatures enabled
[2023.02.07-14.28.46:526][  0]LogInit: Physics initialised using underlying interface: PhysX
[2023.02.07-14.28.46:533][  0]LogInit: Using OS detected language (en-US).
[2023.02.07-14.28.46:533][  0]LogInit: Using OS detected locale (en-GB).
[2023.02.07-14.28.46:539][  0]LogTextLocalizationManager: No specific localization for 'en-US' exists, so the 'en' localization will be used.
[2023.02.07-14.28.46:696][  0]LogInit: Setting process to per monitor DPI aware
[2023.02.07-14.28.46:709][  0]LogWindowsTextInputMethodSystem: Display: IME system deactivated.
[2023.02.07-14.28.46:729][  0]LogSlate: New Slate User Created.  User Index 0, Is Virtual User: 0
[2023.02.07-14.28.46:729][  0]LogSlate: Slate User Registered.  User Index 0, Is Virtual User: 0
[2023.02.07-14.28.47:554][  0]LogD3D11RHI: Loaded GFSDK_Aftermath_Lib.x64.dll
[2023.02.07-14.28.47:557][  0]LogHMD: Failed to initialize OpenVR with code 110
[2023.02.07-14.28.47:557][  0]LogD3D11RHI: D3D11 min allowed feature level: 11_0
[2023.02.07-14.28.47:557][  0]LogD3D11RHI: D3D11 max allowed feature level: 11_0
[2023.02.07-14.28.47:557][  0]LogD3D11RHI: D3D11 adapters:
[2023.02.07-14.28.47:647][  0]LogD3D11RHI:    0. 'NVIDIA GeForce RTX 2060 SUPER' (Feature Level 11_0)
[2023.02.07-14.28.47:647][  0]LogD3D11RHI:       8031/0/7856 MB DedicatedVideo/DedicatedSystem/SharedSystem, Outputs:2, VendorId:0x10de
[2023.02.07-14.28.47:749][  0]LogD3D11RHI:    1. 'Intel(R) UHD Graphics 630' (Feature Level 11_0)
[2023.02.07-14.28.47:749][  0]LogD3D11RHI:       128/0/7856 MB DedicatedVideo/DedicatedSystem/SharedSystem, Outputs:0, VendorId:0x8086
[2023.02.07-14.28.47:752][  0]LogD3D11RHI:    2. 'Microsoft Basic Render Driver' (Feature Level 11_0)
[2023.02.07-14.28.47:752][  0]LogD3D11RHI:       0/0/7856 MB DedicatedVideo/DedicatedSystem/SharedSystem, Outputs:0, VendorId:0x1414
[2023.02.07-14.28.47:752][  0]LogD3D11RHI: Chosen D3D11 Adapter:
[2023.02.07-14.28.47:752][  0]LogD3D11RHI:     Description : NVIDIA GeForce RTX 2060 SUPER
[2023.02.07-14.28.47:752][  0]LogD3D11RHI:     VendorId    : 10de
[2023.02.07-14.28.47:752][  0]LogD3D11RHI:     DeviceId    : 1f06
[2023.02.07-14.28.47:752][  0]LogD3D11RHI:     SubSysId    : 6905103c
[2023.02.07-14.28.47:752][  0]LogD3D11RHI:     Revision    : 00a1
[2023.02.07-14.28.47:752][  0]LogD3D11RHI:     DedicatedVideoMemory : 8421113856 bytes
[2023.02.07-14.28.47:752][  0]LogD3D11RHI:     DedicatedSystemMemory : 0 bytes
[2023.02.07-14.28.47:752][  0]LogD3D11RHI:     SharedSystemMemory : 8237727744 bytes
[2023.02.07-14.28.47:752][  0]LogD3D11RHI:     AdapterLuid : 0 70554
[2023.02.07-14.28.47:758][  0]LogD3D11RHI: Creating new Direct3DDevice
[2023.02.07-14.28.47:758][  0]LogD3D11RHI:     GPU DeviceId: 0x1f06 (for the marketing name, search the web for "GPU Device Id")
[2023.02.07-14.28.47:758][  0]LogWindows: EnumDisplayDevices:
[2023.02.07-14.28.47:758][  0]LogWindows:    0. 'NVIDIA GeForce RTX 2060 SUPER' (P:1 D:1)
[2023.02.07-14.28.47:758][  0]LogWindows:    1. 'NVIDIA GeForce RTX 2060 SUPER' (P:0 D:1)
[2023.02.07-14.28.47:758][  0]LogWindows:    2. 'NVIDIA GeForce RTX 2060 SUPER' (P:0 D:0)
[2023.02.07-14.28.47:758][  0]LogWindows:    3. 'NVIDIA GeForce RTX 2060 SUPER' (P:0 D:0)
[2023.02.07-14.28.47:758][  0]LogWindows:    4. 'Intel(R) UHD Graphics 630' (P:0 D:0)
[2023.02.07-14.28.47:759][  0]LogWindows:    5. 'Intel(R) UHD Graphics 630' (P:0 D:0)
[2023.02.07-14.28.47:759][  0]LogWindows:    6. 'Intel(R) UHD Graphics 630' (P:0 D:0)
[2023.02.07-14.28.47:759][  0]LogWindows: DebugString: PrimaryIsNotTheChoosenAdapter PrimaryIsNotTheChoosenAdapter PrimaryIsNotTheChoosenAdapter FoundDriverCount:4 
[2023.02.07-14.28.47:759][  0]LogD3D11RHI:     Adapter Name: NVIDIA GeForce RTX 2060 SUPER
[2023.02.07-14.28.47:759][  0]LogD3D11RHI:   Driver Version: 512.15 (internal:30.0.15.1215, unified:512.15)
[2023.02.07-14.28.47:759][  0]LogD3D11RHI:      Driver Date: 3-17-2022
[2023.02.07-14.28.47:759][  0]LogRHI: Texture pool is 5621 MB (70% of 8031 MB)
[2023.02.07-14.28.47:759][  0]LogD3D11RHI: Creating D3DDevice using adapter:
[2023.02.07-14.28.47:759][  0]LogD3D11RHI:     Description : NVIDIA GeForce RTX 2060 SUPER
[2023.02.07-14.28.47:759][  0]LogD3D11RHI:     VendorId    : 10de
[2023.02.07-14.28.47:759][  0]LogD3D11RHI:     DeviceId    : 1f06
[2023.02.07-14.28.47:759][  0]LogD3D11RHI:     SubSysId    : 6905103c
[2023.02.07-14.28.47:759][  0]LogD3D11RHI:     Revision    : 00a1
[2023.02.07-14.28.47:759][  0]LogD3D11RHI:     DedicatedVideoMemory : 8421113856 bytes
[2023.02.07-14.28.47:759][  0]LogD3D11RHI:     DedicatedSystemMemory : 0 bytes
[2023.02.07-14.28.47:759][  0]LogD3D11RHI:     SharedSystemMemory : 8237727744 bytes
[2023.02.07-14.28.47:759][  0]LogD3D11RHI:     AdapterLuid : 0 70554
[2023.02.07-14.28.47:821][  0]LogD3D11RHI: RHI has support for 64 bit atomics
[2023.02.07-14.28.47:821][  0]LogD3D11RHI: Async texture creation enabled
[2023.02.07-14.28.47:821][  0]LogD3D11RHI: Array index from any shader is supported
[2023.02.07-14.28.47:834][  0]LogD3D11RHI: GPU Timing Frequency: 1000.000000 (Debug: 2 1)
[2023.02.07-14.28.47:891][  0]LogRHI: GeForceNow SDK initialized: 1
[2023.02.07-14.28.48:148][  0]LogTargetPlatformManager: Display: Loaded TargetPlatform 'AllDesktop'
[2023.02.07-14.28.48:166][  0]LogTargetPlatformManager: Display: Loaded TargetPlatform 'Android'
[2023.02.07-14.28.48:166][  0]LogTargetPlatformManager: Display: Loaded TargetPlatform 'Android_ASTC'
[2023.02.07-14.28.48:166][  0]LogTargetPlatformManager: Display: Loaded TargetPlatform 'Android_DXT'
[2023.02.07-14.28.48:166][  0]LogTargetPlatformManager: Display: Loaded TargetPlatform 'Android_ETC2'
[2023.02.07-14.28.48:166][  0]LogTargetPlatformManager: Display: Loaded TargetPlatform 'AndroidClient'
[2023.02.07-14.28.48:166][  0]LogTargetPlatformManager: Display: Loaded TargetPlatform 'Android_ASTCClient'
[2023.02.07-14.28.48:166][  0]LogTargetPlatformManager: Display: Loaded TargetPlatform 'Android_DXTClient'
[2023.02.07-14.28.48:166][  0]LogTargetPlatformManager: Display: Loaded TargetPlatform 'Android_ETC2Client'
[2023.02.07-14.28.48:166][  0]LogTargetPlatformManager: Display: Loaded TargetPlatform 'Android_Multi'
[2023.02.07-14.28.48:166][  0]LogTargetPlatformManager: Display: Loaded TargetPlatform 'Android_MultiClient'
[2023.02.07-14.28.48:184][  0]LogTargetPlatformManager: Display: Loaded TargetPlatform 'IOSClient'
[2023.02.07-14.28.48:184][  0]LogTargetPlatformManager: Display: Loaded TargetPlatform 'IOS'
[2023.02.07-14.28.48:195][  0]LogTargetPlatformManager: Display: Loaded TargetPlatform 'Linux'
[2023.02.07-14.28.48:199][  0]LogTargetPlatformManager: Display: Loaded TargetPlatform 'LinuxNoEditor'
[2023.02.07-14.28.48:203][  0]LogTargetPlatformManager: Display: Loaded TargetPlatform 'LinuxClient'
[2023.02.07-14.28.48:207][  0]LogTargetPlatformManager: Display: Loaded TargetPlatform 'LinuxServer'
[2023.02.07-14.28.48:217][  0]LogTargetPlatformManager: Display: Loaded TargetPlatform 'LinuxAArch64NoEditor'
[2023.02.07-14.28.48:220][  0]LogTargetPlatformManager: Display: Loaded TargetPlatform 'LinuxAArch64Client'
[2023.02.07-14.28.48:224][  0]LogTargetPlatformManager: Display: Loaded TargetPlatform 'LinuxAArch64Server'
[2023.02.07-14.28.48:248][  0]LogTargetPlatformManager: Display: Loaded TargetPlatform 'Lumin'
[2023.02.07-14.28.48:248][  0]LogTargetPlatformManager: Display: Loaded TargetPlatform 'LuminClient'
[2023.02.07-14.28.48:258][  0]LogTargetPlatformManager: Display: Loaded TargetPlatform 'MacNoEditor'
[2023.02.07-14.28.48:263][  0]LogTargetPlatformManager: Display: Loaded TargetPlatform 'Mac'
[2023.02.07-14.28.48:267][  0]LogTargetPlatformManager: Display: Loaded TargetPlatform 'MacClient'
[2023.02.07-14.28.48:271][  0]LogTargetPlatformManager: Display: Loaded TargetPlatform 'MacServer'
[2023.02.07-14.28.48:280][  0]LogTargetPlatformManager: Display: Loaded TargetPlatform 'TVOSClient'
[2023.02.07-14.28.48:280][  0]LogTargetPlatformManager: Display: Loaded TargetPlatform 'TVOS'
[2023.02.07-14.28.48:288][  0]LogTargetPlatformManager: Display: Loaded TargetPlatform 'WindowsNoEditor'
[2023.02.07-14.28.48:292][  0]LogTargetPlatformManager: Display: Loaded TargetPlatform 'Windows'
[2023.02.07-14.28.48:296][  0]LogTargetPlatformManager: Display: Loaded TargetPlatform 'WindowsClient'
[2023.02.07-14.28.48:301][  0]LogTargetPlatformManager: Display: Loaded TargetPlatform 'WindowsServer'
[2023.02.07-14.28.48:301][  0]LogTargetPlatformManager: Display: Building Assets For Windows
[2023.02.07-14.28.48:310][  0]LogAudioDebug: Display: Lib vorbis DLL was dynamically loaded.
[2023.02.07-14.28.48:349][  0]LogTextureFormatOodle: Display: Oodle Texture 2.9.0 init RDO Off
[2023.02.07-14.28.48:381][  0]LogRendererCore: Ray tracing is disabled. Reason: r.RayTracing=0.
[2023.02.07-14.28.48:381][  0]LogShaderCompilers: Guid format shader working directory is 24 characters bigger than the processId version (D:/AdvancedGE/AdvancedGE/Intermediate/Shaders/WorkingDirectory/19344/).
[2023.02.07-14.28.48:381][  0]LogShaderCompilers: Cleaned the shader compiler working directory 'C:/Users/p2594533/AppData/Local/Temp/UnrealShaderWorkingDir/0C50BA7845E280759A4E81BA7FBB2A9D/'.
[2023.02.07-14.28.48:382][  0]LogXGEController: Cannot use XGE Controller as Incredibuild is not installed on this machine.
[2023.02.07-14.28.48:382][  0]LogShaderCompilers: Cannot use XGE Shader Compiler as Incredibuild is not installed on this machine.
[2023.02.07-14.28.48:382][  0]LogShaderCompilers: Display: Using Local Shader Compiler.
[2023.02.07-14.28.50:714][  0]LogDerivedDataCache: Display: Max Cache Size: 512 MB
[2023.02.07-14.28.50:768][  0]LogDerivedDataCache: Loaded boot cache 0.05s 96MB C:/Users/p2594533/AppData/Local/UnrealEngine/4.27/DerivedDataCache/Boot.ddc.
[2023.02.07-14.28.50:769][  0]LogDerivedDataCache: Display: Loaded Boot cache: C:/Users/p2594533/AppData/Local/UnrealEngine/4.27/DerivedDataCache/Boot.ddc
[2023.02.07-14.28.50:769][  0]LogDerivedDataCache: FDerivedDataBackendGraph:  Pak pak cache file D:/AdvancedGE/AdvancedGE/DerivedDataCache/DDC.ddp not found, will not use a pak cache.
[2023.02.07-14.28.50:769][  0]LogDerivedDataCache: Unable to find inner node Pak for hierarchical cache Hierarchy.
[2023.02.07-14.28.50:769][  0]LogDerivedDataCache: FDerivedDataBackendGraph:  CompressedPak pak cache file D:/AdvancedGE/AdvancedGE/DerivedDataCache/Compressed.ddp not found, will not use a pak cache.
[2023.02.07-14.28.50:769][  0]LogDerivedDataCache: Unable to find inner node CompressedPak for hierarchical cache Hierarchy.
[2023.02.07-14.28.50:781][  0]LogDerivedDataCache: Display: Pak cache opened for reading ../../../Engine/DerivedDataCache/Compressed.ddp.
[2023.02.07-14.28.50:781][  0]LogDerivedDataCache: FDerivedDataBackendGraph:  EnterprisePak pak cache file ../../../Enterprise/DerivedDataCache/Compressed.ddp not found, will not use a pak cache.
[2023.02.07-14.28.50:781][  0]LogDerivedDataCache: Unable to find inner node EnterprisePak for hierarchical cache Hierarchy.
[2023.02.07-14.28.50:813][  0]LogDerivedDataCache: Speed tests for C:/Users/p2594533/AppData/Local/UnrealEngine/Common/DerivedDataCache took 0.03 seconds
[2023.02.07-14.28.50:813][  0]LogDerivedDataCache: Display: Performance to C:/Users/p2594533/AppData/Local/UnrealEngine/Common/DerivedDataCache: Latency=0.03ms. RandomReadSpeed=68.00MBs, RandomWriteSpeed=53.86MBs. Assigned SpeedClass 'Local'
[2023.02.07-14.28.50:814][  0]LogDerivedDataCache: Using Local data cache path C:/Users/p2594533/AppData/Local/UnrealEngine/Common/DerivedDataCache: Writable
[2023.02.07-14.28.50:814][  0]LogDerivedDataCache: Shared data cache path not found in *engine.ini, will not use an Shared cache.
[2023.02.07-14.28.50:814][  0]LogDerivedDataCache: Unable to find inner node Shared for hierarchical cache Hierarchy.
[2023.02.07-14.28.50:849][  0]LogSlate: Using FreeType 2.10.0
[2023.02.07-14.28.50:851][  0]LogSlate: SlateFontServices - WITH_FREETYPE: 1, WITH_HARFBUZZ: 1
[2023.02.07-14.28.50:874][  0]LogAssetRegistry: FAssetRegistry took 0.0022 seconds to start up
[2023.02.07-14.28.51:064][  0]LogInit: Selected Device Profile: [Windows]
[2023.02.07-14.28.51:064][  0]LogInit: Active device profile: [0000026D81595400][0000026D8213C980 49] Windows
[2023.02.07-14.28.51:064][  0]LogInit: Profiles: [0000026D81595400][0000026D8213C980 49] Windows, [0000026D814EF100][0000026D8225CB00 49] WindowsNoEditor, [0000026D81596200][0000026D822E0C80 49] WindowsServer, [0000026D814EFE00][0000026D82338E00 49] WindowsClient, [0000026D81596F00][0000026D823E4F80 49] IOS, [0000026D814ED600][0000026D823E9100 49] iPadAir, [0000026D81597C00][0000026D823ED280 49] iPadAir2, [0000026D8254A600][0000026D823FD540 49] IPadPro, [0000026D8254A700][0000026D823F5580 49] iPadAir3, [0000026D814EC300][0000026D82401700 49] iPadAir4, [0000026D8254B500][0000026D82405880 49] iPadMini2, [0000026D814EF500][0000026D82409A00 49] iPadMini3, [0000026D8254A400][0000026D8240DB80 49] iPadMini4, [0000026D814EE400][0000026DFF890180 49] iPadMini5, [0000026D814F1F00][0000026DFF898440 49] iPhone6, [0000026D814F2000][0000026DFF894480 49] iPodTouch6, [0000026D81596D00][0000026DFF89C6C0 49] iPhone7, [0000026D81595500][0000026D8218A700 49] iPodTouch7, [0000026D8254B200][0000026DFF8A0840 49] iPhone5S, [0000026D81596000][0000026DFF8A4980 49] iPhone6Plus, [0000026D82549200][0000026DFF8ACB00 49] iPhone6S, [0000026D81596B00][0000026DFF8B0C80 49] iPhone6SPlus, [0000026D82548A00][0000026DFF8B4E00 49] iPhone7Plus, [0000026D81595100][0000026DFF8B8F80 49] iPhoneSE, [0000026D82548800][0000026DFF8BD100 49] iPhone8, [0000026D81596C00][0000026DFF8C1280 49] iPhone8Plus, [0000026D8254B100][0000026DFF8C5400 49] iPhoneX, [0000026D81594F00][0000026D821B5580 49] iPhoneXS, [0000026D8254AF00][0000026D837FB700 49] iPhoneXSMax, [0000026D81596900][0000026D83819880 49] iPhoneXR, [0000026D814F0400][0000026D8381DA00 49] iPhone11, [0000026D82549300][0000026DFE887B80 49] iPhone11Pro, [0000026D814F0C00][0000026DFE88A180 49] iPhone11ProMax, [0000026D82549B00][0000026DFB176300 49] iPhoneSE2, [0000026D814F1400][0000026DFB17A480 49] iPhone12Mini, [0000026D8254A300][0000026DFB17E600 49] iPhone12, [0000026D814F1A00][0000026DFF8A8740 49] iPhone12Pro, [0000026D8254A100][0000026DFB182880 49] iPhone12ProMax, [0000026D814F1D00][0000026DFB1869C0 49] iPadPro105, [0000026D82549C00][0000026DFB18AB00 49] iPadPro129, [0000026D814F3F00][0000026DFB18EC80 49] iPadPro97, [0000026D82548400][0000026DFECA4E00 49] iPadPro2_129, [0000026D81595D00][0000026DFECA8F80 49] iPad5, [0000026D814F1E00][0000026DFECB1100 49] iPad6, [0000026D82549F00][0000026DFECB5280 49] iPad7, [0000026D814F0800][0000026D8234B400 49] iPad8, [0000026D8254BC00][0000026D8234F580 49] iPadPro11, [0000026D814F0900][0000026D82353700 49] iPadPro2_11, [0000026D82549400][0000026D821F1880 49] iPadPro3_129, [0000026D814F3500][0000026D82235A00 49] iPadPro4_129, [0000026D82548D00][0000026D82239B80 49] AppleTV, [0000026D814F1000][0000026D8223C180 49] AppleTV4K, [0000026D82548100][0000026DFB16E300 49] TVOS, [0000026D814F0D00][0000026DFB172480 49] Mac, [0000026D8254B700][0000026D82382600 49] MacClient, [0000026D814F2400][0000026D82264780 49] MacNoEditor, [0000026D82549800][0000026D82268900 49] MacServer, [0000026D814F2D00][0000026D82258A40 49] Linux, [0000026D8254A500][0000026D82276B80 49] LinuxAArch64, [0000026D814F0B00][0000026D8227ACC0 49] LinuxNoEditor, [0000026D8254B400][0000026DFB130E40 49] LinuxAArch64NoEditor, [0000026D814F1800][0000026D8227EFC0 49] LinuxClient, [0000026D82548300][0000026D82231140 49] LinuxAArch64Client, [0000026D814F1200][0000026D823572C0 49] LinuxServer, [0000026D8254B000][0000026D8235B440 49] LinuxAArch64Server, [0000026D814F2600][0000026D8235F5C0 49] Android, [0000026D82549D00][0000026D82363740 49] Android_Low, [0000026D814F2900][0000026D823678C0 49] Android_Mid, [0000026D82549100][0000026D8236BA40 49] Android_High, [0000026D814F0300][0000026D8236FBC0 49] Android_Default, [0000026D82548500][0000026D823721C0 49] Android_Adreno4xx, [0000026D814F1900][0000026D82376340 49] Android_Adreno5xx_Low, [0000026D8254A900][0000026D8237A4C0 49] Android_Adreno5xx, [0000026D814F0A00][0000026DFEC44640 49] Android_Adreno6xx, [0000026D8254BA00][0000026DFEC487C0 49] Android_Adreno6xx_Vulkan, [0000026D814F3B00][0000026DFEC4C940 49] Android_Mali_T6xx, [0000026D82549600][0000026DFEC50AC0 49] Android_Mali_T7xx, [0000026D814F1C00][0000026D8237EC00 49] Android_Mali_T8xx, [0000026D82549A00][0000026DFEC54D40 49] Android_Mali_G71, [0000026D814F1100][0000026DFEC58E80 49] Android_Mali_G72, [0000026D82548900][0000026DFEC5CFC0 49] Android_Mali_G72_Vulkan, [0000026D814F0F00][0000026DFEC65140 49] Android_Mali_G76, [0000026D8254AC00][0000026DFEC692C0 49] Android_Mali_G76_Vulkan, [0000026D814F1300][0000026D82387440 49] Android_Mali_G77, [0000026D82549000][0000026D8238B5C0 49] Android_Mali_G77_Vulkan, [0000026D814F2A00][0000026D8238F740 49] Android_Mali_G78, [0000026D82548C00][0000026D823938C0 49] Android_Mali_G78_Vulkan, [0000026D814F2800][0000026D82397A40 49] Android_Mali_G710, [0000026D82548700][0000026D8239BBC0 49] Android_Mali_G710_Vulkan, [0000026D814EE500][0000026D8239E1C0 49] Android_Vulkan_SM5, [0000026D81594E00][0000026D823A2340 49] Android_PowerVR_G6xxx, [0000026D814ECB00][0000026D823A64C0 49] Android_PowerVR_GT7xxx, [0000026D81594400][0000026D823AA640 49] Android_PowerVR_GE8xxx, [0000026D814EFB00][0000026D823AE7C0 49] Android_PowerVR_GM9xxx, [0000026D81597F00][0000026D823B2940 49] Android_PowerVR_GM9xxx_Vulkan, [0000026D814ECD00][0000026D823B6AC0 49] Android_TegraK1, [0000026D81596A00][0000026D823BAC40 49] Android_Unknown_Vulkan, [0000026D814ED700][0000026DFEC60D80 49] Lumin, [0000026D81597400][0000026D823BEEC0 49] Lumin_Desktop, [0000026D814EC400][0000026D823C3000 49] HoloLens, 
[2023.02.07-14.28.51:193][  0]LogMeshReduction: Using QuadricMeshReduction for automatic static mesh reduction
[2023.02.07-14.28.51:193][  0]LogMeshReduction: Using SimplygonMeshReduction for automatic skeletal mesh reduction
[2023.02.07-14.28.51:193][  0]LogMeshReduction: Using ProxyLODMeshReduction for automatic mesh merging
[2023.02.07-14.28.51:193][  0]LogMeshReduction: No distributed automatic mesh merging module available
[2023.02.07-14.28.51:193][  0]LogMeshMerging: No distributed automatic mesh merging module available
[2023.02.07-14.28.51:216][  0]LogNetVersion: AdvancedGE 1.0.0, NetCL: 17155196, EngineNetVer: 17, GameNetVer: 0 (Checksum: 3809250435)
[2023.02.07-14.28.51:909][  0]LogTexture: Default maximum texture size for cubemaps generated from long-lat sources has been changed from 512 to unlimited. In order to preserve old behaiour for '/Engine/MapTemplates/Sky/DaylightAmbientCubemap.DaylightAmbientCubemap', its maximum texture size has been explicitly set to 512.
[2023.02.07-14.28.51:972][  0]LogHMD: PokeAHoleMaterial loaded successfully
[2023.02.07-14.28.51:976][  0]LogUObjectArray: 17178 objects as part of root set at end of initial load.
[2023.02.07-14.28.51:976][  0]LogUObjectAllocator: 4302048 out of 0 bytes used by permanent object pool.
[2023.02.07-14.28.51:976][  0]LogUObjectArray: CloseDisregardForGC: 0/0 objects in disregard for GC pool
[2023.02.07-14.28.52:299][  0]LogPython: Using Python 3.7.7
[2023.02.07-14.28.52:829][  0]LogNiagaraDebuggerClient: Niagara Debugger Client Initialized | Session: ADA0EC7341AF604FDB2AA8844B120A24 | Instance: E35D382247B35A3A54A2EAA88A02486F (GWHXX631WIN015W-19344).
[2023.02.07-14.28.52:883][  0]LogUdpMessaging: Initializing bridge on interface 0.0.0.0:0 to multicast group 230.0.0.1:6666.
[2023.02.07-14.28.52:889][  0]LogTcpMessaging: Initializing TcpMessaging bridge
[2023.02.07-14.28.52:937][  0]LogOutputDevice: Warning: 

Script Stack (0 frames):

[2023.02.07-14.28.52:937][  0]LogWindows: Windows GetLastError: The operation completed successfully. (0)
[2023.02.07-14.28.54:678][  0]LogWindows: Error: === Critical error: ===
[2023.02.07-14.28.54:678][  0]LogWindows: Error: 
[2023.02.07-14.28.54:678][  0]LogWindows: Error: Fatal error: [File:D:/Build/++UE4/Sync/Engine/Source/Runtime/CoreUObject/Private/UObject/UObjectGlobals.cpp] [Line: 3344] 
[2023.02.07-14.28.54:678][  0]LogWindows: Error: Bad path name: /Game/Meshes/SphereMesh_1_.SphereMesh_1_', missing ' or an incorrect format
[2023.02.07-14.28.54:678][  0]LogWindows: Error: 
[2023.02.07-14.28.54:678][  0]LogWindows: Error: 
[2023.02.07-14.28.54:678][  0]LogWindows: Error: [Callstack] 0x00007ff8cbc1cd29 KERNELBASE.dll!UnknownFunction []
[2023.02.07-14.28.54:678][  0]LogWindows: Error: [Callstack] 0x00007ff898bf0216 UE4Editor-Core.dll!UnknownFunction []
[2023.02.07-14.28.54:678][  0]LogWindows: Error: [Callstack] 0x00007ff898bf4218 UE4Editor-Core.dll!UnknownFunction []
[2023.02.07-14.28.54:678][  0]LogWindows: Error: [Callstack] 0x00007ff89891242d UE4Editor-Core.dll!UnknownFunction []
[2023.02.07-14.28.54:678][  0]LogWindows: Error: [Callstack] 0x00007ff894f259da UE4Editor-CoreUObject.dll!UnknownFunction []
[2023.02.07-14.28.54:678][  0]LogWindows: Error: [Callstack] 0x00007ff827775ed5 UE4Editor-AdvancedGE-5192.dll!AFPSProjectile::AFPSProjectile() [D:\AdvancedGE\AdvancedGE\Source\AdvancedGE\FPSProjectile.cpp:52]
[2023.02.07-14.28.54:678][  0]LogWindows: Error: [Callstack] 0x00007ff894c061d3 UE4Editor-CoreUObject.dll!UnknownFunction []
[2023.02.07-14.28.54:678][  0]LogWindows: Error: [Callstack] 0x00007ff894f28faf UE4Editor-CoreUObject.dll!UnknownFunction []
[2023.02.07-14.28.54:678][  0]LogWindows: Error: [Callstack] 0x00007ff894f05411 UE4Editor-CoreUObject.dll!UnknownFunction []
[2023.02.07-14.28.54:678][  0]LogWindows: Error: [Callstack] 0x00007ff894dcddc5 UE4Editor-CoreUObject.dll!UnknownFunction []
[2023.02.07-14.28.54:678][  0]LogWindows: Error: [Callstack] 0x00007ff898951bea UE4Editor-Core.dll!UnknownFunction []
[2023.02.07-14.28.54:678][  0]LogWindows: Error: [Callstack] 0x00007ff8989715a3 UE4Editor-Core.dll!UnknownFunction []
[2023.02.07-14.28.54:678][  0]LogWindows: Error: [Callstack] 0x00007ff8be2c6433 UE4Editor-Projects.dll!UnknownFunction []
[2023.02.07-14.28.54:678][  0]LogWindows: Error: [Callstack] 0x00007ff8be2c674f UE4Editor-Projects.dll!UnknownFunction []
[2023.02.07-14.28.54:678][  0]LogWindows: Error: [Callstack] 0x00007ff736b25642 UE4Editor.exe!UnknownFunction []
[2023.02.07-14.28.54:678][  0]LogWindows: Error: [Callstack] 0x00007ff736b29000 UE4Editor.exe!UnknownFunction []
[2023.02.07-14.28.54:678][  0]LogWindows: Error: [Callstack] 0x00007ff736b20d2c UE4Editor.exe!UnknownFunction []
[2023.02.07-14.28.54:678][  0]LogWindows: Error: [Callstack] 0x00007ff736b210ba UE4Editor.exe!UnknownFunction []
[2023.02.07-14.28.54:679][  0]LogWindows: Error: [Callstack] 0x00007ff736b240dd UE4Editor.exe!UnknownFunction []
[2023.02.07-14.28.54:679][  0]LogWindows: Error: [Callstack] 0x00007ff736b35984 UE4Editor.exe!UnknownFunction []
[2023.02.07-14.28.54:679][  0]LogWindows: Error: [Callstack] 0x00007ff736b3853a UE4Editor.exe!UnknownFunction []
[2023.02.07-14.28.54:679][  0]LogWindows: Error: [Callstack] 0x00007ff8cd077614 KERNEL32.DLL!UnknownFunction []
[2023.02.07-14.28.54:679][  0]LogWindows: Error: [Callstack] 0x00007ff8ce2026a1 ntdll.dll!UnknownFunction []
[2023.02.07-14.28.54:679][  0]LogWindows: Error: 
[2023.02.07-14.28.54:725][  0]LogExit: Executing StaticShutdownAfterError
[2023.02.07-14.28.54:725][  0]LogWindows: FPlatformMisc::RequestExit(1)
[2023.02.07-14.28.54:726][  0]LogWindows: FPlatformMisc::RequestExitWithStatus(1, 3)
[2023.02.07-14.28.54:726][  0]LogCore: Engine exit requested (reason: Win RequestExit)
[2023.02.07-14.28.54:769][  0]Log file closed, 02/07/23 14:28:54
