Log file open, 02/07/23 14:30:43
LogWindows: Failed to load 'aqProf.dll' (GetLastError=126)
LogWindows: File 'aqProf.dll' does not exist
LogWindows: Failed to load 'VtuneApi.dll' (GetLastError=126)
LogWindows: File 'VtuneApi.dll' does not exist
LogWindows: Failed to load 'VtuneApi32e.dll' (GetLastError=126)
LogWindows: File 'VtuneApi32e.dll' does not exist
LogConsoleResponse: Display: Failed to find resolution value strings in scalability ini. Falling back to default.
LogConsoleResponse: Display: Failed to find resolution value strings in scalability ini. Falling back to default.
LogInit: Display: Running engine for game: AdvancedGE
LogPlatformFile: Not using cached read wrapper
LogTaskGraph: Started task graph with 5 named threads and 47 total threads with 3 sets of task threads.
LogStats: Stats thread started at 0.287748
LogICUInternationalization: ICU TimeZone Detection - Raw Offset: +0:00, Platform Override: ''
LogInit: Display: Loading text-based GConfig....
LogPluginManager: Mounting plugin MeshPainting
LogPluginManager: Mounting plugin XGEController
LogPluginManager: Mounting plugin Paper2D
LogPluginManager: Mounting plugin AISupport
LogPluginManager: Mounting plugin EnvironmentQueryEditor
LogPluginManager: Mounting plugin LiveLink
LogPluginManager: Mounting plugin GameplayCameras
LogPluginManager: Mounting plugin LightPropagationVolume
LogPluginManager: Mounting plugin AssetManagerEditor
LogPluginManager: Mounting plugin CameraShakePreviewer
LogPluginManager: Mounting plugin CLionSourceCodeAccess
LogPluginManager: Mounting plugin CodeLiteSourceCodeAccess
LogPluginManager: Mounting plugin AnimationSharing
LogPluginManager: Mounting plugin CurveEditorTools
LogPluginManager: Mounting plugin CryptoKeys
LogPluginManager: Mounting plugin GitSourceControl
LogPluginManager: Mounting plugin KDevelopSourceCodeAccess
LogPluginManager: Mounting plugin FacialAnimation
LogPluginManager: Mounting plugin GameplayTagsEditor
LogPluginManager: Mounting plugin DataValidation
LogPluginManager: Mounting plugin NullSourceCodeAccess
LogPluginManager: Mounting plugin GeometryMode
LogPluginManager: Mounting plugin PerforceSourceControl
LogPluginManager: Mounting plugin MaterialAnalyzer
LogPluginManager: Mounting plugin PixWinPlugin
LogPluginManager: Mounting plugin MacGraphicsSwitching
LogPluginManager: Mounting plugin MobileLauncherProfileWizard
LogPluginManager: Mounting plugin PluginUtils
LogPluginManager: Mounting plugin PlasticSourceControl
LogPluginManager: Mounting plugin PluginBrowser
LogPluginManager: Mounting plugin PropertyAccessNode
LogPluginManager: Mounting plugin SubversionSourceControl
LogPluginManager: Mounting plugin UObjectPlugin
LogPluginManager: Mounting plugin RiderSourceCodeAccess
LogPluginManager: Mounting plugin XCodeSourceCodeAccess
LogPluginManager: Mounting plugin VisualStudioSourceCodeAccess
LogPluginManager: Mounting plugin VisualStudioCodeSourceCodeAccess
LogPluginManager: Mounting plugin TextureFormatOodle
LogPluginManager: Mounting plugin SpeedTreeImporter
LogPluginManager: Mounting plugin AlembicImporter
LogPluginManager: Mounting plugin ChaosClothEditor
LogPluginManager: Mounting plugin CharacterAI
LogPluginManager: Mounting plugin ChaosEditor
LogPluginManager: Mounting plugin BackChannel
LogPluginManager: Mounting plugin ChaosCloth
LogPluginManager: Mounting plugin GeometryCache
LogPluginManager: Mounting plugin ChaosNiagara
LogPluginManager: Mounting plugin Niagara
LogPluginManager: Mounting plugin ChaosSolverPlugin
LogPluginManager: Mounting plugin AutomationUtils
LogPluginManager: Mounting plugin GeometryCollectionPlugin
LogPluginManager: Mounting plugin VariantManagerContent
LogPluginManager: Mounting plugin DatasmithContent
LogPluginManager: Mounting plugin MotoSynth
LogPluginManager: Mounting plugin OpenImageDenoise
LogPluginManager: Mounting plugin GeometryProcessing
LogPluginManager: Mounting plugin PlanarCut
LogPluginManager: Mounting plugin ProxyLODPlugin
LogPluginManager: Mounting plugin PythonScriptPlugin
LogPluginManager: Mounting plugin SkeletalReduction
LogPluginManager: Mounting plugin PlatformCrypto
LogPluginManager: Mounting plugin LuminPlatformFeatures
LogPluginManager: Mounting plugin MagicLeapLightEstimation
LogPluginManager: Mounting plugin MagicLeapMedia
LogPluginManager: Mounting plugin MagicLeap
LogPluginManager: Mounting plugin MLSDK
LogPluginManager: Mounting plugin AndroidMedia
LogPluginManager: Mounting plugin AvfMedia
LogPluginManager: Mounting plugin MagicLeapPassableWorld
LogPluginManager: Mounting plugin ImgMedia
LogPluginManager: Mounting plugin MediaCompositing
LogPluginManager: Mounting plugin WmfMedia
LogPluginManager: Mounting plugin MediaPlayerEditor
LogPluginManager: Mounting plugin TcpMessaging
LogPluginManager: Mounting plugin ActorSequence
LogPluginManager: Mounting plugin MatineeToLevelSequence
LogPluginManager: Mounting plugin LevelSequenceEditor
LogPluginManager: Mounting plugin UdpMessaging
LogPluginManager: Mounting plugin WebMMedia
LogPluginManager: Mounting plugin TemplateSequence
LogPluginManager: Mounting plugin OnlineSubsystem
LogPluginManager: Mounting plugin OnlineSubsystemNull
LogPluginManager: Mounting plugin OnlineSubsystemUtils
LogPluginManager: Mounting plugin LauncherChunkInstaller
LogPluginManager: Mounting plugin ActorLayerUtilities
LogPluginManager: Mounting plugin AndroidMoviePlayer
LogPluginManager: Mounting plugin AndroidPermission
LogPluginManager: Mounting plugin AppleImageUtils
LogPluginManager: Mounting plugin ArchVisCharacter
LogPluginManager: Mounting plugin AudioCapture
LogPluginManager: Mounting plugin AudioSynesthesia
LogPluginManager: Mounting plugin CableComponent
LogPluginManager: Mounting plugin CustomMeshComponent
LogPluginManager: Mounting plugin AppleMoviePlayer
LogPluginManager: Mounting plugin EditableMesh
LogPluginManager: Mounting plugin AssetTags
LogPluginManager: Mounting plugin GoogleCloudMessaging
LogPluginManager: Mounting plugin GooglePAD
LogPluginManager: Mounting plugin AndroidDeviceProfileSelector
LogPluginManager: Mounting plugin ExampleDeviceProfileSelector
LogPluginManager: Mounting plugin ChunkDownloader
LogPluginManager: Mounting plugin LinuxDeviceProfileSelector
LogPluginManager: Mounting plugin IOSDeviceProfileSelector
LogPluginManager: Mounting plugin ScreenshotTools
LogPluginManager: Mounting plugin OpenXR
LogPluginManager: Mounting plugin OpenXRHandTracking
LogPluginManager: Mounting plugin OpenXREyeTracker
LogPluginManager: Mounting plugin LocationServicesBPLibrary
LogPluginManager: Mounting plugin PostSplashScreen
LogPluginManager: Mounting plugin PhysXVehicles
LogPluginManager: Mounting plugin MobilePatchingUtils
LogPluginManager: Mounting plugin ProceduralMeshComponent
LogPluginManager: Mounting plugin SoundFields
LogPluginManager: Mounting plugin PropertyAccessEditor
LogPluginManager: Mounting plugin SignificanceManager
LogPluginManager: Mounting plugin Synthesis
LogPluginManager: Mounting plugin RuntimePhysXCooking
LogPluginManager: Mounting plugin WebMMoviePlayer
LogPluginManager: Mounting plugin WindowsMoviePlayer
LogPluginManager: Mounting plugin OodleData
LogPluginManager: Mounting plugin Takes
LogPluginManager: Mounting plugin OodleNetwork
LogPluginManager: Mounting plugin ContentBrowserClassDataSource
LogPluginManager: Mounting plugin ContentBrowserAssetDataSource
LogPluginManager: Mounting plugin ContentBrowserFileDataSource
LogPluginManager: Mounting plugin OnlineSubsystemIOS
LogPluginManager: Mounting plugin OnlineSubsystemGooglePlay
LogPluginManager: Mounting plugin OculusVR
LogPluginManager: Mounting plugin SteamVR
PixWinPlugin: PIX capture plugin failed to initialize! Check that the process is launched from PIX.
LogInit: Using libcurl 7.55.1-DEV
LogInit:  - built for x86_64-pc-win32
LogInit:  - supports SSL with OpenSSL/1.1.1
LogInit:  - supports HTTP deflate (compression) using libz 1.2.8
LogInit:  - other features:
LogInit:      CURL_VERSION_SSL
LogInit:      CURL_VERSION_LIBZ
LogInit:      CURL_VERSION_IPV6
LogInit:      CURL_VERSION_ASYNCHDNS
LogInit:      CURL_VERSION_LARGEFILE
LogInit:      CURL_VERSION_IDN
LogInit:  CurlRequestOptions (configurable via config and command line):
LogInit:  - bVerifyPeer = true  - Libcurl will verify peer certificate
LogInit:  - bUseHttpProxy = false  - Libcurl will NOT use HTTP proxy
LogInit:  - bDontReuseConnections = false  - Libcurl will reuse connections
LogInit:  - MaxHostConnections = 16  - Libcurl will limit the number of connections to a host
LogInit:  - LocalHostAddr = Default
LogInit:  - BufferSize = 65536
LogOnline: OSS: Creating online subsystem instance for: NULL
LogInit: WinSock: version 1.1 (2.2), MaxSocks=32767, MaxUdp=65467
LogOnline: OSS: TryLoadSubsystemAndSetDefault: Loaded subsystem for module [NULL]
LogOculusPluginWrapper: OculusPlugin initialized successfully
LogHMD: Failed initializing OVRPlugin 1.59.0
LogInit: Build: ++UE4+Release-4.27-CL-18319896
LogInit: Engine Version: 4.27.2-18319896+++UE4+Release-4.27
LogInit: Compatible Engine Version: 4.27.0-17155196+++UE4+Release-4.27
LogInit: Net CL: 17155196
LogInit: OS: Windows 10 (Release 2009) (), CPU: Intel(R) Core(TM) i7-10700K CPU @ 3.80GHz, GPU: NVIDIA GeForce RTX 2060 SUPER
LogInit: Compiled (64-bit): Nov 30 2021 07:12:08
LogInit: Compiled with Visual C++: 19.24.28315.00
LogInit: Build Configuration: Development
LogInit: Branch Name: ++UE4+Release-4.27
LogInit: Command Line: 
LogInit: Base Directory: C:/Program Files/Epic Games/UE_4.27/Engine/Binaries/Win64/
LogInit: Allocator: TBB
LogInit: Installed Engine Build: 1
LogDevObjectVersion: Number of dev versions registered: 29
LogDevObjectVersion:   Dev-Blueprints (B0D832E4-1F89-4F0D-ACCF-7EB736FD4AA2): 10
LogDevObjectVersion:   Dev-Build (E1C64328-A22C-4D53-A36C-8E866417BD8C): 0
LogDevObjectVersion:   Dev-Core (375EC13C-06E4-48FB-B500-84F0262A717E): 4
LogDevObjectVersion:   Dev-Editor (E4B068ED-F494-42E9-A231-DA0B2E46BB41): 40
LogDevObjectVersion:   Dev-Framework (CFFC743F-43B0-4480-9391-14DF171D2073): 37
LogDevObjectVersion:   Dev-Mobile (B02B49B5-BB20-44E9-A304-32B752E40360): 3
LogDevObjectVersion:   Dev-Networking (A4E4105C-59A1-49B5-A7C5-40C4547EDFEE): 0
LogDevObjectVersion:   Dev-Online (39C831C9-5AE6-47DC-9A44-9C173E1C8E7C): 0
LogDevObjectVersion:   Dev-Physics (78F01B33-EBEA-4F98-B9B4-84EACCB95AA2): 14
LogDevObjectVersion:   Dev-Platform (6631380F-2D4D-43E0-8009-CF276956A95A): 0
LogDevObjectVersion:   Dev-Rendering (12F88B9F-8875-4AFC-A67C-D90C383ABD29): 45
LogDevObjectVersion:   Dev-Sequencer (7B5AE74C-D270-4C10-A958-57980B212A5A): 13
LogDevObjectVersion:   Dev-VR (D7296918-1DD6-4BDD-9DE2-64A83CC13884): 3
LogDevObjectVersion:   Dev-LoadTimes (C2A15278-BFE7-4AFE-6C17-90FF531DF755): 1
LogDevObjectVersion:   Private-Geometry (6EACA3D4-40EC-4CC1-B786-8BED09428FC5): 3
LogDevObjectVersion:   Dev-AnimPhys (29E575DD-E0A3-4627-9D10-D276232CDCEA): 17
LogDevObjectVersion:   Dev-Anim (AF43A65D-7FD3-4947-9873-3E8ED9C1BB05): 15
LogDevObjectVersion:   Dev-ReflectionCapture (6B266CEC-1EC7-4B8F-A30B-E4D90942FC07): 1
LogDevObjectVersion:   Dev-Automation (0DF73D61-A23F-47EA-B727-89E90C41499A): 1
LogDevObjectVersion:   FortniteMain (601D1886-AC64-4F84-AA16-D3DE0DEAC7D6): 47
LogDevObjectVersion:   FortniteRelease (E7086368-6B23-4C58-8439-1B7016265E91): 1
LogDevObjectVersion:   Dev-Enterprise (9DFFBCD6-494F-0158-E221-12823C92A888): 10
LogDevObjectVersion:   Dev-Niagara (F2AED0AC-9AFE-416F-8664-AA7FFA26D6FC): 1
LogDevObjectVersion:   Dev-Destruction (174F1F0B-B4C6-45A5-B13F-2EE8D0FB917D): 10
LogDevObjectVersion:   Dev-Physics-Ext (35F94A83-E258-406C-A318-09F59610247C): 41
LogDevObjectVersion:   Dev-PhysicsMaterial-Chaos (B68FC16E-8B1B-42E2-B453-215C058844FE): 1
LogDevObjectVersion:   Dev-CineCamera (B2E18506-4273-CFC2-A54E-F4BB758BBA07): 1
LogDevObjectVersion:   Dev-VirtualProduction (64F58936-FD1B-42BA-BA96-7289D5D0FA4E): 1
LogDevObjectVersion:   Dev-MediaFramework (6F0ED827-A609-4895-9C91-998D90180EA4): 2
LogInit: Presizing for max 25165824 objects, including 0 objects not considered by GC, pre-allocating 0 bytes for permanent pool.
LogConfig: Applying CVar settings from Section [/Script/Engine.StreamingSettings] File [D:/AdvancedGE/AdvancedGE/Saved/Config/Windows/Engine.ini]
LogConfig: Setting CVar [[s.MinBulkDataSizeForAsyncLoading:131072]]
LogConfig: Setting CVar [[s.AsyncLoadingThreadEnabled:0]]
LogConfig: Setting CVar [[s.EventDrivenLoaderEnabled:1]]
LogConfig: Setting CVar [[s.WarnIfTimeLimitExceeded:0]]
LogConfig: Setting CVar [[s.TimeLimitExceededMultiplier:1.5]]
LogConfig: Setting CVar [[s.TimeLimitExceededMinTime:0.005]]
LogConfig: Setting CVar [[s.UseBackgroundLevelStreaming:1]]
LogConfig: Setting CVar [[s.PriorityAsyncLoadingExtraTime:15.0]]
LogConfig: Setting CVar [[s.LevelStreamingActorsUpdateTimeLimit:5.0]]
LogConfig: Setting CVar [[s.PriorityLevelStreamingActorsUpdateExtraTime:5.0]]
LogConfig: Setting CVar [[s.LevelStreamingComponentsRegistrationGranularity:10]]
LogConfig: Setting CVar [[s.UnregisterComponentsTimeLimit:1.0]]
LogConfig: Setting CVar [[s.LevelStreamingComponentsUnregistrationGranularity:5]]
LogConfig: Setting CVar [[s.FlushStreamingOnExit:1]]
LogInit: Object subsystem initialized
LogConfig: Setting CVar [[con.DebugEarlyDefault:1]]
LogConfig: Setting CVar [[r.setres:1280x720]]
[2023.02.07-14.30.43:932][  0]LogConfig: Setting CVar [[r.VSync:0]]
[2023.02.07-14.30.43:932][  0]LogConfig: Setting CVar [[r.RHICmdBypass:0]]
[2023.02.07-14.30.43:932][  0]LogConfig: Applying CVar settings from Section [/Script/Engine.RendererSettings] File [D:/AdvancedGE/AdvancedGE/Saved/Config/Windows/Engine.ini]
[2023.02.07-14.30.43:932][  0]LogConfig: Setting CVar [[r.GPUCrashDebugging:0]]
[2023.02.07-14.30.43:932][  0]LogConfig: Applying CVar settings from Section [/Script/Engine.RendererOverrideSettings] File [D:/AdvancedGE/AdvancedGE/Saved/Config/Windows/Engine.ini]
[2023.02.07-14.30.43:932][  0]LogConfig: Applying CVar settings from Section [/Script/Engine.StreamingSettings] File [D:/AdvancedGE/AdvancedGE/Saved/Config/Windows/Engine.ini]
[2023.02.07-14.30.43:932][  0]LogConfig: Setting CVar [[s.MinBulkDataSizeForAsyncLoading:131072]]
[2023.02.07-14.30.43:932][  0]LogConfig: Setting CVar [[s.AsyncLoadingThreadEnabled:0]]
[2023.02.07-14.30.43:932][  0]LogConfig: Setting CVar [[s.EventDrivenLoaderEnabled:1]]
[2023.02.07-14.30.43:932][  0]LogConfig: Setting CVar [[s.WarnIfTimeLimitExceeded:0]]
[2023.02.07-14.30.43:932][  0]LogConfig: Setting CVar [[s.TimeLimitExceededMultiplier:1.5]]
[2023.02.07-14.30.43:932][  0]LogConfig: Setting CVar [[s.TimeLimitExceededMinTime:0.005]]
[2023.02.07-14.30.43:932][  0]LogConfig: Setting CVar [[s.UseBackgroundLevelStreaming:1]]
[2023.02.07-14.30.43:932][  0]LogConfig: Setting CVar [[s.PriorityAsyncLoadingExtraTime:15.0]]
[2023.02.07-14.30.43:932][  0]LogConfig: Setting CVar [[s.LevelStreamingActorsUpdateTimeLimit:5.0]]
[2023.02.07-14.30.43:932][  0]LogConfig: Setting CVar [[s.PriorityLevelStreamingActorsUpdateExtraTime:5.0]]
[2023.02.07-14.30.43:932][  0]LogConfig: Setting CVar [[s.LevelStreamingComponentsRegistrationGranularity:10]]
[2023.02.07-14.30.43:932][  0]LogConfig: Setting CVar [[s.UnregisterComponentsTimeLimit:1.0]]
[2023.02.07-14.30.43:932][  0]LogConfig: Setting CVar [[s.LevelStreamingComponentsUnregistrationGranularity:5]]
[2023.02.07-14.30.43:932][  0]LogConfig: Setting CVar [[s.FlushStreamingOnExit:1]]
[2023.02.07-14.30.43:932][  0]LogConfig: Applying CVar settings from Section [/Script/Engine.GarbageCollectionSettings] File [D:/AdvancedGE/AdvancedGE/Saved/Config/Windows/Engine.ini]
[2023.02.07-14.30.43:932][  0]LogConfig: Setting CVar [[gc.MaxObjectsNotConsideredByGC:1]]
[2023.02.07-14.30.43:932][  0]LogConfig: Setting CVar [[gc.SizeOfPermanentObjectPool:0]]
[2023.02.07-14.30.43:932][  0]LogConfig: Setting CVar [[gc.FlushStreamingOnGC:0]]
[2023.02.07-14.30.43:932][  0]LogConfig: Setting CVar [[gc.NumRetriesBeforeForcingGC:10]]
[2023.02.07-14.30.43:932][  0]LogConfig: Setting CVar [[gc.AllowParallelGC:1]]
[2023.02.07-14.30.43:932][  0]LogConfig: Setting CVar [[gc.TimeBetweenPurgingPendingKillObjects:61.1]]
[2023.02.07-14.30.43:932][  0]LogConfig: Setting CVar [[gc.MaxObjectsInEditor:25165824]]
[2023.02.07-14.30.43:932][  0]LogConfig: Setting CVar [[gc.IncrementalBeginDestroyEnabled:1]]
[2023.02.07-14.30.43:932][  0]LogConfig: Setting CVar [[gc.CreateGCClusters:1]]
[2023.02.07-14.30.43:932][  0]LogConfig: Setting CVar [[gc.MinGCClusterSize:5]]
[2023.02.07-14.30.43:932][  0]LogConfig: Setting CVar [[gc.ActorClusteringEnabled:0]]
[2023.02.07-14.30.43:932][  0]LogConfig: Setting CVar [[gc.BlueprintClusteringEnabled:0]]
[2023.02.07-14.30.43:932][  0]LogConfig: Setting CVar [[gc.UseDisregardForGCOnDedicatedServers:0]]
[2023.02.07-14.30.43:932][  0]LogConfig: Setting CVar [[gc.MultithreadedDestructionEnabled:1]]
[2023.02.07-14.30.43:932][  0]LogConfig: Applying CVar settings from Section [/Script/Engine.NetworkSettings] File [D:/AdvancedGE/AdvancedGE/Saved/Config/Windows/Engine.ini]
[2023.02.07-14.30.43:932][  0]LogConfig: Applying CVar settings from Section [/Script/UnrealEd.CookerSettings] File [D:/AdvancedGE/AdvancedGE/Saved/Config/Windows/Engine.ini]
[2023.02.07-14.30.43:938][  0]LogConfig: Applying CVar settings from Section [ViewDistanceQuality@3] File [D:/AdvancedGE/AdvancedGE/Saved/Config/Windows/Scalability.ini]
[2023.02.07-14.30.43:938][  0]LogConfig: Setting CVar [[r.SkeletalMeshLODBias:0]]
[2023.02.07-14.30.43:938][  0]LogConfig: Setting CVar [[r.ViewDistanceScale:1.0]]
[2023.02.07-14.30.43:938][  0]LogConfig: Applying CVar settings from Section [AntiAliasingQuality@3] File [D:/AdvancedGE/AdvancedGE/Saved/Config/Windows/Scalability.ini]
[2023.02.07-14.30.43:938][  0]LogConfig: Setting CVar [[r.PostProcessAAQuality:4]]
[2023.02.07-14.30.43:938][  0]LogConfig: Applying CVar settings from Section [ShadowQuality@3] File [D:/AdvancedGE/AdvancedGE/Saved/Config/Windows/Scalability.ini]
[2023.02.07-14.30.43:938][  0]LogConfig: Setting CVar [[r.LightFunctionQuality:1]]
[2023.02.07-14.30.43:938][  0]LogConfig: Setting CVar [[r.ShadowQuality:5]]
[2023.02.07-14.30.43:938][  0]LogConfig: Setting CVar [[r.Shadow.CSM.MaxCascades:10]]
[2023.02.07-14.30.43:938][  0]LogConfig: Setting CVar [[r.Shadow.MaxResolution:2048]]
[2023.02.07-14.30.43:938][  0]LogConfig: Setting CVar [[r.Shadow.MaxCSMResolution:2048]]
[2023.02.07-14.30.43:939][  0]LogConfig: Setting CVar [[r.Shadow.RadiusThreshold:0.01]]
[2023.02.07-14.30.43:939][  0]LogConfig: Setting CVar [[r.Shadow.DistanceScale:1.0]]
[2023.02.07-14.30.43:939][  0]LogConfig: Setting CVar [[r.Shadow.CSM.TransitionScale:1.0]]
[2023.02.07-14.30.43:939][  0]LogConfig: Setting CVar [[r.Shadow.PreShadowResolutionFactor:1.0]]
[2023.02.07-14.30.43:939][  0]LogConfig: Setting CVar [[r.DistanceFieldShadowing:1]]
[2023.02.07-14.30.43:939][  0]LogConfig: Setting CVar [[r.DistanceFieldAO:1]]
[2023.02.07-14.30.43:939][  0]LogConfig: Setting CVar [[r.AOQuality:2]]
[2023.02.07-14.30.43:939][  0]LogConfig: Setting CVar [[r.VolumetricFog:1]]
[2023.02.07-14.30.43:939][  0]LogConfig: Setting CVar [[r.VolumetricFog.GridPixelSize:8]]
[2023.02.07-14.30.43:939][  0]LogConfig: Setting CVar [[r.VolumetricFog.GridSizeZ:128]]
[2023.02.07-14.30.43:939][  0]LogConfig: Setting CVar [[r.VolumetricFog.HistoryMissSupersampleCount:4]]
[2023.02.07-14.30.43:939][  0]LogConfig: Setting CVar [[r.LightMaxDrawDistanceScale:1]]
[2023.02.07-14.30.43:939][  0]LogConfig: Setting CVar [[r.CapsuleShadows:1]]
[2023.02.07-14.30.43:939][  0]LogConfig: Applying CVar settings from Section [PostProcessQuality@3] File [D:/AdvancedGE/AdvancedGE/Saved/Config/Windows/Scalability.ini]
[2023.02.07-14.30.43:939][  0]LogConfig: Setting CVar [[r.MotionBlurQuality:4]]
[2023.02.07-14.30.43:939][  0]LogConfig: Setting CVar [[r.AmbientOcclusionMipLevelFactor:0.4]]
[2023.02.07-14.30.43:939][  0]LogConfig: Setting CVar [[r.AmbientOcclusionMaxQuality:100]]
[2023.02.07-14.30.43:939][  0]LogConfig: Setting CVar [[r.AmbientOcclusionLevels:-1]]
[2023.02.07-14.30.43:939][  0]LogConfig: Setting CVar [[r.AmbientOcclusionRadiusScale:1.0]]
[2023.02.07-14.30.43:939][  0]LogConfig: Setting CVar [[r.DepthOfFieldQuality:2]]
[2023.02.07-14.30.43:939][  0]LogConfig: Setting CVar [[r.RenderTargetPoolMin:400]]
[2023.02.07-14.30.43:939][  0]LogConfig: Setting CVar [[r.LensFlareQuality:2]]
[2023.02.07-14.30.43:939][  0]LogConfig: Setting CVar [[r.SceneColorFringeQuality:1]]
[2023.02.07-14.30.43:939][  0]LogConfig: Setting CVar [[r.EyeAdaptationQuality:2]]
[2023.02.07-14.30.43:939][  0]LogConfig: Setting CVar [[r.BloomQuality:5]]
[2023.02.07-14.30.43:939][  0]LogConfig: Setting CVar [[r.FastBlurThreshold:100]]
[2023.02.07-14.30.43:939][  0]LogConfig: Setting CVar [[r.Upscale.Quality:3]]
[2023.02.07-14.30.43:939][  0]LogConfig: Setting CVar [[r.Tonemapper.GrainQuantization:1]]
[2023.02.07-14.30.43:939][  0]LogConfig: Setting CVar [[r.LightShaftQuality:1]]
[2023.02.07-14.30.43:939][  0]LogConfig: Setting CVar [[r.Filter.SizeScale:1]]
[2023.02.07-14.30.43:939][  0]LogConfig: Setting CVar [[r.Tonemapper.Quality:5]]
[2023.02.07-14.30.43:939][  0]LogConfig: Setting CVar [[r.DOF.Gather.AccumulatorQuality:1        ; higher gathering accumulator quality]]
[2023.02.07-14.30.43:939][  0]LogConfig: Setting CVar [[r.DOF.Gather.PostfilterMethod:1          ; Median3x3 postfilering method]]
[2023.02.07-14.30.43:939][  0]LogConfig: Setting CVar [[r.DOF.Gather.EnableBokehSettings:0       ; no bokeh simulation when gathering]]
[2023.02.07-14.30.43:939][  0]LogConfig: Setting CVar [[r.DOF.Gather.RingCount:4                 ; medium number of samples when gathering]]
[2023.02.07-14.30.43:939][  0]LogConfig: Setting CVar [[r.DOF.Scatter.ForegroundCompositing:1    ; additive foreground scattering]]
[2023.02.07-14.30.43:939][  0]LogConfig: Setting CVar [[r.DOF.Scatter.BackgroundCompositing:2    ; additive background scattering]]
[2023.02.07-14.30.43:939][  0]LogConfig: Setting CVar [[r.DOF.Scatter.EnableBokehSettings:1      ; bokeh simulation when scattering]]
[2023.02.07-14.30.43:939][  0]LogConfig: Setting CVar [[r.DOF.Scatter.MaxSpriteRatio:0.1         ; only a maximum of 10% of scattered bokeh]]
[2023.02.07-14.30.43:939][  0]LogConfig: Setting CVar [[r.DOF.Recombine.Quality:1                ; cheap slight out of focus]]
[2023.02.07-14.30.43:939][  0]LogConfig: Setting CVar [[r.DOF.Recombine.EnableBokehSettings:0    ; no bokeh simulation on slight out of focus]]
[2023.02.07-14.30.43:939][  0]LogConfig: Setting CVar [[r.DOF.TemporalAAQuality:1                ; more stable temporal accumulation]]
[2023.02.07-14.30.43:939][  0]LogConfig: Setting CVar [[r.DOF.Kernel.MaxForegroundRadius:0.025]]
[2023.02.07-14.30.43:939][  0]LogConfig: Setting CVar [[r.DOF.Kernel.MaxBackgroundRadius:0.025]]
[2023.02.07-14.30.43:939][  0]LogConfig: Applying CVar settings from Section [TextureQuality@3] File [D:/AdvancedGE/AdvancedGE/Saved/Config/Windows/Scalability.ini]
[2023.02.07-14.30.43:939][  0]LogConfig: Setting CVar [[r.Streaming.MipBias:0]]
[2023.02.07-14.30.43:939][  0]LogConfig: Setting CVar [[r.Streaming.AmortizeCPUToGPUCopy:0]]
[2023.02.07-14.30.43:939][  0]LogConfig: Setting CVar [[r.Streaming.MaxNumTexturesToStreamPerFrame:0]]
[2023.02.07-14.30.43:939][  0]LogConfig: Setting CVar [[r.Streaming.Boost:1]]
[2023.02.07-14.30.43:939][  0]LogConfig: Setting CVar [[r.MaxAnisotropy:8]]
[2023.02.07-14.30.43:939][  0]LogConfig: Setting CVar [[r.VT.MaxAnisotropy:8]]
[2023.02.07-14.30.43:939][  0]LogConfig: Setting CVar [[r.Streaming.LimitPoolSizeToVRAM:0]]
[2023.02.07-14.30.43:939][  0]LogConfig: Setting CVar [[r.Streaming.PoolSize:1000]]
[2023.02.07-14.30.43:939][  0]LogConfig: Setting CVar [[r.Streaming.MaxEffectiveScreenSize:0]]
[2023.02.07-14.30.43:939][  0]LogConfig: Applying CVar settings from Section [EffectsQuality@3] File [D:/AdvancedGE/AdvancedGE/Saved/Config/Windows/Scalability.ini]
[2023.02.07-14.30.43:939][  0]LogConfig: Setting CVar [[r.TranslucencyLightingVolumeDim:64]]
[2023.02.07-14.30.43:939][  0]LogConfig: Setting CVar [[r.RefractionQuality:2]]
[2023.02.07-14.30.43:939][  0]LogConfig: Setting CVar [[r.SSR.Quality:3]]
[2023.02.07-14.30.43:939][  0]LogConfig: Setting CVar [[r.SSR.HalfResSceneColor:0]]
[2023.02.07-14.30.43:939][  0]LogConfig: Setting CVar [[r.SceneColorFormat:4]]
[2023.02.07-14.30.43:939][  0]LogConfig: Setting CVar [[r.DetailMode:2]]
[2023.02.07-14.30.43:939][  0]LogConfig: Setting CVar [[r.TranslucencyVolumeBlur:1]]
[2023.02.07-14.30.43:939][  0]LogConfig: Setting CVar [[r.MaterialQualityLevel:1 ; High quality]]
[2023.02.07-14.30.43:939][  0]LogConfig: Setting CVar [[r.AnisotropicMaterials:1]]
[2023.02.07-14.30.43:939][  0]LogConfig: Setting CVar [[r.SSS.Scale:1]]
[2023.02.07-14.30.43:939][  0]LogConfig: Setting CVar [[r.SSS.SampleSet:2]]
[2023.02.07-14.30.43:939][  0]LogConfig: Setting CVar [[r.SSS.Quality:1]]
[2023.02.07-14.30.43:939][  0]LogConfig: Setting CVar [[r.SSS.HalfRes:0]]
[2023.02.07-14.30.43:939][  0]LogConfig: Setting CVar [[r.SSGI.Quality:3]]
[2023.02.07-14.30.43:939][  0]LogConfig: Setting CVar [[r.EmitterSpawnRateScale:1.0]]
[2023.02.07-14.30.43:939][  0]LogConfig: Setting CVar [[r.ParticleLightQuality:2]]
[2023.02.07-14.30.43:939][  0]LogConfig: Setting CVar [[r.SkyAtmosphere.AerialPerspectiveLUT.FastApplyOnOpaque:1 ; Always have FastSkyLUT 1 in this case to avoid wrong sky]]
[2023.02.07-14.30.43:939][  0]LogConfig: Setting CVar [[r.SkyAtmosphere.AerialPerspectiveLUT.SampleCountMaxPerSlice:4]]
[2023.02.07-14.30.43:939][  0]LogConfig: Setting CVar [[r.SkyAtmosphere.AerialPerspectiveLUT.DepthResolution:16.0]]
[2023.02.07-14.30.43:939][  0]LogConfig: Setting CVar [[r.SkyAtmosphere.FastSkyLUT:1]]
[2023.02.07-14.30.43:939][  0]LogConfig: Setting CVar [[r.SkyAtmosphere.FastSkyLUT.SampleCountMin:4.0]]
[2023.02.07-14.30.43:939][  0]LogConfig: Setting CVar [[r.SkyAtmosphere.FastSkyLUT.SampleCountMax:128.0]]
[2023.02.07-14.30.43:939][  0]LogConfig: Setting CVar [[r.SkyAtmosphere.SampleCountMin:4.0]]
[2023.02.07-14.30.43:939][  0]LogConfig: Setting CVar [[r.SkyAtmosphere.SampleCountMax:128.0]]
[2023.02.07-14.30.43:939][  0]LogConfig: Setting CVar [[r.SkyAtmosphere.TransmittanceLUT.UseSmallFormat:0]]
[2023.02.07-14.30.43:939][  0]LogConfig: Setting CVar [[r.SkyAtmosphere.TransmittanceLUT.SampleCount:10.0]]
[2023.02.07-14.30.43:939][  0]LogConfig: Setting CVar [[r.SkyAtmosphere.MultiScatteringLUT.SampleCount:15.0]]
[2023.02.07-14.30.43:939][  0]LogConfig: Setting CVar [[r.SkyLight.RealTimeReflectionCapture:1]]
[2023.02.07-14.30.43:939][  0]LogConfig: Applying CVar settings from Section [FoliageQuality@3] File [D:/AdvancedGE/AdvancedGE/Saved/Config/Windows/Scalability.ini]
[2023.02.07-14.30.43:939][  0]LogConfig: Setting CVar [[foliage.DensityScale:1.0]]
[2023.02.07-14.30.43:939][  0]LogConfig: Setting CVar [[grass.DensityScale:1.0]]
[2023.02.07-14.30.43:939][  0]LogConfig: Applying CVar settings from Section [ShadingQuality@3] File [D:/AdvancedGE/AdvancedGE/Saved/Config/Windows/Scalability.ini]
[2023.02.07-14.30.43:939][  0]LogConfig: Setting CVar [[r.HairStrands.SkyLighting.IntegrationType:2]]
[2023.02.07-14.30.43:939][  0]LogConfig: Setting CVar [[r.HairStrands.SkyAO.SampleCount:4]]
[2023.02.07-14.30.43:939][  0]LogConfig: Setting CVar [[r.HairStrands.Visibility.MSAA.SamplePerPixel:4]]
[2023.02.07-14.30.43:939][  0]LogInit: Selected Device Profile: [Windows]
[2023.02.07-14.30.43:939][  0]LogInit: Applying CVar settings loaded from the selected device profile: [Windows]
[2023.02.07-14.30.43:939][  0]LogHAL: Display: Platform has ~ 16 GB [16475455488 / 17179869184 / 16], which maps to Larger [LargestMinGB=32, LargerMinGB=12, DefaultMinGB=8, SmallerMinGB=6, SmallestMinGB=0)
[2023.02.07-14.30.43:939][  0]LogInit: Going up to parent DeviceProfile []
[2023.02.07-14.30.43:939][  0]LogConfig: Applying CVar settings from Section [ViewDistanceQuality@3] File [D:/AdvancedGE/AdvancedGE/Saved/Config/Windows/Scalability.ini]
[2023.02.07-14.30.43:939][  0]LogConfig: Setting CVar [[r.SkeletalMeshLODBias:0]]
[2023.02.07-14.30.43:939][  0]LogConfig: Setting CVar [[r.ViewDistanceScale:1.0]]
[2023.02.07-14.30.43:939][  0]LogConfig: Applying CVar settings from Section [AntiAliasingQuality@3] File [D:/AdvancedGE/AdvancedGE/Saved/Config/Windows/Scalability.ini]
[2023.02.07-14.30.43:939][  0]LogConfig: Setting CVar [[r.PostProcessAAQuality:4]]
[2023.02.07-14.30.43:940][  0]LogConfig: Applying CVar settings from Section [ShadowQuality@3] File [D:/AdvancedGE/AdvancedGE/Saved/Config/Windows/Scalability.ini]
[2023.02.07-14.30.43:940][  0]LogConfig: Setting CVar [[r.LightFunctionQuality:1]]
[2023.02.07-14.30.43:940][  0]LogConfig: Setting CVar [[r.ShadowQuality:5]]
[2023.02.07-14.30.43:940][  0]LogConfig: Setting CVar [[r.Shadow.CSM.MaxCascades:10]]
[2023.02.07-14.30.43:940][  0]LogConfig: Setting CVar [[r.Shadow.MaxResolution:2048]]
[2023.02.07-14.30.43:940][  0]LogConfig: Setting CVar [[r.Shadow.MaxCSMResolution:2048]]
[2023.02.07-14.30.43:940][  0]LogConfig: Setting CVar [[r.Shadow.RadiusThreshold:0.01]]
[2023.02.07-14.30.43:940][  0]LogConfig: Setting CVar [[r.Shadow.DistanceScale:1.0]]
[2023.02.07-14.30.43:940][  0]LogConfig: Setting CVar [[r.Shadow.CSM.TransitionScale:1.0]]
[2023.02.07-14.30.43:940][  0]LogConfig: Setting CVar [[r.Shadow.PreShadowResolutionFactor:1.0]]
[2023.02.07-14.30.43:940][  0]LogConfig: Setting CVar [[r.DistanceFieldShadowing:1]]
[2023.02.07-14.30.43:940][  0]LogConfig: Setting CVar [[r.DistanceFieldAO:1]]
[2023.02.07-14.30.43:940][  0]LogConfig: Setting CVar [[r.AOQuality:2]]
[2023.02.07-14.30.43:940][  0]LogConfig: Setting CVar [[r.VolumetricFog:1]]
[2023.02.07-14.30.43:940][  0]LogConfig: Setting CVar [[r.VolumetricFog.GridPixelSize:8]]
[2023.02.07-14.30.43:940][  0]LogConfig: Setting CVar [[r.VolumetricFog.GridSizeZ:128]]
[2023.02.07-14.30.43:940][  0]LogConfig: Setting CVar [[r.VolumetricFog.HistoryMissSupersampleCount:4]]
[2023.02.07-14.30.43:940][  0]LogConfig: Setting CVar [[r.LightMaxDrawDistanceScale:1]]
[2023.02.07-14.30.43:940][  0]LogConfig: Setting CVar [[r.CapsuleShadows:1]]
[2023.02.07-14.30.43:940][  0]LogConfig: Applying CVar settings from Section [PostProcessQuality@3] File [D:/AdvancedGE/AdvancedGE/Saved/Config/Windows/Scalability.ini]
[2023.02.07-14.30.43:940][  0]LogConfig: Setting CVar [[r.MotionBlurQuality:4]]
[2023.02.07-14.30.43:940][  0]LogConfig: Setting CVar [[r.AmbientOcclusionMipLevelFactor:0.4]]
[2023.02.07-14.30.43:940][  0]LogConfig: Setting CVar [[r.AmbientOcclusionMaxQuality:100]]
[2023.02.07-14.30.43:940][  0]LogConfig: Setting CVar [[r.AmbientOcclusionLevels:-1]]
[2023.02.07-14.30.43:940][  0]LogConfig: Setting CVar [[r.AmbientOcclusionRadiusScale:1.0]]
[2023.02.07-14.30.43:940][  0]LogConfig: Setting CVar [[r.DepthOfFieldQuality:2]]
[2023.02.07-14.30.43:940][  0]LogConfig: Setting CVar [[r.RenderTargetPoolMin:400]]
[2023.02.07-14.30.43:940][  0]LogConfig: Setting CVar [[r.LensFlareQuality:2]]
[2023.02.07-14.30.43:940][  0]LogConfig: Setting CVar [[r.SceneColorFringeQuality:1]]
[2023.02.07-14.30.43:940][  0]LogConfig: Setting CVar [[r.EyeAdaptationQuality:2]]
[2023.02.07-14.30.43:940][  0]LogConfig: Setting CVar [[r.BloomQuality:5]]
[2023.02.07-14.30.43:940][  0]LogConfig: Setting CVar [[r.FastBlurThreshold:100]]
[2023.02.07-14.30.43:940][  0]LogConfig: Setting CVar [[r.Upscale.Quality:3]]
[2023.02.07-14.30.43:940][  0]LogConfig: Setting CVar [[r.Tonemapper.GrainQuantization:1]]
[2023.02.07-14.30.43:940][  0]LogConfig: Setting CVar [[r.LightShaftQuality:1]]
[2023.02.07-14.30.43:940][  0]LogConfig: Setting CVar [[r.Filter.SizeScale:1]]
[2023.02.07-14.30.43:940][  0]LogConfig: Setting CVar [[r.Tonemapper.Quality:5]]
[2023.02.07-14.30.43:940][  0]LogConfig: Setting CVar [[r.DOF.Gather.AccumulatorQuality:1        ; higher gathering accumulator quality]]
[2023.02.07-14.30.43:940][  0]LogConfig: Setting CVar [[r.DOF.Gather.PostfilterMethod:1          ; Median3x3 postfilering method]]
[2023.02.07-14.30.43:940][  0]LogConfig: Setting CVar [[r.DOF.Gather.EnableBokehSettings:0       ; no bokeh simulation when gathering]]
[2023.02.07-14.30.43:940][  0]LogConfig: Setting CVar [[r.DOF.Gather.RingCount:4                 ; medium number of samples when gathering]]
[2023.02.07-14.30.43:940][  0]LogConfig: Setting CVar [[r.DOF.Scatter.ForegroundCompositing:1    ; additive foreground scattering]]
[2023.02.07-14.30.43:940][  0]LogConfig: Setting CVar [[r.DOF.Scatter.BackgroundCompositing:2    ; additive background scattering]]
[2023.02.07-14.30.43:940][  0]LogConfig: Setting CVar [[r.DOF.Scatter.EnableBokehSettings:1      ; bokeh simulation when scattering]]
[2023.02.07-14.30.43:940][  0]LogConfig: Setting CVar [[r.DOF.Scatter.MaxSpriteRatio:0.1         ; only a maximum of 10% of scattered bokeh]]
[2023.02.07-14.30.43:940][  0]LogConfig: Setting CVar [[r.DOF.Recombine.Quality:1                ; cheap slight out of focus]]
[2023.02.07-14.30.43:940][  0]LogConfig: Setting CVar [[r.DOF.Recombine.EnableBokehSettings:0    ; no bokeh simulation on slight out of focus]]
[2023.02.07-14.30.43:940][  0]LogConfig: Setting CVar [[r.DOF.TemporalAAQuality:1                ; more stable temporal accumulation]]
[2023.02.07-14.30.43:940][  0]LogConfig: Setting CVar [[r.DOF.Kernel.MaxForegroundRadius:0.025]]
[2023.02.07-14.30.43:940][  0]LogConfig: Setting CVar [[r.DOF.Kernel.MaxBackgroundRadius:0.025]]
[2023.02.07-14.30.43:940][  0]LogConfig: Applying CVar settings from Section [TextureQuality@3] File [D:/AdvancedGE/AdvancedGE/Saved/Config/Windows/Scalability.ini]
[2023.02.07-14.30.43:940][  0]LogConfig: Setting CVar [[r.Streaming.MipBias:0]]
[2023.02.07-14.30.43:940][  0]LogConfig: Setting CVar [[r.Streaming.AmortizeCPUToGPUCopy:0]]
[2023.02.07-14.30.43:940][  0]LogConfig: Setting CVar [[r.Streaming.MaxNumTexturesToStreamPerFrame:0]]
[2023.02.07-14.30.43:940][  0]LogConfig: Setting CVar [[r.Streaming.Boost:1]]
[2023.02.07-14.30.43:940][  0]LogConfig: Setting CVar [[r.MaxAnisotropy:8]]
[2023.02.07-14.30.43:940][  0]LogConfig: Setting CVar [[r.VT.MaxAnisotropy:8]]
[2023.02.07-14.30.43:940][  0]LogConfig: Setting CVar [[r.Streaming.LimitPoolSizeToVRAM:0]]
[2023.02.07-14.30.43:940][  0]LogConfig: Setting CVar [[r.Streaming.PoolSize:1000]]
[2023.02.07-14.30.43:940][  0]LogConfig: Setting CVar [[r.Streaming.MaxEffectiveScreenSize:0]]
[2023.02.07-14.30.43:940][  0]LogConfig: Applying CVar settings from Section [EffectsQuality@3] File [D:/AdvancedGE/AdvancedGE/Saved/Config/Windows/Scalability.ini]
[2023.02.07-14.30.43:940][  0]LogConfig: Setting CVar [[r.TranslucencyLightingVolumeDim:64]]
[2023.02.07-14.30.43:940][  0]LogConfig: Setting CVar [[r.RefractionQuality:2]]
[2023.02.07-14.30.43:940][  0]LogConfig: Setting CVar [[r.SSR.Quality:3]]
[2023.02.07-14.30.43:940][  0]LogConfig: Setting CVar [[r.SSR.HalfResSceneColor:0]]
[2023.02.07-14.30.43:940][  0]LogConfig: Setting CVar [[r.SceneColorFormat:4]]
[2023.02.07-14.30.43:940][  0]LogConfig: Setting CVar [[r.DetailMode:2]]
[2023.02.07-14.30.43:940][  0]LogConfig: Setting CVar [[r.TranslucencyVolumeBlur:1]]
[2023.02.07-14.30.43:940][  0]LogConfig: Setting CVar [[r.MaterialQualityLevel:1 ; High quality]]
[2023.02.07-14.30.43:940][  0]LogConfig: Setting CVar [[r.AnisotropicMaterials:1]]
[2023.02.07-14.30.43:940][  0]LogConfig: Setting CVar [[r.SSS.Scale:1]]
[2023.02.07-14.30.43:940][  0]LogConfig: Setting CVar [[r.SSS.SampleSet:2]]
[2023.02.07-14.30.43:940][  0]LogConfig: Setting CVar [[r.SSS.Quality:1]]
[2023.02.07-14.30.43:940][  0]LogConfig: Setting CVar [[r.SSS.HalfRes:0]]
[2023.02.07-14.30.43:940][  0]LogConfig: Setting CVar [[r.SSGI.Quality:3]]
[2023.02.07-14.30.43:940][  0]LogConfig: Setting CVar [[r.EmitterSpawnRateScale:1.0]]
[2023.02.07-14.30.43:940][  0]LogConfig: Setting CVar [[r.ParticleLightQuality:2]]
[2023.02.07-14.30.43:940][  0]LogConfig: Setting CVar [[r.SkyAtmosphere.AerialPerspectiveLUT.FastApplyOnOpaque:1 ; Always have FastSkyLUT 1 in this case to avoid wrong sky]]
[2023.02.07-14.30.43:940][  0]LogConfig: Setting CVar [[r.SkyAtmosphere.AerialPerspectiveLUT.SampleCountMaxPerSlice:4]]
[2023.02.07-14.30.43:940][  0]LogConfig: Setting CVar [[r.SkyAtmosphere.AerialPerspectiveLUT.DepthResolution:16.0]]
[2023.02.07-14.30.43:940][  0]LogConfig: Setting CVar [[r.SkyAtmosphere.FastSkyLUT:1]]
[2023.02.07-14.30.43:940][  0]LogConfig: Setting CVar [[r.SkyAtmosphere.FastSkyLUT.SampleCountMin:4.0]]
[2023.02.07-14.30.43:940][  0]LogConfig: Setting CVar [[r.SkyAtmosphere.FastSkyLUT.SampleCountMax:128.0]]
[2023.02.07-14.30.43:940][  0]LogConfig: Setting CVar [[r.SkyAtmosphere.SampleCountMin:4.0]]
[2023.02.07-14.30.43:940][  0]LogConfig: Setting CVar [[r.SkyAtmosphere.SampleCountMax:128.0]]
[2023.02.07-14.30.43:940][  0]LogConfig: Setting CVar [[r.SkyAtmosphere.TransmittanceLUT.UseSmallFormat:0]]
[2023.02.07-14.30.43:940][  0]LogConfig: Setting CVar [[r.SkyAtmosphere.TransmittanceLUT.SampleCount:10.0]]
[2023.02.07-14.30.43:940][  0]LogConfig: Setting CVar [[r.SkyAtmosphere.MultiScatteringLUT.SampleCount:15.0]]
[2023.02.07-14.30.43:940][  0]LogConfig: Setting CVar [[r.SkyLight.RealTimeReflectionCapture:1]]
[2023.02.07-14.30.43:940][  0]LogConfig: Applying CVar settings from Section [FoliageQuality@3] File [D:/AdvancedGE/AdvancedGE/Saved/Config/Windows/Scalability.ini]
[2023.02.07-14.30.43:940][  0]LogConfig: Setting CVar [[foliage.DensityScale:1.0]]
[2023.02.07-14.30.43:940][  0]LogConfig: Setting CVar [[grass.DensityScale:1.0]]
[2023.02.07-14.30.43:940][  0]LogConfig: Applying CVar settings from Section [ShadingQuality@3] File [D:/AdvancedGE/AdvancedGE/Saved/Config/Windows/Scalability.ini]
[2023.02.07-14.30.43:940][  0]LogConfig: Setting CVar [[r.HairStrands.SkyLighting.IntegrationType:2]]
[2023.02.07-14.30.43:940][  0]LogConfig: Setting CVar [[r.HairStrands.SkyAO.SampleCount:4]]
[2023.02.07-14.30.43:940][  0]LogConfig: Setting CVar [[r.HairStrands.Visibility.MSAA.SamplePerPixel:4]]
[2023.02.07-14.30.43:940][  0]LogConfig: Applying CVar settings from Section [Startup] File [../../../Engine/Config/ConsoleVariables.ini]
[2023.02.07-14.30.43:944][  0]LogConfig: Setting CVar [[net.UseAdaptiveNetUpdateFrequency:0]]
[2023.02.07-14.30.43:944][  0]LogConfig: Setting CVar [[p.chaos.AllowCreatePhysxBodies:1]]
[2023.02.07-14.30.43:944][  0]LogConfig: Setting CVar [[fx.SkipVectorVMBackendOptimizations:1]]
[2023.02.07-14.30.43:944][  0]LogConfig: Applying CVar settings from Section [ConsoleVariables] File [D:/AdvancedGE/AdvancedGE/Saved/Config/Windows/Engine.ini]
[2023.02.07-14.30.43:944][  0]LogConfig: Applying CVar settings from Section [ConsoleVariables] File [D:/AdvancedGE/AdvancedGE/Saved/Config/Windows/Editor.ini]
[2023.02.07-14.30.43:944][  0]LogInit: Computer: GWHXX631WIN015W
[2023.02.07-14.30.43:944][  0]LogInit: User: p2594533
[2023.02.07-14.30.43:944][  0]LogInit: CPU Page size=4096, Cores=8
[2023.02.07-14.30.43:944][  0]LogInit: High frequency timer resolution =10.000000 MHz
[2023.02.07-14.30.43:944][  0]LogMemory: Memory total: Physical=15.3GB (16GB approx)
[2023.02.07-14.30.43:944][  0]LogMemory: Platform Memory Stats for Windows
[2023.02.07-14.30.43:944][  0]LogMemory: Process Physical Memory: 148.36 MB used, 148.36 MB peak
[2023.02.07-14.30.43:944][  0]LogMemory: Process Virtual Memory: 129.82 MB used, 129.82 MB peak
[2023.02.07-14.30.43:944][  0]LogMemory: Physical Memory: 6089.05 MB used,  9623.17 MB free, 15712.22 MB total
[2023.02.07-14.30.43:944][  0]LogMemory: Virtual Memory: 134208408.00 MB used,  9316.30 MB free, 134217728.00 MB total
[2023.02.07-14.30.43:948][  0]LogWindows: WindowsPlatformFeatures enabled
[2023.02.07-14.30.43:992][  0]LogInit: Physics initialised using underlying interface: PhysX
[2023.02.07-14.30.43:993][  0]LogInit: Using OS detected language (en-US).
[2023.02.07-14.30.43:993][  0]LogInit: Using OS detected locale (en-GB).
[2023.02.07-14.30.43:998][  0]LogTextLocalizationManager: No specific localization for 'en-US' exists, so the 'en' localization will be used.
[2023.02.07-14.30.44:154][  0]LogInit: Setting process to per monitor DPI aware
[2023.02.07-14.30.44:167][  0]LogWindowsTextInputMethodSystem: Display: IME system deactivated.
[2023.02.07-14.30.44:189][  0]LogSlate: New Slate User Created.  User Index 0, Is Virtual User: 0
[2023.02.07-14.30.44:189][  0]LogSlate: Slate User Registered.  User Index 0, Is Virtual User: 0
[2023.02.07-14.30.45:024][  0]LogD3D11RHI: Loaded GFSDK_Aftermath_Lib.x64.dll
[2023.02.07-14.30.45:026][  0]LogHMD: Failed to initialize OpenVR with code 110
[2023.02.07-14.30.45:026][  0]LogD3D11RHI: D3D11 min allowed feature level: 11_0
[2023.02.07-14.30.45:027][  0]LogD3D11RHI: D3D11 max allowed feature level: 11_0
[2023.02.07-14.30.45:027][  0]LogD3D11RHI: D3D11 adapters:
[2023.02.07-14.30.45:125][  0]LogD3D11RHI:    0. 'NVIDIA GeForce RTX 2060 SUPER' (Feature Level 11_0)
[2023.02.07-14.30.45:125][  0]LogD3D11RHI:       8031/0/7856 MB DedicatedVideo/DedicatedSystem/SharedSystem, Outputs:2, VendorId:0x10de
[2023.02.07-14.30.45:227][  0]LogD3D11RHI:    1. 'Intel(R) UHD Graphics 630' (Feature Level 11_0)
[2023.02.07-14.30.45:227][  0]LogD3D11RHI:       128/0/7856 MB DedicatedVideo/DedicatedSystem/SharedSystem, Outputs:0, VendorId:0x8086
[2023.02.07-14.30.45:229][  0]LogD3D11RHI:    2. 'Microsoft Basic Render Driver' (Feature Level 11_0)
[2023.02.07-14.30.45:229][  0]LogD3D11RHI:       0/0/7856 MB DedicatedVideo/DedicatedSystem/SharedSystem, Outputs:0, VendorId:0x1414
[2023.02.07-14.30.45:229][  0]LogD3D11RHI: Chosen D3D11 Adapter:
[2023.02.07-14.30.45:229][  0]LogD3D11RHI:     Description : NVIDIA GeForce RTX 2060 SUPER
[2023.02.07-14.30.45:229][  0]LogD3D11RHI:     VendorId    : 10de
[2023.02.07-14.30.45:229][  0]LogD3D11RHI:     DeviceId    : 1f06
[2023.02.07-14.30.45:229][  0]LogD3D11RHI:     SubSysId    : 6905103c
[2023.02.07-14.30.45:229][  0]LogD3D11RHI:     Revision    : 00a1
[2023.02.07-14.30.45:229][  0]LogD3D11RHI:     DedicatedVideoMemory : 8421113856 bytes
[2023.02.07-14.30.45:229][  0]LogD3D11RHI:     DedicatedSystemMemory : 0 bytes
[2023.02.07-14.30.45:229][  0]LogD3D11RHI:     SharedSystemMemory : 8237727744 bytes
[2023.02.07-14.30.45:229][  0]LogD3D11RHI:     AdapterLuid : 0 70554
[2023.02.07-14.30.45:235][  0]LogD3D11RHI: Creating new Direct3DDevice
[2023.02.07-14.30.45:235][  0]LogD3D11RHI:     GPU DeviceId: 0x1f06 (for the marketing name, search the web for "GPU Device Id")
[2023.02.07-14.30.45:235][  0]LogWindows: EnumDisplayDevices:
[2023.02.07-14.30.45:235][  0]LogWindows:    0. 'NVIDIA GeForce RTX 2060 SUPER' (P:1 D:1)
[2023.02.07-14.30.45:235][  0]LogWindows:    1. 'NVIDIA GeForce RTX 2060 SUPER' (P:0 D:1)
[2023.02.07-14.30.45:235][  0]LogWindows:    2. 'NVIDIA GeForce RTX 2060 SUPER' (P:0 D:0)
[2023.02.07-14.30.45:235][  0]LogWindows:    3. 'NVIDIA GeForce RTX 2060 SUPER' (P:0 D:0)
[2023.02.07-14.30.45:236][  0]LogWindows:    4. 'Intel(R) UHD Graphics 630' (P:0 D:0)
[2023.02.07-14.30.45:236][  0]LogWindows:    5. 'Intel(R) UHD Graphics 630' (P:0 D:0)
[2023.02.07-14.30.45:236][  0]LogWindows:    6. 'Intel(R) UHD Graphics 630' (P:0 D:0)
[2023.02.07-14.30.45:236][  0]LogWindows: DebugString: PrimaryIsNotTheChoosenAdapter PrimaryIsNotTheChoosenAdapter PrimaryIsNotTheChoosenAdapter FoundDriverCount:4 
[2023.02.07-14.30.45:236][  0]LogD3D11RHI:     Adapter Name: NVIDIA GeForce RTX 2060 SUPER
[2023.02.07-14.30.45:236][  0]LogD3D11RHI:   Driver Version: 512.15 (internal:30.0.15.1215, unified:512.15)
[2023.02.07-14.30.45:236][  0]LogD3D11RHI:      Driver Date: 3-17-2022
[2023.02.07-14.30.45:236][  0]LogRHI: Texture pool is 5621 MB (70% of 8031 MB)
[2023.02.07-14.30.45:236][  0]LogD3D11RHI: Creating D3DDevice using adapter:
[2023.02.07-14.30.45:236][  0]LogD3D11RHI:     Description : NVIDIA GeForce RTX 2060 SUPER
[2023.02.07-14.30.45:236][  0]LogD3D11RHI:     VendorId    : 10de
[2023.02.07-14.30.45:236][  0]LogD3D11RHI:     DeviceId    : 1f06
[2023.02.07-14.30.45:236][  0]LogD3D11RHI:     SubSysId    : 6905103c
[2023.02.07-14.30.45:236][  0]LogD3D11RHI:     Revision    : 00a1
[2023.02.07-14.30.45:236][  0]LogD3D11RHI:     DedicatedVideoMemory : 8421113856 bytes
[2023.02.07-14.30.45:236][  0]LogD3D11RHI:     DedicatedSystemMemory : 0 bytes
[2023.02.07-14.30.45:236][  0]LogD3D11RHI:     SharedSystemMemory : 8237727744 bytes
[2023.02.07-14.30.45:236][  0]LogD3D11RHI:     AdapterLuid : 0 70554
[2023.02.07-14.30.45:300][  0]LogD3D11RHI: RHI has support for 64 bit atomics
[2023.02.07-14.30.45:300][  0]LogD3D11RHI: Async texture creation enabled
[2023.02.07-14.30.45:300][  0]LogD3D11RHI: Array index from any shader is supported
[2023.02.07-14.30.45:313][  0]LogD3D11RHI: GPU Timing Frequency: 1000.000000 (Debug: 2 1)
[2023.02.07-14.30.45:368][  0]LogRHI: GeForceNow SDK initialized: 1
[2023.02.07-14.30.45:659][  0]LogTargetPlatformManager: Display: Loaded TargetPlatform 'AllDesktop'
[2023.02.07-14.30.45:677][  0]LogTargetPlatformManager: Display: Loaded TargetPlatform 'Android'
[2023.02.07-14.30.45:677][  0]LogTargetPlatformManager: Display: Loaded TargetPlatform 'Android_ASTC'
[2023.02.07-14.30.45:677][  0]LogTargetPlatformManager: Display: Loaded TargetPlatform 'Android_DXT'
[2023.02.07-14.30.45:677][  0]LogTargetPlatformManager: Display: Loaded TargetPlatform 'Android_ETC2'
[2023.02.07-14.30.45:677][  0]LogTargetPlatformManager: Display: Loaded TargetPlatform 'AndroidClient'
[2023.02.07-14.30.45:677][  0]LogTargetPlatformManager: Display: Loaded TargetPlatform 'Android_ASTCClient'
[2023.02.07-14.30.45:677][  0]LogTargetPlatformManager: Display: Loaded TargetPlatform 'Android_DXTClient'
[2023.02.07-14.30.45:677][  0]LogTargetPlatformManager: Display: Loaded TargetPlatform 'Android_ETC2Client'
[2023.02.07-14.30.45:677][  0]LogTargetPlatformManager: Display: Loaded TargetPlatform 'Android_Multi'
[2023.02.07-14.30.45:677][  0]LogTargetPlatformManager: Display: Loaded TargetPlatform 'Android_MultiClient'
[2023.02.07-14.30.45:694][  0]LogTargetPlatformManager: Display: Loaded TargetPlatform 'IOSClient'
[2023.02.07-14.30.45:694][  0]LogTargetPlatformManager: Display: Loaded TargetPlatform 'IOS'
[2023.02.07-14.30.45:706][  0]LogTargetPlatformManager: Display: Loaded TargetPlatform 'Linux'
[2023.02.07-14.30.45:710][  0]LogTargetPlatformManager: Display: Loaded TargetPlatform 'LinuxNoEditor'
[2023.02.07-14.30.45:714][  0]LogTargetPlatformManager: Display: Loaded TargetPlatform 'LinuxClient'
[2023.02.07-14.30.45:718][  0]LogTargetPlatformManager: Display: Loaded TargetPlatform 'LinuxServer'
[2023.02.07-14.30.45:728][  0]LogTargetPlatformManager: Display: Loaded TargetPlatform 'LinuxAArch64NoEditor'
[2023.02.07-14.30.45:731][  0]LogTargetPlatformManager: Display: Loaded TargetPlatform 'LinuxAArch64Client'
[2023.02.07-14.30.45:735][  0]LogTargetPlatformManager: Display: Loaded TargetPlatform 'LinuxAArch64Server'
[2023.02.07-14.30.45:760][  0]LogTargetPlatformManager: Display: Loaded TargetPlatform 'Lumin'
[2023.02.07-14.30.45:760][  0]LogTargetPlatformManager: Display: Loaded TargetPlatform 'LuminClient'
[2023.02.07-14.30.45:770][  0]LogTargetPlatformManager: Display: Loaded TargetPlatform 'MacNoEditor'
[2023.02.07-14.30.45:774][  0]LogTargetPlatformManager: Display: Loaded TargetPlatform 'Mac'
[2023.02.07-14.30.45:778][  0]LogTargetPlatformManager: Display: Loaded TargetPlatform 'MacClient'
[2023.02.07-14.30.45:782][  0]LogTargetPlatformManager: Display: Loaded TargetPlatform 'MacServer'
[2023.02.07-14.30.45:791][  0]LogTargetPlatformManager: Display: Loaded TargetPlatform 'TVOSClient'
[2023.02.07-14.30.45:791][  0]LogTargetPlatformManager: Display: Loaded TargetPlatform 'TVOS'
[2023.02.07-14.30.45:800][  0]LogTargetPlatformManager: Display: Loaded TargetPlatform 'WindowsNoEditor'
[2023.02.07-14.30.45:804][  0]LogTargetPlatformManager: Display: Loaded TargetPlatform 'Windows'
[2023.02.07-14.30.45:809][  0]LogTargetPlatformManager: Display: Loaded TargetPlatform 'WindowsClient'
[2023.02.07-14.30.45:812][  0]LogTargetPlatformManager: Display: Loaded TargetPlatform 'WindowsServer'
[2023.02.07-14.30.45:812][  0]LogTargetPlatformManager: Display: Building Assets For Windows
[2023.02.07-14.30.45:821][  0]LogAudioDebug: Display: Lib vorbis DLL was dynamically loaded.
[2023.02.07-14.30.45:861][  0]LogTextureFormatOodle: Display: Oodle Texture 2.9.0 init RDO Off
[2023.02.07-14.30.45:893][  0]LogRendererCore: Ray tracing is disabled. Reason: r.RayTracing=0.
[2023.02.07-14.30.45:893][  0]LogShaderCompilers: Guid format shader working directory is 24 characters bigger than the processId version (D:/AdvancedGE/AdvancedGE/Intermediate/Shaders/WorkingDirectory/15112/).
[2023.02.07-14.30.45:893][  0]LogShaderCompilers: Cleaned the shader compiler working directory 'C:/Users/p2594533/AppData/Local/Temp/UnrealShaderWorkingDir/FDBBC50842669539F740CEBFD7F4D460/'.
[2023.02.07-14.30.45:893][  0]LogXGEController: Cannot use XGE Controller as Incredibuild is not installed on this machine.
[2023.02.07-14.30.45:893][  0]LogShaderCompilers: Cannot use XGE Shader Compiler as Incredibuild is not installed on this machine.
[2023.02.07-14.30.45:893][  0]LogShaderCompilers: Display: Using Local Shader Compiler.
[2023.02.07-14.30.47:576][  0]LogDerivedDataCache: Display: Max Cache Size: 512 MB
[2023.02.07-14.30.47:630][  0]LogDerivedDataCache: Loaded boot cache 0.05s 96MB C:/Users/p2594533/AppData/Local/UnrealEngine/4.27/DerivedDataCache/Boot.ddc.
[2023.02.07-14.30.47:630][  0]LogDerivedDataCache: Display: Loaded Boot cache: C:/Users/p2594533/AppData/Local/UnrealEngine/4.27/DerivedDataCache/Boot.ddc
[2023.02.07-14.30.47:630][  0]LogDerivedDataCache: FDerivedDataBackendGraph:  Pak pak cache file D:/AdvancedGE/AdvancedGE/DerivedDataCache/DDC.ddp not found, will not use a pak cache.
[2023.02.07-14.30.47:630][  0]LogDerivedDataCache: Unable to find inner node Pak for hierarchical cache Hierarchy.
[2023.02.07-14.30.47:630][  0]LogDerivedDataCache: FDerivedDataBackendGraph:  CompressedPak pak cache file D:/AdvancedGE/AdvancedGE/DerivedDataCache/Compressed.ddp not found, will not use a pak cache.
[2023.02.07-14.30.47:630][  0]LogDerivedDataCache: Unable to find inner node CompressedPak for hierarchical cache Hierarchy.
[2023.02.07-14.30.47:644][  0]LogDerivedDataCache: Display: Pak cache opened for reading ../../../Engine/DerivedDataCache/Compressed.ddp.
[2023.02.07-14.30.47:644][  0]LogDerivedDataCache: FDerivedDataBackendGraph:  EnterprisePak pak cache file ../../../Enterprise/DerivedDataCache/Compressed.ddp not found, will not use a pak cache.
[2023.02.07-14.30.47:644][  0]LogDerivedDataCache: Unable to find inner node EnterprisePak for hierarchical cache Hierarchy.
[2023.02.07-14.30.47:676][  0]LogDerivedDataCache: Speed tests for C:/Users/p2594533/AppData/Local/UnrealEngine/Common/DerivedDataCache took 0.03 seconds
[2023.02.07-14.30.47:676][  0]LogDerivedDataCache: Display: Performance to C:/Users/p2594533/AppData/Local/UnrealEngine/Common/DerivedDataCache: Latency=0.03ms. RandomReadSpeed=68.14MBs, RandomWriteSpeed=53.03MBs. Assigned SpeedClass 'Local'
[2023.02.07-14.30.47:677][  0]LogDerivedDataCache: Using Local data cache path C:/Users/p2594533/AppData/Local/UnrealEngine/Common/DerivedDataCache: Writable
[2023.02.07-14.30.47:677][  0]LogDerivedDataCache: Shared data cache path not found in *engine.ini, will not use an Shared cache.
[2023.02.07-14.30.47:677][  0]LogDerivedDataCache: Unable to find inner node Shared for hierarchical cache Hierarchy.
[2023.02.07-14.30.47:712][  0]LogSlate: Using FreeType 2.10.0
[2023.02.07-14.30.47:714][  0]LogSlate: SlateFontServices - WITH_FREETYPE: 1, WITH_HARFBUZZ: 1
[2023.02.07-14.30.47:736][  0]LogAssetRegistry: FAssetRegistry took 0.0023 seconds to start up
[2023.02.07-14.30.47:929][  0]LogInit: Selected Device Profile: [Windows]
[2023.02.07-14.30.47:929][  0]LogInit: Active device profile: [0000021991601400][000002199114CA00 49] Windows
[2023.02.07-14.30.47:929][  0]LogInit: Profiles: [0000021991601400][000002199114CA00 49] Windows, [0000021992977100][000002199258EB80 49] WindowsNoEditor, [0000021991602200][0000021992592D00 49] WindowsServer, [0000021992977E00][000002199259AE80 49] WindowsClient, [0000021991602F00][000002198ECC5000 49] IOS, [0000021992975600][0000021988A51180 49] iPadAir, [0000021991603C00][0000021988A55300 49] iPadAir2, [00000219926DA600][0000021988A5D5C0 49] IPadPro, [00000219926DA700][0000021988A59600 49] iPadAir3, [0000021992974300][0000021988A61780 49] iPadAir4, [00000219926DB500][0000021988A65900 49] iPadMini2, [0000021992977500][0000021988A69A80 49] iPadMini3, [00000219926DA400][0000021988A6DC00 49] iPadMini4, [0000021992976400][0000021988A70200 49] iPadMini5, [0000021992725F00][0000021988A784C0 49] iPhone6, [0000021992726000][0000021988A74500 49] iPodTouch6, [0000021991602D00][0000021988A7C740 49] iPhone7, [0000021991601500][0000021991150780 49] iPodTouch7, [00000219926DB200][0000021988A808C0 49] iPhone5S, [0000021991602000][000002198ECC8A40 49] iPhone6Plus, [00000219926D9200][000002198ECCCBC0 49] iPhone6S, [0000021991602B00][000002198ECD0D40 49] iPhone6SPlus, [00000219926D8A00][000002198ECFAEC0 49] iPhone7Plus, [0000021991601100][000002198ED07040 49] iPhoneSE, [00000219926D8800][00000219939AB1C0 49] iPhone8, [0000021991602C00][000002198ED0B340 49] iPhone8Plus, [00000219926DB100][00000219922F54C0 49] iPhoneX, [0000021991600F00][00000219922F9640 49] iPhoneXS, [00000219926DAF00][00000219922FD7C0 49] iPhoneXSMax, [0000021991602900][0000021992571940 49] iPhoneXR, [0000021992724400][0000021992575AC0 49] iPhone11, [00000219926D9300][000002198F12C0C0 49] iPhone11Pro, [0000021992724C00][000002198F130240 49] iPhone11ProMax, [00000219926D9B00][000002198F1343C0 49] iPhoneSE2, [0000021992725400][00000219924D4540 49] iPhone12Mini, [00000219926DA300][00000219924D86C0 49] iPhone12, [0000021992725A00][0000021988A84800 49] iPhone12Pro, [00000219926DA100][00000219924E0940 49] iPhone12ProMax, [0000021992725D00][00000219924E4A80 49] iPadPro105, [00000219926D9C00][0000021992578BC0 49] iPadPro129, [0000021992727F00][0000021992580D40 49] iPadPro97, [00000219926D8400][0000021992584EC0 49] iPadPro2_129, [0000021991601D00][0000021992589040 49] iPad5, [0000021992725E00][00000219937AF1C0 49] iPad6, [00000219926D9F00][00000219937B3340 49] iPad7, [0000021992724800][0000021993D314C0 49] iPad8, [00000219926DBC00][0000021993D35640 49] iPadPro11, [0000021992724900][0000021993D777C0 49] iPadPro2_11, [00000219926D9400][0000021993D7B940 49] iPadPro3_129, [0000021992727500][0000021993DABAC0 49] iPadPro4_129, [00000219926D8D00][0000021993DAE0C0 49] AppleTV, [0000021992725000][000002198F0B0240 49] AppleTV4K, [00000219926D8100][000002198F0B43C0 49] TVOS, [0000021992724D00][000002198F0C2540 49] Mac, [00000219926DB700][0000021993D386C0 49] MacClient, [0000021992726400][000002198F0C6840 49] MacNoEditor, [00000219926D9800][000002199257C980 49] MacServer, [0000021992726D00][000002198F0CAAC0 49] Linux, [00000219926DA500][0000021993D2CC00 49] LinuxAArch64, [0000021992724B00][0000021993DA6D40 49] LinuxNoEditor, [00000219926DB400][0000021993D82EC0 49] LinuxAArch64NoEditor, [0000021992725800][0000021993D87040 49] LinuxClient, [00000219926D8300][0000021993D8B1C0 49] LinuxAArch64Client, [0000021992725200][0000021993D8F340 49] LinuxServer, [00000219926DB000][0000021993D934C0 49] LinuxAArch64Server, [0000021992726600][0000021993D97640 49] Android, [00000219926D9D00][0000021993D9B7C0 49] Android_Low, [0000021992726900][0000021993D9F940 49] Android_Mid, [00000219926D9100][0000021993DA3AC0 49] Android_High, [0000021992724300][00000219925160C0 49] Android_Default, [00000219926D8500][000002199251A240 49] Android_Adreno4xx, [0000021992725900][000002199251E3C0 49] Android_Adreno5xx_Low, [00000219926DA900][0000021992522540 49] Android_Adreno5xx, [0000021992724A00][00000219925266C0 49] Android_Adreno6xx, [00000219926DBA00][000002199252A840 49] Android_Adreno6xx_Vulkan, [0000021992727B00][000002199252E9C0 49] Android_Mali_T6xx, [00000219926D9600][0000021992532B40 49] Android_Mali_T7xx, [0000021992725C00][0000021993D7EC80 49] Android_Mali_T8xx, [00000219926D9A00][0000021992536DC0 49] Android_Mali_G71, [0000021992725100][000002199253AF00 49] Android_Mali_G72, [00000219926D8900][0000021992543080 49] Android_Mali_G72_Vulkan, [0000021992724F00][0000021992547200 49] Android_Mali_G76, [00000219926DAC00][000002199254B380 49] Android_Mali_G76_Vulkan, [0000021992725300][000002199254F500 49] Android_Mali_G77, [00000219926D9000][0000021992553680 49] Android_Mali_G77_Vulkan, [0000021992726A00][0000021992557800 49] Android_Mali_G78, [00000219926D8C00][000002199255B980 49] Android_Mali_G78_Vulkan, [0000021992726800][000002199255FB00 49] Android_Mali_G710, [00000219926D8700][0000021992562100 49] Android_Mali_G710_Vulkan, [0000021992976500][0000021992566280 49] Android_Vulkan_SM5, [0000021991600E00][000002199256A400 49] Android_PowerVR_G6xxx, [0000021992974B00][0000021992466580 49] Android_PowerVR_GT7xxx, [0000021991600400][000002199246A700 49] Android_PowerVR_GE8xxx, [0000021992977B00][000002199246E880 49] Android_PowerVR_GM9xxx, [0000021991603F00][0000021992472A00 49] Android_PowerVR_GM9xxx_Vulkan, [0000021992974D00][0000021992476B80 49] Android_TegraK1, [0000021991602A00][000002199247AD00 49] Android_Unknown_Vulkan, [0000021992975700][000002199253EE40 49] Lumin, [0000021991603400][000002199247EF80 49] Lumin_Desktop, [0000021992974400][00000219924830C0 49] HoloLens, 
[2023.02.07-14.30.48:059][  0]LogMeshReduction: Using QuadricMeshReduction for automatic static mesh reduction
[2023.02.07-14.30.48:059][  0]LogMeshReduction: Using SimplygonMeshReduction for automatic skeletal mesh reduction
[2023.02.07-14.30.48:059][  0]LogMeshReduction: Using ProxyLODMeshReduction for automatic mesh merging
[2023.02.07-14.30.48:059][  0]LogMeshReduction: No distributed automatic mesh merging module available
[2023.02.07-14.30.48:059][  0]LogMeshMerging: No distributed automatic mesh merging module available
[2023.02.07-14.30.48:082][  0]LogNetVersion: AdvancedGE 1.0.0, NetCL: 17155196, EngineNetVer: 17, GameNetVer: 0 (Checksum: 3809250435)
[2023.02.07-14.30.48:684][  0]LogTexture: Default maximum texture size for cubemaps generated from long-lat sources has been changed from 512 to unlimited. In order to preserve old behaiour for '/Engine/MapTemplates/Sky/DaylightAmbientCubemap.DaylightAmbientCubemap', its maximum texture size has been explicitly set to 512.
[2023.02.07-14.30.48:747][  0]LogHMD: PokeAHoleMaterial loaded successfully
[2023.02.07-14.30.48:751][  0]LogUObjectArray: 17178 objects as part of root set at end of initial load.
[2023.02.07-14.30.48:751][  0]LogUObjectAllocator: 4302048 out of 0 bytes used by permanent object pool.
[2023.02.07-14.30.48:751][  0]LogUObjectArray: CloseDisregardForGC: 0/0 objects in disregard for GC pool
[2023.02.07-14.30.49:082][  0]LogNiagaraDebuggerClient: Niagara Debugger Client Initialized | Session: 877507F44FF6A60305165EA64D3CF2E2 | Instance: 4C38D6694226BB4A36A52697CD90B690 (GWHXX631WIN015W-15112).
[2023.02.07-14.30.49:118][  0]LogPython: Using Python 3.7.7
[2023.02.07-14.30.49:680][  0]LogTcpMessaging: Initializing TcpMessaging bridge
[2023.02.07-14.30.49:687][  0]LogUdpMessaging: Initializing bridge on interface 0.0.0.0:0 to multicast group 230.0.0.1:6666.
[2023.02.07-14.30.49:738][  0]LogOutputDevice: Warning: 

Script Stack (0 frames):

[2023.02.07-14.30.49:738][  0]LogWindows: Windows GetLastError: The operation completed successfully. (0)
[2023.02.07-14.30.51:376][  0]LogWindows: Error: === Critical error: ===
[2023.02.07-14.30.51:376][  0]LogWindows: Error: 
[2023.02.07-14.30.51:376][  0]LogWindows: Error: Fatal error: [File:D:/Build/++UE4/Sync/Engine/Source/Runtime/CoreUObject/Private/UObject/UObjectGlobals.cpp] [Line: 3344] 
[2023.02.07-14.30.51:376][  0]LogWindows: Error: Bad path name: /Game/Meshes/SphereMesh_1_.SphereMesh_1_', missing ' or an incorrect format
[2023.02.07-14.30.51:376][  0]LogWindows: Error: 
[2023.02.07-14.30.51:376][  0]LogWindows: Error: 
[2023.02.07-14.30.51:376][  0]LogWindows: Error: [Callstack] 0x00007ff8cbc1cd29 KERNELBASE.dll!UnknownFunction []
[2023.02.07-14.30.51:376][  0]LogWindows: Error: [Callstack] 0x00007ff8950f0216 UE4Editor-Core.dll!UnknownFunction []
[2023.02.07-14.30.51:376][  0]LogWindows: Error: [Callstack] 0x00007ff8950f4218 UE4Editor-Core.dll!UnknownFunction []
[2023.02.07-14.30.51:376][  0]LogWindows: Error: [Callstack] 0x00007ff894e1242d UE4Editor-Core.dll!UnknownFunction []
[2023.02.07-14.30.51:376][  0]LogWindows: Error: [Callstack] 0x00007ff895d959da UE4Editor-CoreUObject.dll!UnknownFunction []
[2023.02.07-14.30.51:376][  0]LogWindows: Error: [Callstack] 0x00007ff827895ed5 UE4Editor-AdvancedGE-5192.dll!AFPSProjectile::AFPSProjectile() [D:\AdvancedGE\AdvancedGE\Source\AdvancedGE\FPSProjectile.cpp:52]
[2023.02.07-14.30.51:376][  0]LogWindows: Error: [Callstack] 0x00007ff895a761d3 UE4Editor-CoreUObject.dll!UnknownFunction []
[2023.02.07-14.30.51:376][  0]LogWindows: Error: [Callstack] 0x00007ff895d98faf UE4Editor-CoreUObject.dll!UnknownFunction []
[2023.02.07-14.30.51:376][  0]LogWindows: Error: [Callstack] 0x00007ff895d75411 UE4Editor-CoreUObject.dll!UnknownFunction []
[2023.02.07-14.30.51:376][  0]LogWindows: Error: [Callstack] 0x00007ff895c3ddc5 UE4Editor-CoreUObject.dll!UnknownFunction []
[2023.02.07-14.30.51:376][  0]LogWindows: Error: [Callstack] 0x00007ff894e51bea UE4Editor-Core.dll!UnknownFunction []
[2023.02.07-14.30.51:376][  0]LogWindows: Error: [Callstack] 0x00007ff894e715a3 UE4Editor-Core.dll!UnknownFunction []
[2023.02.07-14.30.51:376][  0]LogWindows: Error: [Callstack] 0x00007ff8be2c6433 UE4Editor-Projects.dll!UnknownFunction []
[2023.02.07-14.30.51:376][  0]LogWindows: Error: [Callstack] 0x00007ff8be2c674f UE4Editor-Projects.dll!UnknownFunction []
[2023.02.07-14.30.51:376][  0]LogWindows: Error: [Callstack] 0x00007ff736b25642 UE4Editor.exe!UnknownFunction []
[2023.02.07-14.30.51:376][  0]LogWindows: Error: [Callstack] 0x00007ff736b29000 UE4Editor.exe!UnknownFunction []
[2023.02.07-14.30.51:376][  0]LogWindows: Error: [Callstack] 0x00007ff736b20d2c UE4Editor.exe!UnknownFunction []
[2023.02.07-14.30.51:376][  0]LogWindows: Error: [Callstack] 0x00007ff736b210ba UE4Editor.exe!UnknownFunction []
[2023.02.07-14.30.51:376][  0]LogWindows: Error: [Callstack] 0x00007ff736b240dd UE4Editor.exe!UnknownFunction []
[2023.02.07-14.30.51:376][  0]LogWindows: Error: [Callstack] 0x00007ff736b35984 UE4Editor.exe!UnknownFunction []
[2023.02.07-14.30.51:376][  0]LogWindows: Error: [Callstack] 0x00007ff736b3853a UE4Editor.exe!UnknownFunction []
[2023.02.07-14.30.51:376][  0]LogWindows: Error: [Callstack] 0x00007ff8cd077614 KERNEL32.DLL!UnknownFunction []
[2023.02.07-14.30.51:376][  0]LogWindows: Error: [Callstack] 0x00007ff8ce2026a1 ntdll.dll!UnknownFunction []
[2023.02.07-14.30.51:376][  0]LogWindows: Error: 
[2023.02.07-14.30.51:407][  0]LogExit: Executing StaticShutdownAfterError
[2023.02.07-14.30.51:408][  0]LogWindows: FPlatformMisc::RequestExit(1)
[2023.02.07-14.30.51:408][  0]LogWindows: FPlatformMisc::RequestExitWithStatus(1, 3)
[2023.02.07-14.30.51:408][  0]LogCore: Engine exit requested (reason: Win RequestExit)
[2023.02.07-14.30.51:437][  0]Log file closed, 02/07/23 14:30:51
