Log file open, 01/27/23 12:03:10
LogWindows: Failed to load 'aqProf.dll' (GetLastError=126)
LogWindows: File 'aqProf.dll' does not exist
LogWindows: Failed to load 'VtuneApi.dll' (GetLastError=126)
LogWindows: File 'VtuneApi.dll' does not exist
LogWindows: Failed to load 'VtuneApi32e.dll' (GetLastError=126)
LogWindows: File 'VtuneApi32e.dll' does not exist
LogConsoleResponse: Display: Failed to find resolution value strings in scalability ini. Falling back to default.
LogConsoleResponse: Display: Failed to find resolution value strings in scalability ini. Falling back to default.
LogInit: Display: Running engine for game: AdvancedGE
LogPlatformFile: Not using cached read wrapper
LogTaskGraph: Started task graph with 5 named threads and 47 total threads with 3 sets of task threads.
LogStats: Stats thread started at 0.237967
LogICUInternationalization: ICU TimeZone Detection - Raw Offset: +0:00, Platform Override: ''
LogInit: Display: Loading text-based GConfig....
LogPluginManager: Mounting plugin MeshPainting
LogPluginManager: Mounting plugin XGEController
LogPluginManager: Mounting plugin Paper2D
LogPluginManager: Mounting plugin AISupport
LogPluginManager: Mounting plugin EnvironmentQueryEditor
LogPluginManager: Mounting plugin LiveLink
LogPluginManager: Mounting plugin CameraShakePreviewer
LogPluginManager: Mounting plugin LightPropagationVolume
LogPluginManager: Mounting plugin AnimationSharing
LogPluginManager: Mounting plugin CodeLiteSourceCodeAccess
LogPluginManager: Mounting plugin CLionSourceCodeAccess
LogPluginManager: Mounting plugin GitSourceControl
LogPluginManager: Mounting plugin KDevelopSourceCodeAccess
LogPluginManager: Mounting plugin NullSourceCodeAccess
LogPluginManager: Mounting plugin OodleData
LogPluginManager: Mounting plugin PerforceSourceControl
LogPluginManager: Mounting plugin PlasticSourceControl
LogPluginManager: Mounting plugin PixWinPlugin
LogPluginManager: Mounting plugin PluginUtils
LogPluginManager: Mounting plugin PropertyAccessNode
LogPluginManager: Mounting plugin RiderSourceCodeAccess
LogPluginManager: Mounting plugin SubversionSourceControl
LogPluginManager: Mounting plugin TextureFormatOodle
LogPluginManager: Mounting plugin UObjectPlugin
LogPluginManager: Mounting plugin VisualStudioSourceCodeAccess
LogPluginManager: Mounting plugin XCodeSourceCodeAccess
LogPluginManager: Mounting plugin VisualStudioCodeSourceCodeAccess
LogPluginManager: Mounting plugin AlembicImporter
LogPluginManager: Mounting plugin AutomationUtils
LogPluginManager: Mounting plugin BackChannel
LogPluginManager: Mounting plugin ChaosClothEditor
LogPluginManager: Mounting plugin ChaosEditor
LogPluginManager: Mounting plugin ChaosCloth
LogPluginManager: Mounting plugin ChaosNiagara
LogPluginManager: Mounting plugin ChaosSolverPlugin
LogPluginManager: Mounting plugin CharacterAI
LogPluginManager: Mounting plugin GameplayCameras
LogPluginManager: Mounting plugin GeometryCache
LogPluginManager: Mounting plugin GeometryCollectionPlugin
LogPluginManager: Mounting plugin GeometryProcessing
LogPluginManager: Mounting plugin MotoSynth
LogPluginManager: Mounting plugin OpenImageDenoise
LogPluginManager: Mounting plugin PlanarCut
LogPluginManager: Mounting plugin Niagara
LogPluginManager: Mounting plugin PythonScriptPlugin
LogPluginManager: Mounting plugin ProxyLODPlugin
LogPluginManager: Mounting plugin PlatformCrypto
LogPluginManager: Mounting plugin SkeletalReduction
LogPluginManager: Mounting plugin LuminPlatformFeatures
LogPluginManager: Mounting plugin MagicLeap
LogPluginManager: Mounting plugin MagicLeapLightEstimation
LogPluginManager: Mounting plugin MagicLeapMedia
LogPluginManager: Mounting plugin MagicLeapPassableWorld
LogPluginManager: Mounting plugin MLSDK
LogPluginManager: Mounting plugin AndroidMedia
LogPluginManager: Mounting plugin AvfMedia
LogPluginManager: Mounting plugin MediaCompositing
LogPluginManager: Mounting plugin MediaPlayerEditor
LogPluginManager: Mounting plugin ImgMedia
LogPluginManager: Mounting plugin WebMMedia
LogPluginManager: Mounting plugin WmfMedia
LogPluginManager: Mounting plugin TcpMessaging
LogPluginManager: Mounting plugin UdpMessaging
LogPluginManager: Mounting plugin ActorSequence
LogPluginManager: Mounting plugin LevelSequenceEditor
LogPluginManager: Mounting plugin TemplateSequence
LogPluginManager: Mounting plugin OnlineSubsystem
LogPluginManager: Mounting plugin MatineeToLevelSequence
LogPluginManager: Mounting plugin OnlineSubsystemNull
LogPluginManager: Mounting plugin OnlineSubsystemUtils
LogPluginManager: Mounting plugin AndroidDeviceProfileSelector
LogPluginManager: Mounting plugin AndroidMoviePlayer
LogPluginManager: Mounting plugin AndroidPermission
LogPluginManager: Mounting plugin AppleImageUtils
LogPluginManager: Mounting plugin AppleMoviePlayer
LogPluginManager: Mounting plugin ArchVisCharacter
LogPluginManager: Mounting plugin AssetTags
LogPluginManager: Mounting plugin AudioCapture
LogPluginManager: Mounting plugin ActorLayerUtilities
LogPluginManager: Mounting plugin AudioSynesthesia
LogPluginManager: Mounting plugin CableComponent
LogPluginManager: Mounting plugin ChunkDownloader
LogPluginManager: Mounting plugin CustomMeshComponent
LogPluginManager: Mounting plugin EditableMesh
LogPluginManager: Mounting plugin ExampleDeviceProfileSelector
LogPluginManager: Mounting plugin GoogleCloudMessaging
LogPluginManager: Mounting plugin LauncherChunkInstaller
LogPluginManager: Mounting plugin IOSDeviceProfileSelector
LogPluginManager: Mounting plugin LinuxDeviceProfileSelector
LogPluginManager: Mounting plugin GooglePAD
LogPluginManager: Mounting plugin LocationServicesBPLibrary
LogPluginManager: Mounting plugin MobilePatchingUtils
LogPluginManager: Mounting plugin OpenXR
LogPluginManager: Mounting plugin OpenXRHandTracking
LogPluginManager: Mounting plugin OpenXREyeTracker
LogPluginManager: Mounting plugin PhysXVehicles
LogPluginManager: Mounting plugin ScreenshotTools
LogPluginManager: Mounting plugin Takes
LogPluginManager: Mounting plugin PostSplashScreen
LogPluginManager: Mounting plugin ProceduralMeshComponent
LogPluginManager: Mounting plugin PropertyAccessEditor
LogPluginManager: Mounting plugin SignificanceManager
LogPluginManager: Mounting plugin RuntimePhysXCooking
LogPluginManager: Mounting plugin SoundFields
LogPluginManager: Mounting plugin Synthesis
LogPluginManager: Mounting plugin WebMMoviePlayer
LogPluginManager: Mounting plugin WindowsMoviePlayer
LogPluginManager: Mounting plugin OodleNetwork
LogPluginManager: Mounting plugin CryptoKeys
LogPluginManager: Mounting plugin DataValidation
LogPluginManager: Mounting plugin CurveEditorTools
LogPluginManager: Mounting plugin FacialAnimation
LogPluginManager: Mounting plugin GameplayTagsEditor
LogPluginManager: Mounting plugin GeometryMode
LogPluginManager: Mounting plugin AssetManagerEditor
LogPluginManager: Mounting plugin MacGraphicsSwitching
LogPluginManager: Mounting plugin MobileLauncherProfileWizard
LogPluginManager: Mounting plugin MaterialAnalyzer
LogPluginManager: Mounting plugin PluginBrowser
LogPluginManager: Mounting plugin SpeedTreeImporter
LogPluginManager: Mounting plugin DatasmithContent
LogPluginManager: Mounting plugin VariantManagerContent
LogPluginManager: Mounting plugin OnlineSubsystemGooglePlay
LogPluginManager: Mounting plugin OnlineSubsystemIOS
LogPluginManager: Mounting plugin OculusVR
LogPluginManager: Mounting plugin SteamVR
LogPluginManager: Mounting plugin ContentBrowserAssetDataSource
LogPluginManager: Mounting plugin ContentBrowserClassDataSource
LogPluginManager: Mounting plugin ContentBrowserFileDataSource
PixWinPlugin: PIX capture plugin failed to initialize! Check that the process is launched from PIX.
LogInit: Using libcurl 7.55.1-DEV
LogInit:  - built for x86_64-pc-win32
LogInit:  - supports SSL with OpenSSL/1.1.1
LogInit:  - supports HTTP deflate (compression) using libz 1.2.8
LogInit:  - other features:
LogInit:      CURL_VERSION_SSL
LogInit:      CURL_VERSION_LIBZ
LogInit:      CURL_VERSION_IPV6
LogInit:      CURL_VERSION_ASYNCHDNS
LogInit:      CURL_VERSION_LARGEFILE
LogInit:      CURL_VERSION_IDN
LogInit:  CurlRequestOptions (configurable via config and command line):
LogInit:  - bVerifyPeer = true  - Libcurl will verify peer certificate
LogInit:  - bUseHttpProxy = false  - Libcurl will NOT use HTTP proxy
LogInit:  - bDontReuseConnections = false  - Libcurl will reuse connections
LogInit:  - MaxHostConnections = 16  - Libcurl will limit the number of connections to a host
LogInit:  - LocalHostAddr = Default
LogInit:  - BufferSize = 65536
LogOnline: OSS: Creating online subsystem instance for: NULL
LogInit: WinSock: version 1.1 (2.2), MaxSocks=32767, MaxUdp=65467
LogOnline: OSS: TryLoadSubsystemAndSetDefault: Loaded subsystem for module [NULL]
LogOculusPluginWrapper: OculusPlugin initialized successfully
LogHMD: Failed initializing OVRPlugin 1.59.0
LogInit: Build: ++UE4+Release-4.27-CL-18319896
LogInit: Engine Version: 4.27.2-18319896+++UE4+Release-4.27
LogInit: Compatible Engine Version: 4.27.0-17155196+++UE4+Release-4.27
LogInit: Net CL: 17155196
LogInit: OS: Windows 10 (Release 2009) (), CPU: Intel(R) Core(TM) i9-9900KF CPU @ 3.60GHz, GPU: NVIDIA GeForce RTX 3060
LogInit: Compiled (64-bit): Nov 30 2021 07:12:08
LogInit: Compiled with Visual C++: 19.24.28315.00
LogInit: Build Configuration: Development
LogInit: Branch Name: ++UE4+Release-4.27
LogInit: Command Line: 
LogInit: Base Directory: C:/Program Files/Epic Games/UE_4.27/Engine/Binaries/Win64/
LogInit: Allocator: TBB
LogInit: Installed Engine Build: 1
LogDevObjectVersion: Number of dev versions registered: 29
LogDevObjectVersion:   Dev-Blueprints (B0D832E4-1F89-4F0D-ACCF-7EB736FD4AA2): 10
LogDevObjectVersion:   Dev-Build (E1C64328-A22C-4D53-A36C-8E866417BD8C): 0
LogDevObjectVersion:   Dev-Core (375EC13C-06E4-48FB-B500-84F0262A717E): 4
LogDevObjectVersion:   Dev-Editor (E4B068ED-F494-42E9-A231-DA0B2E46BB41): 40
LogDevObjectVersion:   Dev-Framework (CFFC743F-43B0-4480-9391-14DF171D2073): 37
LogDevObjectVersion:   Dev-Mobile (B02B49B5-BB20-44E9-A304-32B752E40360): 3
LogDevObjectVersion:   Dev-Networking (A4E4105C-59A1-49B5-A7C5-40C4547EDFEE): 0
LogDevObjectVersion:   Dev-Online (39C831C9-5AE6-47DC-9A44-9C173E1C8E7C): 0
LogDevObjectVersion:   Dev-Physics (78F01B33-EBEA-4F98-B9B4-84EACCB95AA2): 14
LogDevObjectVersion:   Dev-Platform (6631380F-2D4D-43E0-8009-CF276956A95A): 0
LogDevObjectVersion:   Dev-Rendering (12F88B9F-8875-4AFC-A67C-D90C383ABD29): 45
LogDevObjectVersion:   Dev-Sequencer (7B5AE74C-D270-4C10-A958-57980B212A5A): 13
LogDevObjectVersion:   Dev-VR (D7296918-1DD6-4BDD-9DE2-64A83CC13884): 3
LogDevObjectVersion:   Dev-LoadTimes (C2A15278-BFE7-4AFE-6C17-90FF531DF755): 1
LogDevObjectVersion:   Private-Geometry (6EACA3D4-40EC-4CC1-B786-8BED09428FC5): 3
LogDevObjectVersion:   Dev-AnimPhys (29E575DD-E0A3-4627-9D10-D276232CDCEA): 17
LogDevObjectVersion:   Dev-Anim (AF43A65D-7FD3-4947-9873-3E8ED9C1BB05): 15
LogDevObjectVersion:   Dev-ReflectionCapture (6B266CEC-1EC7-4B8F-A30B-E4D90942FC07): 1
LogDevObjectVersion:   Dev-Automation (0DF73D61-A23F-47EA-B727-89E90C41499A): 1
LogDevObjectVersion:   FortniteMain (601D1886-AC64-4F84-AA16-D3DE0DEAC7D6): 47
LogDevObjectVersion:   FortniteRelease (E7086368-6B23-4C58-8439-1B7016265E91): 1
LogDevObjectVersion:   Dev-Enterprise (9DFFBCD6-494F-0158-E221-12823C92A888): 10
LogDevObjectVersion:   Dev-Niagara (F2AED0AC-9AFE-416F-8664-AA7FFA26D6FC): 1
LogDevObjectVersion:   Dev-Destruction (174F1F0B-B4C6-45A5-B13F-2EE8D0FB917D): 10
LogDevObjectVersion:   Dev-Physics-Ext (35F94A83-E258-406C-A318-09F59610247C): 41
LogDevObjectVersion:   Dev-PhysicsMaterial-Chaos (B68FC16E-8B1B-42E2-B453-215C058844FE): 1
LogDevObjectVersion:   Dev-CineCamera (B2E18506-4273-CFC2-A54E-F4BB758BBA07): 1
LogDevObjectVersion:   Dev-VirtualProduction (64F58936-FD1B-42BA-BA96-7289D5D0FA4E): 1
LogDevObjectVersion:   Dev-MediaFramework (6F0ED827-A609-4895-9C91-998D90180EA4): 2
LogInit: Presizing for max 25165824 objects, including 0 objects not considered by GC, pre-allocating 0 bytes for permanent pool.
LogConfig: Applying CVar settings from Section [/Script/Engine.StreamingSettings] File [D:/New folder/AdvancedGE/AdvancedGE/Saved/Config/Windows/Engine.ini]
LogConfig: Setting CVar [[s.MinBulkDataSizeForAsyncLoading:131072]]
LogConfig: Setting CVar [[s.AsyncLoadingThreadEnabled:0]]
LogConfig: Setting CVar [[s.EventDrivenLoaderEnabled:1]]
LogConfig: Setting CVar [[s.WarnIfTimeLimitExceeded:0]]
LogConfig: Setting CVar [[s.TimeLimitExceededMultiplier:1.5]]
LogConfig: Setting CVar [[s.TimeLimitExceededMinTime:0.005]]
LogConfig: Setting CVar [[s.UseBackgroundLevelStreaming:1]]
LogConfig: Setting CVar [[s.PriorityAsyncLoadingExtraTime:15.0]]
LogConfig: Setting CVar [[s.LevelStreamingActorsUpdateTimeLimit:5.0]]
LogConfig: Setting CVar [[s.PriorityLevelStreamingActorsUpdateExtraTime:5.0]]
LogConfig: Setting CVar [[s.LevelStreamingComponentsRegistrationGranularity:10]]
LogConfig: Setting CVar [[s.UnregisterComponentsTimeLimit:1.0]]
LogConfig: Setting CVar [[s.LevelStreamingComponentsUnregistrationGranularity:5]]
LogConfig: Setting CVar [[s.FlushStreamingOnExit:1]]
LogInit: Object subsystem initialized
LogConfig: Setting CVar [[con.DebugEarlyDefault:1]]
LogConfig: Setting CVar [[r.setres:1280x720]]
[2023.01.27-12.03.10:734][  0]LogConfig: Setting CVar [[r.VSync:0]]
[2023.01.27-12.03.10:734][  0]LogConfig: Setting CVar [[r.RHICmdBypass:0]]
[2023.01.27-12.03.10:734][  0]LogConfig: Applying CVar settings from Section [/Script/Engine.RendererSettings] File [D:/New folder/AdvancedGE/AdvancedGE/Saved/Config/Windows/Engine.ini]
[2023.01.27-12.03.10:734][  0]LogConfig: Setting CVar [[r.GPUCrashDebugging:0]]
[2023.01.27-12.03.10:734][  0]LogConfig: Applying CVar settings from Section [/Script/Engine.RendererOverrideSettings] File [D:/New folder/AdvancedGE/AdvancedGE/Saved/Config/Windows/Engine.ini]
[2023.01.27-12.03.10:734][  0]LogConfig: Applying CVar settings from Section [/Script/Engine.StreamingSettings] File [D:/New folder/AdvancedGE/AdvancedGE/Saved/Config/Windows/Engine.ini]
[2023.01.27-12.03.10:734][  0]LogConfig: Setting CVar [[s.MinBulkDataSizeForAsyncLoading:131072]]
[2023.01.27-12.03.10:734][  0]LogConfig: Setting CVar [[s.AsyncLoadingThreadEnabled:0]]
[2023.01.27-12.03.10:734][  0]LogConfig: Setting CVar [[s.EventDrivenLoaderEnabled:1]]
[2023.01.27-12.03.10:734][  0]LogConfig: Setting CVar [[s.WarnIfTimeLimitExceeded:0]]
[2023.01.27-12.03.10:735][  0]LogConfig: Setting CVar [[s.TimeLimitExceededMultiplier:1.5]]
[2023.01.27-12.03.10:735][  0]LogConfig: Setting CVar [[s.TimeLimitExceededMinTime:0.005]]
[2023.01.27-12.03.10:735][  0]LogConfig: Setting CVar [[s.UseBackgroundLevelStreaming:1]]
[2023.01.27-12.03.10:735][  0]LogConfig: Setting CVar [[s.PriorityAsyncLoadingExtraTime:15.0]]
[2023.01.27-12.03.10:735][  0]LogConfig: Setting CVar [[s.LevelStreamingActorsUpdateTimeLimit:5.0]]
[2023.01.27-12.03.10:735][  0]LogConfig: Setting CVar [[s.PriorityLevelStreamingActorsUpdateExtraTime:5.0]]
[2023.01.27-12.03.10:735][  0]LogConfig: Setting CVar [[s.LevelStreamingComponentsRegistrationGranularity:10]]
[2023.01.27-12.03.10:735][  0]LogConfig: Setting CVar [[s.UnregisterComponentsTimeLimit:1.0]]
[2023.01.27-12.03.10:735][  0]LogConfig: Setting CVar [[s.LevelStreamingComponentsUnregistrationGranularity:5]]
[2023.01.27-12.03.10:735][  0]LogConfig: Setting CVar [[s.FlushStreamingOnExit:1]]
[2023.01.27-12.03.10:735][  0]LogConfig: Applying CVar settings from Section [/Script/Engine.GarbageCollectionSettings] File [D:/New folder/AdvancedGE/AdvancedGE/Saved/Config/Windows/Engine.ini]
[2023.01.27-12.03.10:735][  0]LogConfig: Setting CVar [[gc.MaxObjectsNotConsideredByGC:1]]
[2023.01.27-12.03.10:735][  0]LogConfig: Setting CVar [[gc.SizeOfPermanentObjectPool:0]]
[2023.01.27-12.03.10:735][  0]LogConfig: Setting CVar [[gc.FlushStreamingOnGC:0]]
[2023.01.27-12.03.10:735][  0]LogConfig: Setting CVar [[gc.NumRetriesBeforeForcingGC:10]]
[2023.01.27-12.03.10:735][  0]LogConfig: Setting CVar [[gc.AllowParallelGC:1]]
[2023.01.27-12.03.10:735][  0]LogConfig: Setting CVar [[gc.TimeBetweenPurgingPendingKillObjects:61.1]]
[2023.01.27-12.03.10:735][  0]LogConfig: Setting CVar [[gc.MaxObjectsInEditor:25165824]]
[2023.01.27-12.03.10:735][  0]LogConfig: Setting CVar [[gc.IncrementalBeginDestroyEnabled:1]]
[2023.01.27-12.03.10:735][  0]LogConfig: Setting CVar [[gc.CreateGCClusters:1]]
[2023.01.27-12.03.10:735][  0]LogConfig: Setting CVar [[gc.MinGCClusterSize:5]]
[2023.01.27-12.03.10:735][  0]LogConfig: Setting CVar [[gc.ActorClusteringEnabled:0]]
[2023.01.27-12.03.10:735][  0]LogConfig: Setting CVar [[gc.BlueprintClusteringEnabled:0]]
[2023.01.27-12.03.10:735][  0]LogConfig: Setting CVar [[gc.UseDisregardForGCOnDedicatedServers:0]]
[2023.01.27-12.03.10:735][  0]LogConfig: Setting CVar [[gc.MultithreadedDestructionEnabled:1]]
[2023.01.27-12.03.10:735][  0]LogConfig: Applying CVar settings from Section [/Script/Engine.NetworkSettings] File [D:/New folder/AdvancedGE/AdvancedGE/Saved/Config/Windows/Engine.ini]
[2023.01.27-12.03.10:735][  0]LogConfig: Applying CVar settings from Section [/Script/UnrealEd.CookerSettings] File [D:/New folder/AdvancedGE/AdvancedGE/Saved/Config/Windows/Engine.ini]
[2023.01.27-12.03.10:742][  0]LogConfig: Applying CVar settings from Section [ViewDistanceQuality@3] File [D:/New folder/AdvancedGE/AdvancedGE/Saved/Config/Windows/Scalability.ini]
[2023.01.27-12.03.10:742][  0]LogConfig: Setting CVar [[r.SkeletalMeshLODBias:0]]
[2023.01.27-12.03.10:742][  0]LogConfig: Setting CVar [[r.ViewDistanceScale:1.0]]
[2023.01.27-12.03.10:742][  0]LogConfig: Applying CVar settings from Section [AntiAliasingQuality@3] File [D:/New folder/AdvancedGE/AdvancedGE/Saved/Config/Windows/Scalability.ini]
[2023.01.27-12.03.10:742][  0]LogConfig: Setting CVar [[r.PostProcessAAQuality:4]]
[2023.01.27-12.03.10:742][  0]LogConfig: Applying CVar settings from Section [ShadowQuality@3] File [D:/New folder/AdvancedGE/AdvancedGE/Saved/Config/Windows/Scalability.ini]
[2023.01.27-12.03.10:742][  0]LogConfig: Setting CVar [[r.LightFunctionQuality:1]]
[2023.01.27-12.03.10:742][  0]LogConfig: Setting CVar [[r.ShadowQuality:5]]
[2023.01.27-12.03.10:742][  0]LogConfig: Setting CVar [[r.Shadow.CSM.MaxCascades:10]]
[2023.01.27-12.03.10:742][  0]LogConfig: Setting CVar [[r.Shadow.MaxResolution:2048]]
[2023.01.27-12.03.10:742][  0]LogConfig: Setting CVar [[r.Shadow.MaxCSMResolution:2048]]
[2023.01.27-12.03.10:742][  0]LogConfig: Setting CVar [[r.Shadow.RadiusThreshold:0.01]]
[2023.01.27-12.03.10:742][  0]LogConfig: Setting CVar [[r.Shadow.DistanceScale:1.0]]
[2023.01.27-12.03.10:742][  0]LogConfig: Setting CVar [[r.Shadow.CSM.TransitionScale:1.0]]
[2023.01.27-12.03.10:742][  0]LogConfig: Setting CVar [[r.Shadow.PreShadowResolutionFactor:1.0]]
[2023.01.27-12.03.10:742][  0]LogConfig: Setting CVar [[r.DistanceFieldShadowing:1]]
[2023.01.27-12.03.10:742][  0]LogConfig: Setting CVar [[r.DistanceFieldAO:1]]
[2023.01.27-12.03.10:742][  0]LogConfig: Setting CVar [[r.AOQuality:2]]
[2023.01.27-12.03.10:742][  0]LogConfig: Setting CVar [[r.VolumetricFog:1]]
[2023.01.27-12.03.10:742][  0]LogConfig: Setting CVar [[r.VolumetricFog.GridPixelSize:8]]
[2023.01.27-12.03.10:742][  0]LogConfig: Setting CVar [[r.VolumetricFog.GridSizeZ:128]]
[2023.01.27-12.03.10:742][  0]LogConfig: Setting CVar [[r.VolumetricFog.HistoryMissSupersampleCount:4]]
[2023.01.27-12.03.10:742][  0]LogConfig: Setting CVar [[r.LightMaxDrawDistanceScale:1]]
[2023.01.27-12.03.10:742][  0]LogConfig: Setting CVar [[r.CapsuleShadows:1]]
[2023.01.27-12.03.10:742][  0]LogConfig: Applying CVar settings from Section [PostProcessQuality@3] File [D:/New folder/AdvancedGE/AdvancedGE/Saved/Config/Windows/Scalability.ini]
[2023.01.27-12.03.10:742][  0]LogConfig: Setting CVar [[r.MotionBlurQuality:4]]
[2023.01.27-12.03.10:742][  0]LogConfig: Setting CVar [[r.AmbientOcclusionMipLevelFactor:0.4]]
[2023.01.27-12.03.10:742][  0]LogConfig: Setting CVar [[r.AmbientOcclusionMaxQuality:100]]
[2023.01.27-12.03.10:742][  0]LogConfig: Setting CVar [[r.AmbientOcclusionLevels:-1]]
[2023.01.27-12.03.10:742][  0]LogConfig: Setting CVar [[r.AmbientOcclusionRadiusScale:1.0]]
[2023.01.27-12.03.10:742][  0]LogConfig: Setting CVar [[r.DepthOfFieldQuality:2]]
[2023.01.27-12.03.10:742][  0]LogConfig: Setting CVar [[r.RenderTargetPoolMin:400]]
[2023.01.27-12.03.10:742][  0]LogConfig: Setting CVar [[r.LensFlareQuality:2]]
[2023.01.27-12.03.10:742][  0]LogConfig: Setting CVar [[r.SceneColorFringeQuality:1]]
[2023.01.27-12.03.10:742][  0]LogConfig: Setting CVar [[r.EyeAdaptationQuality:2]]
[2023.01.27-12.03.10:742][  0]LogConfig: Setting CVar [[r.BloomQuality:5]]
[2023.01.27-12.03.10:742][  0]LogConfig: Setting CVar [[r.FastBlurThreshold:100]]
[2023.01.27-12.03.10:742][  0]LogConfig: Setting CVar [[r.Upscale.Quality:3]]
[2023.01.27-12.03.10:742][  0]LogConfig: Setting CVar [[r.Tonemapper.GrainQuantization:1]]
[2023.01.27-12.03.10:742][  0]LogConfig: Setting CVar [[r.LightShaftQuality:1]]
[2023.01.27-12.03.10:742][  0]LogConfig: Setting CVar [[r.Filter.SizeScale:1]]
[2023.01.27-12.03.10:742][  0]LogConfig: Setting CVar [[r.Tonemapper.Quality:5]]
[2023.01.27-12.03.10:742][  0]LogConfig: Setting CVar [[r.DOF.Gather.AccumulatorQuality:1        ; higher gathering accumulator quality]]
[2023.01.27-12.03.10:742][  0]LogConfig: Setting CVar [[r.DOF.Gather.PostfilterMethod:1          ; Median3x3 postfilering method]]
[2023.01.27-12.03.10:742][  0]LogConfig: Setting CVar [[r.DOF.Gather.EnableBokehSettings:0       ; no bokeh simulation when gathering]]
[2023.01.27-12.03.10:742][  0]LogConfig: Setting CVar [[r.DOF.Gather.RingCount:4                 ; medium number of samples when gathering]]
[2023.01.27-12.03.10:742][  0]LogConfig: Setting CVar [[r.DOF.Scatter.ForegroundCompositing:1    ; additive foreground scattering]]
[2023.01.27-12.03.10:742][  0]LogConfig: Setting CVar [[r.DOF.Scatter.BackgroundCompositing:2    ; additive background scattering]]
[2023.01.27-12.03.10:742][  0]LogConfig: Setting CVar [[r.DOF.Scatter.EnableBokehSettings:1      ; bokeh simulation when scattering]]
[2023.01.27-12.03.10:742][  0]LogConfig: Setting CVar [[r.DOF.Scatter.MaxSpriteRatio:0.1         ; only a maximum of 10% of scattered bokeh]]
[2023.01.27-12.03.10:742][  0]LogConfig: Setting CVar [[r.DOF.Recombine.Quality:1                ; cheap slight out of focus]]
[2023.01.27-12.03.10:742][  0]LogConfig: Setting CVar [[r.DOF.Recombine.EnableBokehSettings:0    ; no bokeh simulation on slight out of focus]]
[2023.01.27-12.03.10:742][  0]LogConfig: Setting CVar [[r.DOF.TemporalAAQuality:1                ; more stable temporal accumulation]]
[2023.01.27-12.03.10:742][  0]LogConfig: Setting CVar [[r.DOF.Kernel.MaxForegroundRadius:0.025]]
[2023.01.27-12.03.10:742][  0]LogConfig: Setting CVar [[r.DOF.Kernel.MaxBackgroundRadius:0.025]]
[2023.01.27-12.03.10:742][  0]LogConfig: Applying CVar settings from Section [TextureQuality@3] File [D:/New folder/AdvancedGE/AdvancedGE/Saved/Config/Windows/Scalability.ini]
[2023.01.27-12.03.10:742][  0]LogConfig: Setting CVar [[r.Streaming.MipBias:0]]
[2023.01.27-12.03.10:742][  0]LogConfig: Setting CVar [[r.Streaming.AmortizeCPUToGPUCopy:0]]
[2023.01.27-12.03.10:742][  0]LogConfig: Setting CVar [[r.Streaming.MaxNumTexturesToStreamPerFrame:0]]
[2023.01.27-12.03.10:742][  0]LogConfig: Setting CVar [[r.Streaming.Boost:1]]
[2023.01.27-12.03.10:743][  0]LogConfig: Setting CVar [[r.MaxAnisotropy:8]]
[2023.01.27-12.03.10:743][  0]LogConfig: Setting CVar [[r.VT.MaxAnisotropy:8]]
[2023.01.27-12.03.10:743][  0]LogConfig: Setting CVar [[r.Streaming.LimitPoolSizeToVRAM:0]]
[2023.01.27-12.03.10:743][  0]LogConfig: Setting CVar [[r.Streaming.PoolSize:1000]]
[2023.01.27-12.03.10:743][  0]LogConfig: Setting CVar [[r.Streaming.MaxEffectiveScreenSize:0]]
[2023.01.27-12.03.10:743][  0]LogConfig: Applying CVar settings from Section [EffectsQuality@3] File [D:/New folder/AdvancedGE/AdvancedGE/Saved/Config/Windows/Scalability.ini]
[2023.01.27-12.03.10:743][  0]LogConfig: Setting CVar [[r.TranslucencyLightingVolumeDim:64]]
[2023.01.27-12.03.10:743][  0]LogConfig: Setting CVar [[r.RefractionQuality:2]]
[2023.01.27-12.03.10:743][  0]LogConfig: Setting CVar [[r.SSR.Quality:3]]
[2023.01.27-12.03.10:743][  0]LogConfig: Setting CVar [[r.SSR.HalfResSceneColor:0]]
[2023.01.27-12.03.10:743][  0]LogConfig: Setting CVar [[r.SceneColorFormat:4]]
[2023.01.27-12.03.10:743][  0]LogConfig: Setting CVar [[r.DetailMode:2]]
[2023.01.27-12.03.10:743][  0]LogConfig: Setting CVar [[r.TranslucencyVolumeBlur:1]]
[2023.01.27-12.03.10:743][  0]LogConfig: Setting CVar [[r.MaterialQualityLevel:1 ; High quality]]
[2023.01.27-12.03.10:743][  0]LogConfig: Setting CVar [[r.AnisotropicMaterials:1]]
[2023.01.27-12.03.10:743][  0]LogConfig: Setting CVar [[r.SSS.Scale:1]]
[2023.01.27-12.03.10:743][  0]LogConfig: Setting CVar [[r.SSS.SampleSet:2]]
[2023.01.27-12.03.10:743][  0]LogConfig: Setting CVar [[r.SSS.Quality:1]]
[2023.01.27-12.03.10:743][  0]LogConfig: Setting CVar [[r.SSS.HalfRes:0]]
[2023.01.27-12.03.10:743][  0]LogConfig: Setting CVar [[r.SSGI.Quality:3]]
[2023.01.27-12.03.10:743][  0]LogConfig: Setting CVar [[r.EmitterSpawnRateScale:1.0]]
[2023.01.27-12.03.10:743][  0]LogConfig: Setting CVar [[r.ParticleLightQuality:2]]
[2023.01.27-12.03.10:743][  0]LogConfig: Setting CVar [[r.SkyAtmosphere.AerialPerspectiveLUT.FastApplyOnOpaque:1 ; Always have FastSkyLUT 1 in this case to avoid wrong sky]]
[2023.01.27-12.03.10:743][  0]LogConfig: Setting CVar [[r.SkyAtmosphere.AerialPerspectiveLUT.SampleCountMaxPerSlice:4]]
[2023.01.27-12.03.10:743][  0]LogConfig: Setting CVar [[r.SkyAtmosphere.AerialPerspectiveLUT.DepthResolution:16.0]]
[2023.01.27-12.03.10:743][  0]LogConfig: Setting CVar [[r.SkyAtmosphere.FastSkyLUT:1]]
[2023.01.27-12.03.10:743][  0]LogConfig: Setting CVar [[r.SkyAtmosphere.FastSkyLUT.SampleCountMin:4.0]]
[2023.01.27-12.03.10:743][  0]LogConfig: Setting CVar [[r.SkyAtmosphere.FastSkyLUT.SampleCountMax:128.0]]
[2023.01.27-12.03.10:743][  0]LogConfig: Setting CVar [[r.SkyAtmosphere.SampleCountMin:4.0]]
[2023.01.27-12.03.10:743][  0]LogConfig: Setting CVar [[r.SkyAtmosphere.SampleCountMax:128.0]]
[2023.01.27-12.03.10:743][  0]LogConfig: Setting CVar [[r.SkyAtmosphere.TransmittanceLUT.UseSmallFormat:0]]
[2023.01.27-12.03.10:743][  0]LogConfig: Setting CVar [[r.SkyAtmosphere.TransmittanceLUT.SampleCount:10.0]]
[2023.01.27-12.03.10:743][  0]LogConfig: Setting CVar [[r.SkyAtmosphere.MultiScatteringLUT.SampleCount:15.0]]
[2023.01.27-12.03.10:743][  0]LogConfig: Setting CVar [[r.SkyLight.RealTimeReflectionCapture:1]]
[2023.01.27-12.03.10:743][  0]LogConfig: Applying CVar settings from Section [FoliageQuality@3] File [D:/New folder/AdvancedGE/AdvancedGE/Saved/Config/Windows/Scalability.ini]
[2023.01.27-12.03.10:743][  0]LogConfig: Setting CVar [[foliage.DensityScale:1.0]]
[2023.01.27-12.03.10:743][  0]LogConfig: Setting CVar [[grass.DensityScale:1.0]]
[2023.01.27-12.03.10:743][  0]LogConfig: Applying CVar settings from Section [ShadingQuality@3] File [D:/New folder/AdvancedGE/AdvancedGE/Saved/Config/Windows/Scalability.ini]
[2023.01.27-12.03.10:743][  0]LogConfig: Setting CVar [[r.HairStrands.SkyLighting.IntegrationType:2]]
[2023.01.27-12.03.10:743][  0]LogConfig: Setting CVar [[r.HairStrands.SkyAO.SampleCount:4]]
[2023.01.27-12.03.10:743][  0]LogConfig: Setting CVar [[r.HairStrands.Visibility.MSAA.SamplePerPixel:4]]
[2023.01.27-12.03.10:743][  0]LogInit: Selected Device Profile: [Windows]
[2023.01.27-12.03.10:743][  0]LogInit: Applying CVar settings loaded from the selected device profile: [Windows]
[2023.01.27-12.03.10:743][  0]LogHAL: Display: Platform has ~ 16 GB [17104957440 / 17179869184 / 16], which maps to Larger [LargestMinGB=32, LargerMinGB=12, DefaultMinGB=8, SmallerMinGB=6, SmallestMinGB=0)
[2023.01.27-12.03.10:743][  0]LogInit: Going up to parent DeviceProfile []
[2023.01.27-12.03.10:743][  0]LogConfig: Applying CVar settings from Section [ViewDistanceQuality@3] File [D:/New folder/AdvancedGE/AdvancedGE/Saved/Config/Windows/Scalability.ini]
[2023.01.27-12.03.10:743][  0]LogConfig: Setting CVar [[r.SkeletalMeshLODBias:0]]
[2023.01.27-12.03.10:743][  0]LogConfig: Setting CVar [[r.ViewDistanceScale:1.0]]
[2023.01.27-12.03.10:743][  0]LogConfig: Applying CVar settings from Section [AntiAliasingQuality@3] File [D:/New folder/AdvancedGE/AdvancedGE/Saved/Config/Windows/Scalability.ini]
[2023.01.27-12.03.10:743][  0]LogConfig: Setting CVar [[r.PostProcessAAQuality:4]]
[2023.01.27-12.03.10:743][  0]LogConfig: Applying CVar settings from Section [ShadowQuality@3] File [D:/New folder/AdvancedGE/AdvancedGE/Saved/Config/Windows/Scalability.ini]
[2023.01.27-12.03.10:743][  0]LogConfig: Setting CVar [[r.LightFunctionQuality:1]]
[2023.01.27-12.03.10:743][  0]LogConfig: Setting CVar [[r.ShadowQuality:5]]
[2023.01.27-12.03.10:743][  0]LogConfig: Setting CVar [[r.Shadow.CSM.MaxCascades:10]]
[2023.01.27-12.03.10:743][  0]LogConfig: Setting CVar [[r.Shadow.MaxResolution:2048]]
[2023.01.27-12.03.10:743][  0]LogConfig: Setting CVar [[r.Shadow.MaxCSMResolution:2048]]
[2023.01.27-12.03.10:743][  0]LogConfig: Setting CVar [[r.Shadow.RadiusThreshold:0.01]]
[2023.01.27-12.03.10:743][  0]LogConfig: Setting CVar [[r.Shadow.DistanceScale:1.0]]
[2023.01.27-12.03.10:743][  0]LogConfig: Setting CVar [[r.Shadow.CSM.TransitionScale:1.0]]
[2023.01.27-12.03.10:743][  0]LogConfig: Setting CVar [[r.Shadow.PreShadowResolutionFactor:1.0]]
[2023.01.27-12.03.10:743][  0]LogConfig: Setting CVar [[r.DistanceFieldShadowing:1]]
[2023.01.27-12.03.10:743][  0]LogConfig: Setting CVar [[r.DistanceFieldAO:1]]
[2023.01.27-12.03.10:743][  0]LogConfig: Setting CVar [[r.AOQuality:2]]
[2023.01.27-12.03.10:743][  0]LogConfig: Setting CVar [[r.VolumetricFog:1]]
[2023.01.27-12.03.10:743][  0]LogConfig: Setting CVar [[r.VolumetricFog.GridPixelSize:8]]
[2023.01.27-12.03.10:743][  0]LogConfig: Setting CVar [[r.VolumetricFog.GridSizeZ:128]]
[2023.01.27-12.03.10:743][  0]LogConfig: Setting CVar [[r.VolumetricFog.HistoryMissSupersampleCount:4]]
[2023.01.27-12.03.10:743][  0]LogConfig: Setting CVar [[r.LightMaxDrawDistanceScale:1]]
[2023.01.27-12.03.10:743][  0]LogConfig: Setting CVar [[r.CapsuleShadows:1]]
[2023.01.27-12.03.10:743][  0]LogConfig: Applying CVar settings from Section [PostProcessQuality@3] File [D:/New folder/AdvancedGE/AdvancedGE/Saved/Config/Windows/Scalability.ini]
[2023.01.27-12.03.10:743][  0]LogConfig: Setting CVar [[r.MotionBlurQuality:4]]
[2023.01.27-12.03.10:743][  0]LogConfig: Setting CVar [[r.AmbientOcclusionMipLevelFactor:0.4]]
[2023.01.27-12.03.10:743][  0]LogConfig: Setting CVar [[r.AmbientOcclusionMaxQuality:100]]
[2023.01.27-12.03.10:743][  0]LogConfig: Setting CVar [[r.AmbientOcclusionLevels:-1]]
[2023.01.27-12.03.10:743][  0]LogConfig: Setting CVar [[r.AmbientOcclusionRadiusScale:1.0]]
[2023.01.27-12.03.10:743][  0]LogConfig: Setting CVar [[r.DepthOfFieldQuality:2]]
[2023.01.27-12.03.10:743][  0]LogConfig: Setting CVar [[r.RenderTargetPoolMin:400]]
[2023.01.27-12.03.10:743][  0]LogConfig: Setting CVar [[r.LensFlareQuality:2]]
[2023.01.27-12.03.10:743][  0]LogConfig: Setting CVar [[r.SceneColorFringeQuality:1]]
[2023.01.27-12.03.10:743][  0]LogConfig: Setting CVar [[r.EyeAdaptationQuality:2]]
[2023.01.27-12.03.10:743][  0]LogConfig: Setting CVar [[r.BloomQuality:5]]
[2023.01.27-12.03.10:743][  0]LogConfig: Setting CVar [[r.FastBlurThreshold:100]]
[2023.01.27-12.03.10:743][  0]LogConfig: Setting CVar [[r.Upscale.Quality:3]]
[2023.01.27-12.03.10:743][  0]LogConfig: Setting CVar [[r.Tonemapper.GrainQuantization:1]]
[2023.01.27-12.03.10:743][  0]LogConfig: Setting CVar [[r.LightShaftQuality:1]]
[2023.01.27-12.03.10:743][  0]LogConfig: Setting CVar [[r.Filter.SizeScale:1]]
[2023.01.27-12.03.10:743][  0]LogConfig: Setting CVar [[r.Tonemapper.Quality:5]]
[2023.01.27-12.03.10:743][  0]LogConfig: Setting CVar [[r.DOF.Gather.AccumulatorQuality:1        ; higher gathering accumulator quality]]
[2023.01.27-12.03.10:743][  0]LogConfig: Setting CVar [[r.DOF.Gather.PostfilterMethod:1          ; Median3x3 postfilering method]]
[2023.01.27-12.03.10:743][  0]LogConfig: Setting CVar [[r.DOF.Gather.EnableBokehSettings:0       ; no bokeh simulation when gathering]]
[2023.01.27-12.03.10:743][  0]LogConfig: Setting CVar [[r.DOF.Gather.RingCount:4                 ; medium number of samples when gathering]]
[2023.01.27-12.03.10:743][  0]LogConfig: Setting CVar [[r.DOF.Scatter.ForegroundCompositing:1    ; additive foreground scattering]]
[2023.01.27-12.03.10:743][  0]LogConfig: Setting CVar [[r.DOF.Scatter.BackgroundCompositing:2    ; additive background scattering]]
[2023.01.27-12.03.10:743][  0]LogConfig: Setting CVar [[r.DOF.Scatter.EnableBokehSettings:1      ; bokeh simulation when scattering]]
[2023.01.27-12.03.10:743][  0]LogConfig: Setting CVar [[r.DOF.Scatter.MaxSpriteRatio:0.1         ; only a maximum of 10% of scattered bokeh]]
[2023.01.27-12.03.10:743][  0]LogConfig: Setting CVar [[r.DOF.Recombine.Quality:1                ; cheap slight out of focus]]
[2023.01.27-12.03.10:743][  0]LogConfig: Setting CVar [[r.DOF.Recombine.EnableBokehSettings:0    ; no bokeh simulation on slight out of focus]]
[2023.01.27-12.03.10:743][  0]LogConfig: Setting CVar [[r.DOF.TemporalAAQuality:1                ; more stable temporal accumulation]]
[2023.01.27-12.03.10:743][  0]LogConfig: Setting CVar [[r.DOF.Kernel.MaxForegroundRadius:0.025]]
[2023.01.27-12.03.10:743][  0]LogConfig: Setting CVar [[r.DOF.Kernel.MaxBackgroundRadius:0.025]]
[2023.01.27-12.03.10:743][  0]LogConfig: Applying CVar settings from Section [TextureQuality@3] File [D:/New folder/AdvancedGE/AdvancedGE/Saved/Config/Windows/Scalability.ini]
[2023.01.27-12.03.10:743][  0]LogConfig: Setting CVar [[r.Streaming.MipBias:0]]
[2023.01.27-12.03.10:743][  0]LogConfig: Setting CVar [[r.Streaming.AmortizeCPUToGPUCopy:0]]
[2023.01.27-12.03.10:743][  0]LogConfig: Setting CVar [[r.Streaming.MaxNumTexturesToStreamPerFrame:0]]
[2023.01.27-12.03.10:743][  0]LogConfig: Setting CVar [[r.Streaming.Boost:1]]
[2023.01.27-12.03.10:743][  0]LogConfig: Setting CVar [[r.MaxAnisotropy:8]]
[2023.01.27-12.03.10:743][  0]LogConfig: Setting CVar [[r.VT.MaxAnisotropy:8]]
[2023.01.27-12.03.10:743][  0]LogConfig: Setting CVar [[r.Streaming.LimitPoolSizeToVRAM:0]]
[2023.01.27-12.03.10:743][  0]LogConfig: Setting CVar [[r.Streaming.PoolSize:1000]]
[2023.01.27-12.03.10:743][  0]LogConfig: Setting CVar [[r.Streaming.MaxEffectiveScreenSize:0]]
[2023.01.27-12.03.10:743][  0]LogConfig: Applying CVar settings from Section [EffectsQuality@3] File [D:/New folder/AdvancedGE/AdvancedGE/Saved/Config/Windows/Scalability.ini]
[2023.01.27-12.03.10:744][  0]LogConfig: Setting CVar [[r.TranslucencyLightingVolumeDim:64]]
[2023.01.27-12.03.10:744][  0]LogConfig: Setting CVar [[r.RefractionQuality:2]]
[2023.01.27-12.03.10:744][  0]LogConfig: Setting CVar [[r.SSR.Quality:3]]
[2023.01.27-12.03.10:744][  0]LogConfig: Setting CVar [[r.SSR.HalfResSceneColor:0]]
[2023.01.27-12.03.10:744][  0]LogConfig: Setting CVar [[r.SceneColorFormat:4]]
[2023.01.27-12.03.10:744][  0]LogConfig: Setting CVar [[r.DetailMode:2]]
[2023.01.27-12.03.10:744][  0]LogConfig: Setting CVar [[r.TranslucencyVolumeBlur:1]]
[2023.01.27-12.03.10:744][  0]LogConfig: Setting CVar [[r.MaterialQualityLevel:1 ; High quality]]
[2023.01.27-12.03.10:744][  0]LogConfig: Setting CVar [[r.AnisotropicMaterials:1]]
[2023.01.27-12.03.10:744][  0]LogConfig: Setting CVar [[r.SSS.Scale:1]]
[2023.01.27-12.03.10:744][  0]LogConfig: Setting CVar [[r.SSS.SampleSet:2]]
[2023.01.27-12.03.10:744][  0]LogConfig: Setting CVar [[r.SSS.Quality:1]]
[2023.01.27-12.03.10:744][  0]LogConfig: Setting CVar [[r.SSS.HalfRes:0]]
[2023.01.27-12.03.10:744][  0]LogConfig: Setting CVar [[r.SSGI.Quality:3]]
[2023.01.27-12.03.10:744][  0]LogConfig: Setting CVar [[r.EmitterSpawnRateScale:1.0]]
[2023.01.27-12.03.10:744][  0]LogConfig: Setting CVar [[r.ParticleLightQuality:2]]
[2023.01.27-12.03.10:744][  0]LogConfig: Setting CVar [[r.SkyAtmosphere.AerialPerspectiveLUT.FastApplyOnOpaque:1 ; Always have FastSkyLUT 1 in this case to avoid wrong sky]]
[2023.01.27-12.03.10:744][  0]LogConfig: Setting CVar [[r.SkyAtmosphere.AerialPerspectiveLUT.SampleCountMaxPerSlice:4]]
[2023.01.27-12.03.10:744][  0]LogConfig: Setting CVar [[r.SkyAtmosphere.AerialPerspectiveLUT.DepthResolution:16.0]]
[2023.01.27-12.03.10:744][  0]LogConfig: Setting CVar [[r.SkyAtmosphere.FastSkyLUT:1]]
[2023.01.27-12.03.10:744][  0]LogConfig: Setting CVar [[r.SkyAtmosphere.FastSkyLUT.SampleCountMin:4.0]]
[2023.01.27-12.03.10:744][  0]LogConfig: Setting CVar [[r.SkyAtmosphere.FastSkyLUT.SampleCountMax:128.0]]
[2023.01.27-12.03.10:744][  0]LogConfig: Setting CVar [[r.SkyAtmosphere.SampleCountMin:4.0]]
[2023.01.27-12.03.10:744][  0]LogConfig: Setting CVar [[r.SkyAtmosphere.SampleCountMax:128.0]]
[2023.01.27-12.03.10:744][  0]LogConfig: Setting CVar [[r.SkyAtmosphere.TransmittanceLUT.UseSmallFormat:0]]
[2023.01.27-12.03.10:744][  0]LogConfig: Setting CVar [[r.SkyAtmosphere.TransmittanceLUT.SampleCount:10.0]]
[2023.01.27-12.03.10:744][  0]LogConfig: Setting CVar [[r.SkyAtmosphere.MultiScatteringLUT.SampleCount:15.0]]
[2023.01.27-12.03.10:744][  0]LogConfig: Setting CVar [[r.SkyLight.RealTimeReflectionCapture:1]]
[2023.01.27-12.03.10:744][  0]LogConfig: Applying CVar settings from Section [FoliageQuality@3] File [D:/New folder/AdvancedGE/AdvancedGE/Saved/Config/Windows/Scalability.ini]
[2023.01.27-12.03.10:744][  0]LogConfig: Setting CVar [[foliage.DensityScale:1.0]]
[2023.01.27-12.03.10:744][  0]LogConfig: Setting CVar [[grass.DensityScale:1.0]]
[2023.01.27-12.03.10:744][  0]LogConfig: Applying CVar settings from Section [ShadingQuality@3] File [D:/New folder/AdvancedGE/AdvancedGE/Saved/Config/Windows/Scalability.ini]
[2023.01.27-12.03.10:744][  0]LogConfig: Setting CVar [[r.HairStrands.SkyLighting.IntegrationType:2]]
[2023.01.27-12.03.10:744][  0]LogConfig: Setting CVar [[r.HairStrands.SkyAO.SampleCount:4]]
[2023.01.27-12.03.10:744][  0]LogConfig: Setting CVar [[r.HairStrands.Visibility.MSAA.SamplePerPixel:4]]
[2023.01.27-12.03.10:744][  0]LogConfig: Applying CVar settings from Section [Startup] File [../../../Engine/Config/ConsoleVariables.ini]
[2023.01.27-12.03.10:744][  0]LogConfig: Setting CVar [[net.UseAdaptiveNetUpdateFrequency:0]]
[2023.01.27-12.03.10:744][  0]LogConfig: Setting CVar [[p.chaos.AllowCreatePhysxBodies:1]]
[2023.01.27-12.03.10:744][  0]LogConfig: Setting CVar [[fx.SkipVectorVMBackendOptimizations:1]]
[2023.01.27-12.03.10:744][  0]LogConfig: Applying CVar settings from Section [ConsoleVariables] File [D:/New folder/AdvancedGE/AdvancedGE/Saved/Config/Windows/Engine.ini]
[2023.01.27-12.03.10:744][  0]LogConfig: Applying CVar settings from Section [ConsoleVariables] File [D:/New folder/AdvancedGE/AdvancedGE/Saved/Config/Windows/Editor.ini]
[2023.01.27-12.03.10:745][  0]LogInit: Computer: DESKTOP-1LRC8FL
[2023.01.27-12.03.10:745][  0]LogInit: User: keyho
[2023.01.27-12.03.10:745][  0]LogInit: CPU Page size=4096, Cores=8
[2023.01.27-12.03.10:745][  0]LogInit: High frequency timer resolution =10.000000 MHz
[2023.01.27-12.03.10:745][  0]LogMemory: Memory total: Physical=15.9GB (16GB approx)
[2023.01.27-12.03.10:745][  0]LogMemory: Platform Memory Stats for Windows
[2023.01.27-12.03.10:745][  0]LogMemory: Process Physical Memory: 146.84 MB used, 146.84 MB peak
[2023.01.27-12.03.10:745][  0]LogMemory: Process Virtual Memory: 131.20 MB used, 131.20 MB peak
[2023.01.27-12.03.10:745][  0]LogMemory: Physical Memory: 7223.68 MB used,  9088.88 MB free, 16312.56 MB total
[2023.01.27-12.03.10:745][  0]LogMemory: Virtual Memory: 134209552.00 MB used,  8177.87 MB free, 134217728.00 MB total
[2023.01.27-12.03.10:749][  0]LogWindows: WindowsPlatformFeatures enabled
[2023.01.27-12.03.10:764][  0]LogInit: Physics initialised using underlying interface: PhysX
[2023.01.27-12.03.10:764][  0]LogInit: Using OS detected language (en-GB).
[2023.01.27-12.03.10:764][  0]LogInit: Using OS detected locale (en-GB).
[2023.01.27-12.03.10:768][  0]LogTextLocalizationManager: No specific localization for 'en-GB' exists, so the 'en' localization will be used.
[2023.01.27-12.03.10:906][  0]LogInit: Setting process to per monitor DPI aware
[2023.01.27-12.03.10:927][  0]LogWindowsTextInputMethodSystem: Display: IME system deactivated.
[2023.01.27-12.03.10:941][  0]LogSlate: New Slate User Created.  User Index 0, Is Virtual User: 0
[2023.01.27-12.03.10:941][  0]LogSlate: Slate User Registered.  User Index 0, Is Virtual User: 0
[2023.01.27-12.03.11:048][  0]LogD3D11RHI: Loaded GFSDK_Aftermath_Lib.x64.dll
[2023.01.27-12.03.11:050][  0]LogHMD: Failed to initialize OpenVR with code 110
[2023.01.27-12.03.11:050][  0]LogD3D11RHI: D3D11 min allowed feature level: 11_0
[2023.01.27-12.03.11:050][  0]LogD3D11RHI: D3D11 max allowed feature level: 11_0
[2023.01.27-12.03.11:050][  0]LogD3D11RHI: D3D11 adapters:
[2023.01.27-12.03.11:141][  0]LogD3D11RHI:    0. 'NVIDIA GeForce RTX 3060' (Feature Level 11_0)
[2023.01.27-12.03.11:141][  0]LogD3D11RHI:       12143/0/8156 MB DedicatedVideo/DedicatedSystem/SharedSystem, Outputs:1, VendorId:0x10de
[2023.01.27-12.03.11:143][  0]LogD3D11RHI:    1. 'Microsoft Basic Render Driver' (Feature Level 11_0)
[2023.01.27-12.03.11:143][  0]LogD3D11RHI:       0/0/8156 MB DedicatedVideo/DedicatedSystem/SharedSystem, Outputs:0, VendorId:0x1414
[2023.01.27-12.03.11:143][  0]LogD3D11RHI: Chosen D3D11 Adapter:
[2023.01.27-12.03.11:143][  0]LogD3D11RHI:     Description : NVIDIA GeForce RTX 3060
[2023.01.27-12.03.11:143][  0]LogD3D11RHI:     VendorId    : 10de
[2023.01.27-12.03.11:143][  0]LogD3D11RHI:     DeviceId    : 2503
[2023.01.27-12.03.11:143][  0]LogD3D11RHI:     SubSysId    : 39031462
[2023.01.27-12.03.11:143][  0]LogD3D11RHI:     Revision    : 00a1
[2023.01.27-12.03.11:143][  0]LogD3D11RHI:     DedicatedVideoMemory : 12732858368 bytes
[2023.01.27-12.03.11:143][  0]LogD3D11RHI:     DedicatedSystemMemory : 0 bytes
[2023.01.27-12.03.11:143][  0]LogD3D11RHI:     SharedSystemMemory : 8552478720 bytes
[2023.01.27-12.03.11:143][  0]LogD3D11RHI:     AdapterLuid : 0 47318
[2023.01.27-12.03.11:148][  0]LogD3D11RHI: Creating new Direct3DDevice
[2023.01.27-12.03.11:148][  0]LogD3D11RHI:     GPU DeviceId: 0x2503 (for the marketing name, search the web for "GPU Device Id")
[2023.01.27-12.03.11:148][  0]LogWindows: EnumDisplayDevices:
[2023.01.27-12.03.11:148][  0]LogWindows:    0. 'NVIDIA GeForce RTX 3060' (P:1 D:1)
[2023.01.27-12.03.11:148][  0]LogWindows:    1. 'NVIDIA GeForce RTX 3060' (P:0 D:0)
[2023.01.27-12.03.11:148][  0]LogWindows:    2. 'NVIDIA GeForce RTX 3060' (P:0 D:0)
[2023.01.27-12.03.11:149][  0]LogWindows:    3. 'NVIDIA GeForce RTX 3060' (P:0 D:0)
[2023.01.27-12.03.11:149][  0]LogWindows: DebugString: FoundDriverCount:4 
[2023.01.27-12.03.11:149][  0]LogD3D11RHI:     Adapter Name: NVIDIA GeForce RTX 3060
[2023.01.27-12.03.11:149][  0]LogD3D11RHI:   Driver Version: 472.88 (internal:30.0.14.7288, unified:472.88)
[2023.01.27-12.03.11:149][  0]LogD3D11RHI:      Driver Date: 12-8-2021
[2023.01.27-12.03.11:149][  0]LogRHI: Texture pool is 8500 MB (70% of 12143 MB)
[2023.01.27-12.03.11:149][  0]LogD3D11RHI: Creating D3DDevice using adapter:
[2023.01.27-12.03.11:149][  0]LogD3D11RHI:     Description : NVIDIA GeForce RTX 3060
[2023.01.27-12.03.11:149][  0]LogD3D11RHI:     VendorId    : 10de
[2023.01.27-12.03.11:149][  0]LogD3D11RHI:     DeviceId    : 2503
[2023.01.27-12.03.11:149][  0]LogD3D11RHI:     SubSysId    : 39031462
[2023.01.27-12.03.11:149][  0]LogD3D11RHI:     Revision    : 00a1
[2023.01.27-12.03.11:149][  0]LogD3D11RHI:     DedicatedVideoMemory : 12732858368 bytes
[2023.01.27-12.03.11:149][  0]LogD3D11RHI:     DedicatedSystemMemory : 0 bytes
[2023.01.27-12.03.11:149][  0]LogD3D11RHI:     SharedSystemMemory : 8552478720 bytes
[2023.01.27-12.03.11:149][  0]LogD3D11RHI:     AdapterLuid : 0 47318
[2023.01.27-12.03.11:209][  0]LogD3D11RHI: RHI has support for 64 bit atomics
[2023.01.27-12.03.11:209][  0]LogD3D11RHI: Async texture creation enabled
[2023.01.27-12.03.11:209][  0]LogD3D11RHI: Array index from any shader is supported
[2023.01.27-12.03.11:229][  0]LogD3D11RHI: GPU Timing Frequency: 1000.000000 (Debug: 2 2)
[2023.01.27-12.03.11:257][  0]LogRHI: GeForceNow SDK initialized: 1
[2023.01.27-12.03.11:475][  0]LogTargetPlatformManager: Display: Loaded TargetPlatform 'AllDesktop'
[2023.01.27-12.03.11:491][  0]LogTargetPlatformManager: Display: Loaded TargetPlatform 'Android'
[2023.01.27-12.03.11:491][  0]LogTargetPlatformManager: Display: Loaded TargetPlatform 'Android_ASTC'
[2023.01.27-12.03.11:491][  0]LogTargetPlatformManager: Display: Loaded TargetPlatform 'Android_DXT'
[2023.01.27-12.03.11:491][  0]LogTargetPlatformManager: Display: Loaded TargetPlatform 'Android_ETC2'
[2023.01.27-12.03.11:491][  0]LogTargetPlatformManager: Display: Loaded TargetPlatform 'AndroidClient'
[2023.01.27-12.03.11:491][  0]LogTargetPlatformManager: Display: Loaded TargetPlatform 'Android_ASTCClient'
[2023.01.27-12.03.11:491][  0]LogTargetPlatformManager: Display: Loaded TargetPlatform 'Android_DXTClient'
[2023.01.27-12.03.11:491][  0]LogTargetPlatformManager: Display: Loaded TargetPlatform 'Android_ETC2Client'
[2023.01.27-12.03.11:491][  0]LogTargetPlatformManager: Display: Loaded TargetPlatform 'Android_Multi'
[2023.01.27-12.03.11:491][  0]LogTargetPlatformManager: Display: Loaded TargetPlatform 'Android_MultiClient'
[2023.01.27-12.03.11:505][  0]LogTargetPlatformManager: Display: Loaded TargetPlatform 'IOSClient'
[2023.01.27-12.03.11:505][  0]LogTargetPlatformManager: Display: Loaded TargetPlatform 'IOS'
[2023.01.27-12.03.11:514][  0]LogTargetPlatformManager: Display: Loaded TargetPlatform 'Linux'
[2023.01.27-12.03.11:517][  0]LogTargetPlatformManager: Display: Loaded TargetPlatform 'LinuxNoEditor'
[2023.01.27-12.03.11:519][  0]LogTargetPlatformManager: Display: Loaded TargetPlatform 'LinuxClient'
[2023.01.27-12.03.11:522][  0]LogTargetPlatformManager: Display: Loaded TargetPlatform 'LinuxServer'
[2023.01.27-12.03.11:530][  0]LogTargetPlatformManager: Display: Loaded TargetPlatform 'LinuxAArch64NoEditor'
[2023.01.27-12.03.11:532][  0]LogTargetPlatformManager: Display: Loaded TargetPlatform 'LinuxAArch64Client'
[2023.01.27-12.03.11:535][  0]LogTargetPlatformManager: Display: Loaded TargetPlatform 'LinuxAArch64Server'
[2023.01.27-12.03.11:556][  0]LogTargetPlatformManager: Display: Loaded TargetPlatform 'Lumin'
[2023.01.27-12.03.11:556][  0]LogTargetPlatformManager: Display: Loaded TargetPlatform 'LuminClient'
[2023.01.27-12.03.11:563][  0]LogTargetPlatformManager: Display: Loaded TargetPlatform 'MacNoEditor'
[2023.01.27-12.03.11:566][  0]LogTargetPlatformManager: Display: Loaded TargetPlatform 'Mac'
[2023.01.27-12.03.11:569][  0]LogTargetPlatformManager: Display: Loaded TargetPlatform 'MacClient'
[2023.01.27-12.03.11:572][  0]LogTargetPlatformManager: Display: Loaded TargetPlatform 'MacServer'
[2023.01.27-12.03.11:580][  0]LogTargetPlatformManager: Display: Loaded TargetPlatform 'TVOSClient'
[2023.01.27-12.03.11:580][  0]LogTargetPlatformManager: Display: Loaded TargetPlatform 'TVOS'
[2023.01.27-12.03.11:587][  0]LogTargetPlatformManager: Display: Loaded TargetPlatform 'WindowsNoEditor'
[2023.01.27-12.03.11:590][  0]LogTargetPlatformManager: Display: Loaded TargetPlatform 'Windows'
[2023.01.27-12.03.11:594][  0]LogTargetPlatformManager: Display: Loaded TargetPlatform 'WindowsClient'
[2023.01.27-12.03.11:597][  0]LogTargetPlatformManager: Display: Loaded TargetPlatform 'WindowsServer'
[2023.01.27-12.03.11:597][  0]LogTargetPlatformManager: Display: Building Assets For Windows
[2023.01.27-12.03.11:601][  0]LogAudioDebug: Display: Lib vorbis DLL was dynamically loaded.
[2023.01.27-12.03.11:623][  0]LogTextureFormatOodle: Display: Oodle Texture 2.9.0 init RDO Off
[2023.01.27-12.03.11:644][  0]LogRendererCore: Ray tracing is disabled. Reason: r.RayTracing=0.
[2023.01.27-12.03.11:645][  0]LogShaderCompilers: Guid format shader working directory is 11 characters bigger than the processId version (D:/New folder/AdvancedGE/AdvancedGE/Intermediate/Shaders/WorkingDirectory/4588/).
[2023.01.27-12.03.11:645][  0]LogShaderCompilers: Cleaned the shader compiler working directory 'C:/Users/keyho/AppData/Local/Temp/UnrealShaderWorkingDir/DBCAE33A49180ABC550271843423BF6F/'.
[2023.01.27-12.03.11:645][  0]LogXGEController: Cannot use XGE Controller as Incredibuild is not installed on this machine.
[2023.01.27-12.03.11:645][  0]LogShaderCompilers: Cannot use XGE Shader Compiler as Incredibuild is not installed on this machine.
[2023.01.27-12.03.11:645][  0]LogShaderCompilers: Display: Using Local Shader Compiler.
[2023.01.27-12.03.12:236][  0]LogDerivedDataCache: Display: Max Cache Size: 512 MB
[2023.01.27-12.03.12:282][  0]LogDerivedDataCache: Loaded boot cache 0.05s 94MB C:/Users/keyho/AppData/Local/UnrealEngine/4.27/DerivedDataCache/Boot.ddc.
[2023.01.27-12.03.12:282][  0]LogDerivedDataCache: Display: Loaded Boot cache: C:/Users/keyho/AppData/Local/UnrealEngine/4.27/DerivedDataCache/Boot.ddc
[2023.01.27-12.03.12:282][  0]LogDerivedDataCache: FDerivedDataBackendGraph:  Pak pak cache file D:/New folder/AdvancedGE/AdvancedGE/DerivedDataCache/DDC.ddp not found, will not use a pak cache.
[2023.01.27-12.03.12:282][  0]LogDerivedDataCache: Unable to find inner node Pak for hierarchical cache Hierarchy.
[2023.01.27-12.03.12:282][  0]LogDerivedDataCache: FDerivedDataBackendGraph:  CompressedPak pak cache file D:/New folder/AdvancedGE/AdvancedGE/DerivedDataCache/Compressed.ddp not found, will not use a pak cache.
[2023.01.27-12.03.12:283][  0]LogDerivedDataCache: Unable to find inner node CompressedPak for hierarchical cache Hierarchy.
[2023.01.27-12.03.12:295][  0]LogDerivedDataCache: Display: Pak cache opened for reading ../../../Engine/DerivedDataCache/Compressed.ddp.
[2023.01.27-12.03.12:296][  0]LogDerivedDataCache: FDerivedDataBackendGraph:  EnterprisePak pak cache file ../../../Enterprise/DerivedDataCache/Compressed.ddp not found, will not use a pak cache.
[2023.01.27-12.03.12:296][  0]LogDerivedDataCache: Unable to find inner node EnterprisePak for hierarchical cache Hierarchy.
[2023.01.27-12.03.12:303][  0]LogDerivedDataCache: Speed tests for C:/Users/keyho/AppData/Local/UnrealEngine/Common/DerivedDataCache took 0.01 seconds
[2023.01.27-12.03.12:303][  0]LogDerivedDataCache: Display: Performance to C:/Users/keyho/AppData/Local/UnrealEngine/Common/DerivedDataCache: Latency=0.02ms. RandomReadSpeed=399.69MBs, RandomWriteSpeed=211.52MBs. Assigned SpeedClass 'Local'
[2023.01.27-12.03.12:303][  0]LogDerivedDataCache: Using Local data cache path C:/Users/keyho/AppData/Local/UnrealEngine/Common/DerivedDataCache: Writable
[2023.01.27-12.03.12:303][  0]LogDerivedDataCache: Shared data cache path not found in *engine.ini, will not use an Shared cache.
[2023.01.27-12.03.12:303][  0]LogDerivedDataCache: Unable to find inner node Shared for hierarchical cache Hierarchy.
[2023.01.27-12.03.12:340][  0]LogSlate: Using FreeType 2.10.0
[2023.01.27-12.03.12:340][  0]LogSlate: SlateFontServices - WITH_FREETYPE: 1, WITH_HARFBUZZ: 1
[2023.01.27-12.03.12:359][  0]LogAssetRegistry: FAssetRegistry took 0.0024 seconds to start up
[2023.01.27-12.03.12:550][  0]LogInit: Selected Device Profile: [Windows]
[2023.01.27-12.03.12:550][  0]LogInit: Active device profile: [0000020337E82D00][000002032E846A40 49] Windows
[2023.01.27-12.03.12:550][  0]LogInit: Profiles: [0000020337E82D00][000002032E846A40 49] Windows, [0000020337E22600][000002032E84EBC0 49] WindowsNoEditor, [0000020337E81200][000002032937AD40 49] WindowsServer, [0000020337E20C00][000002032937EEC0 49] WindowsClient, [0000020337DFFF00][0000020329383040 49] IOS, [0000020337E81300][00000203293871C0 49] iPadAir, [0000020337E20200][000002032938B340 49] iPadAir2, [0000020337DC0800][0000020329393600 49] IPadPro, [0000020337DC0900][000002032938F640 49] iPadAir3, [0000020337DFDF00][00000203293977C0 49] iPadAir4, [0000020337DC1800][000002032939B940 49] iPadMini2, [0000020337DFEA00][000002032939FAC0 49] iPadMini3, [0000020337DC2500][00000203293A20C0 49] iPadMini4, [0000020337DFFC00][00000203357A2240 49] iPadMini5, [0000020337E81800][00000203357AA500 49] iPhone6, [0000020337E81700][00000203357A6540 49] iPodTouch6, [0000020337E22900][00000203357AE780 49] iPhone7, [0000020337E23E00][000002032E84A7C0 49] iPodTouch7, [0000020337DC3300][00000203357B2900 49] iPhone5S, [0000020337E22100][00000203357BAA80 49] iPhone6Plus, [0000020337DC2A00][00000203357BEC00 49] iPhone6S, [0000020337E22A00][00000203357C2D80 49] iPhone6SPlus, [0000020337DC2900][00000203357C6F00 49] iPhone7Plus, [0000020337E20700][00000203357CB080 49] iPhoneSE, [0000020337E80800][00000203357CF200 49] iPhone8, [0000020337E21600][00000203357D3380 49] iPhone8Plus, [0000020337E81100][00000203357D7500 49] iPhoneX, [0000020337E22000][00000203357DB680 49] iPhoneXS, [0000020337E80300][00000203357DF800 49] iPhoneXSMax, [0000020337E23700][00000203357E3980 49] iPhoneXR, [0000020337E81900][00000203357E7B00 49] iPhone11, [0000020337E22200][00000203357EA100 49] iPhone11Pro, [0000020337E80E00][0000020337190280 49] iPhone11ProMax, [0000020337E21B00][0000020337194400 49] iPhoneSE2, [0000020337E80900][0000020337198580 49] iPhone12Mini, [0000020337E23900][000002033719C700 49] iPhone12, [0000020337E82E00][00000203357B6840 49] iPhone12Pro, [0000020337E23F00][00000203371A0980 49] iPhone12ProMax, [0000020337E82A00][00000203371A4AC0 49] iPadPro105, [0000020337E22400][00000203371ACC40 49] iPadPro129, [0000020337E83400][00000203371B0DC0 49] iPadPro97, [0000020337E21400][00000203371B4F40 49] iPadPro2_129, [0000020337E82700][00000203371B90C0 49] iPad5, [0000020337E23A00][00000203371BD240 49] iPad6, [0000020337E81C00][00000203371C13C0 49] iPad7, [0000020337E23800][00000203371C5540 49] iPad8, [0000020337E82100][00000203371C96C0 49] iPadPro11, [0000020337E23600][00000203371CD840 49] iPadPro2_11, [0000020337E80F00][00000203371D19C0 49] iPadPro3_129, [0000020337E22D00][00000203371D5B40 49] iPadPro4_129, [0000020337E83000][00000203371D8140 49] AppleTV, [0000020337E23200][00000203371DC2C0 49] AppleTV4K, [0000020337E82C00][00000203371E0440 49] TVOS, [0000020337E23C00][00000203371E45C0 49] Mac, [0000020337E82900][00000203371E8740 49] MacClient, [0000020337E23D00][00000203371EC8C0 49] MacNoEditor, [0000020337E82500][00000203371A8A00 49] MacServer, [0000020337E22500][00000203371F0B40 49] Linux, [0000020337E80D00][00000203371F4C80 49] LinuxAArch64, [0000020337E22700][00000203371F8DC0 49] LinuxNoEditor, [0000020337E81000][0000020337200F40 49] LinuxAArch64NoEditor, [0000020337E21000][00000203372050C0 49] LinuxClient, [0000020337E81D00][0000020337209240 49] LinuxAArch64Client, [0000020337E20800][000002033720D3C0 49] LinuxServer, [0000020337E81E00][0000020337211540 49] LinuxAArch64Server, [0000020337DFE100][00000203372156C0 49] Android, [0000020337DC3100][0000020337219840 49] Android_Low, [0000020337DFF500][000002033721D9C0 49] Android_Mid, [0000020337DC3900][0000020337221B40 49] Android_High, [0000020337DFDD00][0000020337224140 49] Android_Default, [0000020337DC1300][00000203372282C0 49] Android_Adreno4xx, [0000020337DFF200][000002033722C440 49] Android_Adreno5xx_Low, [0000020337DC2200][00000203372305C0 49] Android_Adreno5xx, [0000020337DFE200][0000020337234740 49] Android_Adreno6xx, [0000020337DC1A00][00000203372388C0 49] Android_Adreno6xx_Vulkan, [0000020337DFCA00][000002033723CA40 49] Android_Mali_T6xx, [0000020337DC0400][00000203371FCB80 49] Android_Mali_T7xx, [0000020337DFE400][0000020337240CC0 49] Android_Mali_T8xx, [0000020337DC2100][000002033724CE00 49] Android_Mali_G71, [0000020337DFF900][0000020337250F40 49] Android_Mali_G72, [0000020337DC0200][00000203372590C0 49] Android_Mali_G72_Vulkan, [0000020337DFD200][000002033725D240 49] Android_Mali_G76, [0000020337DC2D00][00000203383613C0 49] Android_Mali_G76_Vulkan, [0000020337DFE900][0000020338365540 49] Android_Mali_G77, [0000020337DC2600][00000203383696C0 49] Android_Mali_G77_Vulkan, [0000020337DFC300][000002033836D840 49] Android_Mali_G78, [0000020337DC0C00][00000203383719C0 49] Android_Mali_G78_Vulkan, [0000020337DFD900][0000020338375B40 49] Android_Mali_G710, [0000020337DC2F00][0000020338378140 49] Android_Mali_G710_Vulkan, [0000020337DFEE00][000002033837C2C0 49] Android_Vulkan_SM5, [0000020337DC3C00][0000020338380440 49] Android_PowerVR_G6xxx, [0000020337DFDB00][00000203383845C0 49] Android_PowerVR_GT7xxx, [0000020337DC3D00][0000020338388740 49] Android_PowerVR_GE8xxx, [0000020337DFC700][000002033838C8C0 49] Android_PowerVR_GM9xxx, [0000020337DC1B00][0000020338390A40 49] Android_PowerVR_GM9xxx_Vulkan, [0000020337DFCF00][0000020338398BC0 49] Android_TegraK1, [0000020337DC1400][000002033839CD40 49] Android_Unknown_Vulkan, [0000020337DFDA00][0000020337254E80 49] Lumin, [0000020337DC2700][00000203383A0FC0 49] Lumin_Desktop, [0000020337DFE000][00000203383AD100 49] HoloLens, 
[2023.01.27-12.03.12:655][  0]LogMeshReduction: Using QuadricMeshReduction for automatic static mesh reduction
[2023.01.27-12.03.12:655][  0]LogMeshReduction: Using SimplygonMeshReduction for automatic skeletal mesh reduction
[2023.01.27-12.03.12:655][  0]LogMeshReduction: Using ProxyLODMeshReduction for automatic mesh merging
[2023.01.27-12.03.12:655][  0]LogMeshReduction: No distributed automatic mesh merging module available
[2023.01.27-12.03.12:655][  0]LogMeshMerging: No distributed automatic mesh merging module available
[2023.01.27-12.03.12:666][  0]LogNetVersion: AdvancedGE 1.0.0, NetCL: 17155196, EngineNetVer: 17, GameNetVer: 0 (Checksum: 3809250435)
[2023.01.27-12.03.12:952][  0]LogTexture: Default maximum texture size for cubemaps generated from long-lat sources has been changed from 512 to unlimited. In order to preserve old behaiour for '/Engine/MapTemplates/Sky/DaylightAmbientCubemap.DaylightAmbientCubemap', its maximum texture size has been explicitly set to 512.
[2023.01.27-12.03.12:992][  0]LogHMD: PokeAHoleMaterial loaded successfully
[2023.01.27-12.03.12:996][  0]LogUObjectArray: 17178 objects as part of root set at end of initial load.
[2023.01.27-12.03.12:996][  0]LogUObjectAllocator: 4302048 out of 0 bytes used by permanent object pool.
[2023.01.27-12.03.12:996][  0]LogUObjectArray: CloseDisregardForGC: 0/0 objects in disregard for GC pool
[2023.01.27-12.03.13:115][  0]LogNiagaraDebuggerClient: Niagara Debugger Client Initialized | Session: 73036535486A359BFF9220A7B8EDF950 | Instance: F896912B4F7285A680342D82DB019576 (DESKTOP-1LRC8FL-4588).
[2023.01.27-12.03.13:142][  0]LogPython: Using Python 3.7.7
[2023.01.27-12.03.13:611][  0]LogTcpMessaging: Initializing TcpMessaging bridge
[2023.01.27-12.03.13:615][  0]LogUdpMessaging: Initializing bridge on interface 0.0.0.0:0 to multicast group 230.0.0.1:6666.
[2023.01.27-12.03.13:776][  0]LogPackageName: Error: DoesPackageExist: DoesPackageExist FAILED: '/ Game / Materials / MT_BasicShoot' is not a standard unreal filename or a long path name. Reason: Name may not contain the following characters: ' '
[2023.01.27-12.03.13:776][  0]LogLinker: Warning: Failed to load '/ Game / Materials / MT_BasicShoot': Can't find file.
[2023.01.27-12.03.13:776][  0]LogPackageName: Error: DoesPackageExist: DoesPackageExist FAILED: '/ Game / Materials / MT_BasicShoot' is not a standard unreal filename or a long path name. Reason: Name may not contain the following characters: ' '
[2023.01.27-12.03.13:776][  0]LogLinker: Warning: Failed to load '/ Game / Materials / MT_BasicShoot': Can't find file.
[2023.01.27-12.03.13:776][  0]LogUObjectGlobals: Warning: Failed to find object 'Material / Game / Materials / MT_BasicShoot.MT_BasicShoot'
[2023.01.27-12.03.13:776][  0]LogLinker: Error: AddRedirectList(AddKnownMissing) failed to add redirector from / Game / Materials / MT_BasicShoot to / Game / Materials / MT_BasicShoot with invalid characters!
[2023.01.27-12.03.13:776][  0]Error: CDO Constructor (FPSProjectile): Failed to find / Game / Materials / MT_BasicShoot.MT_BasicShoot

[2023.01.27-12.03.13:776][  0]LogUObjectBase: Warning: -------------- Default Property warnings and errors:
[2023.01.27-12.03.13:776][  0]LogUObjectBase: Warning: Error: CDO Constructor (FPSProjectile): Failed to find / Game / Materials / MT_BasicShoot.MT_BasicShoot

[2023.01.27-12.03.16:055][  0]Message dialog closed, result: Ok, title: Message, text: Default Property warnings and errors:
Error: CDO Constructor (FPSProjectile): Failed to find / Game / Materials / MT_BasicShoot.MT_BasicShoot


[2023.01.27-12.03.16:132][  0]SourceControl: Source control is disabled
[2023.01.27-12.03.16:132][  0]SourceControl: Source control is disabled
[2023.01.27-12.03.16:134][  0]SourceControl: Source control is disabled
[2023.01.27-12.03.16:137][  0]SourceControl: Source control is disabled
[2023.01.27-12.03.16:144][  0]SourceControl: Source control is disabled
[2023.01.27-12.03.16:148][  0]LogUProjectInfo: Found projects:
[2023.01.27-12.03.16:237][  0]LogOpenImageDenoise: OIDN starting up
[2023.01.27-12.03.16:265][  0]LogAndroidPermission: UAndroidPermissionCallbackProxy::GetInstance
[2023.01.27-12.03.16:282][  0]LogAudioCaptureCore: Display: No Audio Capture implementations found. Audio input will be silent.
[2023.01.27-12.03.16:282][  0]LogAudioCaptureCore: Display: No Audio Capture implementations found. Audio input will be silent.
[2023.01.27-12.03.16:438][  0]LogOcInput: OculusInput pre-init called
[2023.01.27-12.03.16:610][  0]LogCollectionManager: Loaded 0 collections in 0.001180 seconds
[2023.01.27-12.03.16:662][  0]LogFileCache: Scanning file cache for directory 'D:/New folder/AdvancedGE/AdvancedGE/Saved/Collections/' took 0.00s
[2023.01.27-12.03.16:662][  0]LogFileCache: Scanning file cache for directory 'D:/New folder/AdvancedGE/AdvancedGE/Content/Developers/keyho/Collections/' took 0.00s
[2023.01.27-12.03.16:662][  0]LogFileCache: Scanning file cache for directory 'D:/New folder/AdvancedGE/AdvancedGE/Content/Collections/' took 0.00s
[2023.01.27-12.03.16:662][  0]LogEngine: Initializing Engine...
[2023.01.27-12.03.16:707][  0]LogHMD: Failed to enumerate extensions. Please check that you have a valid OpenXR runtime installed.
[2023.01.27-12.03.16:708][  0]LogHMD: Failed to initialize OpenVR with code 110
[2023.01.27-12.03.16:708][  0]LogMagicLeap: Warning: VR disabled because ZI is not enabled.  To enable, in the editor, Edit -> Project Settings -> Plugins -> Magic Leap Plugin -> Enable Zero Iteration
[2023.01.27-12.03.16:709][  0]LogStats: UGameplayTagsManager::InitializeManager -  0.000 s
[2023.01.27-12.03.16:794][  0]LogInit: Initializing FReadOnlyCVARCache
[2023.01.27-12.03.16:801][  0]LogAIModule: Creating AISystem for world Untitled
[2023.01.27-12.03.16:807][  0]LogAudio: Display: Initializing Audio Device Manager...
[2023.01.27-12.03.16:810][  0]LogAudio: Display: Loading Default Audio Settings Objects...
[2023.01.27-12.03.16:811][  0]LogAudio: Display: No default SoundConcurrencyObject specified (or failed to load).
[2023.01.27-12.03.16:811][  0]LogAudio: Display: Audio Device Manager Initialized
[2023.01.27-12.03.16:811][  0]LogAudio: Display: Creating Audio Device:                 Id: 1, Scope: Shared, Realtime: True
[2023.01.27-12.03.16:811][  0]LogAudioMixer: Display: Audio Mixer Platform Settings:
[2023.01.27-12.03.16:811][  0]LogAudioMixer: Display: 	Sample Rate:						  48000
[2023.01.27-12.03.16:811][  0]LogAudioMixer: Display: 	Callback Buffer Frame Size Requested: 1024
[2023.01.27-12.03.16:811][  0]LogAudioMixer: Display: 	Callback Buffer Frame Size To Use:	  1024
[2023.01.27-12.03.16:811][  0]LogAudioMixer: Display: 	Number of buffers to queue:			  2
[2023.01.27-12.03.16:811][  0]LogAudioMixer: Display: 	Max Channels (voices):				  32
[2023.01.27-12.03.16:811][  0]LogAudioMixer: Display: 	Number of Async Source Workers:		  0
[2023.01.27-12.03.16:811][  0]LogAudio: Display: AudioDevice MaxSources: 32
[2023.01.27-12.03.16:811][  0]LogAudio: Display: Audio Spatialization Plugin: None (built-in).
[2023.01.27-12.03.16:811][  0]LogAudio: Display: Audio Reverb Plugin: None (built-in).
[2023.01.27-12.03.16:811][  0]LogAudio: Display: Audio Occlusion Plugin: None (built-in).
[2023.01.27-12.03.16:811][  0]LogAudioMixer: Display: Initializing audio mixer.
[2023.01.27-12.03.16:819][  0]LogAudioMixer: Display: 0: FrontLeft
[2023.01.27-12.03.16:819][  0]LogAudioMixer: Display: 1: FrontRight
[2023.01.27-12.03.16:829][  0]LogAudioMixer: Display: Using Audio Device Speakers (2- USB Audio Device)
[2023.01.27-12.03.16:830][  0]LogAudioMixer: Display: Initializing Sound Submixes...
[2023.01.27-12.03.16:832][  0]LogAudioMixer: Display: Creating Master Submix 'MasterSubmixDefault'
[2023.01.27-12.03.16:832][  0]LogAudioMixer: Display: Creating Master Submix 'MasterReverbSubmixDefault'
[2023.01.27-12.03.16:833][  0]LogAudioMixer: Display: Creating Master Submix 'MasterEQSubmixDefault'
[2023.01.27-12.03.16:833][  0]LogAudioMixer: FMixerPlatformXAudio2::StartAudioStream() called
[2023.01.27-12.03.16:833][  0]LogAudioMixer: Display: Output buffers initialized: Frames=1024, Channels=2, Samples=2048
[2023.01.27-12.03.16:833][  0]LogAudioMixer: Display: Starting AudioMixerPlatformInterface::RunInternal()
[2023.01.27-12.03.16:833][  0]LogAudioMixer: Display: FMixerPlatformXAudio2::SubmitBuffer() called for the first time
[2023.01.27-12.03.16:833][  0]LogInit: FAudioDevice initialized.
[2023.01.27-12.03.16:833][  0]LogAudio: Display: Audio Device (ID: 1) registered with world 'Untitled'.
[2023.01.27-12.03.16:833][  0]LogNetVersion: Set ProjectVersion to 1.0.0.0. Version Checksum will be recalculated on next use.
[2023.01.27-12.03.16:871][  0]LogDerivedDataCache: Saved boot cache 0.04s 94MB C:/Users/keyho/AppData/Local/UnrealEngine/4.27/DerivedDataCache/Boot.ddc.
[2023.01.27-12.03.16:871][  0]LogInit: Texture streaming: Enabled
[2023.01.27-12.03.16:880][  0]LogAnalytics: Display: [UEEditor.Rocket.Release] APIServer = https://datarouter.ol.epicgames.com/. AppVersion = 4.27.2-18319896+++UE4+Release-4.27
[2023.01.27-12.03.16:882][  0]LogEngineSessionManager: EngineSessionManager initialized
[2023.01.27-12.03.16:882][  0]LogEditorSessionSummary: Verbose: Initializing EditorSessionSummaryWriter for editor session tracking
[2023.01.27-12.03.16:884][  0]LogEditorSessionSummary: EditorSessionSummaryWriter initialized
[2023.01.27-12.03.16:899][  0]LogInit: Transaction tracking system initialized
[2023.01.27-12.03.16:914][  0]BlueprintLog: New page: Editor Load
[2023.01.27-12.03.16:963][  0]LocalizationService: Localization service is disabled
[2023.01.27-12.03.16:979][  0]TimingProfiler: Initialize
[2023.01.27-12.03.16:979][  0]TimingProfiler: OnSessionChanged
[2023.01.27-12.03.16:979][  0]LoadingProfiler: Initialize
[2023.01.27-12.03.16:979][  0]LoadingProfiler: OnSessionChanged
[2023.01.27-12.03.16:979][  0]NetworkingProfiler: Initialize
[2023.01.27-12.03.16:979][  0]NetworkingProfiler: OnSessionChanged
[2023.01.27-12.03.16:979][  0]MemoryProfiler: Initialize
[2023.01.27-12.03.16:979][  0]MemoryProfiler: OnSessionChanged
[2023.01.27-12.03.17:088][  0]LogCook: Display: CookSettings for Memory: MemoryMaxUsedVirtual 0MiB, MemoryMaxUsedPhysical 16384MiB, MemoryMinFreeVirtual 0MiB, MemoryMinFreePhysical 1024MiB
[2023.01.27-12.03.17:088][  0]LogCook: Display: Mobile HDR setting 1
[2023.01.27-12.03.17:218][  0]LogFileCache: Scanning file cache for directory 'D:/New folder/AdvancedGE/AdvancedGE/Content/' took 0.00s
[2023.01.27-12.03.17:366][  0]LogInit: Display: Engine is initialized. Leaving FEngineLoop::Init()
[2023.01.27-12.03.17:368][  0]SourceControl: Source control is disabled
[2023.01.27-12.03.17:368][  0]LogUnrealEdMisc: Loading editor; pre map load, took 7.484
[2023.01.27-12.03.17:368][  0]Cmd: MAP LOAD FILE="D:/New folder/AdvancedGE/AdvancedGE/Content/Maps/FPSMap.umap" TEMPLATE=0 SHOWPROGRESS=1 FEATURELEVEL=3
[2023.01.27-12.03.17:368][  0]LightingResults: New page: Lighting Build
[2023.01.27-12.03.17:369][  0]LogWorld: UWorld::CleanupWorld for Untitled, bSessionEnded=true, bCleanupResources=true
[2023.01.27-12.03.17:369][  0]LogSlate: InvalidateAllWidgets triggered.  All widgets were invalidated
[2023.01.27-12.03.17:369][  0]MapCheck: New page: Map Check
[2023.01.27-12.03.17:369][  0]LightingResults: New page: Lighting Build
[2023.01.27-12.03.17:373][  0]LogAudio: Display: Audio Device unregistered from world 'None'.
[2023.01.27-12.03.17:376][  0]LogUObjectHash: Compacting FUObjectHashTables data took   0.67ms
[2023.01.27-12.03.17:511][  0]LogAudio: Display: Audio Device (ID: 1) registered with world 'FPSMap'.
[2023.01.27-12.03.17:512][  0]LogAIModule: Creating AISystem for world FPSMap
[2023.01.27-12.03.17:516][  0]LogEditorServer: Finished looking for orphan Actors (0.000 secs)
[2023.01.27-12.03.17:523][  0]LogUObjectHash: Compacting FUObjectHashTables data took   0.69ms
[2023.01.27-12.03.17:523][  0]Cmd: MAP CHECKDEP NOCLEARLOG
[2023.01.27-12.03.17:523][  0]MapCheck: Map check complete: 0 Error(s), 0 Warning(s), took 0.065ms to complete.
[2023.01.27-12.03.17:523][  0]LogFileHelpers: Loading map 'FPSMap' took 0.155
[2023.01.27-12.03.17:584][  0]LogUnrealEdMisc: Total Editor Startup Time, took 7.700
[2023.01.27-12.03.17:724][  0]LogSlate: Updating window title bar state: overlay mode, drag disabled, window buttons hidden, title bar hidden
[2023.01.27-12.03.17:731][  0]LogSlate: Updating window title bar state: overlay mode, drag disabled, window buttons hidden, title bar hidden
[2023.01.27-12.03.17:736][  0]LogSlate: Updating window title bar state: overlay mode, drag disabled, window buttons hidden, title bar hidden
[2023.01.27-12.03.17:741][  0]LogSlate: Updating window title bar state: overlay mode, drag disabled, window buttons hidden, title bar hidden
[2023.01.27-12.03.17:770][  0]LogNativeClassHierarchy: Verbose: Native class hierarchy populated in 0.0073 seconds. Added 3826 classes and 930 folders.
[2023.01.27-12.03.17:774][  0]LogNativeClassHierarchy: Verbose: Native class hierarchy updated for 'WidgetCarousel' in 0.0002 seconds. Added 0 classes and 0 folders.
[2023.01.27-12.03.17:784][  0]LogPakFile: PakFile PrimaryIndexSize=187
[2023.01.27-12.03.17:784][  0]LogPakFile: PakFile PathHashIndexSize=101
[2023.01.27-12.03.17:784][  0]LogPakFile: PakFile FullDirectoryIndexSize=148
[2023.01.27-12.03.17:784][  0]LogShaderLibrary: Display: ShaderCodeLibraryPakFileMountedCallback: PakFile 'C:/Program Files/Epic Games/UE_4.27/FeaturePacks/FP_FirstPerson.upack' (chunk index -1, root 'root:/') mounted
[2023.01.27-12.03.17:784][  0]LogShaderLibrary: Display: ShaderCodeLibraryPakFileMountedCallback: pending pak file info (ChunkID:-1 Root:root:/ File:C:/Program Files/Epic Games/UE_4.27/FeaturePacks/FP_FirstPerson.upack)
[2023.01.27-12.03.17:784][  0]LogPakFile: OnPakFileMounted2Time == 0.000045
[2023.01.27-12.03.17:790][  0]LogPakFile: PakFile PrimaryIndexSize=189
[2023.01.27-12.03.17:790][  0]LogPakFile: PakFile PathHashIndexSize=101
[2023.01.27-12.03.17:790][  0]LogPakFile: PakFile FullDirectoryIndexSize=152
[2023.01.27-12.03.17:790][  0]LogShaderLibrary: Display: ShaderCodeLibraryPakFileMountedCallback: PakFile 'C:/Program Files/Epic Games/UE_4.27/FeaturePacks/FP_FirstPersonBP.upack' (chunk index -1, root 'root:/') mounted
[2023.01.27-12.03.17:790][  0]LogShaderLibrary: Display: ShaderCodeLibraryPakFileMountedCallback: pending pak file info (ChunkID:-1 Root:root:/ File:C:/Program Files/Epic Games/UE_4.27/FeaturePacks/FP_FirstPersonBP.upack)
[2023.01.27-12.03.17:790][  0]LogPakFile: OnPakFileMounted2Time == 0.000033
[2023.01.27-12.03.17:795][  0]LogPakFile: PakFile PrimaryIndexSize=191
[2023.01.27-12.03.17:795][  0]LogPakFile: PakFile PathHashIndexSize=101
[2023.01.27-12.03.17:795][  0]LogPakFile: PakFile FullDirectoryIndexSize=160
[2023.01.27-12.03.17:795][  0]LogShaderLibrary: Display: ShaderCodeLibraryPakFileMountedCallback: PakFile 'C:/Program Files/Epic Games/UE_4.27/FeaturePacks/MobileStarterContent.upack' (chunk index -1, root 'root:/') mounted
[2023.01.27-12.03.17:795][  0]LogShaderLibrary: Display: ShaderCodeLibraryPakFileMountedCallback: pending pak file info (ChunkID:-1 Root:root:/ File:C:/Program Files/Epic Games/UE_4.27/FeaturePacks/MobileStarterContent.upack)
[2023.01.27-12.03.17:795][  0]LogPakFile: OnPakFileMounted2Time == 0.000036
[2023.01.27-12.03.17:799][  0]LogPakFile: PakFile PrimaryIndexSize=185
[2023.01.27-12.03.17:799][  0]LogPakFile: PakFile PathHashIndexSize=101
[2023.01.27-12.03.17:799][  0]LogPakFile: PakFile FullDirectoryIndexSize=148
[2023.01.27-12.03.17:799][  0]LogShaderLibrary: Display: ShaderCodeLibraryPakFileMountedCallback: PakFile 'C:/Program Files/Epic Games/UE_4.27/FeaturePacks/StarterContent.upack' (chunk index -1, root 'root:/') mounted
[2023.01.27-12.03.17:799][  0]LogShaderLibrary: Display: ShaderCodeLibraryPakFileMountedCallback: pending pak file info (ChunkID:-1 Root:root:/ File:C:/Program Files/Epic Games/UE_4.27/FeaturePacks/StarterContent.upack)
[2023.01.27-12.03.17:799][  0]LogPakFile: OnPakFileMounted2Time == 0.000030
[2023.01.27-12.03.17:803][  0]LogPakFile: PakFile PrimaryIndexSize=190
[2023.01.27-12.03.17:803][  0]LogPakFile: PakFile PathHashIndexSize=101
[2023.01.27-12.03.17:803][  0]LogPakFile: PakFile FullDirectoryIndexSize=154
[2023.01.27-12.03.17:803][  0]LogShaderLibrary: Display: ShaderCodeLibraryPakFileMountedCallback: PakFile 'C:/Program Files/Epic Games/UE_4.27/FeaturePacks/TP_2DSideScroller.upack' (chunk index -1, root 'root:/') mounted
[2023.01.27-12.03.17:803][  0]LogShaderLibrary: Display: ShaderCodeLibraryPakFileMountedCallback: pending pak file info (ChunkID:-1 Root:root:/ File:C:/Program Files/Epic Games/UE_4.27/FeaturePacks/TP_2DSideScroller.upack)
[2023.01.27-12.03.17:803][  0]LogPakFile: OnPakFileMounted2Time == 0.000027
[2023.01.27-12.03.17:806][  0]LogPakFile: PakFile PrimaryIndexSize=192
[2023.01.27-12.03.17:806][  0]LogPakFile: PakFile PathHashIndexSize=101
[2023.01.27-12.03.17:806][  0]LogPakFile: PakFile FullDirectoryIndexSize=158
[2023.01.27-12.03.17:806][  0]LogShaderLibrary: Display: ShaderCodeLibraryPakFileMountedCallback: PakFile 'C:/Program Files/Epic Games/UE_4.27/FeaturePacks/TP_2DSideScrollerBP.upack' (chunk index -1, root 'root:/') mounted
[2023.01.27-12.03.17:807][  0]LogShaderLibrary: Display: ShaderCodeLibraryPakFileMountedCallback: pending pak file info (ChunkID:-1 Root:root:/ File:C:/Program Files/Epic Games/UE_4.27/FeaturePacks/TP_2DSideScrollerBP.upack)
[2023.01.27-12.03.17:807][  0]LogPakFile: OnPakFileMounted2Time == 0.000028
[2023.01.27-12.03.17:810][  0]LogPakFile: PakFile PrimaryIndexSize=182
[2023.01.27-12.03.17:810][  0]LogPakFile: PakFile PathHashIndexSize=101
[2023.01.27-12.03.17:810][  0]LogPakFile: PakFile FullDirectoryIndexSize=138
[2023.01.27-12.03.17:811][  0]LogShaderLibrary: Display: ShaderCodeLibraryPakFileMountedCallback: PakFile 'C:/Program Files/Epic Games/UE_4.27/FeaturePacks/TP_Flying.upack' (chunk index -1, root 'root:/') mounted
[2023.01.27-12.03.17:811][  0]LogShaderLibrary: Display: ShaderCodeLibraryPakFileMountedCallback: pending pak file info (ChunkID:-1 Root:root:/ File:C:/Program Files/Epic Games/UE_4.27/FeaturePacks/TP_Flying.upack)
[2023.01.27-12.03.17:811][  0]LogPakFile: OnPakFileMounted2Time == 0.000033
[2023.01.27-12.03.17:815][  0]LogPakFile: PakFile PrimaryIndexSize=184
[2023.01.27-12.03.17:815][  0]LogPakFile: PakFile PathHashIndexSize=101
[2023.01.27-12.03.17:815][  0]LogPakFile: PakFile FullDirectoryIndexSize=142
[2023.01.27-12.03.17:815][  0]LogShaderLibrary: Display: ShaderCodeLibraryPakFileMountedCallback: PakFile 'C:/Program Files/Epic Games/UE_4.27/FeaturePacks/TP_FlyingBP.upack' (chunk index -1, root 'root:/') mounted
[2023.01.27-12.03.17:815][  0]LogShaderLibrary: Display: ShaderCodeLibraryPakFileMountedCallback: pending pak file info (ChunkID:-1 Root:root:/ File:C:/Program Files/Epic Games/UE_4.27/FeaturePacks/TP_FlyingBP.upack)
[2023.01.27-12.03.17:815][  0]LogPakFile: OnPakFileMounted2Time == 0.000027
[2023.01.27-12.03.17:819][  0]LogPakFile: PakFile PrimaryIndexSize=188
[2023.01.27-12.03.17:819][  0]LogPakFile: PakFile PathHashIndexSize=101
[2023.01.27-12.03.17:820][  0]LogPakFile: PakFile FullDirectoryIndexSize=150
[2023.01.27-12.03.17:820][  0]LogShaderLibrary: Display: ShaderCodeLibraryPakFileMountedCallback: PakFile 'C:/Program Files/Epic Games/UE_4.27/FeaturePacks/TP_HandheldARBP.upack' (chunk index -1, root 'root:/') mounted
[2023.01.27-12.03.17:820][  0]LogShaderLibrary: Display: ShaderCodeLibraryPakFileMountedCallback: pending pak file info (ChunkID:-1 Root:root:/ File:C:/Program Files/Epic Games/UE_4.27/FeaturePacks/TP_HandheldARBP.upack)
[2023.01.27-12.03.17:820][  0]LogPakFile: OnPakFileMounted2Time == 0.000028
[2023.01.27-12.03.17:825][  0]LogPakFile: PakFile PrimaryIndexSize=182
[2023.01.27-12.03.17:825][  0]LogPakFile: PakFile PathHashIndexSize=101
[2023.01.27-12.03.17:825][  0]LogPakFile: PakFile FullDirectoryIndexSize=138
[2023.01.27-12.03.17:825][  0]LogShaderLibrary: Display: ShaderCodeLibraryPakFileMountedCallback: PakFile 'C:/Program Files/Epic Games/UE_4.27/FeaturePacks/TP_Puzzle.upack' (chunk index -1, root 'root:/') mounted
[2023.01.27-12.03.17:825][  0]LogShaderLibrary: Display: ShaderCodeLibraryPakFileMountedCallback: pending pak file info (ChunkID:-1 Root:root:/ File:C:/Program Files/Epic Games/UE_4.27/FeaturePacks/TP_Puzzle.upack)
[2023.01.27-12.03.17:825][  0]LogPakFile: OnPakFileMounted2Time == 0.000027
[2023.01.27-12.03.17:830][  0]LogPakFile: PakFile PrimaryIndexSize=184
[2023.01.27-12.03.17:830][  0]LogPakFile: PakFile PathHashIndexSize=101
[2023.01.27-12.03.17:830][  0]LogPakFile: PakFile FullDirectoryIndexSize=142
[2023.01.27-12.03.17:830][  0]LogShaderLibrary: Display: ShaderCodeLibraryPakFileMountedCallback: PakFile 'C:/Program Files/Epic Games/UE_4.27/FeaturePacks/TP_PuzzleBP.upack' (chunk index -1, root 'root:/') mounted
[2023.01.27-12.03.17:830][  0]LogShaderLibrary: Display: ShaderCodeLibraryPakFileMountedCallback: pending pak file info (ChunkID:-1 Root:root:/ File:C:/Program Files/Epic Games/UE_4.27/FeaturePacks/TP_PuzzleBP.upack)
[2023.01.27-12.03.17:830][  0]LogPakFile: OnPakFileMounted2Time == 0.000033
[2023.01.27-12.03.17:834][  0]LogPakFile: PakFile PrimaryIndexSize=183
[2023.01.27-12.03.17:834][  0]LogPakFile: PakFile PathHashIndexSize=101
[2023.01.27-12.03.17:834][  0]LogPakFile: PakFile FullDirectoryIndexSize=140
[2023.01.27-12.03.17:834][  0]LogShaderLibrary: Display: ShaderCodeLibraryPakFileMountedCallback: PakFile 'C:/Program Files/Epic Games/UE_4.27/FeaturePacks/TP_Rolling.upack' (chunk index -1, root 'root:/') mounted
[2023.01.27-12.03.17:834][  0]LogShaderLibrary: Display: ShaderCodeLibraryPakFileMountedCallback: pending pak file info (ChunkID:-1 Root:root:/ File:C:/Program Files/Epic Games/UE_4.27/FeaturePacks/TP_Rolling.upack)
[2023.01.27-12.03.17:834][  0]LogPakFile: OnPakFileMounted2Time == 0.000046
[2023.01.27-12.03.17:838][  0]LogPakFile: PakFile PrimaryIndexSize=185
[2023.01.27-12.03.17:838][  0]LogPakFile: PakFile PathHashIndexSize=101
[2023.01.27-12.03.17:838][  0]LogPakFile: PakFile FullDirectoryIndexSize=144
[2023.01.27-12.03.17:838][  0]LogShaderLibrary: Display: ShaderCodeLibraryPakFileMountedCallback: PakFile 'C:/Program Files/Epic Games/UE_4.27/FeaturePacks/TP_RollingBP.upack' (chunk index -1, root 'root:/') mounted
[2023.01.27-12.03.17:838][  0]LogShaderLibrary: Display: ShaderCodeLibraryPakFileMountedCallback: pending pak file info (ChunkID:-1 Root:root:/ File:C:/Program Files/Epic Games/UE_4.27/FeaturePacks/TP_RollingBP.upack)
[2023.01.27-12.03.17:838][  0]LogPakFile: OnPakFileMounted2Time == 0.000027
[2023.01.27-12.03.17:842][  0]LogPakFile: PakFile PrimaryIndexSize=188
[2023.01.27-12.03.17:842][  0]LogPakFile: PakFile PathHashIndexSize=101
[2023.01.27-12.03.17:842][  0]LogPakFile: PakFile FullDirectoryIndexSize=150
[2023.01.27-12.03.17:842][  0]LogShaderLibrary: Display: ShaderCodeLibraryPakFileMountedCallback: PakFile 'C:/Program Files/Epic Games/UE_4.27/FeaturePacks/TP_SideScroller.upack' (chunk index -1, root 'root:/') mounted
[2023.01.27-12.03.17:842][  0]LogShaderLibrary: Display: ShaderCodeLibraryPakFileMountedCallback: pending pak file info (ChunkID:-1 Root:root:/ File:C:/Program Files/Epic Games/UE_4.27/FeaturePacks/TP_SideScroller.upack)
[2023.01.27-12.03.17:842][  0]LogPakFile: OnPakFileMounted2Time == 0.000030
[2023.01.27-12.03.17:846][  0]LogPakFile: PakFile PrimaryIndexSize=190
[2023.01.27-12.03.17:846][  0]LogPakFile: PakFile PathHashIndexSize=101
[2023.01.27-12.03.17:846][  0]LogPakFile: PakFile FullDirectoryIndexSize=154
[2023.01.27-12.03.17:846][  0]LogShaderLibrary: Display: ShaderCodeLibraryPakFileMountedCallback: PakFile 'C:/Program Files/Epic Games/UE_4.27/FeaturePacks/TP_SideScrollerBP.upack' (chunk index -1, root 'root:/') mounted
[2023.01.27-12.03.17:846][  0]LogShaderLibrary: Display: ShaderCodeLibraryPakFileMountedCallback: pending pak file info (ChunkID:-1 Root:root:/ File:C:/Program Files/Epic Games/UE_4.27/FeaturePacks/TP_SideScrollerBP.upack)
[2023.01.27-12.03.17:846][  0]LogPakFile: OnPakFileMounted2Time == 0.000032
[2023.01.27-12.03.17:850][  0]LogPakFile: PakFile PrimaryIndexSize=187
[2023.01.27-12.03.17:850][  0]LogPakFile: PakFile PathHashIndexSize=101
[2023.01.27-12.03.17:850][  0]LogPakFile: PakFile FullDirectoryIndexSize=148
[2023.01.27-12.03.17:850][  0]LogShaderLibrary: Display: ShaderCodeLibraryPakFileMountedCallback: PakFile 'C:/Program Files/Epic Games/UE_4.27/FeaturePacks/TP_ThirdPerson.upack' (chunk index -1, root 'root:/') mounted
[2023.01.27-12.03.17:850][  0]LogShaderLibrary: Display: ShaderCodeLibraryPakFileMountedCallback: pending pak file info (ChunkID:-1 Root:root:/ File:C:/Program Files/Epic Games/UE_4.27/FeaturePacks/TP_ThirdPerson.upack)
[2023.01.27-12.03.17:850][  0]LogPakFile: OnPakFileMounted2Time == 0.000026
[2023.01.27-12.03.17:853][  0]LogPakFile: PakFile PrimaryIndexSize=189
[2023.01.27-12.03.17:853][  0]LogPakFile: PakFile PathHashIndexSize=101
[2023.01.27-12.03.17:853][  0]LogPakFile: PakFile FullDirectoryIndexSize=152
[2023.01.27-12.03.17:853][  0]LogShaderLibrary: Display: ShaderCodeLibraryPakFileMountedCallback: PakFile 'C:/Program Files/Epic Games/UE_4.27/FeaturePacks/TP_ThirdPersonBP.upack' (chunk index -1, root 'root:/') mounted
[2023.01.27-12.03.17:853][  0]LogShaderLibrary: Display: ShaderCodeLibraryPakFileMountedCallback: pending pak file info (ChunkID:-1 Root:root:/ File:C:/Program Files/Epic Games/UE_4.27/FeaturePacks/TP_ThirdPersonBP.upack)
[2023.01.27-12.03.17:853][  0]LogPakFile: OnPakFileMounted2Time == 0.000028
[2023.01.27-12.03.17:857][  0]LogPakFile: PakFile PrimaryIndexSize=183
[2023.01.27-12.03.17:857][  0]LogPakFile: PakFile PathHashIndexSize=101
[2023.01.27-12.03.17:857][  0]LogPakFile: PakFile FullDirectoryIndexSize=140
[2023.01.27-12.03.17:857][  0]LogShaderLibrary: Display: ShaderCodeLibraryPakFileMountedCallback: PakFile 'C:/Program Files/Epic Games/UE_4.27/FeaturePacks/TP_TopDown.upack' (chunk index -1, root 'root:/') mounted
[2023.01.27-12.03.17:857][  0]LogShaderLibrary: Display: ShaderCodeLibraryPakFileMountedCallback: pending pak file info (ChunkID:-1 Root:root:/ File:C:/Program Files/Epic Games/UE_4.27/FeaturePacks/TP_TopDown.upack)
[2023.01.27-12.03.17:857][  0]LogPakFile: OnPakFileMounted2Time == 0.000032
[2023.01.27-12.03.17:861][  0]LogPakFile: PakFile PrimaryIndexSize=185
[2023.01.27-12.03.17:861][  0]LogPakFile: PakFile PathHashIndexSize=101
[2023.01.27-12.03.17:861][  0]LogPakFile: PakFile FullDirectoryIndexSize=144
[2023.01.27-12.03.17:861][  0]LogShaderLibrary: Display: ShaderCodeLibraryPakFileMountedCallback: PakFile 'C:/Program Files/Epic Games/UE_4.27/FeaturePacks/TP_TopDownBP.upack' (chunk index -1, root 'root:/') mounted
[2023.01.27-12.03.17:861][  0]LogShaderLibrary: Display: ShaderCodeLibraryPakFileMountedCallback: pending pak file info (ChunkID:-1 Root:root:/ File:C:/Program Files/Epic Games/UE_4.27/FeaturePacks/TP_TopDownBP.upack)
[2023.01.27-12.03.17:861][  0]LogPakFile: OnPakFileMounted2Time == 0.000034
[2023.01.27-12.03.17:867][  0]LogPakFile: PakFile PrimaryIndexSize=185
[2023.01.27-12.03.17:867][  0]LogPakFile: PakFile PathHashIndexSize=101
[2023.01.27-12.03.17:867][  0]LogPakFile: PakFile FullDirectoryIndexSize=144
[2023.01.27-12.03.17:867][  0]LogShaderLibrary: Display: ShaderCodeLibraryPakFileMountedCallback: PakFile 'C:/Program Files/Epic Games/UE_4.27/FeaturePacks/TP_TwinStick.upack' (chunk index -1, root 'root:/') mounted
[2023.01.27-12.03.17:867][  0]LogShaderLibrary: Display: ShaderCodeLibraryPakFileMountedCallback: pending pak file info (ChunkID:-1 Root:root:/ File:C:/Program Files/Epic Games/UE_4.27/FeaturePacks/TP_TwinStick.upack)
[2023.01.27-12.03.17:867][  0]LogPakFile: OnPakFileMounted2Time == 0.000027
[2023.01.27-12.03.17:871][  0]LogPakFile: PakFile PrimaryIndexSize=187
[2023.01.27-12.03.17:871][  0]LogPakFile: PakFile PathHashIndexSize=101
[2023.01.27-12.03.17:871][  0]LogPakFile: PakFile FullDirectoryIndexSize=148
[2023.01.27-12.03.17:871][  0]LogShaderLibrary: Display: ShaderCodeLibraryPakFileMountedCallback: PakFile 'C:/Program Files/Epic Games/UE_4.27/FeaturePacks/TP_TwinStickBP.upack' (chunk index -1, root 'root:/') mounted
[2023.01.27-12.03.17:871][  0]LogShaderLibrary: Display: ShaderCodeLibraryPakFileMountedCallback: pending pak file info (ChunkID:-1 Root:root:/ File:C:/Program Files/Epic Games/UE_4.27/FeaturePacks/TP_TwinStickBP.upack)
[2023.01.27-12.03.17:871][  0]LogPakFile: OnPakFileMounted2Time == 0.000028
[2023.01.27-12.03.17:874][  0]LogPakFile: PakFile PrimaryIndexSize=183
[2023.01.27-12.03.17:874][  0]LogPakFile: PakFile PathHashIndexSize=101
[2023.01.27-12.03.17:874][  0]LogPakFile: PakFile FullDirectoryIndexSize=140
[2023.01.27-12.03.17:874][  0]LogShaderLibrary: Display: ShaderCodeLibraryPakFileMountedCallback: PakFile 'C:/Program Files/Epic Games/UE_4.27/FeaturePacks/TP_Vehicle.upack' (chunk index -1, root 'root:/') mounted
[2023.01.27-12.03.17:874][  0]LogShaderLibrary: Display: ShaderCodeLibraryPakFileMountedCallback: pending pak file info (ChunkID:-1 Root:root:/ File:C:/Program Files/Epic Games/UE_4.27/FeaturePacks/TP_Vehicle.upack)
[2023.01.27-12.03.17:874][  0]LogPakFile: OnPakFileMounted2Time == 0.000026
[2023.01.27-12.03.17:879][  0]LogPakFile: PakFile PrimaryIndexSize=186
[2023.01.27-12.03.17:879][  0]LogPakFile: PakFile PathHashIndexSize=101
[2023.01.27-12.03.17:879][  0]LogPakFile: PakFile FullDirectoryIndexSize=146
[2023.01.27-12.03.17:879][  0]LogShaderLibrary: Display: ShaderCodeLibraryPakFileMountedCallback: PakFile 'C:/Program Files/Epic Games/UE_4.27/FeaturePacks/TP_VehicleAdv.upack' (chunk index -1, root 'root:/') mounted
[2023.01.27-12.03.17:879][  0]LogShaderLibrary: Display: ShaderCodeLibraryPakFileMountedCallback: pending pak file info (ChunkID:-1 Root:root:/ File:C:/Program Files/Epic Games/UE_4.27/FeaturePacks/TP_VehicleAdv.upack)
[2023.01.27-12.03.17:879][  0]LogPakFile: OnPakFileMounted2Time == 0.000032
[2023.01.27-12.03.17:882][  0]LogPakFile: PakFile PrimaryIndexSize=188
[2023.01.27-12.03.17:882][  0]LogPakFile: PakFile PathHashIndexSize=101
[2023.01.27-12.03.17:882][  0]LogPakFile: PakFile FullDirectoryIndexSize=150
[2023.01.27-12.03.17:882][  0]LogShaderLibrary: Display: ShaderCodeLibraryPakFileMountedCallback: PakFile 'C:/Program Files/Epic Games/UE_4.27/FeaturePacks/TP_VehicleAdvBP.upack' (chunk index -1, root 'root:/') mounted
[2023.01.27-12.03.17:882][  0]LogShaderLibrary: Display: ShaderCodeLibraryPakFileMountedCallback: pending pak file info (ChunkID:-1 Root:root:/ File:C:/Program Files/Epic Games/UE_4.27/FeaturePacks/TP_VehicleAdvBP.upack)
[2023.01.27-12.03.17:882][  0]LogPakFile: OnPakFileMounted2Time == 0.000026
[2023.01.27-12.03.17:885][  0]LogPakFile: PakFile PrimaryIndexSize=185
[2023.01.27-12.03.17:885][  0]LogPakFile: PakFile PathHashIndexSize=101
[2023.01.27-12.03.17:885][  0]LogPakFile: PakFile FullDirectoryIndexSize=144
[2023.01.27-12.03.17:885][  0]LogShaderLibrary: Display: ShaderCodeLibraryPakFileMountedCallback: PakFile 'C:/Program Files/Epic Games/UE_4.27/FeaturePacks/TP_VehicleBP.upack' (chunk index -1, root 'root:/') mounted
[2023.01.27-12.03.17:885][  0]LogShaderLibrary: Display: ShaderCodeLibraryPakFileMountedCallback: pending pak file info (ChunkID:-1 Root:root:/ File:C:/Program Files/Epic Games/UE_4.27/FeaturePacks/TP_VehicleBP.upack)
[2023.01.27-12.03.17:885][  0]LogPakFile: OnPakFileMounted2Time == 0.000026
[2023.01.27-12.03.17:888][  0]LogPakFile: PakFile PrimaryIndexSize=192
[2023.01.27-12.03.17:888][  0]LogPakFile: PakFile PathHashIndexSize=101
[2023.01.27-12.03.17:888][  0]LogPakFile: PakFile FullDirectoryIndexSize=158
[2023.01.27-12.03.17:888][  0]LogShaderLibrary: Display: ShaderCodeLibraryPakFileMountedCallback: PakFile 'C:/Program Files/Epic Games/UE_4.27/FeaturePacks/TP_VirtualRealityBP.upack' (chunk index -1, root 'root:/') mounted
[2023.01.27-12.03.17:888][  0]LogShaderLibrary: Display: ShaderCodeLibraryPakFileMountedCallback: pending pak file info (ChunkID:-1 Root:root:/ File:C:/Program Files/Epic Games/UE_4.27/FeaturePacks/TP_VirtualRealityBP.upack)
[2023.01.27-12.03.17:888][  0]LogPakFile: OnPakFileMounted2Time == 0.000031
[2023.01.27-12.03.18:071][  0]LogNativeClassHierarchy: Verbose: Native class hierarchy updated for 'AddContentDialog' in 0.0002 seconds. Added 0 classes and 0 folders.
[2023.01.27-12.03.18:075][  0]LogNativeClassHierarchy: Verbose: Native class hierarchy updated for 'SceneOutliner' in 0.0002 seconds. Added 2 classes and 0 folders.
[2023.01.27-12.03.18:526][  0]LogSlate: Only BGRA pngs, bmps or icos are supported in by External Image Picker
[2023.01.27-12.03.18:658][  0]LogSlate: Took 0.000123 seconds to synchronously load lazily loaded font '../../../Engine/Content/Slate/Fonts/Roboto-Regular.ttf' (155K)
[2023.01.27-12.03.18:664][  0]LogSlate: Took 0.004390 seconds to synchronously load lazily loaded font '../../../Engine/Content/Editor/Slate/Fonts/FontAwesome.ttf' (139K)
[2023.01.27-12.03.18:664][  0]LogSlate: Took 0.000084 seconds to synchronously load lazily loaded font '../../../Engine/Content/Slate/Fonts/Roboto-Bold.ttf' (160K)
[2023.01.27-12.03.18:780][  0]LogRenderer: Reallocating scene render targets to support 1084x552 Format 10 NumSamples 1 (Frame:1).
[2023.01.27-12.03.18:827][  0]LogSlate: Took 0.005618 seconds to synchronously load lazily loaded font '../../../Engine/Content/Slate/Fonts/Roboto-Light.ttf' (167K)
[2023.01.27-12.03.18:897][  0]LogNativeClassHierarchy: Verbose: Native class hierarchy updated for 'HierarchicalLODOutliner' in 0.0002 seconds. Added 0 classes and 0 folders.
[2023.01.27-12.03.18:898][  0]LogLoad: (Engine Initialization) Total time: 9.01 seconds
[2023.01.27-12.03.18:898][  0]LogLoad: (Engine Initialization) Total Blueprint compile time: 0.00 seconds
[2023.01.27-12.03.19:007][  0]LogAssetRegistry: Asset discovery search completed in 6.6491 seconds
[2023.01.27-12.03.19:011][  0]LogCollectionManager: Fixed up redirectors for 0 collections in 0.000003 seconds (updated 0 objects)
[2023.01.27-12.03.19:012][  0]LogContentStreaming: Texture pool size now 1000 MB
[2023.01.27-12.03.22:075][346]LogSlate: Window 'Project Settings' being destroyed
[2023.01.27-12.03.22:085][346]LogSlate: Window 'Project Settings' being destroyed
